ITGDec version 2.8.1 (r1023)
Compile-time options: bursty multiport
----------------------------------------------------------
Flow number: 1
From 10.0.0.1:37158
To    10.0.0.2:10001
----------------------------------------------------------
Total time               =     53.911583 s
Total packets            =           958
Minimum delay            =      0.027950 s
Maximum delay            =     44.378235 s
Average delay            =     22.686355 s
Average jitter           =      0.066079 s
Delay standard deviation =     12.691577 s
Bytes received           =        287400
Average bitrate          =     42.647607 Kbit/s
Average packet rate      =     17.769836 pkt/s
Packets dropped          =             0 (0.00 %)
Average loss-burst size  =      0.000000 pkt
----------------------------------------------------------
----------------------------------------------------------
Flow number: 2
From 10.0.0.1:58094
To    10.0.0.2:10002
----------------------------------------------------------
Total time               =     32.134330 s
Total packets            =           570
Minimum delay            =      0.178012 s
Maximum delay            =     24.566649 s
Average delay            =     12.949620 s
Average jitter           =      0.067273 s
Delay standard deviation =      6.817289 s
Bytes received           =        171000
Average bitrate          =     42.571294 Kbit/s
Average packet rate      =     17.738039 pkt/s
Packets dropped          =             0 (0.00 %)
Average loss-burst size  =      0.000000 pkt
----------------------------------------------------------
----------------------------------------------------------
Flow number: 3
From 10.0.0.1:48386
To    10.0.0.2:10003
----------------------------------------------------------
Total time               =     26.833915 s
Total packets            =           238
Minimum delay            =      5.385188 s
Maximum delay            =     31.961894 s
Average delay            =     20.195918 s
Average jitter           =      0.114038 s
Delay standard deviation =      9.577592 s
Bytes received           =         71400
Average bitrate          =     21.286495 Kbit/s
Average packet rate      =      8.869373 pkt/s
Packets dropped          =             0 (0.00 %)
Average loss-burst size  =      0.000000 pkt
----------------------------------------------------------

__________________________________________________________
****************  TOTAL RESULTS   ******************
__________________________________________________________
Number of flows          =             3
Total time               =     53.911583 s
Total packets            =          1766
Minimum delay            =      0.027950 s
Maximum delay            =     44.378235 s
Average delay            =     19.208063 s
Average jitter           =      0.119874 s
Delay standard deviation =     11.579216 s
Bytes received           =        529800
Average bitrate          =     78.617614 Kbit/s
Average packet rate      =     32.757339 pkt/s
Packets dropped          =             0 (0.00 %)
Average loss-burst size  =             0 pkt
Error lines              =             0
----------------------------------------------------------
