ITGDec version 2.8.1 (r1023)
Compile-time options: bursty multiport
----------------------------------------------------------
Flow number: 3
From 10.0.0.1:39204
To    10.0.0.2:10003
----------------------------------------------------------
Total time               =     38.112970 s
Total packets            =          1698
Minimum delay            =      0.000061 s
Maximum delay            =     27.559639 s
Average delay            =     14.157621 s
Average jitter           =      0.028426 s
Delay standard deviation =      7.527848 s
Bytes received           =        509400
Average bitrate          =    106.924231 Kbit/s
Average packet rate      =     44.551763 pkt/s
Packets dropped          =             0 (0.00 %)
Average loss-burst size  =      0.000000 pkt
----------------------------------------------------------
----------------------------------------------------------
Flow number: 1
From 10.0.0.1:42950
To    10.0.0.2:10001
----------------------------------------------------------
Total time               =     24.779656 s
Total packets            =          1077
Minimum delay            =      0.079138 s
Maximum delay            =     20.399905 s
Average delay            =      9.667994 s
Average jitter           =      0.025385 s
Delay standard deviation =      5.825203 s
Bytes received           =        323100
Average bitrate          =    104.311375 Kbit/s
Average packet rate      =     43.463073 pkt/s
Packets dropped          =             0 (0.00 %)
Average loss-burst size  =      0.000000 pkt
----------------------------------------------------------
----------------------------------------------------------
Flow number: 2
From 10.0.0.1:51730
To    10.0.0.2:10002
----------------------------------------------------------
Total time               =     37.277114 s
Total packets            =           527
Minimum delay            =      1.606943 s
Maximum delay            =     30.991085 s
Average delay            =     15.527951 s
Average jitter           =      0.085739 s
Delay standard deviation =      9.073622 s
Bytes received           =        158100
Average bitrate          =     33.929665 Kbit/s
Average packet rate      =     14.137361 pkt/s
Packets dropped          =             0 (0.00 %)
Average loss-burst size  =      0.000000 pkt
----------------------------------------------------------

__________________________________________________________
****************  TOTAL RESULTS   ******************
__________________________________________________________
Number of flows          =             3
Total time               =     38.939011 s
Total packets            =          3302
Minimum delay            =      0.000061 s
Maximum delay            =     30.991085 s
Average delay            =     12.911962 s
Average jitter           =      0.059698 s
Delay standard deviation =      7.659707 s
Bytes received           =        990600
Average bitrate          =    203.518266 Kbit/s
Average packet rate      =     84.799278 pkt/s
Packets dropped          =             0 (0.00 %)
Average loss-burst size  =             0 pkt
Error lines              =             0
----------------------------------------------------------
