ITGDec version 2.8.1 (r1023)
Compile-time options: bursty multiport
----------------------------------------------------------
Flow number: 2
From 10.0.0.1:55142
To    10.0.0.2:10002
----------------------------------------------------------
Total time               =     35.799421 s
Total packets            =          4823
Minimum delay            =      0.000079 s
Maximum delay            =     21.804009 s
Average delay            =     11.701585 s
Average jitter           =      0.009714 s
Delay standard deviation =      7.155595 s
Bytes received           =       1446900
Average bitrate          =    323.334838 Kbit/s
Average packet rate      =    134.722849 pkt/s
Packets dropped          =             0 (0.00 %)
Average loss-burst size  =      0.000000 pkt
----------------------------------------------------------
----------------------------------------------------------
Flow number: 1
From 10.0.0.1:48556
To    10.0.0.2:10001
----------------------------------------------------------
Total time               =     32.496683 s
Total packets            =          4660
Minimum delay            =      0.000063 s
Maximum delay            =     19.619589 s
Average delay            =     10.157860 s
Average jitter           =      0.009341 s
Delay standard deviation =      6.076573 s
Bytes received           =       1398000
Average bitrate          =    344.158202 Kbit/s
Average packet rate      =    143.399251 pkt/s
Packets dropped          =             0 (0.00 %)
Average loss-burst size  =      0.000000 pkt
----------------------------------------------------------
----------------------------------------------------------
Flow number: 3
From 10.0.0.1:50462
To    10.0.0.2:10003
----------------------------------------------------------
Total time               =     23.818326 s
Total packets            =          3254
Minimum delay            =      0.048309 s
Maximum delay            =     14.534590 s
Average delay            =      6.223896 s
Average jitter           =      0.009896 s
Delay standard deviation =      3.818185 s
Bytes received           =        976200
Average bitrate          =    327.881985 Kbit/s
Average packet rate      =    136.617494 pkt/s
Packets dropped          =             0 (0.00 %)
Average loss-burst size  =      0.000000 pkt
----------------------------------------------------------

__________________________________________________________
****************  TOTAL RESULTS   ******************
__________________________________________________________
Number of flows          =             3
Total time               =     35.799421 s
Total packets            =         12737
Minimum delay            =      0.000063 s
Maximum delay            =     21.804009 s
Average delay            =      9.737374 s
Average jitter           =      0.014313 s
Delay standard deviation =      6.426632 s
Bytes received           =       3821100
Average bitrate          =    853.890905 Kbit/s
Average packet rate      =    355.787877 pkt/s
Packets dropped          =             0 (0.00 %)
Average loss-burst size  =             0 pkt
Error lines              =             0
----------------------------------------------------------
