ITGDec version 2.8.1 (r1023)
Compile-time options: bursty multiport
----------------------------------------------------------
Flow number: 2
From 10.0.0.1:49492
To    10.0.0.2:10002
----------------------------------------------------------
Total time               =     25.466508 s
Total packets            =          1749
Minimum delay            =      0.000056 s
Maximum delay            =     17.748735 s
Average delay            =      8.993019 s
Average jitter           =      0.018721 s
Delay standard deviation =      5.014220 s
Bytes received           =        524700
Average bitrate          =    164.828252 Kbit/s
Average packet rate      =     68.678438 pkt/s
Packets dropped          =             0 (0.00 %)
Average loss-burst size  =      0.000000 pkt
----------------------------------------------------------
----------------------------------------------------------
Flow number: 3
From 10.0.0.1:58472
To    10.0.0.2:10003
----------------------------------------------------------
Total time               =     37.362424 s
Total packets            =          2370
Minimum delay            =      0.000060 s
Maximum delay            =     26.598233 s
Average delay            =     12.892854 s
Average jitter           =      0.020063 s
Delay standard deviation =      7.401919 s
Bytes received           =        711000
Average bitrate          =    152.238516 Kbit/s
Average packet rate      =     63.432715 pkt/s
Packets dropped          =             0 (0.00 %)
Average loss-burst size  =      0.000000 pkt
----------------------------------------------------------
----------------------------------------------------------
Flow number: 1
From 10.0.0.1:52440
To    10.0.0.2:10001
----------------------------------------------------------
Total time               =     24.144863 s
Total packets            =          1719
Minimum delay            =      0.065345 s
Maximum delay            =     16.107125 s
Average delay            =      8.792801 s
Average jitter           =      0.018292 s
Delay standard deviation =      4.491867 s
Bytes received           =        515700
Average bitrate          =    170.868644 Kbit/s
Average packet rate      =     71.195268 pkt/s
Packets dropped          =             0 (0.00 %)
Average loss-burst size  =      0.000000 pkt
----------------------------------------------------------

__________________________________________________________
****************  TOTAL RESULTS   ******************
__________________________________________________________
Number of flows          =             3
Total time               =     37.366163 s
Total packets            =          5838
Minimum delay            =      0.000056 s
Maximum delay            =     26.598233 s
Average delay            =     10.517246 s
Average jitter           =      0.031276 s
Delay standard deviation =      6.291113 s
Bytes received           =       1751400
Average bitrate          =    374.970264 Kbit/s
Average packet rate      =    156.237610 pkt/s
Packets dropped          =             0 (0.00 %)
Average loss-burst size  =             0 pkt
Error lines              =             0
----------------------------------------------------------
