ITGDec version 2.8.1 (r1023)
Compile-time options: bursty multiport
----------------------------------------------------------
Flow number: 2
From 10.0.0.1:38042
To    10.0.0.2:10002
----------------------------------------------------------
Total time               =     88.993598 s
Total packets            =          2611
Minimum delay            =      0.001835 s
Maximum delay            =     74.004420 s
Average delay            =     33.363589 s
Average jitter           =      0.033659 s
Delay standard deviation =     19.839103 s
Bytes received           =        783300
Average bitrate          =     70.414054 Kbit/s
Average packet rate      =     29.339189 pkt/s
Packets dropped          =          4751 (64.53 %)
Average loss-burst size  =     23.755000 pkt
----------------------------------------------------------
----------------------------------------------------------
Flow number: 3
From 10.0.0.1:49205
To    10.0.0.2:10003
----------------------------------------------------------
Total time               =     88.460219 s
Total packets            =          1969
Minimum delay            =      0.017057 s
Maximum delay            =     73.541434 s
Average delay            =     37.324887 s
Average jitter           =      0.044400 s
Delay standard deviation =     18.443178 s
Bytes received           =        590700
Average bitrate          =     53.420623 Kbit/s
Average packet rate      =     22.258593 pkt/s
Packets dropped          =          5343 (73.07 %)
Average loss-burst size  =     26.063415 pkt
----------------------------------------------------------
----------------------------------------------------------
Flow number: 1
From 10.0.0.1:55934
To    10.0.0.2:10001
----------------------------------------------------------
Total time               =     88.994601 s
Total packets            =          3569
Minimum delay            =      0.058442 s
Maximum delay            =     74.053644 s
Average delay            =     39.531743 s
Average jitter           =      0.024632 s
Delay standard deviation =     23.039352 s
Bytes received           =       1070700
Average bitrate          =     96.248535 Kbit/s
Average packet rate      =     40.103556 pkt/s
Packets dropped          =          3802 (51.58 %)
Average loss-burst size  =     15.841667 pkt
----------------------------------------------------------

__________________________________________________________
****************  TOTAL RESULTS   ******************
__________________________________________________________
Number of flows          =             3
Total time               =     89.048301 s
Total packets            =          8149
Minimum delay            =      0.001835 s
Maximum delay            =     74.053644 s
Average delay            =     37.022189 s
Average jitter           =      0.050030 s
Delay standard deviation =     21.162364 s
Bytes received           =       2444700
Average bitrate          =    219.629120 Kbit/s
Average packet rate      =     91.512133 pkt/s
Packets dropped          =         13896 (63.03 %)
Average loss-burst size  =     21.544186 pkt
Error lines              =             0
----------------------------------------------------------
