ITGDec version 2.8.1 (r1023)
Compile-time options: bursty multiport
----------------------------------------------------------
Flow number: 3
From 10.0.0.1:48451
To    10.0.0.2:10003
----------------------------------------------------------
Total time               =     91.541301 s
Total packets            =          5473
Minimum delay            =      0.000112 s
Maximum delay            =     76.546049 s
Average delay            =     38.822757 s
Average jitter           =      0.016543 s
Delay standard deviation =     22.329143 s
Bytes received           =       1641900
Average bitrate          =    143.489331 Kbit/s
Average packet rate      =     59.787221 pkt/s
Packets dropped          =          1951 (26.28 %)
Average loss-burst size  =      9.202830 pkt
----------------------------------------------------------
----------------------------------------------------------
Flow number: 2
From 10.0.0.1:54526
To    10.0.0.2:10002
----------------------------------------------------------
Total time               =     91.512295 s
Total packets            =          5577
Minimum delay            =      0.017889 s
Maximum delay            =     76.540741 s
Average delay            =     37.939453 s
Average jitter           =      0.016254 s
Delay standard deviation =     22.477903 s
Bytes received           =       1673100
Average bitrate          =    146.262314 Kbit/s
Average packet rate      =     60.942631 pkt/s
Packets dropped          =          1855 (24.96 %)
Average loss-burst size  =      8.135965 pkt
----------------------------------------------------------
----------------------------------------------------------
Flow number: 1
From 10.0.0.1:45625
To    10.0.0.2:10001
----------------------------------------------------------
Total time               =     90.575774 s
Total packets            =          5876
Minimum delay            =      1.780874 s
Maximum delay            =     77.358347 s
Average delay            =     39.358923 s
Average jitter           =      0.015237 s
Delay standard deviation =     21.649502 s
Bytes received           =       1762800
Average bitrate          =    155.697262 Kbit/s
Average packet rate      =     64.873859 pkt/s
Packets dropped          =          1547 (20.84 %)
Average loss-burst size  =      7.228972 pkt
----------------------------------------------------------

__________________________________________________________
****************  TOTAL RESULTS   ******************
__________________________________________________________
Number of flows          =             3
Total time               =     92.553594 s
Total packets            =         16926
Minimum delay            =      0.000112 s
Maximum delay            =     77.358347 s
Average delay            =     38.717849 s
Average jitter           =      0.024518 s
Delay standard deviation =     22.153020 s
Bytes received           =       5077800
Average bitrate          =    438.906781 Kbit/s
Average packet rate      =    182.877825 pkt/s
Packets dropped          =          5353 (24.03 %)
Average loss-burst size  =      8.185015 pkt
Error lines              =             0
----------------------------------------------------------
