------------------------------------------------------------
Server listening on UDP port 5001 with pid 6184
Receiving 600 byte datagrams
UDP buffer size:  208 KByte (default)
------------------------------------------------------------
[  3] local 10.0.0.2 port 5001 connected with 10.0.0.1 port 45176
[  4] local 10.0.0.2 port 5001 connected with 10.0.0.1 port 49698
[  5] local 10.0.0.2 port 5001 connected with 10.0.0.1 port 58037
[  6] local 10.0.0.2 port 5001 connected with 10.0.0.1 port 35110
[  7] local 10.0.0.2 port 5001 connected with 10.0.0.1 port 47769
[  8] local 10.0.0.2 port 5001 connected with 10.0.0.1 port 41820
[ ID] Interval       Transfer     Bandwidth        Jitter   Lost/Total  Latency avg/min/max/stdev PPS
[  5] 0.00-5.00 sec  4.69 KBytes  7.68 Kbits/sec  239.680 ms    0/    8 (0%) 2717.519/473.802/5064.080/1638.436 ms    2 pps
[  8] 0.00-5.00 sec  4.69 KBytes  7.68 Kbits/sec  224.605 ms    0/    8 (0%) 2935.713/884.246/5166.730/1591.287 ms    2 pps
[  3] 0.00-5.00 sec  5.27 KBytes  8.64 Kbits/sec  232.360 ms    0/    9 (0%) 2932.104/679.185/5264.952/1582.511 ms    2 pps
[  4] 0.00-5.00 sec  5.27 KBytes  8.64 Kbits/sec  248.956 ms    0/    9 (0%) 2977.702/371.050/5367.631/1673.600 ms    2 pps
[  7] 0.00-5.00 sec  5.27 KBytes  8.64 Kbits/sec  244.377 ms    0/    9 (0%) 3103.267/576.474/5470.346/1690.608 ms    2 pps
[  6] 0.00-5.00 sec  5.27 KBytes  8.64 Kbits/sec  249.215 ms    0/    9 (0%) 3148.920/781.913/5675.755/1660.399 ms    2 pps
[SUM] 0.00-5.00 sec  30.5 KBytes  49.9 Kbits/sec   10 pps
[  7] 5.00-10.00 sec  4.10 KBytes  6.72 Kbits/sec  387.739 ms    0/    7 (0%) 8860.156/5470.346/9957.953/1312.128 ms    2 pps
[  8] 5.00-10.00 sec  4.69 KBytes  7.68 Kbits/sec  382.860 ms    0/    8 (0%) 8488.354/5166.730/10060.650/1483.188 ms    2 pps
[  4] 5.00-10.00 sec  4.69 KBytes  7.68 Kbits/sec  389.821 ms    0/    8 (0%) 8740.086/5367.631/10158.878/1493.469 ms    2 pps
[  3] 5.00-10.00 sec  4.69 KBytes  7.68 Kbits/sec  390.796 ms    0/    8 (0%) 8727.246/5264.952/10261.559/1505.433 ms    2 pps
[  5] 5.00-10.00 sec  5.27 KBytes  8.64 Kbits/sec  394.288 ms    0/    9 (0%) 8537.050/5064.080/10364.302/1672.305 ms    2 pps
[  6] 5.00-10.00 sec  4.69 KBytes  7.68 Kbits/sec  396.108 ms    0/    8 (0%) 9112.382/5675.755/10569.682/1502.229 ms    2 pps
[SUM] 5.00-10.00 sec  28.1 KBytes  46.1 Kbits/sec   11 pps
[  4] 10.00-15.00 sec  4.10 KBytes  6.72 Kbits/sec  499.806 ms    0/    7 (0%) 14247.837/10158.878/14954.490/1421.351 ms    1 pps
[  3] 10.00-15.00 sec  4.69 KBytes  7.68 Kbits/sec  482.233 ms    0/    8 (0%) 14207.247/10261.559/15155.508/1519.708 ms    2 pps
[  7] 10.00-15.00 sec  5.27 KBytes  8.64 Kbits/sec  474.269 ms    0/    9 (0%) 14077.434/9957.953/15258.225/1639.887 ms    2 pps
[  5] 10.00-15.00 sec  4.69 KBytes  7.68 Kbits/sec  489.068 ms    0/    8 (0%) 14399.808/10364.302/15360.912/1526.582 ms    2 pps
[  6] 10.00-15.00 sec  4.69 KBytes  7.68 Kbits/sec  485.565 ms    0/    8 (0%) 14553.861/10569.682/15463.635/1480.836 ms    2 pps
[  8] 10.00-15.00 sec  5.27 KBytes  8.64 Kbits/sec  484.722 ms    0/    9 (0%) 14202.968/10060.650/15566.351/1672.216 ms    2 pps
[SUM] 10.00-15.00 sec  28.7 KBytes  47.0 Kbits/sec   10 pps
[  4] 15.00-20.00 sec  5.27 KBytes  8.64 Kbits/sec  526.808 ms    0/    9 (0%) 19275.497/14954.490/19946.723/1644.974 ms    2 pps
[  3] 15.00-20.00 sec  4.69 KBytes  7.68 Kbits/sec  536.464 ms    0/    8 (0%) 19725.753/15155.508/20049.443/1517.061 ms    2 pps
[  6] 15.00-20.00 sec  4.69 KBytes  7.68 Kbits/sec  526.048 ms    0/    8 (0%) 20021.030/15463.635/20152.122/1544.448 ms    2 pps
[  7] 15.00-20.00 sec  4.69 KBytes  7.68 Kbits/sec  532.588 ms    0/    8 (0%) 20072.375/15258.225/20254.851/1451.831 ms    2 pps
[  5] 15.00-20.00 sec  4.69 KBytes  7.68 Kbits/sec  546.261 ms    0/    8 (0%) 19995.350/15360.912/20357.580/1546.574 ms    2 pps
[  8] 15.00-20.00 sec  4.69 KBytes  7.68 Kbits/sec  536.910 ms    0/    8 (0%) 20226.446/15566.351/20460.270/1520.217 ms    2 pps
[SUM] 15.00-20.00 sec  28.7 KBytes  47.0 Kbits/sec   10 pps
[  3] 20.00-25.00 sec  4.69 KBytes  7.68 Kbits/sec  561.471 ms    0/    8 (0%) 25257.116/20049.443/24840.660/1470.250 ms    2 pps
[  4] 20.00-25.00 sec  4.69 KBytes  7.68 Kbits/sec  565.829 ms    0/    8 (0%) 25269.945/19946.723/24943.370/1499.214 ms    2 pps
[  5] 20.00-25.00 sec  4.69 KBytes  7.68 Kbits/sec  562.792 ms    0/    8 (0%) 25513.878/20357.580/25046.062/1497.409 ms    2 pps
[  8] 20.00-25.00 sec  4.69 KBytes  7.68 Kbits/sec  556.935 ms    0/    8 (0%) 25642.255/20460.270/25148.763/1479.141 ms    2 pps
[  7] 20.00-25.00 sec  4.69 KBytes  7.68 Kbits/sec  568.387 ms    0/    8 (0%) 25655.100/20254.851/25251.496/1462.544 ms    2 pps
[  6] 20.00-25.00 sec  4.69 KBytes  7.68 Kbits/sec  577.336 ms    0/    8 (0%) 25552.397/20152.122/25354.202/1600.619 ms    2 pps
[SUM] 20.00-25.00 sec  28.1 KBytes  46.1 Kbits/sec   10 pps
[  4] 25.00-30.00 sec  4.69 KBytes  7.68 Kbits/sec  583.018 ms    0/    8 (0%) 30878.324/24943.370/29837.294/1393.982 ms    2 pps
[  4] 0.00-30.04 sec  28.7 KBytes  7.83 Kbits/sec  583.018 ms    0/   49 (0%) 15178.559/371.050/29837.294/8739.976 ms    1 pps
[  6] 25.00-30.00 sec  4.69 KBytes  7.68 Kbits/sec  576.521 ms    0/    8 (0%) 31058.043/25354.202/29939.981/1505.888 ms    2 pps
[  6] 0.00-30.14 sec  28.7 KBytes  7.80 Kbits/sec  576.521 ms    0/   49 (0%) 15377.686/781.913/29939.981/8726.690 ms    1 pps
[  3] 25.00-30.00 sec  4.69 KBytes  7.68 Kbits/sec  599.977 ms    0/    8 (0%) 30775.614/24840.660/30042.657/1561.774 ms    2 pps
[  3] 0.00-30.25 sec  28.7 KBytes  7.78 Kbits/sec  599.977 ms    0/   49 (0%) 15109.401/679.185/30042.657/8730.148 ms    1 pps
[  7] 25.00-30.00 sec  4.69 KBytes  7.68 Kbits/sec  586.259 ms    0/    8 (0%) 31147.914/25251.496/30145.392/1487.918 ms    2 pps
[  7] 0.00-30.35 sec  28.7 KBytes  7.75 Kbits/sec  586.259 ms    0/   49 (0%) 15417.503/576.474/30145.392/8774.769 ms    1 pps
[  8] 25.00-30.00 sec  4.69 KBytes  7.68 Kbits/sec  589.428 ms    0/    8 (0%) 31160.757/25148.763/30248.105/1558.599 ms    2 pps
[  8] 0.00-30.45 sec  28.7 KBytes  7.72 Kbits/sec  589.428 ms    0/   49 (0%) 15490.860/884.246/30248.105/8736.865 ms    1 pps
[  5] 25.00-30.00 sec  5.27 KBytes  8.64 Kbits/sec  585.006 ms    0/    9 (0%) 30864.863/25046.062/30551.742/1689.175 ms    2 pps
[SUM] 25.00-30.00 sec  28.7 KBytes  47.0 Kbits/sec   10 pps
[  5] 0.00-30.76 sec  29.3 KBytes  7.80 Kbits/sec  585.006 ms    0/   50 (0%) 15588.734/473.802/30551.742/8920.548 ms    1 pps
[SUM] 0.00-30.76 sec   173 KBytes  46.0 Kbits/sec    6 pps
