ITGDec version 2.8.1 (r1023)
Compile-time options: bursty multiport
----------------------------------------------------------
Flow number: 3
From 10.0.0.1:51667
To    10.0.0.2:10003
----------------------------------------------------------
Total time               =     84.555769 s
Total packets            =          5133
Minimum delay            =      0.000134 s
Maximum delay            =     69.561227 s
Average delay            =     35.449768 s
Average jitter           =      0.016270 s
Delay standard deviation =     19.556884 s
Bytes received           =       1539900
Average bitrate          =    145.693193 Kbit/s
Average packet rate      =     60.705497 pkt/s
Packets dropped          =          2299 (30.93 %)
Average loss-burst size  =      7.513072 pkt
----------------------------------------------------------
----------------------------------------------------------
Flow number: 2
From 10.0.0.1:54096
To    10.0.0.2:10002
----------------------------------------------------------
Total time               =     84.512112 s
Total packets            =          5071
Minimum delay            =      0.025642 s
Maximum delay            =     69.546262 s
Average delay            =     34.346317 s
Average jitter           =      0.016474 s
Delay standard deviation =     19.858336 s
Bytes received           =       1521300
Average bitrate          =    144.007761 Kbit/s
Average packet rate      =     60.003234 pkt/s
Packets dropped          =          2356 (31.72 %)
Average loss-burst size  =      7.932660 pkt
----------------------------------------------------------
----------------------------------------------------------
Flow number: 1
From 10.0.0.1:55407
To    10.0.0.2:10001
----------------------------------------------------------
Total time               =     84.462731 s
Total packets            =          5260
Minimum delay            =      0.092555 s
Maximum delay            =     69.570376 s
Average delay            =     34.581803 s
Average jitter           =      0.015977 s
Delay standard deviation =     20.101412 s
Bytes received           =       1578000
Average bitrate          =    149.462371 Kbit/s
Average packet rate      =     62.275988 pkt/s
Packets dropped          =          2171 (29.22 %)
Average loss-burst size  =      8.040741 pkt
----------------------------------------------------------

__________________________________________________________
****************  TOTAL RESULTS   ******************
__________________________________________________________
Number of flows          =             3
Total time               =     84.566711 s
Total packets            =         15464
Minimum delay            =      0.000134 s
Maximum delay            =     69.570376 s
Average delay            =     34.792687 s
Average jitter           =      0.025303 s
Delay standard deviation =     19.847852 s
Bytes received           =       4639200
Average bitrate          =    438.867724 Kbit/s
Average packet rate      =    182.861552 pkt/s
Packets dropped          =          6826 (30.62 %)
Average loss-burst size  =      7.819015 pkt
Error lines              =             0
----------------------------------------------------------
