ITGDec version 2.8.1 (r1023)
Compile-time options: bursty multiport
----------------------------------------------------------
Flow number: 2
From 10.0.0.1:49507
To    10.0.0.2:10002
----------------------------------------------------------
Total time               =     89.037624 s
Total packets            =          2858
Minimum delay            =      0.032602 s
Maximum delay            =     74.077700 s
Average delay            =     38.994569 s
Average jitter           =      0.030763 s
Delay standard deviation =     22.975546 s
Bytes received           =        857400
Average bitrate          =     77.037096 Kbit/s
Average packet rate      =     32.098790 pkt/s
Packets dropped          =          4453 (60.91 %)
Average loss-burst size  =     10.029279 pkt
----------------------------------------------------------
----------------------------------------------------------
Flow number: 1
From 10.0.0.1:40135
To    10.0.0.2:10001
----------------------------------------------------------
Total time               =     88.991279 s
Total packets            =          2482
Minimum delay            =      0.002676 s
Maximum delay            =     74.008721 s
Average delay            =     36.578938 s
Average jitter           =      0.035410 s
Delay standard deviation =     18.887093 s
Bytes received           =        744600
Average bitrate          =     66.936896 Kbit/s
Average packet rate      =     27.890373 pkt/s
Packets dropped          =          4818 (66.00 %)
Average loss-burst size  =     12.449612 pkt
----------------------------------------------------------
----------------------------------------------------------
Flow number: 3
From 10.0.0.1:40921
To    10.0.0.2:10003
----------------------------------------------------------
Total time               =     89.035789 s
Total packets            =          2815
Minimum delay            =      0.073290 s
Maximum delay            =     74.117066 s
Average delay            =     35.505517 s
Average jitter           =      0.031250 s
Delay standard deviation =     21.043849 s
Bytes received           =        844500
Average bitrate          =     75.879599 Kbit/s
Average packet rate      =     31.616500 pkt/s
Packets dropped          =          4490 (61.46 %)
Average loss-burst size  =     10.345622 pkt
----------------------------------------------------------

__________________________________________________________
****************  TOTAL RESULTS   ******************
__________________________________________________________
Number of flows          =             3
Total time               =     89.111653 s
Total packets            =          8155
Minimum delay            =      0.002676 s
Maximum delay            =     74.117066 s
Average delay            =     37.054989 s
Average jitter           =      0.049871 s
Delay standard deviation =     21.181331 s
Bytes received           =       2446500
Average bitrate          =    219.634575 Kbit/s
Average packet rate      =     91.514406 pkt/s
Packets dropped          =         13761 (62.79 %)
Average loss-burst size  =     10.878261 pkt
Error lines              =             0
----------------------------------------------------------
