ITGDec version 2.8.1 (r1023)
Compile-time options: bursty multiport
----------------------------------------------------------
Flow number: 3
From 10.0.0.1:52913
To    10.0.0.2:10003
----------------------------------------------------------
Total time               =     88.985525 s
Total packets            =          5336
Minimum delay            =      0.000167 s
Maximum delay            =     73.990053 s
Average delay            =     37.223258 s
Average jitter           =      0.016491 s
Delay standard deviation =     21.686765 s
Bytes received           =       1600800
Average bitrate          =    143.915541 Kbit/s
Average packet rate      =     59.964809 pkt/s
Packets dropped          =          1894 (26.20 %)
Average loss-burst size  =      4.488152 pkt
----------------------------------------------------------
----------------------------------------------------------
Flow number: 2
From 10.0.0.1:35202
To    10.0.0.2:10002
----------------------------------------------------------
Total time               =     88.977895 s
Total packets            =          5565
Minimum delay            =      0.008676 s
Maximum delay            =     73.995310 s
Average delay            =     35.817814 s
Average jitter           =      0.015838 s
Delay standard deviation =     21.307007 s
Bytes received           =       1669500
Average bitrate          =    150.104697 Kbit/s
Average packet rate      =     62.543624 pkt/s
Packets dropped          =          1672 (23.10 %)
Average loss-burst size  =      4.631579 pkt
----------------------------------------------------------
----------------------------------------------------------
Flow number: 1
From 10.0.0.1:48971
To    10.0.0.2:10001
----------------------------------------------------------
Total time               =     88.304820 s
Total packets            =          5488
Minimum delay            =      1.210637 s
Maximum delay            =     74.517050 s
Average delay            =     38.908783 s
Average jitter           =      0.015900 s
Delay standard deviation =     20.814561 s
Bytes received           =       1646400
Average bitrate          =    149.156071 Kbit/s
Average packet rate      =     62.148363 pkt/s
Packets dropped          =          1753 (24.21 %)
Average loss-burst size  =      6.024055 pkt
----------------------------------------------------------

__________________________________________________________
****************  TOTAL RESULTS   ******************
__________________________________________________________
Number of flows          =             3
Total time               =     89.647606 s
Total packets            =         16389
Minimum delay            =      0.000167 s
Maximum delay            =     74.517050 s
Average delay            =     37.310443 s
Average jitter           =      0.024536 s
Delay standard deviation =     21.306643 s
Bytes received           =       4916700
Average bitrate          =    438.757952 Kbit/s
Average packet rate      =    182.815813 pkt/s
Packets dropped          =          5319 (24.50 %)
Average loss-burst size  =      4.952514 pkt
Error lines              =             0
----------------------------------------------------------
