------------------------------------------------------------
Server listening on UDP port 5001 with pid 11214
Receiving 600 byte datagrams
UDP buffer size:  208 KByte (default)
------------------------------------------------------------
[  3] local 10.0.0.2 port 5001 connected with 10.0.0.1 port 37270
[  4] local 10.0.0.2 port 5001 connected with 10.0.0.1 port 42771
[  5] local 10.0.0.2 port 5001 connected with 10.0.0.1 port 52987
[  6] local 10.0.0.2 port 5001 connected with 10.0.0.1 port 46447
[  7] local 10.0.0.2 port 5001 connected with 10.0.0.1 port 42004
[  8] local 10.0.0.2 port 5001 connected with 10.0.0.1 port 44924
[ ID] Interval       Transfer     Bandwidth        Jitter   Lost/Total  Latency avg/min/max/stdev PPS
[  7] 0.00-5.00 sec  4.69 KBytes  7.68 Kbits/sec  232.747 ms    0/    8 (0%) 2838.361/581.798/5069.289/1572.111 ms    2 pps
[  8] 0.00-5.00 sec  4.69 KBytes  7.68 Kbits/sec  222.366 ms    0/    8 (0%) 3030.624/889.603/5171.739/1535.701 ms    2 pps
[  3] 0.00-5.00 sec  5.27 KBytes  8.64 Kbits/sec  228.638 ms    0/    9 (0%) 2925.985/787.142/5270.224/1646.671 ms    2 pps
[  5] 0.00-5.00 sec  5.27 KBytes  8.64 Kbits/sec  244.266 ms    0/    9 (0%) 3017.270/479.089/5372.935/1635.323 ms    2 pps
[  6] 0.00-5.00 sec  5.27 KBytes  8.64 Kbits/sec  261.593 ms    0/    9 (0%) 3005.869/376.350/5578.338/1746.163 ms    2 pps
[  4] 0.00-5.00 sec  5.27 KBytes  8.64 Kbits/sec  255.406 ms    0/    9 (0%) 3062.914/684.541/5681.048/1726.427 ms    2 pps
[SUM] 0.00-5.00 sec  30.5 KBytes  49.9 Kbits/sec   11 pps
[  3] 5.00-10.00 sec  4.10 KBytes  6.72 Kbits/sec  390.239 ms    0/    7 (0%) 8660.827/5270.224/9963.234/1468.511 ms    1 pps
[  8] 5.00-10.00 sec  4.69 KBytes  7.68 Kbits/sec  379.395 ms    0/    8 (0%) 8571.040/5171.739/10065.694/1498.461 ms    2 pps
[  5] 5.00-10.00 sec  4.69 KBytes  7.68 Kbits/sec  389.496 ms    0/    8 (0%) 8912.899/5372.935/10266.871/1461.569 ms    2 pps
[  7] 5.00-10.00 sec  5.27 KBytes  8.64 Kbits/sec  389.781 ms    0/    9 (0%) 8565.745/5069.289/10369.585/1668.900 ms    2 pps
[  4] 5.00-10.00 sec  4.69 KBytes  7.68 Kbits/sec  399.992 ms    0/    8 (0%) 8848.748/5681.048/10472.309/1562.467 ms    2 pps
[  6] 5.00-10.00 sec  4.69 KBytes  7.68 Kbits/sec  411.903 ms    0/    8 (0%) 8951.408/5578.338/10575.020/1451.664 ms    2 pps
[SUM] 5.00-10.00 sec  28.1 KBytes  46.1 Kbits/sec   10 pps
[  5] 10.00-15.00 sec  1.17 KBytes  1.92 Kbits/sec  607.146 ms   90/   92 (98%) 18087.481/10266.871/14570.822/2286.467 ms    0 pps
[  3] 10.00-15.00 sec  17.6 KBytes  28.8 Kbits/sec  176.969 ms   65/   95 (68%) 13047.557/9963.234/14664.434/1238.968 ms    6 pps
[  8] 10.00-15.00 sec  2.34 KBytes  3.84 Kbits/sec  606.537 ms  106/  110 (96%) 14868.856/10065.694/15314.426/2039.245 ms    1 pps
[  6] 10.00-15.00 sec  1.17 KBytes  1.92 Kbits/sec  507.184 ms   51/   53 (96%) 17920.900/10575.020/13003.119/522.876 ms    1 pps
[  4] 10.00-15.00 sec  4.69 KBytes  7.68 Kbits/sec  501.677 ms  106/  114 (93%) 14240.288/10472.309/15497.333/1600.409 ms    1 pps
[  7] 10.00-15.00 sec  0.59 KBytes  0.96 Kbits/sec  547.273 ms   59/   60 (98%) 13279.232/13279.232/13279.232/ 0.000 ms    0 pps
[SUM] 10.00-15.00 sec  27.5 KBytes  45.1 Kbits/sec   10 pps
[  8] 15.00-20.00 sec  1.76 KBytes  2.88 Kbits/sec  732.424 ms   89/   92 (97%) 22052.374/15314.426/19104.739/1877.289 ms    1 pps
[  3] 15.00-20.00 sec  15.2 KBytes  25.0 Kbits/sec  177.303 ms   84/  110 (76%) 17529.645/14664.434/19194.124/1357.598 ms    5 pps
[  4] 15.00-20.00 sec  6.45 KBytes  10.6 Kbits/sec  418.963 ms   81/   92 (88%) 19066.381/15497.333/19287.698/1120.419 ms    3 pps
[  7] 15.00-20.00 sec  0.59 KBytes  0.96 Kbits/sec  778.918 ms  102/  103 (99%) 30812.053/13279.232/17532.821/ 0.000 ms    0 pps
[  5] 15.00-20.00 sec  3.52 KBytes  5.76 Kbits/sec  752.402 ms  137/  143 (96%) 19342.912/14570.822/20490.305/2093.387 ms    1 pps
[  6] 15.00-20.00 sec  1.76 KBytes  2.88 Kbits/sec  889.597 ms  195/  198 (98%) 23252.390/13003.119/21136.088/2172.807 ms    0 pps
[SUM] 15.00-20.00 sec  29.3 KBytes  48.0 Kbits/sec   12 pps
[  4] 20.00-25.00 sec  5.86 KBytes  9.60 Kbits/sec  412.230 ms   93/  103 (90%) 23897.803/19287.698/23541.329/1114.388 ms    2 pps
[  6] 20.00-25.00 sec  0.59 KBytes  0.96 Kbits/sec  990.162 ms   59/   60 (98%) 23634.730/23634.730/23634.730/ 0.000 ms    0 pps
[  3] 20.00-25.00 sec  16.4 KBytes  26.9 Kbits/sec  179.099 ms   84/  112 (75%) 22072.977/19194.124/23817.461/1316.711 ms    5 pps
[  7] 20.00-25.00 sec  0.00 KBytes  0.00 Kbits/sec   0.000 ms    0/    0 (0%) -/-/-/- ms    0 pps
[  5] 20.00-25.00 sec  1.76 KBytes  2.88 Kbits/sec  739.855 ms   47/   50 (94%) 28613.536/20490.305/22521.262/665.174 ms    1 pps
[  8] 20.00-25.00 sec  2.34 KBytes  3.84 Kbits/sec  807.005 ms   97/  101 (96%) 26145.864/19104.739/23264.884/1986.438 ms    1 pps
[SUM] 20.00-25.00 sec  27.0 KBytes  44.2 Kbits/sec   10 pps
[  4] 25.00-30.00 sec  5.86 KBytes  9.60 Kbits/sec  433.429 ms  100/  110 (91%) 28334.909/23541.329/28071.060/1351.760 ms    2 pps
[  4] 0.00-30.04 sec  32.8 KBytes  8.95 Kbits/sec  433.429 ms  380/  436 (87%) 15533.145/684.541/28071.060/8029.003 ms    1 pps
[  5] 25.00-30.00 sec  3.52 KBytes  5.76 Kbits/sec  784.745 ms  130/  136 (96%) 30545.576/22521.262/28164.683/1124.923 ms    1 pps
[  5] 0.00-30.14 sec  19.9 KBytes  5.41 Kbits/sec  784.745 ms  404/  438 (92%) 13134.792/479.089/28164.683/8898.156 ms    1 pps
[  3] 25.00-30.00 sec  16.4 KBytes  26.9 Kbits/sec  179.495 ms   80/  108 (74%) 26596.357/23817.461/28253.692/1383.522 ms    6 pps
[  3] 0.00-30.25 sec  75.0 KBytes  20.3 Kbits/sec  179.495 ms  313/  441 (71%) 17374.914/787.142/28253.692/6757.029 ms    4 pps
[  6] 25.00-30.00 sec  0.00 KBytes  0.00 Kbits/sec   0.000 ms    0/    0 (0%) -/-/-/- ms    0 pps
[  6] 0.00-30.30 sec  13.5 KBytes  3.64 Kbits/sec   0.000 ms  305/  328 (0%) -/-/-/- ms    0 pps
[  7] 25.00-30.00 sec  1.17 KBytes  1.92 Kbits/sec  1215.793 ms  218/  220 (99%) 35311.968/17532.821/26592.350/66.175 ms    0 pps
[  7] 0.00-31.06 sec  12.3 KBytes  3.25 Kbits/sec   0.000 ms  379/  400 (0%) -/-/-/- ms    0 pps
[  8] 25.00-30.00 sec  1.76 KBytes  2.88 Kbits/sec  897.622 ms   98/  101 (97%) 34810.226/23264.884/27424.935/369.673 ms    1 pps
[SUM] 25.00-30.00 sec  28.7 KBytes  47.0 Kbits/sec   10 pps
[  8] 0.00-31.83 sec  17.6 KBytes  4.52 Kbits/sec   0.000 ms  390/  420 (0%) -/-/-/- ms    0 pps
[SUM] 0.00-31.83 sec   171 KBytes  44.0 Kbits/sec    6 pps
