ITGDec version 2.8.1 (r1023)
Compile-time options: bursty multiport
----------------------------------------------------------
Flow number: 1
From 10.0.0.1:51434
To    10.0.0.2:10001
----------------------------------------------------------
Total time               =     60.713083 s
Total packets            =          7404
Minimum delay            =      0.000112 s
Maximum delay            =     45.718737 s
Average delay            =     22.848671 s
Average jitter           =      0.008074 s
Delay standard deviation =     12.965032 s
Bytes received           =       2221200
Average bitrate          =    292.681563 Kbit/s
Average packet rate      =    121.950651 pkt/s
Packets dropped          =             0 (0.00 %)
Average loss-burst size  =      0.000000 pkt
----------------------------------------------------------
----------------------------------------------------------
Flow number: 2
From 10.0.0.1:34856
To    10.0.0.2:10002
----------------------------------------------------------
Total time               =     60.676710 s
Total packets            =          7400
Minimum delay            =      0.023312 s
Maximum delay            =     45.716026 s
Average delay            =     22.854439 s
Average jitter           =      0.008154 s
Delay standard deviation =     12.958736 s
Bytes received           =       2220000
Average bitrate          =    292.698797 Kbit/s
Average packet rate      =    121.957832 pkt/s
Packets dropped          =             0 (0.00 %)
Average loss-burst size  =      0.000000 pkt
----------------------------------------------------------
----------------------------------------------------------
Flow number: 3
From 10.0.0.1:58036
To    10.0.0.2:10003
----------------------------------------------------------
Total time               =     60.636931 s
Total packets            =          7401
Minimum delay            =      0.063929 s
Maximum delay            =     45.721438 s
Average delay            =     22.851504 s
Average jitter           =      0.008303 s
Delay standard deviation =     12.959784 s
Bytes received           =       2220300
Average bitrate          =    292.930393 Kbit/s
Average packet rate      =    122.054330 pkt/s
Packets dropped          =             0 (0.00 %)
Average loss-burst size  =      0.000000 pkt
----------------------------------------------------------

__________________________________________________________
****************  TOTAL RESULTS   ******************
__________________________________________________________
Number of flows          =             3
Total time               =     60.715798 s
Total packets            =         22205
Minimum delay            =      0.000112 s
Maximum delay            =     45.721438 s
Average delay            =     22.851537 s
Average jitter           =      0.012869 s
Delay standard deviation =     12.961185 s
Bytes received           =       6661500
Average bitrate          =    877.728726 Kbit/s
Average packet rate      =    365.720302 pkt/s
Packets dropped          =             0 (0.00 %)
Average loss-burst size  =             0 pkt
Error lines              =             0
----------------------------------------------------------
