ITGDec version 2.8.1 (r1023)
Compile-time options: bursty multiport
----------------------------------------------------------
Flow number: 2
From 10.0.0.1:58146
To    10.0.0.2:10002
----------------------------------------------------------
Total time               =     40.929667 s
Total packets            =          1460
Minimum delay            =      0.000138 s
Maximum delay            =     28.637729 s
Average delay            =     13.477180 s
Average jitter           =      0.036215 s
Delay standard deviation =      7.810152 s
Bytes received           =        438000
Average bitrate          =     85.610274 Kbit/s
Average packet rate      =     35.670947 pkt/s
Packets dropped          =             0 (0.00 %)
Average loss-burst size  =      0.000000 pkt
----------------------------------------------------------
----------------------------------------------------------
Flow number: 1
From 10.0.0.1:37214
To    10.0.0.2:10001
----------------------------------------------------------
Total time               =     39.935462 s
Total packets            =          1466
Minimum delay            =      0.022830 s
Maximum delay            =     27.513012 s
Average delay            =     13.436540 s
Average jitter           =      0.035491 s
Delay standard deviation =      7.873734 s
Bytes received           =        439800
Average bitrate          =     88.102148 Kbit/s
Average packet rate      =     36.709229 pkt/s
Packets dropped          =             0 (0.00 %)
Average loss-burst size  =      0.000000 pkt
----------------------------------------------------------
----------------------------------------------------------
Flow number: 3
From 10.0.0.1:48440
To    10.0.0.2:10003
----------------------------------------------------------
Total time               =     23.310320 s
Total packets            =           720
Minimum delay            =      0.978217 s
Maximum delay            =     14.862707 s
Average delay            =      8.685241 s
Average jitter           =      0.044425 s
Delay standard deviation =      4.242082 s
Bytes received           =        216000
Average bitrate          =     74.130256 Kbit/s
Average packet rate      =     30.887607 pkt/s
Packets dropped          =             0 (0.00 %)
Average loss-burst size  =      0.000000 pkt
----------------------------------------------------------

__________________________________________________________
****************  TOTAL RESULTS   ******************
__________________________________________________________
Number of flows          =             3
Total time               =     40.929667 s
Total packets            =          3646
Minimum delay            =      0.000138 s
Maximum delay            =     28.637729 s
Average delay            =     12.514543 s
Average jitter           =      0.057099 s
Delay standard deviation =      7.517706 s
Bytes received           =       1093800
Average bitrate          =    213.791136 Kbit/s
Average packet rate      =     89.079640 pkt/s
Packets dropped          =             0 (0.00 %)
Average loss-burst size  =             0 pkt
Error lines              =             0
----------------------------------------------------------
