ITGDec version 2.8.1 (r1023)
Compile-time options: bursty multiport
----------------------------------------------------------
Flow number: 3
From 10.0.0.1:39800
To    10.0.0.2:10003
----------------------------------------------------------
Total time               =     32.218699 s
Total packets            =          4589
Minimum delay            =      0.000045 s
Maximum delay            =     19.388039 s
Average delay            =      9.253891 s
Average jitter           =      0.009540 s
Delay standard deviation =      5.418663 s
Bytes received           =       1376700
Average bitrate          =    341.838756 Kbit/s
Average packet rate      =    142.432815 pkt/s
Packets dropped          =             0 (0.00 %)
Average loss-burst size  =      0.000000 pkt
----------------------------------------------------------
----------------------------------------------------------
Flow number: 1
From 10.0.0.1:43546
To    10.0.0.2:10001
----------------------------------------------------------
Total time               =     32.022705 s
Total packets            =          4622
Minimum delay            =      0.000042 s
Maximum delay            =     18.118417 s
Average delay            =      9.683599 s
Average jitter           =      0.009686 s
Delay standard deviation =      5.425778 s
Bytes received           =       1386600
Average bitrate          =    346.404215 Kbit/s
Average packet rate      =    144.335090 pkt/s
Packets dropped          =             0 (0.00 %)
Average loss-burst size  =      0.000000 pkt
----------------------------------------------------------
----------------------------------------------------------
Flow number: 2
From 10.0.0.1:52332
To    10.0.0.2:10002
----------------------------------------------------------
Total time               =     23.014266 s
Total packets            =          3169
Minimum delay            =      0.030791 s
Maximum delay            =     13.245501 s
Average delay            =      6.954123 s
Average jitter           =      0.009640 s
Delay standard deviation =      4.334490 s
Bytes received           =        950700
Average bitrate          =    330.473281 Kbit/s
Average packet rate      =    137.697201 pkt/s
Packets dropped          =             0 (0.00 %)
Average loss-burst size  =      0.000000 pkt
----------------------------------------------------------

__________________________________________________________
****************  TOTAL RESULTS   ******************
__________________________________________________________
Number of flows          =             3
Total time               =     32.218699 s
Total packets            =         12380
Minimum delay            =      0.000042 s
Maximum delay            =     19.388039 s
Average delay            =      8.825631 s
Average jitter           =      0.018393 s
Delay standard deviation =      5.284256 s
Bytes received           =       3714000
Average bitrate          =    922.197386 Kbit/s
Average packet rate      =    384.248911 pkt/s
Packets dropped          =             0 (0.00 %)
Average loss-burst size  =             0 pkt
Error lines              =             0
----------------------------------------------------------
