ITGDec version 2.8.1 (r1023)
Compile-time options: bursty multiport
----------------------------------------------------------
Flow number: 3
From 10.0.0.1:39220
To    10.0.0.2:10003
----------------------------------------------------------
Total time               =     45.427425 s
Total packets            =          1721
Minimum delay            =      0.000490 s
Maximum delay            =     35.719417 s
Average delay            =     17.051943 s
Average jitter           =      0.034072 s
Delay standard deviation =      9.950285 s
Bytes received           =        516300
Average bitrate          =     90.923049 Kbit/s
Average packet rate      =     37.884604 pkt/s
Packets dropped          =             0 (0.00 %)
Average loss-burst size  =      0.000000 pkt
----------------------------------------------------------
----------------------------------------------------------
Flow number: 2
From 10.0.0.1:51750
To    10.0.0.2:10002
----------------------------------------------------------
Total time               =     45.017794 s
Total packets            =          1772
Minimum delay            =      0.020120 s
Maximum delay            =     33.071998 s
Average delay            =     17.110923 s
Average jitter           =      0.031928 s
Delay standard deviation =      9.939557 s
Bytes received           =        531600
Average bitrate          =     94.469311 Kbit/s
Average packet rate      =     39.362213 pkt/s
Packets dropped          =             0 (0.00 %)
Average loss-burst size  =      0.000000 pkt
----------------------------------------------------------
----------------------------------------------------------
Flow number: 1
From 10.0.0.1:42968
To    10.0.0.2:10001
----------------------------------------------------------
Total time               =     22.248714 s
Total packets            =           600
Minimum delay            =      2.288178 s
Maximum delay            =     16.454685 s
Average delay            =     10.693871 s
Average jitter           =      0.047287 s
Delay standard deviation =      4.186622 s
Bytes received           =        180000
Average bitrate          =     64.722842 Kbit/s
Average packet rate      =     26.967851 pkt/s
Packets dropped          =             0 (0.00 %)
Average loss-burst size  =      0.000000 pkt
----------------------------------------------------------

__________________________________________________________
****************  TOTAL RESULTS   ******************
__________________________________________________________
Number of flows          =             3
Total time               =     45.427425 s
Total packets            =          4093
Minimum delay            =      0.000490 s
Maximum delay            =     35.719417 s
Average delay            =     16.145437 s
Average jitter           =      0.059419 s
Delay standard deviation =      9.595686 s
Bytes received           =       1227900
Average bitrate          =    216.239419 Kbit/s
Average packet rate      =     90.099758 pkt/s
Packets dropped          =             0 (0.00 %)
Average loss-burst size  =             0 pkt
Error lines              =             0
----------------------------------------------------------
