ITGDec version 2.8.1 (r1023)
Compile-time options: bursty multiport
----------------------------------------------------------
Flow number: 2
From 10.0.0.1:33718
To    10.0.0.2:10002
----------------------------------------------------------
Total time               =     60.578947 s
Total packets            =          7383
Minimum delay            =      0.000085 s
Maximum delay            =     45.585101 s
Average delay            =     22.783764 s
Average jitter           =      0.008077 s
Delay standard deviation =     12.928900 s
Bytes received           =       2214900
Average bitrate          =    292.497656 Kbit/s
Average packet rate      =    121.874023 pkt/s
Packets dropped          =             0 (0.00 %)
Average loss-burst size  =      0.000000 pkt
----------------------------------------------------------
----------------------------------------------------------
Flow number: 3
From 10.0.0.1:44096
To    10.0.0.2:10003
----------------------------------------------------------
Total time               =     60.555357 s
Total packets            =          7389
Minimum delay            =      0.023180 s
Maximum delay            =     45.591963 s
Average delay            =     22.798649 s
Average jitter           =      0.008397 s
Delay standard deviation =     12.925601 s
Bytes received           =       2216700
Average bitrate          =    292.849401 Kbit/s
Average packet rate      =    122.020584 pkt/s
Packets dropped          =             0 (0.00 %)
Average loss-burst size  =      0.000000 pkt
----------------------------------------------------------
----------------------------------------------------------
Flow number: 1
From 10.0.0.1:57481
To    10.0.0.2:10001
----------------------------------------------------------
Total time               =     60.517508 s
Total packets            =          7387
Minimum delay            =      0.056548 s
Maximum delay            =     45.594088 s
Average delay            =     22.805731 s
Average jitter           =      0.008239 s
Delay standard deviation =     12.922038 s
Bytes received           =       2216100
Average bitrate          =    292.953239 Kbit/s
Average packet rate      =    122.063850 pkt/s
Packets dropped          =             0 (0.00 %)
Average loss-burst size  =      0.000000 pkt
----------------------------------------------------------

__________________________________________________________
****************  TOTAL RESULTS   ******************
__________________________________________________________
Number of flows          =             3
Total time               =     60.589911 s
Total packets            =         22159
Minimum delay            =      0.000085 s
Maximum delay            =     45.594088 s
Average delay            =     22.796050 s
Average jitter           =      0.012899 s
Delay standard deviation =     12.925516 s
Bytes received           =       6647700
Average bitrate          =    877.730287 Kbit/s
Average packet rate      =    365.720953 pkt/s
Packets dropped          =             0 (0.00 %)
Average loss-burst size  =             0 pkt
Error lines              =             0
----------------------------------------------------------
