ITGDec version 2.8.1 (r1023)
Compile-time options: bursty multiport
----------------------------------------------------------
Flow number: 2
From 10.0.0.1:54538
To    10.0.0.2:10002
----------------------------------------------------------
Total time               =     23.494169 s
Total packets            =          1663
Minimum delay            =      0.000089 s
Maximum delay            =     15.815515 s
Average delay            =      8.388071 s
Average jitter           =      0.017445 s
Delay standard deviation =      4.808208 s
Bytes received           =        498900
Average bitrate          =    169.880450 Kbit/s
Average packet rate      =     70.783521 pkt/s
Packets dropped          =             0 (0.00 %)
Average loss-burst size  =      0.000000 pkt
----------------------------------------------------------
----------------------------------------------------------
Flow number: 1
From 10.0.0.1:47948
To    10.0.0.2:10001
----------------------------------------------------------
Total time               =     39.474300 s
Total packets            =          2554
Minimum delay            =      0.000059 s
Maximum delay            =     27.033710 s
Average delay            =     13.743564 s
Average jitter           =      0.020071 s
Delay standard deviation =      7.483869 s
Bytes received           =        766200
Average bitrate          =    155.280778 Kbit/s
Average packet rate      =     64.700324 pkt/s
Packets dropped          =             0 (0.00 %)
Average loss-burst size  =      0.000000 pkt
----------------------------------------------------------
----------------------------------------------------------
Flow number: 3
From 10.0.0.1:49856
To    10.0.0.2:10003
----------------------------------------------------------
Total time               =     37.006784 s
Total packets            =          2621
Minimum delay            =      0.070799 s
Maximum delay            =     24.978114 s
Average delay            =     13.020182 s
Average jitter           =      0.018494 s
Delay standard deviation =      7.035693 s
Bytes received           =        786300
Average bitrate          =    169.979645 Kbit/s
Average packet rate      =     70.824852 pkt/s
Packets dropped          =             0 (0.00 %)
Average loss-burst size  =      0.000000 pkt
----------------------------------------------------------

__________________________________________________________
****************  TOTAL RESULTS   ******************
__________________________________________________________
Number of flows          =             3
Total time               =     39.474300 s
Total packets            =          6838
Minimum delay            =      0.000059 s
Maximum delay            =     27.033710 s
Average delay            =     12.163838 s
Average jitter           =      0.032226 s
Delay standard deviation =      7.084890 s
Bytes received           =       2051400
Average bitrate          =    415.743914 Kbit/s
Average packet rate      =    173.226631 pkt/s
Packets dropped          =             0 (0.00 %)
Average loss-burst size  =             0 pkt
Error lines              =             0
----------------------------------------------------------
