ITGDec version 2.8.1 (r1023)
Compile-time options: bursty multiport
----------------------------------------------------------
Flow number: 1
From 10.0.0.1:48292
To    10.0.0.2:10001
----------------------------------------------------------
Total time               =     60.338841 s
Total packets            =          7399
Minimum delay            =      0.000120 s
Maximum delay            =     45.342533 s
Average delay            =     22.503746 s
Average jitter           =      0.008021 s
Delay standard deviation =     12.952862 s
Bytes received           =       2219700
Average bitrate          =    294.297996 Kbit/s
Average packet rate      =    122.624165 pkt/s
Packets dropped          =             0 (0.00 %)
Average loss-burst size  =      0.000000 pkt
----------------------------------------------------------
----------------------------------------------------------
Flow number: 2
From 10.0.0.1:43100
To    10.0.0.2:10002
----------------------------------------------------------
Total time               =     60.317692 s
Total packets            =          7400
Minimum delay            =      0.013892 s
Maximum delay            =     45.339971 s
Average delay            =     22.504661 s
Average jitter           =      0.008031 s
Delay standard deviation =     12.951276 s
Bytes received           =       2220000
Average bitrate          =    294.440974 Kbit/s
Average packet rate      =    122.683739 pkt/s
Packets dropped          =             0 (0.00 %)
Average loss-burst size  =      0.000000 pkt
----------------------------------------------------------
----------------------------------------------------------
Flow number: 3
From 10.0.0.1:41548
To    10.0.0.2:10003
----------------------------------------------------------
Total time               =     59.965390 s
Total packets            =          7405
Minimum delay            =      0.611052 s
Maximum delay            =     45.578364 s
Average delay            =     23.427289 s
Average jitter           =      0.007961 s
Delay standard deviation =     12.948022 s
Bytes received           =       2221500
Average bitrate          =    296.370957 Kbit/s
Average packet rate      =    123.487899 pkt/s
Packets dropped          =             0 (0.00 %)
Average loss-burst size  =      0.000000 pkt
----------------------------------------------------------

__________________________________________________________
****************  TOTAL RESULTS   ******************
__________________________________________________________
Number of flows          =             3
Total time               =     60.727390 s
Total packets            =         22204
Minimum delay            =      0.000120 s
Maximum delay            =     45.578364 s
Average delay            =     22.812051 s
Average jitter           =      0.012193 s
Delay standard deviation =     12.958030 s
Bytes received           =       6661200
Average bitrate          =    877.521659 Kbit/s
Average packet rate      =    365.634024 pkt/s
Packets dropped          =             0 (0.00 %)
Average loss-burst size  =             0 pkt
Error lines              =             0
----------------------------------------------------------
