ITGDec version 2.8.1 (r1023)
Compile-time options: bursty multiport
----------------------------------------------------------
Flow number: 2
From 10.0.0.1:58254
To    10.0.0.2:10002
----------------------------------------------------------
Total time               =     34.716761 s
Total packets            =          4788
Minimum delay            =      0.000048 s
Maximum delay            =     20.620721 s
Average delay            =     10.588416 s
Average jitter           =      0.009938 s
Delay standard deviation =      6.366648 s
Bytes received           =       1436400
Average bitrate          =    330.998621 Kbit/s
Average packet rate      =    137.916092 pkt/s
Packets dropped          =             0 (0.00 %)
Average loss-burst size  =      0.000000 pkt
----------------------------------------------------------
----------------------------------------------------------
Flow number: 3
From 10.0.0.1:48542
To    10.0.0.2:10003
----------------------------------------------------------
Total time               =     20.175354 s
Total packets            =          2908
Minimum delay            =      0.000051 s
Maximum delay            =     11.579501 s
Average delay            =      5.848803 s
Average jitter           =      0.009118 s
Delay standard deviation =      3.507207 s
Bytes received           =        872400
Average bitrate          =    345.927016 Kbit/s
Average packet rate      =    144.136257 pkt/s
Packets dropped          =             0 (0.00 %)
Average loss-burst size  =      0.000000 pkt
----------------------------------------------------------
----------------------------------------------------------
Flow number: 1
From 10.0.0.1:37322
To    10.0.0.2:10001
----------------------------------------------------------
Total time               =     24.534747 s
Total packets            =          3463
Minimum delay            =      0.141140 s
Maximum delay            =     14.644231 s
Average delay            =      7.310433 s
Average jitter           =      0.009725 s
Delay standard deviation =      4.182001 s
Bytes received           =       1038900
Average bitrate          =    338.752219 Kbit/s
Average packet rate      =    141.146758 pkt/s
Packets dropped          =             0 (0.00 %)
Average loss-burst size  =      0.000000 pkt
----------------------------------------------------------

__________________________________________________________
****************  TOTAL RESULTS   ******************
__________________________________________________________
Number of flows          =             3
Total time               =     34.716761 s
Total packets            =         11159
Minimum delay            =      0.000048 s
Maximum delay            =     20.620721 s
Average delay            =      8.336023 s
Average jitter           =      0.015226 s
Delay standard deviation =      5.490017 s
Bytes received           =       3347700
Average bitrate          =    771.431413 Kbit/s
Average packet rate      =    321.429756 pkt/s
Packets dropped          =             0 (0.00 %)
Average loss-burst size  =             0 pkt
Error lines              =             0
----------------------------------------------------------
