ITGDec version 2.8.1 (r1023)
Compile-time options: bursty multiport
----------------------------------------------------------
Flow number: 1
From 10.0.0.1:57610
To    10.0.0.2:10001
----------------------------------------------------------
Total time               =     60.065731 s
Total packets            =          7324
Minimum delay            =      0.000100 s
Maximum delay            =     45.070728 s
Average delay            =     22.553011 s
Average jitter           =      0.008070 s
Delay standard deviation =     12.768670 s
Bytes received           =       2197200
Average bitrate          =    292.639409 Kbit/s
Average packet rate      =    121.933087 pkt/s
Packets dropped          =             0 (0.00 %)
Average loss-burst size  =      0.000000 pkt
----------------------------------------------------------
----------------------------------------------------------
Flow number: 3
From 10.0.0.1:39132
To    10.0.0.2:10003
----------------------------------------------------------
Total time               =     60.044233 s
Total packets            =          7322
Minimum delay            =      0.014626 s
Maximum delay            =     45.073158 s
Average delay            =     22.556196 s
Average jitter           =      0.008128 s
Delay standard deviation =     12.767522 s
Bytes received           =       2196600
Average bitrate          =    292.664243 Kbit/s
Average packet rate      =    121.943435 pkt/s
Packets dropped          =             0 (0.00 %)
Average loss-burst size  =      0.000000 pkt
----------------------------------------------------------
----------------------------------------------------------
Flow number: 2
From 10.0.0.1:56325
To    10.0.0.2:10002
----------------------------------------------------------
Total time               =     60.008635 s
Total packets            =          7324
Minimum delay            =      0.049015 s
Maximum delay            =     45.077518 s
Average delay            =     22.562976 s
Average jitter           =      0.008626 s
Delay standard deviation =     12.765539 s
Bytes received           =       2197200
Average bitrate          =    292.917844 Kbit/s
Average packet rate      =    122.049102 pkt/s
Packets dropped          =             0 (0.00 %)
Average loss-burst size  =      0.000000 pkt
----------------------------------------------------------

__________________________________________________________
****************  TOTAL RESULTS   ******************
__________________________________________________________
Number of flows          =             3
Total time               =     60.073908 s
Total packets            =         21970
Minimum delay            =      0.000100 s
Maximum delay            =     45.077518 s
Average delay            =     22.557395 s
Average jitter           =      0.012935 s
Delay standard deviation =     12.767244 s
Bytes received           =       6591000
Average bitrate          =    877.718826 Kbit/s
Average packet rate      =    365.716177 pkt/s
Packets dropped          =             0 (0.00 %)
Average loss-burst size  =             0 pkt
Error lines              =             0
----------------------------------------------------------
