ITGDec version 2.8.1 (r1023)
Compile-time options: bursty multiport
----------------------------------------------------------
Flow number: 1
From 10.0.0.1:43250
To    10.0.0.2:10001
----------------------------------------------------------
Total time               =     37.052476 s
Total packets            =          2291
Minimum delay            =      0.000057 s
Maximum delay            =     24.874703 s
Average delay            =     12.362410 s
Average jitter           =      0.021240 s
Delay standard deviation =      6.723568 s
Bytes received           =        687300
Average bitrate          =    148.394941 Kbit/s
Average packet rate      =     61.831226 pkt/s
Packets dropped          =             0 (0.00 %)
Average loss-burst size  =      0.000000 pkt
----------------------------------------------------------
----------------------------------------------------------
Flow number: 2
From 10.0.0.1:52036
To    10.0.0.2:10002
----------------------------------------------------------
Total time               =     25.073020 s
Total packets            =          1763
Minimum delay            =      0.000069 s
Maximum delay            =     17.213844 s
Average delay            =      9.078704 s
Average jitter           =      0.019239 s
Delay standard deviation =      4.918301 s
Bytes received           =        528900
Average bitrate          =    168.755100 Kbit/s
Average packet rate      =     70.314625 pkt/s
Packets dropped          =             0 (0.00 %)
Average loss-burst size  =      0.000000 pkt
----------------------------------------------------------
----------------------------------------------------------
Flow number: 3
From 10.0.0.1:39510
To    10.0.0.2:10003
----------------------------------------------------------
Total time               =     25.638360 s
Total packets            =          1748
Minimum delay            =      0.014605 s
Maximum delay            =     17.068295 s
Average delay            =      9.204336 s
Average jitter           =      0.020083 s
Delay standard deviation =      4.703537 s
Bytes received           =        524400
Average bitrate          =    163.629811 Kbit/s
Average packet rate      =     68.179088 pkt/s
Packets dropped          =             0 (0.00 %)
Average loss-burst size  =      0.000000 pkt
----------------------------------------------------------

__________________________________________________________
****************  TOTAL RESULTS   ******************
__________________________________________________________
Number of flows          =             3
Total time               =     37.052476 s
Total packets            =          5802
Minimum delay            =      0.000057 s
Maximum delay            =     24.874703 s
Average delay            =     10.413171 s
Average jitter           =      0.034794 s
Delay standard deviation =      5.860675 s
Bytes received           =       1740600
Average bitrate          =    375.812942 Kbit/s
Average packet rate      =    156.588726 pkt/s
Packets dropped          =             0 (0.00 %)
Average loss-burst size  =             0 pkt
Error lines              =             0
----------------------------------------------------------
