ITGDec version 2.8.1 (r1023)
Compile-time options: bursty multiport
----------------------------------------------------------
Flow number: 2
From 10.0.0.1:54690
To    10.0.0.2:10002
----------------------------------------------------------
Total time               =     33.084494 s
Total packets            =          4584
Minimum delay            =      0.000051 s
Maximum delay            =     19.323751 s
Average delay            =      9.046291 s
Average jitter           =      0.009960 s
Delay standard deviation =      5.425535 s
Bytes received           =       1375200
Average bitrate          =    332.530399 Kbit/s
Average packet rate      =    138.554333 pkt/s
Packets dropped          =             0 (0.00 %)
Average loss-burst size  =      0.000000 pkt
----------------------------------------------------------
----------------------------------------------------------
Flow number: 1
From 10.0.0.1:48104
To    10.0.0.2:10001
----------------------------------------------------------
Total time               =     34.705468 s
Total packets            =          4660
Minimum delay            =      0.000089 s
Maximum delay            =     20.684249 s
Average delay            =     10.452541 s
Average jitter           =      0.010199 s
Delay standard deviation =      6.055981 s
Bytes received           =       1398000
Average bitrate          =    322.254695 Kbit/s
Average packet rate      =    134.272790 pkt/s
Packets dropped          =             0 (0.00 %)
Average loss-burst size  =      0.000000 pkt
----------------------------------------------------------
----------------------------------------------------------
Flow number: 3
From 10.0.0.1:50010
To    10.0.0.2:10003
----------------------------------------------------------
Total time               =     23.625720 s
Total packets            =          3342
Minimum delay            =      0.032556 s
Maximum delay            =     13.304952 s
Average delay            =      7.107272 s
Average jitter           =      0.009814 s
Delay standard deviation =      4.058724 s
Bytes received           =       1002600
Average bitrate          =    339.494415 Kbit/s
Average packet rate      =    141.456006 pkt/s
Packets dropped          =             0 (0.00 %)
Average loss-burst size  =      0.000000 pkt
----------------------------------------------------------

__________________________________________________________
****************  TOTAL RESULTS   ******************
__________________________________________________________
Number of flows          =             3
Total time               =     34.709816 s
Total packets            =         12586
Minimum delay            =      0.000051 s
Maximum delay            =     20.684249 s
Average delay            =      9.052085 s
Average jitter           =      0.018525 s
Delay standard deviation =      5.514059 s
Bytes received           =       3775800
Average bitrate          =    870.255262 Kbit/s
Average packet rate      =    362.606359 pkt/s
Packets dropped          =             0 (0.00 %)
Average loss-burst size  =             0 pkt
Error lines              =             0
----------------------------------------------------------
