ITGDec version 2.8.1 (r1023)
Compile-time options: bursty multiport
----------------------------------------------------------
Flow number: 1
From 10.0.0.1:43282
To    10.0.0.2:10001
----------------------------------------------------------
Total time               =     25.086999 s
Total packets            =          1820
Minimum delay            =      0.000064 s
Maximum delay            =     16.169609 s
Average delay            =      8.136411 s
Average jitter           =      0.018433 s
Delay standard deviation =      4.672221 s
Bytes received           =        546000
Average bitrate          =    174.114090 Kbit/s
Average packet rate      =     72.547537 pkt/s
Packets dropped          =             0 (0.00 %)
Average loss-burst size  =      0.000000 pkt
----------------------------------------------------------
----------------------------------------------------------
Flow number: 2
From 10.0.0.1:52068
To    10.0.0.2:10002
----------------------------------------------------------
Total time               =     26.467513 s
Total packets            =          1916
Minimum delay            =      0.000057 s
Maximum delay            =     18.139803 s
Average delay            =      8.947807 s
Average jitter           =      0.018447 s
Delay standard deviation =      5.038989 s
Bytes received           =        574800
Average bitrate          =    173.737517 Kbit/s
Average packet rate      =     72.390632 pkt/s
Packets dropped          =             0 (0.00 %)
Average loss-burst size  =      0.000000 pkt
----------------------------------------------------------
----------------------------------------------------------
Flow number: 3
From 10.0.0.1:39542
To    10.0.0.2:10003
----------------------------------------------------------
Total time               =     33.906149 s
Total packets            =          2025
Minimum delay            =      0.990350 s
Maximum delay            =     24.182461 s
Average delay            =     13.498897 s
Average jitter           =      0.023490 s
Delay standard deviation =      7.222420 s
Bytes received           =        607500
Average bitrate          =    143.336833 Kbit/s
Average packet rate      =     59.723680 pkt/s
Packets dropped          =             0 (0.00 %)
Average loss-burst size  =      0.000000 pkt
----------------------------------------------------------

__________________________________________________________
****************  TOTAL RESULTS   ******************
__________________________________________________________
Number of flows          =             3
Total time               =     35.420942 s
Total packets            =          5761
Minimum delay            =      0.000057 s
Maximum delay            =     24.182461 s
Average delay            =     10.291188 s
Average jitter           =      0.028285 s
Delay standard deviation =      6.273781 s
Bytes received           =       1728300
Average bitrate          =    390.345350 Kbit/s
Average packet rate      =    162.643896 pkt/s
Packets dropped          =             0 (0.00 %)
Average loss-burst size  =             0 pkt
Error lines              =             0
----------------------------------------------------------
