ITGDec version 2.8.1 (r1023)
Compile-time options: bursty multiport
----------------------------------------------------------
Flow number: 1
From 10.0.0.1:43578
To    10.0.0.2:10001
----------------------------------------------------------
Total time               =     34.213519 s
Total packets            =          4720
Minimum delay            =      0.000049 s
Maximum delay            =     21.222898 s
Average delay            =     10.757591 s
Average jitter           =      0.009605 s
Delay standard deviation =      6.682302 s
Bytes received           =       1416000
Average bitrate          =    331.097190 Kbit/s
Average packet rate      =    137.957162 pkt/s
Packets dropped          =             0 (0.00 %)
Average loss-burst size  =      0.000000 pkt
----------------------------------------------------------
----------------------------------------------------------
Flow number: 2
From 10.0.0.1:52364
To    10.0.0.2:10002
----------------------------------------------------------
Total time               =     23.055736 s
Total packets            =          3101
Minimum delay            =      0.000052 s
Maximum delay            =     12.745479 s
Average delay            =      6.729070 s
Average jitter           =      0.010254 s
Delay standard deviation =      3.929112 s
Bytes received           =        930300
Average bitrate          =    322.800365 Kbit/s
Average packet rate      =    134.500152 pkt/s
Packets dropped          =             0 (0.00 %)
Average loss-burst size  =      0.000000 pkt
----------------------------------------------------------
----------------------------------------------------------
Flow number: 3
From 10.0.0.1:39838
To    10.0.0.2:10003
----------------------------------------------------------
Total time               =     35.116105 s
Total packets            =          4663
Minimum delay            =      0.058493 s
Maximum delay            =     21.480024 s
Average delay            =      9.193430 s
Average jitter           =      0.010298 s
Delay standard deviation =      5.600368 s
Bytes received           =       1398900
Average bitrate          =    318.691381 Kbit/s
Average packet rate      =    132.788075 pkt/s
Packets dropped          =             0 (0.00 %)
Average loss-burst size  =      0.000000 pkt
----------------------------------------------------------

__________________________________________________________
****************  TOTAL RESULTS   ******************
__________________________________________________________
Number of flows          =             3
Total time               =     35.198084 s
Total packets            =         12484
Minimum delay            =      0.000049 s
Maximum delay            =     21.480024 s
Average delay            =      9.172672 s
Average jitter           =      0.015633 s
Delay standard deviation =      5.904708 s
Bytes received           =       3745200
Average bitrate          =    851.228152 Kbit/s
Average packet rate      =    354.678397 pkt/s
Packets dropped          =             0 (0.00 %)
Average loss-burst size  =             0 pkt
Error lines              =             0
----------------------------------------------------------
