ITGDec version 2.8.1 (r1023)
Compile-time options: bursty multiport
----------------------------------------------------------
Flow number: 2
From 10.0.0.1:41084
To    10.0.0.2:10002
----------------------------------------------------------
Total time               =     60.609026 s
Total packets            =          7385
Minimum delay            =      0.000042 s
Maximum delay            =     45.614943 s
Average delay            =     22.800545 s
Average jitter           =      0.008079 s
Delay standard deviation =     12.932771 s
Bytes received           =       2215500
Average bitrate          =    292.431692 Kbit/s
Average packet rate      =    121.846538 pkt/s
Packets dropped          =             0 (0.00 %)
Average loss-burst size  =      0.000000 pkt
----------------------------------------------------------
----------------------------------------------------------
Flow number: 3
From 10.0.0.1:59787
To    10.0.0.2:10003
----------------------------------------------------------
Total time               =     60.571809 s
Total packets            =          7392
Minimum delay            =      0.025258 s
Maximum delay            =     45.612512 s
Average delay            =     22.789996 s
Average jitter           =      0.008140 s
Delay standard deviation =     12.931366 s
Bytes received           =       2217600
Average bitrate          =    292.888727 Kbit/s
Average packet rate      =    122.036969 pkt/s
Packets dropped          =             0 (0.00 %)
Average loss-burst size  =      0.000000 pkt
----------------------------------------------------------
----------------------------------------------------------
Flow number: 1
From 10.0.0.1:39152
To    10.0.0.2:10001
----------------------------------------------------------
Total time               =     60.533730 s
Total packets            =          7390
Minimum delay            =      0.061478 s
Maximum delay            =     45.616893 s
Average delay            =     22.795405 s
Average jitter           =      0.008291 s
Delay standard deviation =     12.934790 s
Bytes received           =       2217000
Average bitrate          =    292.993675 Kbit/s
Average packet rate      =    122.080698 pkt/s
Packets dropped          =             0 (0.00 %)
Average loss-burst size  =      0.000000 pkt
----------------------------------------------------------

__________________________________________________________
****************  TOTAL RESULTS   ******************
__________________________________________________________
Number of flows          =             3
Total time               =     60.611742 s
Total packets            =         22167
Minimum delay            =      0.000042 s
Maximum delay            =     45.616893 s
Average delay            =     22.795314 s
Average jitter           =      0.012866 s
Delay standard deviation =     12.932976 s
Bytes received           =       6650100
Average bitrate          =    877.730919 Kbit/s
Average packet rate      =    365.721216 pkt/s
Packets dropped          =             0 (0.00 %)
Average loss-burst size  =             0 pkt
Error lines              =             0
----------------------------------------------------------
