ITGDec version 2.8.1 (r1023)
Compile-time options: bursty multiport
----------------------------------------------------------
Flow number: 2
From 10.0.0.1:51076
To    10.0.0.2:10002
----------------------------------------------------------
Total time               =     52.570808 s
Total packets            =           733
Minimum delay            =      0.000060 s
Maximum delay            =     40.660521 s
Average delay            =     23.157345 s
Average jitter           =      0.087834 s
Delay standard deviation =     11.958709 s
Bytes received           =        219900
Average bitrate          =     33.463438 Kbit/s
Average packet rate      =     13.943099 pkt/s
Packets dropped          =             0 (0.00 %)
Average loss-burst size  =      0.000000 pkt
----------------------------------------------------------
----------------------------------------------------------
Flow number: 1
From 10.0.0.1:42294
To    10.0.0.2:10001
----------------------------------------------------------
Total time               =     54.748640 s
Total packets            =           708
Minimum delay            =      0.003485 s
Maximum delay            =     43.381499 s
Average delay            =     22.414398 s
Average jitter           =      0.093282 s
Delay standard deviation =     11.326318 s
Bytes received           =        212400
Average bitrate          =     31.036387 Kbit/s
Average packet rate      =     12.931828 pkt/s
Packets dropped          =             0 (0.00 %)
Average loss-burst size  =      0.000000 pkt
----------------------------------------------------------
----------------------------------------------------------
Flow number: 3
From 10.0.0.1:38552
To    10.0.0.2:10003
----------------------------------------------------------
Total time               =     31.554971 s
Total packets            =           424
Minimum delay            =      0.011711 s
Maximum delay            =     22.963110 s
Average delay            =     13.682795 s
Average jitter           =      0.094701 s
Delay standard deviation =      6.678725 s
Bytes received           =        127200
Average bitrate          =     32.248485 Kbit/s
Average packet rate      =     13.436869 pkt/s
Packets dropped          =             0 (0.00 %)
Average loss-burst size  =      0.000000 pkt
----------------------------------------------------------

__________________________________________________________
****************  TOTAL RESULTS   ******************
__________________________________________________________
Number of flows          =             3
Total time               =     54.760086 s
Total packets            =          1865
Minimum delay            =      0.000060 s
Maximum delay            =     43.381499 s
Average delay            =     20.721305 s
Average jitter           =      0.148753 s
Delay standard deviation =     11.389997 s
Bytes received           =        559500
Average bitrate          =     81.738367 Kbit/s
Average packet rate      =     34.057653 pkt/s
Packets dropped          =             0 (0.00 %)
Average loss-burst size  =             0 pkt
Error lines              =             0
----------------------------------------------------------
