ITGDec version 2.8.1 (r1023)
Compile-time options: bursty multiport
----------------------------------------------------------
Flow number: 2
From 10.0.0.1:49069
To    10.0.0.2:10002
----------------------------------------------------------
Total time               =     59.648829 s
Total packets            =          7298
Minimum delay            =      0.000129 s
Maximum delay            =     44.653541 s
Average delay            =     22.224108 s
Average jitter           =      0.008043 s
Delay standard deviation =     12.710885 s
Bytes received           =       2189400
Average bitrate          =    293.638623 Kbit/s
Average packet rate      =    122.349426 pkt/s
Packets dropped          =             0 (0.00 %)
Average loss-burst size  =      0.000000 pkt
----------------------------------------------------------
----------------------------------------------------------
Flow number: 3
From 10.0.0.1:34264
To    10.0.0.2:10003
----------------------------------------------------------
Total time               =     59.613549 s
Total packets            =          7291
Minimum delay            =      0.018907 s
Maximum delay            =     44.648142 s
Average delay            =     22.234080 s
Average jitter           =      0.008089 s
Delay standard deviation =     12.705494 s
Bytes received           =       2187300
Average bitrate          =    293.530586 Kbit/s
Average packet rate      =    122.304411 pkt/s
Packets dropped          =             0 (0.00 %)
Average loss-burst size  =      0.000000 pkt
----------------------------------------------------------
----------------------------------------------------------
Flow number: 1
From 10.0.0.1:56164
To    10.0.0.2:10001
----------------------------------------------------------
Total time               =     59.474748 s
Total packets            =          7296
Minimum delay            =      0.294110 s
Maximum delay            =     44.770082 s
Average delay            =     22.708010 s
Average jitter           =      0.008176 s
Delay standard deviation =     12.706330 s
Bytes received           =       2188800
Average bitrate          =    294.417389 Kbit/s
Average packet rate      =    122.673912 pkt/s
Packets dropped          =             0 (0.00 %)
Average loss-burst size  =      0.000000 pkt
----------------------------------------------------------

__________________________________________________________
****************  TOTAL RESULTS   ******************
__________________________________________________________
Number of flows          =             3
Total time               =     59.843082 s
Total packets            =         21885
Minimum delay            =      0.000129 s
Maximum delay            =     44.770082 s
Average delay            =     22.388753 s
Average jitter           =      0.012594 s
Delay standard deviation =     12.709577 s
Bytes received           =       6565500
Average bitrate          =    877.695437 Kbit/s
Average packet rate      =    365.706432 pkt/s
Packets dropped          =             0 (0.00 %)
Average loss-burst size  =             0 pkt
Error lines              =             0
----------------------------------------------------------
