ITGDec version 2.8.1 (r1023)
Compile-time options: bursty multiport
----------------------------------------------------------
Flow number: 2
From 10.0.0.1:39819
To    10.0.0.2:10002
----------------------------------------------------------
Total time               =     60.719586 s
Total packets            =          7419
Minimum delay            =      0.000099 s
Maximum delay            =     45.724690 s
Average delay            =     22.797438 s
Average jitter           =      0.008056 s
Delay standard deviation =     13.000589 s
Bytes received           =       2225700
Average bitrate          =    293.243106 Kbit/s
Average packet rate      =    122.184628 pkt/s
Packets dropped          =             0 (0.00 %)
Average loss-burst size  =      0.000000 pkt
----------------------------------------------------------
----------------------------------------------------------
Flow number: 1
From 10.0.0.1:52117
To    10.0.0.2:10001
----------------------------------------------------------
Total time               =     60.701189 s
Total packets            =          7420
Minimum delay            =      0.014171 s
Maximum delay            =     45.729652 s
Average delay            =     22.801326 s
Average jitter           =      0.008085 s
Delay standard deviation =     12.998771 s
Bytes received           =       2226000
Average bitrate          =    293.371519 Kbit/s
Average packet rate      =    122.238133 pkt/s
Packets dropped          =             0 (0.00 %)
Average loss-burst size  =      0.000000 pkt
----------------------------------------------------------
----------------------------------------------------------
Flow number: 3
From 10.0.0.1:34308
To    10.0.0.2:10003
----------------------------------------------------------
Total time               =     60.619552 s
Total packets            =          7414
Minimum delay            =      0.184548 s
Maximum delay            =     45.805838 s
Average delay            =     23.121533 s
Average jitter           =      0.008039 s
Delay standard deviation =     12.998752 s
Bytes received           =       2224200
Average bitrate          =    293.529058 Kbit/s
Average packet rate      =    122.303774 pkt/s
Packets dropped          =             0 (0.00 %)
Average loss-burst size  =      0.000000 pkt
----------------------------------------------------------

__________________________________________________________
****************  TOTAL RESULTS   ******************
__________________________________________________________
Number of flows          =             3
Total time               =     60.850921 s
Total packets            =         22253
Minimum delay            =      0.000099 s
Maximum delay            =     45.805838 s
Average delay            =     22.906713 s
Average jitter           =      0.012702 s
Delay standard deviation =     13.000258 s
Bytes received           =       6675900
Average bitrate          =    877.672829 Kbit/s
Average packet rate      =    365.697012 pkt/s
Packets dropped          =             0 (0.00 %)
Average loss-burst size  =             0 pkt
Error lines              =             0
----------------------------------------------------------
