ITGDec version 2.8.1 (r1023)
Compile-time options: bursty multiport
----------------------------------------------------------
Flow number: 1
From 10.0.0.1:33447
To    10.0.0.2:10001
----------------------------------------------------------
Total time               =    115.730274 s
Total packets            =          1572
Minimum delay            =      0.000502 s
Maximum delay            =    100.735009 s
Average delay            =     51.528295 s
Average jitter           =      0.072799 s
Delay standard deviation =     29.993514 s
Bytes received           =        471600
Average bitrate          =     32.599940 Kbit/s
Average packet rate      =     13.583308 pkt/s
Packets dropped          =          5827 (78.75 %)
Average loss-burst size  =      5.517992 pkt
----------------------------------------------------------
----------------------------------------------------------
Flow number: 2
From 10.0.0.1:33816
To    10.0.0.2:10002
----------------------------------------------------------
Total time               =    115.684285 s
Total packets            =          1337
Minimum delay            =      0.018854 s
Maximum delay            =    100.710230 s
Average delay            =     48.766566 s
Average jitter           =      0.085577 s
Delay standard deviation =     28.402757 s
Bytes received           =        401100
Average bitrate          =     27.737562 Kbit/s
Average packet rate      =     11.557317 pkt/s
Packets dropped          =          6056 (81.92 %)
Average loss-burst size  =      7.412485 pkt
----------------------------------------------------------
----------------------------------------------------------
Flow number: 3
From 10.0.0.1:40533
To    10.0.0.2:10003
----------------------------------------------------------
Total time               =    113.087626 s
Total packets            =          1399
Minimum delay            =      4.319262 s
Maximum delay            =    102.409656 s
Average delay            =     53.136587 s
Average jitter           =      0.070165 s
Delay standard deviation =     29.610395 s
Bytes received           =        419700
Average bitrate          =     29.690251 Kbit/s
Average packet rate      =     12.370938 pkt/s
Packets dropped          =          5999 (81.09 %)
Average loss-burst size  =      4.291130 pkt
----------------------------------------------------------

__________________________________________________________
****************  TOTAL RESULTS   ******************
__________________________________________________________
Number of flows          =             3
Total time               =    117.590727 s
Total packets            =          4308
Minimum delay            =      0.000502 s
Maximum delay            =    102.409656 s
Average delay            =     51.193469 s
Average jitter           =      0.119833 s
Delay standard deviation =     29.435696 s
Bytes received           =       1292400
Average bitrate          =     87.925300 Kbit/s
Average packet rate      =     36.635542 pkt/s
Packets dropped          =         17882 (80.59 %)
Average loss-burst size  =      5.466830 pkt
Error lines              =             0
----------------------------------------------------------
