ITGDec version 2.8.1 (r1023)
Compile-time options: bursty multiport
----------------------------------------------------------
Flow number: 2
From 10.0.0.1:52346
To    10.0.0.2:10002
----------------------------------------------------------
Total time               =     24.941802 s
Total packets            =          3297
Minimum delay            =      0.000050 s
Maximum delay            =     14.401513 s
Average delay            =      7.319500 s
Average jitter           =      0.010224 s
Delay standard deviation =      4.588177 s
Bytes received           =        989100
Average bitrate          =    317.250534 Kbit/s
Average packet rate      =    132.187722 pkt/s
Packets dropped          =             0 (0.00 %)
Average loss-burst size  =      0.000000 pkt
----------------------------------------------------------
----------------------------------------------------------
Flow number: 1
From 10.0.0.1:43564
To    10.0.0.2:10001
----------------------------------------------------------
Total time               =     23.070464 s
Total packets            =          3098
Minimum delay            =      0.000060 s
Maximum delay            =     12.659862 s
Average delay            =      6.643044 s
Average jitter           =      0.010550 s
Delay standard deviation =      3.485518 s
Bytes received           =        929400
Average bitrate          =    322.282205 Kbit/s
Average packet rate      =    134.284252 pkt/s
Packets dropped          =             0 (0.00 %)
Average loss-burst size  =      0.000000 pkt
----------------------------------------------------------
----------------------------------------------------------
Flow number: 3
From 10.0.0.1:39822
To    10.0.0.2:10003
----------------------------------------------------------
Total time               =     35.126374 s
Total packets            =          5019
Minimum delay            =      0.017654 s
Maximum delay            =     20.621819 s
Average delay            =      9.863115 s
Average jitter           =      0.009635 s
Delay standard deviation =      5.775844 s
Bytes received           =       1505700
Average bitrate          =    342.921817 Kbit/s
Average packet rate      =    142.884090 pkt/s
Packets dropped          =             0 (0.00 %)
Average loss-burst size  =      0.000000 pkt
----------------------------------------------------------

__________________________________________________________
****************  TOTAL RESULTS   ******************
__________________________________________________________
Number of flows          =             3
Total time               =     35.158954 s
Total packets            =         11414
Minimum delay            =      0.000050 s
Maximum delay            =     20.621819 s
Average delay            =      8.254382 s
Average jitter           =      0.019365 s
Delay standard deviation =      5.113001 s
Bytes received           =       3424200
Average bitrate          =    779.135807 Kbit/s
Average packet rate      =    324.639920 pkt/s
Packets dropped          =             0 (0.00 %)
Average loss-burst size  =             0 pkt
Error lines              =             0
----------------------------------------------------------
