ITGDec version 2.8.1 (r1023)
Compile-time options: bursty multiport
----------------------------------------------------------
Flow number: 2
From 10.0.0.1:54982
To    10.0.0.2:10002
----------------------------------------------------------
Total time               =     91.399285 s
Total packets            =          5698
Minimum delay            =      0.000030 s
Maximum delay            =     76.407006 s
Average delay            =     37.432479 s
Average jitter           =      0.015866 s
Delay standard deviation =     21.404310 s
Bytes received           =       1709400
Average bitrate          =    149.620426 Kbit/s
Average packet rate      =     62.341844 pkt/s
Packets dropped          =          1618 (22.12 %)
Average loss-burst size  =      2.597111 pkt
----------------------------------------------------------
----------------------------------------------------------
Flow number: 3
From 10.0.0.1:51133
To    10.0.0.2:10003
----------------------------------------------------------
Total time               =     91.369154 s
Total packets            =          5533
Minimum delay            =      0.031480 s
Maximum delay            =     76.411452 s
Average delay            =     37.130232 s
Average jitter           =      0.016382 s
Delay standard deviation =     22.251689 s
Bytes received           =       1659900
Average bitrate          =    145.335700 Kbit/s
Average packet rate      =     60.556542 pkt/s
Packets dropped          =          1787 (24.41 %)
Average loss-burst size  =      3.243194 pkt
----------------------------------------------------------
----------------------------------------------------------
Flow number: 1
From 10.0.0.1:55721
To    10.0.0.2:10001
----------------------------------------------------------
Total time               =     90.457386 s
Total packets            =          5667
Minimum delay            =      1.750510 s
Maximum delay            =     77.210059 s
Average delay            =     41.332624 s
Average jitter           =      0.015772 s
Delay standard deviation =     22.417336 s
Bytes received           =       1700100
Average bitrate          =    150.355881 Kbit/s
Average packet rate      =     62.648284 pkt/s
Packets dropped          =          1650 (22.55 %)
Average loss-burst size  =      2.759197 pkt
----------------------------------------------------------

__________________________________________________________
****************  TOTAL RESULTS   ******************
__________________________________________________________
Number of flows          =             3
Total time               =     92.400620 s
Total packets            =         16898
Minimum delay            =      0.000030 s
Maximum delay            =     77.210059 s
Average delay            =     38.641485 s
Average jitter           =      0.024535 s
Delay standard deviation =     22.109151 s
Bytes received           =       5069400
Average bitrate          =    438.906146 Kbit/s
Average packet rate      =    182.877561 pkt/s
Packets dropped          =          5055 (23.03 %)
Average loss-burst size  =      2.852709 pkt
Error lines              =             0
----------------------------------------------------------
