ITGDec version 2.8.1 (r1023)
Compile-time options: bursty multiport
----------------------------------------------------------
Flow number: 2
From 10.0.0.1:49332
To    10.0.0.2:10002
----------------------------------------------------------
Total time               =     31.920155 s
Total packets            =           470
Minimum delay            =      0.000065 s
Maximum delay            =     29.387999 s
Average delay            =     14.002693 s
Average jitter           =      0.073186 s
Delay standard deviation =      8.561441 s
Bytes received           =        141000
Average bitrate          =     35.338174 Kbit/s
Average packet rate      =     14.724239 pkt/s
Packets dropped          =             0 (0.00 %)
Average loss-burst size  =      0.000000 pkt
----------------------------------------------------------
----------------------------------------------------------
Flow number: 3
From 10.0.0.1:58308
To    10.0.0.2:10003
----------------------------------------------------------
Total time               =     54.617221 s
Total packets            =           778
Minimum delay            =      0.000067 s
Maximum delay            =     47.793519 s
Average delay            =     23.186328 s
Average jitter           =      0.078827 s
Delay standard deviation =     13.729508 s
Bytes received           =        233400
Average bitrate          =     34.187020 Kbit/s
Average packet rate      =     14.244591 pkt/s
Packets dropped          =             0 (0.00 %)
Average loss-burst size  =      0.000000 pkt
----------------------------------------------------------
----------------------------------------------------------
Flow number: 1
From 10.0.0.1:52278
To    10.0.0.2:10001
----------------------------------------------------------
Total time               =     49.732286 s
Total packets            =           628
Minimum delay            =      3.179942 s
Maximum delay            =     39.588423 s
Average delay            =     21.784697 s
Average jitter           =      0.099927 s
Delay standard deviation =      9.774817 s
Bytes received           =        188400
Average bitrate          =     30.306268 Kbit/s
Average packet rate      =     12.627612 pkt/s
Packets dropped          =             0 (0.00 %)
Average loss-burst size  =      0.000000 pkt
----------------------------------------------------------

__________________________________________________________
****************  TOTAL RESULTS   ******************
__________________________________________________________
Number of flows          =             3
Total time               =     54.617221 s
Total packets            =          1876
Minimum delay            =      0.000065 s
Maximum delay            =     47.793519 s
Average delay            =     20.416321 s
Average jitter           =      0.119433 s
Delay standard deviation =     11.943028 s
Bytes received           =        562800
Average bitrate          =     82.435538 Kbit/s
Average packet rate      =     34.348141 pkt/s
Packets dropped          =             0 (0.00 %)
Average loss-burst size  =             0 pkt
Error lines              =             0
----------------------------------------------------------
