ITGDec version 2.8.1 (r1023)
Compile-time options: bursty multiport
----------------------------------------------------------
Flow number: 2
From 10.0.0.1:37813
To    10.0.0.2:10002
----------------------------------------------------------
Total time               =     60.417581 s
Total packets            =          7365
Minimum delay            =      0.000027 s
Maximum delay            =     45.423402 s
Average delay            =     22.669549 s
Average jitter           =      0.008079 s
Delay standard deviation =     12.888961 s
Bytes received           =       2209500
Average bitrate          =    292.563848 Kbit/s
Average packet rate      =    121.901603 pkt/s
Packets dropped          =             0 (0.00 %)
Average loss-burst size  =      0.000000 pkt
----------------------------------------------------------
----------------------------------------------------------
Flow number: 3
From 10.0.0.1:38576
To    10.0.0.2:10003
----------------------------------------------------------
Total time               =     60.376683 s
Total packets            =          7367
Minimum delay            =      0.026734 s
Maximum delay            =     45.420701 s
Average delay            =     22.673000 s
Average jitter           =      0.008202 s
Delay standard deviation =     12.887077 s
Bytes received           =       2210100
Average bitrate          =    292.841526 Kbit/s
Average packet rate      =    122.017303 pkt/s
Packets dropped          =             0 (0.00 %)
Average loss-burst size  =      0.000000 pkt
----------------------------------------------------------
----------------------------------------------------------
Flow number: 1
From 10.0.0.1:57780
To    10.0.0.2:10001
----------------------------------------------------------
Total time               =     60.325976 s
Total packets            =          7366
Minimum delay            =      0.077481 s
Maximum delay            =     45.427765 s
Average delay            =     22.688258 s
Average jitter           =      0.008562 s
Delay standard deviation =     12.878229 s
Bytes received           =       2209800
Average bitrate          =    293.047890 Kbit/s
Average packet rate      =    122.103288 pkt/s
Packets dropped          =             0 (0.00 %)
Average loss-burst size  =      0.000000 pkt
----------------------------------------------------------

__________________________________________________________
****************  TOTAL RESULTS   ******************
__________________________________________________________
Number of flows          =             3
Total time               =     60.423056 s
Total packets            =         22098
Minimum delay            =      0.000027 s
Maximum delay            =     45.427765 s
Average delay            =     22.676936 s
Average jitter           =      0.012937 s
Delay standard deviation =     12.884759 s
Bytes received           =       6629400
Average bitrate          =    877.731176 Kbit/s
Average packet rate      =    365.721323 pkt/s
Packets dropped          =             0 (0.00 %)
Average loss-burst size  =             0 pkt
Error lines              =             0
----------------------------------------------------------
