ITGDec version 2.8.1 (r1023)
Compile-time options: bursty multiport
----------------------------------------------------------
Flow number: 1
From 10.0.0.1:40666
To    10.0.0.2:10001
----------------------------------------------------------
Total time               =     84.574121 s
Total packets            =          4996
Minimum delay            =      0.000108 s
Maximum delay            =     69.579038 s
Average delay            =     35.721988 s
Average jitter           =      0.017487 s
Delay standard deviation =     20.352236 s
Bytes received           =       1498800
Average bitrate          =    141.773865 Kbit/s
Average packet rate      =     59.072444 pkt/s
Packets dropped          =          2395 (32.40 %)
Average loss-burst size  =      7.346626 pkt
----------------------------------------------------------
----------------------------------------------------------
Flow number: 2
From 10.0.0.1:55492
To    10.0.0.2:10002
----------------------------------------------------------
Total time               =     84.542319 s
Total packets            =          5431
Minimum delay            =      0.020024 s
Maximum delay            =     69.574040 s
Average delay            =     34.654645 s
Average jitter           =      0.015388 s
Delay standard deviation =     19.854279 s
Bytes received           =       1629300
Average bitrate          =    154.176041 Kbit/s
Average packet rate      =     64.240017 pkt/s
Packets dropped          =          1956 (26.48 %)
Average loss-burst size  =      6.960854 pkt
----------------------------------------------------------
----------------------------------------------------------
Flow number: 3
From 10.0.0.1:35387
To    10.0.0.2:10003
----------------------------------------------------------
Total time               =     84.287170 s
Total packets            =          5046
Minimum delay            =      0.282288 s
Maximum delay            =     69.600959 s
Average delay            =     34.055146 s
Average jitter           =      0.016897 s
Delay standard deviation =     19.333333 s
Bytes received           =       1513800
Average bitrate          =    143.680230 Kbit/s
Average packet rate      =     59.866763 pkt/s
Packets dropped          =          2347 (31.75 %)
Average loss-burst size  =      7.929054 pkt
----------------------------------------------------------

__________________________________________________________
****************  TOTAL RESULTS   ******************
__________________________________________________________
Number of flows          =             3
Total time               =     84.601474 s
Total packets            =         15473
Minimum delay            =      0.000108 s
Maximum delay            =     69.600959 s
Average delay            =     34.803768 s
Average jitter           =      0.025647 s
Delay standard deviation =     19.861072 s
Bytes received           =       4641900
Average bitrate          =    438.942707 Kbit/s
Average packet rate      =    182.892795 pkt/s
Packets dropped          =          6698 (30.21 %)
Average loss-burst size  =      7.417497 pkt
Error lines              =             0
----------------------------------------------------------
