ITGDec version 2.8.1 (r1023)
Compile-time options: bursty multiport
----------------------------------------------------------
Flow number: 1
From 10.0.0.1:33055
To    10.0.0.2:10001
----------------------------------------------------------
Total time               =    102.634384 s
Total packets            =          1142
Minimum delay            =      0.045403 s
Maximum delay            =     87.680817 s
Average delay            =     44.119329 s
Average jitter           =      0.088753 s
Delay standard deviation =     27.191905 s
Bytes received           =        342600
Average bitrate          =     26.704501 Kbit/s
Average packet rate      =     11.126875 pkt/s
Packets dropped          =          6106 (84.24 %)
Average loss-burst size  =      7.330132 pkt
----------------------------------------------------------
----------------------------------------------------------
Flow number: 2
From 10.0.0.1:34570
To    10.0.0.2:10002
----------------------------------------------------------
Total time               =    102.298981 s
Total packets            =          1291
Minimum delay            =      0.021022 s
Maximum delay            =     87.360458 s
Average delay            =     41.890499 s
Average jitter           =      0.078273 s
Delay standard deviation =     24.461101 s
Bytes received           =        387300
Average bitrate          =     30.287692 Kbit/s
Average packet rate      =     12.619872 pkt/s
Packets dropped          =          5923 (82.10 %)
Average loss-burst size  =      6.131470 pkt
----------------------------------------------------------
----------------------------------------------------------
Flow number: 3
From 10.0.0.1:51040
To    10.0.0.2:10003
----------------------------------------------------------
Total time               =    102.645885 s
Total packets            =          1331
Minimum delay            =      0.006844 s
Maximum delay            =     87.656049 s
Average delay            =     45.429422 s
Average jitter           =      0.076158 s
Delay standard deviation =     23.805526 s
Bytes received           =        399300
Average bitrate          =     31.120585 Kbit/s
Average packet rate      =     12.966910 pkt/s
Packets dropped          =          5921 (81.65 %)
Average loss-burst size  =      5.891542 pkt
----------------------------------------------------------

__________________________________________________________
****************  TOTAL RESULTS   ******************
__________________________________________________________
Number of flows          =             3
Total time               =    102.673267 s
Total packets            =          3764
Minimum delay            =      0.006844 s
Maximum delay            =     87.680817 s
Average delay            =     43.818137 s
Average jitter           =      0.124427 s
Delay standard deviation =     25.143037 s
Bytes received           =       1129200
Average bitrate          =     87.983954 Kbit/s
Average packet rate      =     36.659981 pkt/s
Packets dropped          =         17950 (82.67 %)
Average loss-burst size  =      6.401569 pkt
Error lines              =             0
----------------------------------------------------------
