ITGDec version 2.8.1 (r1023)
Compile-time options: bursty multiport
----------------------------------------------------------
Flow number: 2
From 10.0.0.1:51144
To    10.0.0.2:10002
----------------------------------------------------------
Total time               =     27.858239 s
Total packets            =           445
Minimum delay            =      0.031528 s
Maximum delay            =     22.582514 s
Average delay            =     11.683168 s
Average jitter           =      0.074422 s
Delay standard deviation =      6.562394 s
Bytes received           =        133500
Average bitrate          =     38.336953 Kbit/s
Average packet rate      =     15.973730 pkt/s
Packets dropped          =             0 (0.00 %)
Average loss-burst size  =      0.000000 pkt
----------------------------------------------------------
----------------------------------------------------------
Flow number: 3
From 10.0.0.1:38618
To    10.0.0.2:10003
----------------------------------------------------------
Total time               =     45.310790 s
Total packets            =           734
Minimum delay            =      0.296874 s
Maximum delay            =     35.743403 s
Average delay            =     18.996215 s
Average jitter           =      0.077333 s
Delay standard deviation =     10.722190 s
Bytes received           =        220200
Average bitrate          =     38.878157 Kbit/s
Average packet rate      =     16.199232 pkt/s
Packets dropped          =             0 (0.00 %)
Average loss-burst size  =      0.000000 pkt
----------------------------------------------------------
----------------------------------------------------------
Flow number: 1
From 10.0.0.1:42364
To    10.0.0.2:10001
----------------------------------------------------------
Total time               =     29.956039 s
Total packets            =           382
Minimum delay            =      2.835473 s
Maximum delay            =     28.780205 s
Average delay            =     16.273616 s
Average jitter           =      0.104087 s
Delay standard deviation =      6.733303 s
Bytes received           =        114600
Average bitrate          =     30.604847 Kbit/s
Average packet rate      =     12.752020 pkt/s
Packets dropped          =             0 (0.00 %)
Average loss-burst size  =      0.000000 pkt
----------------------------------------------------------

__________________________________________________________
****************  TOTAL RESULTS   ******************
__________________________________________________________
Number of flows          =             3
Total time               =     45.587603 s
Total packets            =          1561
Minimum delay            =      0.031528 s
Maximum delay            =     35.743403 s
Average delay            =     16.245197 s
Average jitter           =      0.127600 s
Delay standard deviation =      9.323156 s
Bytes received           =        468300
Average bitrate          =     82.180237 Kbit/s
Average packet rate      =     34.241765 pkt/s
Packets dropped          =             0 (0.00 %)
Average loss-burst size  =             0 pkt
Error lines              =             0
----------------------------------------------------------
