ITGDec version 2.8.1 (r1023)
Compile-time options: bursty multiport
----------------------------------------------------------
Flow number: 1
From 10.0.0.1:40290
To    10.0.0.2:10001
----------------------------------------------------------
Total time               =    102.204174 s
Total packets            =          3590
Minimum delay            =      0.000158 s
Maximum delay            =     87.209046 s
Average delay            =     42.195333 s
Average jitter           =      0.028158 s
Delay standard deviation =     24.224399 s
Bytes received           =       1077000
Average bitrate          =     84.301841 Kbit/s
Average packet rate      =     35.125767 pkt/s
Packets dropped          =          3777 (51.27 %)
Average loss-burst size  =     15.416327 pkt
----------------------------------------------------------
----------------------------------------------------------
Flow number: 2
From 10.0.0.1:58657
To    10.0.0.2:10002
----------------------------------------------------------
Total time               =    102.059886 s
Total packets            =          2924
Minimum delay            =      0.022596 s
Maximum delay            =     87.101702 s
Average delay            =     46.126489 s
Average jitter           =      0.034534 s
Delay standard deviation =     26.390784 s
Bytes received           =        877200
Average bitrate          =     68.759630 Kbit/s
Average packet rate      =     28.649846 pkt/s
Packets dropped          =          4432 (60.25 %)
Average loss-burst size  =     19.697778 pkt
----------------------------------------------------------
----------------------------------------------------------
Flow number: 3
From 10.0.0.1:58291
To    10.0.0.2:10003
----------------------------------------------------------
Total time               =    101.128118 s
Total packets            =          3011
Minimum delay            =      2.798202 s
Maximum delay            =     88.932933 s
Average delay            =     45.550212 s
Average jitter           =      0.029275 s
Delay standard deviation =     25.915863 s
Bytes received           =        903300
Average bitrate          =     71.457871 Kbit/s
Average packet rate      =     29.774113 pkt/s
Packets dropped          =          4360 (59.15 %)
Average loss-burst size  =     16.390977 pkt
----------------------------------------------------------

__________________________________________________________
****************  TOTAL RESULTS   ******************
__________________________________________________________
Number of flows          =             3
Total time               =    104.119365 s
Total packets            =          9525
Minimum delay            =      0.000158 s
Maximum delay            =     88.932933 s
Average delay            =     44.462655 s
Average jitter           =      0.047854 s
Delay standard deviation =     25.503996 s
Bytes received           =       2857500
Average bitrate          =    219.555699 Kbit/s
Average packet rate      =     91.481541 pkt/s
Packets dropped          =         12569 (56.89 %)
Average loss-burst size  =     17.077446 pkt
Error lines              =             0
----------------------------------------------------------
