ITGDec version 2.8.1 (r1023)
Compile-time options: bursty multiport
----------------------------------------------------------
Flow number: 1
From 10.0.0.1:49159
To    10.0.0.2:10001
----------------------------------------------------------
Total time               =     91.367391 s
Total packets            =          5556
Minimum delay            =      0.000043 s
Maximum delay            =     76.374095 s
Average delay            =     37.692053 s
Average jitter           =      0.016259 s
Delay standard deviation =     21.840570 s
Bytes received           =       1666800
Average bitrate          =    145.942659 Kbit/s
Average packet rate      =     60.809441 pkt/s
Packets dropped          =          1813 (24.60 %)
Average loss-burst size  =      5.983498 pkt
----------------------------------------------------------
----------------------------------------------------------
Flow number: 2
From 10.0.0.1:42928
To    10.0.0.2:10002
----------------------------------------------------------
Total time               =     91.354887 s
Total packets            =          5837
Minimum delay            =      0.026597 s
Maximum delay            =     76.388585 s
Average delay            =     36.767427 s
Average jitter           =      0.015502 s
Delay standard deviation =     22.016635 s
Bytes received           =       1751100
Average bitrate          =    153.344834 Kbit/s
Average packet rate      =     63.893681 pkt/s
Packets dropped          =          1540 (20.88 %)
Average loss-burst size  =      9.166667 pkt
----------------------------------------------------------
----------------------------------------------------------
Flow number: 3
From 10.0.0.1:33695
To    10.0.0.2:10003
----------------------------------------------------------
Total time               =     90.467328 s
Total packets            =          5503
Minimum delay            =      1.727773 s
Maximum delay            =     77.196995 s
Average delay            =     41.560936 s
Average jitter           =      0.016249 s
Delay standard deviation =     22.172643 s
Bytes received           =       1650900
Average bitrate          =    145.988616 Kbit/s
Average packet rate      =     60.828590 pkt/s
Packets dropped          =          1872 (25.38 %)
Average loss-burst size  =      5.742331 pkt
----------------------------------------------------------

__________________________________________________________
****************  TOTAL RESULTS   ******************
__________________________________________________________
Number of flows          =             3
Total time               =     92.390664 s
Total packets            =         16896
Minimum delay            =      0.000043 s
Maximum delay            =     77.196995 s
Average delay            =     38.632715 s
Average jitter           =      0.024581 s
Delay standard deviation =     22.107103 s
Bytes received           =       5068800
Average bitrate          =    438.901489 Kbit/s
Average packet rate      =    182.875620 pkt/s
Packets dropped          =          5225 (23.62 %)
Average loss-burst size  =      6.555834 pkt
Error lines              =             0
----------------------------------------------------------
