ITGDec version 2.8.1 (r1023)
Compile-time options: bursty multiport
----------------------------------------------------------
Flow number: 2
From 10.0.0.1:52404
To    10.0.0.2:10002
----------------------------------------------------------
Total time               =     34.931413 s
Total packets            =          4799
Minimum delay            =      0.000032 s
Maximum delay            =     20.877817 s
Average delay            =      9.944038 s
Average jitter           =      0.009953 s
Delay standard deviation =      5.932617 s
Bytes received           =       1439700
Average bitrate          =    329.720415 Kbit/s
Average packet rate      =    137.383506 pkt/s
Packets dropped          =             0 (0.00 %)
Average loss-burst size  =      0.000000 pkt
----------------------------------------------------------
----------------------------------------------------------
Flow number: 1
From 10.0.0.1:43618
To    10.0.0.2:10001
----------------------------------------------------------
Total time               =     36.418570 s
Total packets            =          4720
Minimum delay            =      0.000041 s
Maximum delay            =     21.683765 s
Average delay            =     10.299070 s
Average jitter           =      0.010583 s
Delay standard deviation =      6.063199 s
Bytes received           =       1416000
Average bitrate          =    311.050104 Kbit/s
Average packet rate      =    129.604210 pkt/s
Packets dropped          =             0 (0.00 %)
Average loss-burst size  =      0.000000 pkt
----------------------------------------------------------
----------------------------------------------------------
Flow number: 3
From 10.0.0.1:39878
To    10.0.0.2:10003
----------------------------------------------------------
Total time               =     24.182972 s
Total packets            =          3330
Minimum delay            =      0.293793 s
Maximum delay            =     14.407391 s
Average delay            =      7.367166 s
Average jitter           =      0.009580 s
Delay standard deviation =      4.306254 s
Bytes received           =        999000
Average bitrate          =    330.480472 Kbit/s
Average packet rate      =    137.700197 pkt/s
Packets dropped          =             0 (0.00 %)
Average loss-burst size  =      0.000000 pkt
----------------------------------------------------------

__________________________________________________________
****************  TOTAL RESULTS   ******************
__________________________________________________________
Number of flows          =             3
Total time               =     36.422279 s
Total packets            =         12849
Minimum delay            =      0.000032 s
Maximum delay            =     21.683765 s
Average delay            =      9.406624 s
Average jitter           =      0.017759 s
Delay standard deviation =      5.738828 s
Bytes received           =       3854700
Average bitrate          =    846.668601 Kbit/s
Average packet rate      =    352.778584 pkt/s
Packets dropped          =             0 (0.00 %)
Average loss-burst size  =             0 pkt
Error lines              =             0
----------------------------------------------------------
