ITGDec version 2.8.1 (r1023)
Compile-time options: bursty multiport
----------------------------------------------------------
Flow number: 2
From 10.0.0.1:52394
To    10.0.0.2:10002
----------------------------------------------------------
Total time               =     25.112109 s
Total packets            =          3306
Minimum delay            =      0.000039 s
Maximum delay            =     15.090618 s
Average delay            =      7.083264 s
Average jitter           =      0.010364 s
Delay standard deviation =      4.019708 s
Bytes received           =        991800
Average bitrate          =    315.959126 Kbit/s
Average packet rate      =    131.649636 pkt/s
Packets dropped          =             0 (0.00 %)
Average loss-burst size  =      0.000000 pkt
----------------------------------------------------------
----------------------------------------------------------
Flow number: 1
From 10.0.0.1:43612
To    10.0.0.2:10001
----------------------------------------------------------
Total time               =     35.318011 s
Total packets            =          4497
Minimum delay            =      0.000067 s
Maximum delay            =     21.396990 s
Average delay            =     10.286773 s
Average jitter           =      0.010673 s
Delay standard deviation =      6.166861 s
Bytes received           =       1349100
Average bitrate          =    305.589123 Kbit/s
Average packet rate      =    127.328801 pkt/s
Packets dropped          =             0 (0.00 %)
Average loss-burst size  =      0.000000 pkt
----------------------------------------------------------
----------------------------------------------------------
Flow number: 3
From 10.0.0.1:39870
To    10.0.0.2:10003
----------------------------------------------------------
Total time               =     24.054219 s
Total packets            =          3381
Minimum delay            =      0.003926 s
Maximum delay            =     13.701720 s
Average delay            =      6.885304 s
Average jitter           =      0.009921 s
Delay standard deviation =      3.714201 s
Bytes received           =       1014300
Average bitrate          =    337.337911 Kbit/s
Average packet rate      =    140.557463 pkt/s
Packets dropped          =             0 (0.00 %)
Average loss-burst size  =      0.000000 pkt
----------------------------------------------------------

__________________________________________________________
****************  TOTAL RESULTS   ******************
__________________________________________________________
Number of flows          =             3
Total time               =     35.325806 s
Total packets            =         11184
Minimum delay            =      0.000039 s
Maximum delay            =     21.396990 s
Average delay            =      8.311525 s
Average jitter           =      0.019450 s
Delay standard deviation =      5.183441 s
Bytes received           =       3355200
Average bitrate          =    759.829797 Kbit/s
Average packet rate      =    316.595749 pkt/s
Packets dropped          =             0 (0.00 %)
Average loss-burst size  =             0 pkt
Error lines              =             0
----------------------------------------------------------
