ITGDec version 2.8.1 (r1023)
Compile-time options: bursty multiport
----------------------------------------------------------
Flow number: 1
From 10.0.0.1:43016
To    10.0.0.2:10001
----------------------------------------------------------
Total time               =     27.548540 s
Total packets            =          1099
Minimum delay            =      0.008784 s
Maximum delay            =     20.894836 s
Average delay            =     10.422942 s
Average jitter           =      0.030900 s
Delay standard deviation =      6.098808 s
Bytes received           =        329700
Average bitrate          =     95.743731 Kbit/s
Average packet rate      =     39.893221 pkt/s
Packets dropped          =             0 (0.00 %)
Average loss-burst size  =      0.000000 pkt
----------------------------------------------------------
----------------------------------------------------------
Flow number: 2
From 10.0.0.1:51798
To    10.0.0.2:10002
----------------------------------------------------------
Total time               =     45.554635 s
Total packets            =          1730
Minimum delay            =      0.000115 s
Maximum delay            =     33.942897 s
Average delay            =     16.148147 s
Average jitter           =      0.032643 s
Delay standard deviation =     10.025010 s
Bytes received           =        519000
Average bitrate          =     91.143305 Kbit/s
Average packet rate      =     37.976377 pkt/s
Packets dropped          =             0 (0.00 %)
Average loss-burst size  =      0.000000 pkt
----------------------------------------------------------
----------------------------------------------------------
Flow number: 3
From 10.0.0.1:39274
To    10.0.0.2:10003
----------------------------------------------------------
Total time               =     36.273939 s
Total packets            =          1019
Minimum delay            =      2.240801 s
Maximum delay            =     30.170675 s
Average delay            =     17.220637 s
Average jitter           =      0.041857 s
Delay standard deviation =      8.879411 s
Bytes received           =        305700
Average bitrate          =     67.420304 Kbit/s
Average packet rate      =     28.091793 pkt/s
Packets dropped          =             0 (0.00 %)
Average loss-burst size  =      0.000000 pkt
----------------------------------------------------------

__________________________________________________________
****************  TOTAL RESULTS   ******************
__________________________________________________________
Number of flows          =             3
Total time               =     45.554635 s
Total packets            =          3848
Minimum delay            =      0.000115 s
Maximum delay            =     33.942897 s
Average delay            =     14.797021 s
Average jitter           =      0.060585 s
Delay standard deviation =      9.193810 s
Bytes received           =       1154400
Average bitrate          =    202.727999 Kbit/s
Average packet rate      =     84.470000 pkt/s
Packets dropped          =             0 (0.00 %)
Average loss-burst size  =             0 pkt
Error lines              =             0
----------------------------------------------------------
