ITGDec version 2.8.1 (r1023)
Compile-time options: bursty multiport
----------------------------------------------------------
Flow number: 1
From 10.0.0.1:42354
To    10.0.0.2:10001
----------------------------------------------------------
Total time               =     53.380553 s
Total packets            =           985
Minimum delay            =      0.000183 s
Maximum delay            =     44.500381 s
Average delay            =     24.230707 s
Average jitter           =      0.067080 s
Delay standard deviation =     13.366728 s
Bytes received           =        295500
Average bitrate          =     44.285791 Kbit/s
Average packet rate      =     18.452413 pkt/s
Packets dropped          =             0 (0.00 %)
Average loss-burst size  =      0.000000 pkt
----------------------------------------------------------
----------------------------------------------------------
Flow number: 2
From 10.0.0.1:51136
To    10.0.0.2:10002
----------------------------------------------------------
Total time               =     54.599718 s
Total packets            =           903
Minimum delay            =      0.000077 s
Maximum delay            =     48.660020 s
Average delay            =     24.506576 s
Average jitter           =      0.066870 s
Delay standard deviation =     14.175113 s
Bytes received           =        270900
Average bitrate          =     39.692513 Kbit/s
Average packet rate      =     16.538547 pkt/s
Packets dropped          =             0 (0.00 %)
Average loss-burst size  =      0.000000 pkt
----------------------------------------------------------
----------------------------------------------------------
Flow number: 3
From 10.0.0.1:38612
To    10.0.0.2:10003
----------------------------------------------------------
Total time               =     28.247463 s
Total packets            =           286
Minimum delay            =      4.529914 s
Maximum delay            =     32.469251 s
Average delay            =     21.668413 s
Average jitter           =      0.099939 s
Delay standard deviation =      9.912608 s
Bytes received           =         85800
Average bitrate          =     24.299527 Kbit/s
Average packet rate      =     10.124803 pkt/s
Packets dropped          =             0 (0.00 %)
Average loss-burst size  =      0.000000 pkt
----------------------------------------------------------

__________________________________________________________
****************  TOTAL RESULTS   ******************
__________________________________________________________
Number of flows          =             3
Total time               =     54.599718 s
Total packets            =          2174
Minimum delay            =      0.000077 s
Maximum delay            =     48.660020 s
Average delay            =     24.008211 s
Average jitter           =      0.122582 s
Delay standard deviation =     13.348587 s
Bytes received           =        652200
Average bitrate          =     95.560933 Kbit/s
Average packet rate      =     39.817055 pkt/s
Packets dropped          =             0 (0.00 %)
Average loss-burst size  =             0 pkt
Error lines              =             0
----------------------------------------------------------
