ITGDec version 2.8.1 (r1023)
Compile-time options: bursty multiport
----------------------------------------------------------
Flow number: 3
From 10.0.0.1:52355
To    10.0.0.2:10003
----------------------------------------------------------
Total time               =     90.625529 s
Total packets            =          5633
Minimum delay            =      0.000166 s
Maximum delay            =     75.634658 s
Average delay            =     38.404107 s
Average jitter           =      0.015908 s
Delay standard deviation =     21.573006 s
Bytes received           =       1689900
Average bitrate          =    149.176509 Kbit/s
Average packet rate      =     62.156879 pkt/s
Packets dropped          =          1764 (23.85 %)
Average loss-burst size  =      7.319502 pkt
----------------------------------------------------------
----------------------------------------------------------
Flow number: 2
From 10.0.0.1:58681
To    10.0.0.2:10002
----------------------------------------------------------
Total time               =     90.636093 s
Total packets            =          5685
Minimum delay            =      0.024169 s
Maximum delay            =     75.668799 s
Average delay            =     36.677524 s
Average jitter           =      0.015786 s
Delay standard deviation =     21.811665 s
Bytes received           =       1705500
Average bitrate          =    150.536056 Kbit/s
Average packet rate      =     62.723357 pkt/s
Packets dropped          =          1722 (23.25 %)
Average loss-burst size  =      7.721973 pkt
----------------------------------------------------------
----------------------------------------------------------
Flow number: 1
From 10.0.0.1:35454
To    10.0.0.2:10001
----------------------------------------------------------
Total time               =     89.789213 s
Total packets            =          5419
Minimum delay            =      1.599191 s
Maximum delay            =     76.389982 s
Average delay            =     39.732015 s
Average jitter           =      0.016376 s
Delay standard deviation =     22.078118 s
Bytes received           =       1625700
Average bitrate          =    144.845907 Kbit/s
Average packet rate      =     60.352461 pkt/s
Packets dropped          =          1992 (26.88 %)
Average loss-burst size  =      9.054545 pkt
----------------------------------------------------------

__________________________________________________________
****************  TOTAL RESULTS   ******************
__________________________________________________________
Number of flows          =             3
Total time               =     91.561251 s
Total packets            =         16737
Minimum delay            =      0.000166 s
Maximum delay            =     76.389982 s
Average delay            =     38.247586 s
Average jitter           =      0.024499 s
Delay standard deviation =     21.854275 s
Bytes received           =       5021100
Average bitrate          =    438.709602 Kbit/s
Average packet rate      =    182.795668 pkt/s
Packets dropped          =          5478 (24.66 %)
Average loss-burst size  =      8.008772 pkt
Error lines              =             0
----------------------------------------------------------
