ITGDec version 2.8.1 (r1023)
Compile-time options: bursty multiport
----------------------------------------------------------
Flow number: 1
From 10.0.0.1:43334
To    10.0.0.2:10001
----------------------------------------------------------
Total time               =     36.873714 s
Total packets            =          2273
Minimum delay            =      0.000057 s
Maximum delay            =     24.764987 s
Average delay            =     12.234749 s
Average jitter           =      0.021294 s
Delay standard deviation =      6.411400 s
Bytes received           =        681900
Average bitrate          =    147.942787 Kbit/s
Average packet rate      =     61.642828 pkt/s
Packets dropped          =             0 (0.00 %)
Average loss-burst size  =      0.000000 pkt
----------------------------------------------------------
----------------------------------------------------------
Flow number: 3
From 10.0.0.1:39592
To    10.0.0.2:10003
----------------------------------------------------------
Total time               =     38.296389 s
Total packets            =          2653
Minimum delay            =      0.000256 s
Maximum delay            =     25.831171 s
Average delay            =     12.957376 s
Average jitter           =      0.018890 s
Delay standard deviation =      7.215340 s
Bytes received           =        795900
Average bitrate          =    166.261106 Kbit/s
Average packet rate      =     69.275461 pkt/s
Packets dropped          =             0 (0.00 %)
Average loss-burst size  =      0.000000 pkt
----------------------------------------------------------
----------------------------------------------------------
Flow number: 2
From 10.0.0.1:52122
To    10.0.0.2:10002
----------------------------------------------------------
Total time               =     24.170025 s
Total packets            =          1687
Minimum delay            =      0.013393 s
Maximum delay            =     17.136626 s
Average delay            =      8.961018 s
Average jitter           =      0.019870 s
Delay standard deviation =      4.609014 s
Bytes received           =        506100
Average bitrate          =    167.513273 Kbit/s
Average packet rate      =     69.797197 pkt/s
Packets dropped          =             0 (0.00 %)
Average loss-burst size  =      0.000000 pkt
----------------------------------------------------------

__________________________________________________________
****************  TOTAL RESULTS   ******************
__________________________________________________________
Number of flows          =             3
Total time               =     38.306289 s
Total packets            =          6613
Minimum delay            =      0.000057 s
Maximum delay            =     25.831171 s
Average delay            =     11.689512 s
Average jitter           =      0.036896 s
Delay standard deviation =      6.563543 s
Bytes received           =       1983900
Average bitrate          =    414.323611 Kbit/s
Average packet rate      =    172.634838 pkt/s
Packets dropped          =             0 (0.00 %)
Average loss-burst size  =             0 pkt
Error lines              =             0
----------------------------------------------------------
