ITGDec version 2.8.1 (r1023)
Compile-time options: bursty multiport
----------------------------------------------------------
Flow number: 3
From 10.0.0.1:59799
To    10.0.0.2:10003
----------------------------------------------------------
Total time               =     60.327004 s
Total packets            =          7382
Minimum delay            =      0.010848 s
Maximum delay            =     45.349204 s
Average delay            =     22.572162 s
Average jitter           =      0.008082 s
Delay standard deviation =     12.915809 s
Bytes received           =       2214600
Average bitrate          =    293.679428 Kbit/s
Average packet rate      =    122.366428 pkt/s
Packets dropped          =             0 (0.00 %)
Average loss-burst size  =      0.000000 pkt
----------------------------------------------------------
----------------------------------------------------------
Flow number: 1
From 10.0.0.1:35662
To    10.0.0.2:10001
----------------------------------------------------------
Total time               =     60.336593 s
Total packets            =          7382
Minimum delay            =      0.000101 s
Maximum delay            =     45.342155 s
Average delay            =     22.569131 s
Average jitter           =      0.008044 s
Delay standard deviation =     12.915219 s
Bytes received           =       2214600
Average bitrate          =    293.632755 Kbit/s
Average packet rate      =    122.346981 pkt/s
Packets dropped          =             0 (0.00 %)
Average loss-burst size  =      0.000000 pkt
----------------------------------------------------------
----------------------------------------------------------
Flow number: 2
From 10.0.0.1:44195
To    10.0.0.2:10002
----------------------------------------------------------
Total time               =     60.151075 s
Total packets            =          7385
Minimum delay            =      0.331649 s
Maximum delay            =     45.483997 s
Average delay            =     23.107293 s
Average jitter           =      0.008007 s
Delay standard deviation =     12.910680 s
Bytes received           =       2215500
Average bitrate          =    294.658076 Kbit/s
Average packet rate      =    122.774198 pkt/s
Packets dropped          =             0 (0.00 %)
Average loss-burst size  =      0.000000 pkt
----------------------------------------------------------

__________________________________________________________
****************  TOTAL RESULTS   ******************
__________________________________________________________
Number of flows          =             3
Total time               =     60.566417 s
Total packets            =         22149
Minimum delay            =      0.000101 s
Maximum delay            =     45.483997 s
Average delay            =     22.749577 s
Average jitter           =      0.012484 s
Delay standard deviation =     12.916380 s
Bytes received           =       6644700
Average bitrate          =    877.674504 Kbit/s
Average packet rate      =    365.697710 pkt/s
Packets dropped          =             0 (0.00 %)
Average loss-burst size  =             0 pkt
Error lines              =             0
----------------------------------------------------------
