ITGDec version 2.8.1 (r1023)
Compile-time options: bursty multiport
----------------------------------------------------------
Flow number: 3
From 10.0.0.1:39572
To    10.0.0.2:10003
----------------------------------------------------------
Total time               =     24.270870 s
Total packets            =          1787
Minimum delay            =      0.000058 s
Maximum delay            =     16.203007 s
Average delay            =      8.348862 s
Average jitter           =      0.017025 s
Delay standard deviation =      4.890225 s
Bytes received           =        536100
Average bitrate          =    176.705656 Kbit/s
Average packet rate      =     73.627357 pkt/s
Packets dropped          =             0 (0.00 %)
Average loss-burst size  =      0.000000 pkt
----------------------------------------------------------
----------------------------------------------------------
Flow number: 2
From 10.0.0.1:52102
To    10.0.0.2:10002
----------------------------------------------------------
Total time               =     38.279985 s
Total packets            =          2416
Minimum delay            =      0.000069 s
Maximum delay            =     25.771177 s
Average delay            =     12.397811 s
Average jitter           =      0.020773 s
Delay standard deviation =      6.801009 s
Bytes received           =        724800
Average bitrate          =    151.473414 Kbit/s
Average packet rate      =     63.113922 pkt/s
Packets dropped          =             0 (0.00 %)
Average loss-burst size  =      0.000000 pkt
----------------------------------------------------------
----------------------------------------------------------
Flow number: 1
From 10.0.0.1:43320
To    10.0.0.2:10001
----------------------------------------------------------
Total time               =     37.390813 s
Total packets            =          2441
Minimum delay            =      0.203722 s
Maximum delay            =     25.439830 s
Average delay            =     13.205894 s
Average jitter           =      0.020060 s
Delay standard deviation =      6.994950 s
Bytes received           =        732300
Average bitrate          =    156.680198 Kbit/s
Average packet rate      =     65.283416 pkt/s
Packets dropped          =             0 (0.00 %)
Average loss-burst size  =      0.000000 pkt
----------------------------------------------------------

__________________________________________________________
****************  TOTAL RESULTS   ******************
__________________________________________________________
Number of flows          =             3
Total time               =     38.283696 s
Total packets            =          6644
Minimum delay            =      0.000058 s
Maximum delay            =     25.771177 s
Average delay            =     11.605677 s
Average jitter           =      0.031819 s
Delay standard deviation =      6.726817 s
Bytes received           =       1993200
Average bitrate          =    416.511509 Kbit/s
Average packet rate      =    173.546462 pkt/s
Packets dropped          =             0 (0.00 %)
Average loss-burst size  =             0 pkt
Error lines              =             0
----------------------------------------------------------
