ITGDec version 2.8.1 (r1023)
Compile-time options: bursty multiport
----------------------------------------------------------
Flow number: 2
From 10.0.0.1:49950
To    10.0.0.2:10002
----------------------------------------------------------
Total time               =     29.327481 s
Total packets            =           477
Minimum delay            =      0.000074 s
Maximum delay            =     25.653677 s
Average delay            =     15.521691 s
Average jitter           =      0.069074 s
Delay standard deviation =      7.961914 s
Bytes received           =        143100
Average bitrate          =     39.035061 Kbit/s
Average packet rate      =     16.264609 pkt/s
Packets dropped          =             0 (0.00 %)
Average loss-burst size  =      0.000000 pkt
----------------------------------------------------------
----------------------------------------------------------
Flow number: 3
From 10.0.0.1:58930
To    10.0.0.2:10003
----------------------------------------------------------
Total time               =     34.051170 s
Total packets            =           476
Minimum delay            =      0.002924 s
Maximum delay            =     21.015364 s
Average delay            =     13.007437 s
Average jitter           =      0.068792 s
Delay standard deviation =      5.728596 s
Bytes received           =        142800
Average bitrate          =     33.549508 Kbit/s
Average packet rate      =     13.978962 pkt/s
Packets dropped          =             0 (0.00 %)
Average loss-burst size  =      0.000000 pkt
----------------------------------------------------------
----------------------------------------------------------
Flow number: 1
From 10.0.0.1:52898
To    10.0.0.2:10001
----------------------------------------------------------
Total time               =     35.752977 s
Total packets            =           464
Minimum delay            =      0.011769 s
Maximum delay            =     31.589732 s
Average delay            =     16.534715 s
Average jitter           =      0.086015 s
Delay standard deviation =      8.636388 s
Bytes received           =        139200
Average bitrate          =     31.147057 Kbit/s
Average packet rate      =     12.977940 pkt/s
Packets dropped          =             0 (0.00 %)
Average loss-burst size  =      0.000000 pkt
----------------------------------------------------------

__________________________________________________________
****************  TOTAL RESULTS   ******************
__________________________________________________________
Number of flows          =             3
Total time               =     35.775559 s
Total packets            =          1417
Minimum delay            =      0.000074 s
Maximum delay            =     31.589732 s
Average delay            =     15.008818 s
Average jitter           =      0.129831 s
Delay standard deviation =      7.680077 s
Bytes received           =        425100
Average bitrate          =     95.059311 Kbit/s
Average packet rate      =     39.608046 pkt/s
Packets dropped          =             0 (0.00 %)
Average loss-burst size  =             0 pkt
Error lines              =             0
----------------------------------------------------------
