ITGDec version 2.8.1 (r1023)
Compile-time options: bursty multiport
----------------------------------------------------------
Flow number: 1
From 10.0.0.1:34957
To    10.0.0.2:10001
----------------------------------------------------------
Total time               =     90.525883 s
Total packets            =          5562
Minimum delay            =      0.000119 s
Maximum delay            =     75.529551 s
Average delay            =     36.390107 s
Average jitter           =      0.016094 s
Delay standard deviation =     22.055061 s
Bytes received           =       1668600
Average bitrate          =    147.458379 Kbit/s
Average packet rate      =     61.440991 pkt/s
Packets dropped          =          1847 (24.93 %)
Average loss-burst size  =      7.508130 pkt
----------------------------------------------------------
----------------------------------------------------------
Flow number: 2
From 10.0.0.1:60016
To    10.0.0.2:10002
----------------------------------------------------------
Total time               =     90.500268 s
Total packets            =          5474
Minimum delay            =      0.016717 s
Maximum delay            =     75.524922 s
Average delay            =     37.610469 s
Average jitter           =      0.016369 s
Delay standard deviation =     21.632406 s
Bytes received           =       1642200
Average bitrate          =    145.166421 Kbit/s
Average packet rate      =     60.486009 pkt/s
Packets dropped          =          1929 (26.06 %)
Average loss-burst size  =      7.594488 pkt
----------------------------------------------------------
----------------------------------------------------------
Flow number: 3
From 10.0.0.1:57080
To    10.0.0.2:10003
----------------------------------------------------------
Total time               =     89.690750 s
Total packets            =          5680
Minimum delay            =      1.544521 s
Maximum delay            =     76.237439 s
Average delay            =     40.400347 s
Average jitter           =      0.015606 s
Delay standard deviation =     21.580872 s
Bytes received           =       1704000
Average bitrate          =    151.988917 Kbit/s
Average packet rate      =     63.328716 pkt/s
Packets dropped          =          1730 (23.35 %)
Average loss-burst size  =      6.975806 pkt
----------------------------------------------------------

__________________________________________________________
****************  TOTAL RESULTS   ******************
__________________________________________________________
Number of flows          =             3
Total time               =     91.406871 s
Total packets            =         16716
Minimum delay            =      0.000119 s
Maximum delay            =     76.237439 s
Average delay            =     38.152396 s
Average jitter           =      0.024535 s
Delay standard deviation =     21.821887 s
Bytes received           =       5014800
Average bitrate          =    438.899172 Kbit/s
Average packet rate      =    182.874655 pkt/s
Packets dropped          =          5506 (24.78 %)
Average loss-burst size  =      7.360963 pkt
Error lines              =             0
----------------------------------------------------------
