ITGDec version 2.8.1 (r1023)
Compile-time options: bursty multiport
----------------------------------------------------------
Flow number: 2
From 10.0.0.1:50839
To    10.0.0.2:10002
----------------------------------------------------------
Total time               =    102.326550 s
Total packets            =          3083
Minimum delay            =      0.000162 s
Maximum delay            =     87.352065 s
Average delay            =     47.405334 s
Average jitter           =      0.032843 s
Delay standard deviation =     26.747491 s
Bytes received           =        924900
Average bitrate          =     72.309679 Kbit/s
Average packet rate      =     30.129033 pkt/s
Packets dropped          =          4260 (58.01 %)
Average loss-burst size  =     12.754491 pkt
----------------------------------------------------------
----------------------------------------------------------
Flow number: 3
From 10.0.0.1:38026
To    10.0.0.2:10003
----------------------------------------------------------
Total time               =    102.224217 s
Total packets            =          3349
Minimum delay            =      0.023402 s
Maximum delay            =     87.283142 s
Average delay            =     40.159200 s
Average jitter           =      0.030210 s
Delay standard deviation =     24.770462 s
Bytes received           =       1004700
Average bitrate          =     78.627161 Kbit/s
Average packet rate      =     32.761317 pkt/s
Packets dropped          =          3983 (54.32 %)
Average loss-burst size  =     12.684713 pkt
----------------------------------------------------------
----------------------------------------------------------
Flow number: 1
From 10.0.0.1:48211
To    10.0.0.2:10001
----------------------------------------------------------
Total time               =    100.450139 s
Total packets            =          3124
Minimum delay            =      3.718890 s
Maximum delay            =     89.270550 s
Average delay            =     46.691770 s
Average jitter           =      0.029298 s
Delay standard deviation =     24.658172 s
Bytes received           =        937200
Average bitrate          =     74.640016 Kbit/s
Average packet rate      =     31.100007 pkt/s
Packets dropped          =          4236 (57.55 %)
Average loss-burst size  =     14.457338 pkt
----------------------------------------------------------

__________________________________________________________
****************  TOTAL RESULTS   ******************
__________________________________________________________
Number of flows          =             3
Total time               =    104.460625 s
Total packets            =          9556
Minimum delay            =      0.000162 s
Maximum delay            =     89.270550 s
Average delay            =     44.632576 s
Average jitter           =      0.048559 s
Delay standard deviation =     25.602756 s
Bytes received           =       2866800
Average bitrate          =    219.550668 Kbit/s
Average packet rate      =     91.479445 pkt/s
Packets dropped          =         12479 (56.63 %)
Average loss-burst size  =     13.261424 pkt
Error lines              =             0
----------------------------------------------------------
