ITGDec version 2.8.1 (r1023)
Compile-time options: bursty multiport
----------------------------------------------------------
Flow number: 2
From 10.0.0.1:50202
To    10.0.0.2:10002
----------------------------------------------------------
Total time               =     44.915554 s
Total packets            =          1749
Minimum delay            =      0.000436 s
Maximum delay            =     35.584647 s
Average delay            =     17.139139 s
Average jitter           =      0.033026 s
Delay standard deviation =      9.821167 s
Bytes received           =        524700
Average bitrate          =     93.455376 Kbit/s
Average packet rate      =     38.939740 pkt/s
Packets dropped          =             0 (0.00 %)
Average loss-burst size  =      0.000000 pkt
----------------------------------------------------------
----------------------------------------------------------
Flow number: 3
From 10.0.0.1:59182
To    10.0.0.2:10003
----------------------------------------------------------
Total time               =     45.471621 s
Total packets            =          1750
Minimum delay            =      0.021753 s
Maximum delay            =     33.534133 s
Average delay            =     16.445563 s
Average jitter           =      0.032587 s
Delay standard deviation =      9.629609 s
Bytes received           =        525000
Average bitrate          =     92.365302 Kbit/s
Average packet rate      =     38.485542 pkt/s
Packets dropped          =             0 (0.00 %)
Average loss-burst size  =      0.000000 pkt
----------------------------------------------------------
----------------------------------------------------------
Flow number: 1
From 10.0.0.1:53150
To    10.0.0.2:10001
----------------------------------------------------------
Total time               =     22.204777 s
Total packets            =           600
Minimum delay            =      2.285885 s
Maximum delay            =     16.409180 s
Average delay            =     10.726880 s
Average jitter           =      0.047050 s
Delay standard deviation =      4.206201 s
Bytes received           =        180000
Average bitrate          =     64.850910 Kbit/s
Average packet rate      =     27.021213 pkt/s
Packets dropped          =             0 (0.00 %)
Average loss-burst size  =      0.000000 pkt
----------------------------------------------------------

__________________________________________________________
****************  TOTAL RESULTS   ******************
__________________________________________________________
Number of flows          =             3
Total time               =     45.496854 s
Total packets            =          4099
Minimum delay            =      0.000436 s
Maximum delay            =     35.584647 s
Average delay            =     15.904420 s
Average jitter           =      0.055524 s
Delay standard deviation =      9.382692 s
Bytes received           =       1229700
Average bitrate          =    216.225939 Kbit/s
Average packet rate      =     90.094141 pkt/s
Packets dropped          =             0 (0.00 %)
Average loss-burst size  =             0 pkt
Error lines              =             0
----------------------------------------------------------
