ITGDec version 2.8.1 (r1023)
Compile-time options: bursty multiport
----------------------------------------------------------
Flow number: 1
From 10.0.0.1:49043
To    10.0.0.2:10001
----------------------------------------------------------
Total time               =     91.455895 s
Total packets            =          5546
Minimum delay            =      0.000115 s
Maximum delay            =     76.459648 s
Average delay            =     37.288325 s
Average jitter           =      0.016303 s
Delay standard deviation =     22.383717 s
Bytes received           =       1663800
Average bitrate          =    145.539005 Kbit/s
Average packet rate      =     60.641252 pkt/s
Packets dropped          =          1843 (24.94 %)
Average loss-burst size  =      6.377163 pkt
----------------------------------------------------------
----------------------------------------------------------
Flow number: 2
From 10.0.0.1:55833
To    10.0.0.2:10002
----------------------------------------------------------
Total time               =     91.435643 s
Total packets            =          5623
Minimum delay            =      0.010441 s
Maximum delay            =     76.454888 s
Average delay            =     39.208454 s
Average jitter           =      0.016106 s
Delay standard deviation =     22.324292 s
Bytes received           =       1686900
Average bitrate          =    147.592334 Kbit/s
Average packet rate      =     61.496806 pkt/s
Packets dropped          =          1764 (23.88 %)
Average loss-burst size  =      6.391304 pkt
----------------------------------------------------------
----------------------------------------------------------
Flow number: 3
From 10.0.0.1:53235
To    10.0.0.2:10003
----------------------------------------------------------
Total time               =     90.492660 s
Total packets            =          5740
Minimum delay            =      1.773246 s
Maximum delay            =     77.267968 s
Average delay            =     39.479376 s
Average jitter           =      0.015581 s
Delay standard deviation =     21.612821 s
Bytes received           =       1722000
Average bitrate          =    152.233341 Kbit/s
Average packet rate      =     63.430559 pkt/s
Packets dropped          =          1650 (22.33 %)
Average loss-burst size  =      6.707317 pkt
----------------------------------------------------------

__________________________________________________________
****************  TOTAL RESULTS   ******************
__________________________________________________________
Number of flows          =             3
Total time               =     92.462707 s
Total packets            =         16909
Minimum delay            =      0.000115 s
Maximum delay            =     77.267968 s
Average delay            =     38.670637 s
Average jitter           =      0.024465 s
Delay standard deviation =     22.126426 s
Bytes received           =       5072700
Average bitrate          =    438.896949 Kbit/s
Average packet rate      =    182.873729 pkt/s
Packets dropped          =          5257 (23.72 %)
Average loss-burst size  =      6.482121 pkt
Error lines              =             0
----------------------------------------------------------
