ITGDec version 2.8.1 (r1023)
Compile-time options: bursty multiport
----------------------------------------------------------
Flow number: 2
From 10.0.0.1:50130
To    10.0.0.2:10002
----------------------------------------------------------
Total time               =     56.395119 s
Total packets            =          1000
Minimum delay            =      0.031455 s
Maximum delay            =     44.535463 s
Average delay            =     23.493106 s
Average jitter           =      0.068106 s
Delay standard deviation =     13.028997 s
Bytes received           =        300000
Average bitrate          =     42.556874 Kbit/s
Average packet rate      =     17.732031 pkt/s
Packets dropped          =             0 (0.00 %)
Average loss-burst size  =      0.000000 pkt
----------------------------------------------------------
----------------------------------------------------------
Flow number: 3
From 10.0.0.1:59110
To    10.0.0.2:10003
----------------------------------------------------------
Total time               =     31.720827 s
Total packets            =           570
Minimum delay            =      0.179354 s
Maximum delay            =     24.083612 s
Average delay            =     12.940270 s
Average jitter           =      0.066671 s
Delay standard deviation =      6.753575 s
Bytes received           =        171000
Average bitrate          =     43.126240 Kbit/s
Average packet rate      =     17.969267 pkt/s
Packets dropped          =             0 (0.00 %)
Average loss-burst size  =      0.000000 pkt
----------------------------------------------------------
----------------------------------------------------------
Flow number: 1
From 10.0.0.1:53078
To    10.0.0.2:10001
----------------------------------------------------------
Total time               =     28.159830 s
Total packets            =           286
Minimum delay            =      5.386234 s
Maximum delay            =     33.237660 s
Average delay            =     22.415452 s
Average jitter           =      0.099633 s
Delay standard deviation =      9.965361 s
Bytes received           =         85800
Average bitrate          =     24.375147 Kbit/s
Average packet rate      =     10.156311 pkt/s
Packets dropped          =             0 (0.00 %)
Average loss-burst size  =      0.000000 pkt
----------------------------------------------------------

__________________________________________________________
****************  TOTAL RESULTS   ******************
__________________________________________________________
Number of flows          =             3
Total time               =     56.395119 s
Total packets            =          1856
Minimum delay            =      0.031455 s
Maximum delay            =     44.535463 s
Average delay            =     20.086142 s
Average jitter           =      0.123275 s
Delay standard deviation =     11.981048 s
Bytes received           =        556800
Average bitrate          =     78.985559 Kbit/s
Average packet rate      =     32.910650 pkt/s
Packets dropped          =             0 (0.00 %)
Average loss-burst size  =             0 pkt
Error lines              =             0
----------------------------------------------------------
