ITGDec version 2.8.1 (r1023)
Compile-time options: bursty multiport
----------------------------------------------------------
Flow number: 1
From 10.0.0.1:53162
To    10.0.0.2:10001
----------------------------------------------------------
Total time               =     44.514187 s
Total packets            =          1707
Minimum delay            =      0.000456 s
Maximum delay            =     32.676941 s
Average delay            =     17.095413 s
Average jitter           =      0.032785 s
Delay standard deviation =      9.541907 s
Bytes received           =        512100
Average bitrate          =     92.033580 Kbit/s
Average packet rate      =     38.347325 pkt/s
Packets dropped          =             0 (0.00 %)
Average loss-burst size  =      0.000000 pkt
----------------------------------------------------------
----------------------------------------------------------
Flow number: 3
From 10.0.0.1:59198
To    10.0.0.2:10003
----------------------------------------------------------
Total time               =     46.388062 s
Total packets            =          1821
Minimum delay            =      0.020070 s
Maximum delay            =     34.381495 s
Average delay            =     16.659704 s
Average jitter           =      0.031847 s
Delay standard deviation =      9.810916 s
Bytes received           =        546300
Average bitrate          =     94.213895 Kbit/s
Average packet rate      =     39.255790 pkt/s
Packets dropped          =             0 (0.00 %)
Average loss-burst size  =      0.000000 pkt
----------------------------------------------------------
----------------------------------------------------------
Flow number: 2
From 10.0.0.1:50222
To    10.0.0.2:10002
----------------------------------------------------------
Total time               =     22.200221 s
Total packets            =           600
Minimum delay            =      2.238292 s
Maximum delay            =     16.354990 s
Average delay            =     10.724985 s
Average jitter           =      0.047368 s
Delay standard deviation =      4.207519 s
Bytes received           =        180000
Average bitrate          =     64.864219 Kbit/s
Average packet rate      =     27.026758 pkt/s
Packets dropped          =             0 (0.00 %)
Average loss-burst size  =      0.000000 pkt
----------------------------------------------------------

__________________________________________________________
****************  TOTAL RESULTS   ******************
__________________________________________________________
Number of flows          =             3
Total time               =     46.410231 s
Total packets            =          4128
Minimum delay            =      0.000456 s
Maximum delay            =     34.381495 s
Average delay            =     15.977273 s
Average jitter           =      0.060106 s
Delay standard deviation =      9.349658 s
Bytes received           =       1238400
Average bitrate          =    213.470172 Kbit/s
Average packet rate      =     88.945905 pkt/s
Packets dropped          =             0 (0.00 %)
Average loss-burst size  =             0 pkt
Error lines              =             0
----------------------------------------------------------
