ITGDec version 2.8.1 (r1023)
Compile-time options: bursty multiport
----------------------------------------------------------
Flow number: 1
From 10.0.0.1:37845
To    10.0.0.2:10001
----------------------------------------------------------
Total time               =     87.874284 s
Total packets            =          5496
Minimum delay            =      0.000131 s
Maximum delay            =     72.879635 s
Average delay            =     35.131546 s
Average jitter           =      0.015804 s
Delay standard deviation =     20.020685 s
Bytes received           =       1648800
Average bitrate          =    150.105348 Kbit/s
Average packet rate      =     62.543895 pkt/s
Packets dropped          =          1927 (25.96 %)
Average loss-burst size  =      7.468992 pkt
----------------------------------------------------------
----------------------------------------------------------
Flow number: 3
From 10.0.0.1:55877
To    10.0.0.2:10003
----------------------------------------------------------
Total time               =     87.822534 s
Total packets            =          5560
Minimum delay            =      0.026378 s
Maximum delay            =     72.860257 s
Average delay            =     36.815754 s
Average jitter           =      0.015652 s
Delay standard deviation =     21.666910 s
Bytes received           =       1668000
Average bitrate          =    151.942780 Kbit/s
Average packet rate      =     63.309492 pkt/s
Packets dropped          =          1862 (25.09 %)
Average loss-burst size  =      6.442907 pkt
----------------------------------------------------------
----------------------------------------------------------
Flow number: 2
From 10.0.0.1:35893
To    10.0.0.2:10002
----------------------------------------------------------
Total time               =     87.412646 s
Total packets            =          5100
Minimum delay            =      0.866646 s
Maximum delay            =     73.280529 s
Average delay            =     38.184184 s
Average jitter           =      0.016935 s
Delay standard deviation =     20.981920 s
Bytes received           =       1530000
Average bitrate          =    140.025506 Kbit/s
Average packet rate      =     58.343961 pkt/s
Packets dropped          =          2327 (31.33 %)
Average loss-burst size  =      7.182099 pkt
----------------------------------------------------------

__________________________________________________________
****************  TOTAL RESULTS   ******************
__________________________________________________________
Number of flows          =             3
Total time               =     88.372246 s
Total packets            =         16156
Minimum delay            =      0.000131 s
Maximum delay            =     73.280529 s
Average delay            =     36.674790 s
Average jitter           =      0.024745 s
Delay standard deviation =     20.938561 s
Bytes received           =       4846800
Average bitrate          =    438.762188 Kbit/s
Average packet rate      =    182.817578 pkt/s
Packets dropped          =          6116 (27.46 %)
Average loss-burst size  =      7.021814 pkt
Error lines              =             0
----------------------------------------------------------
