ITGDec version 2.8.1 (r1023)
Compile-time options: bursty multiport
----------------------------------------------------------
Flow number: 1
From 10.0.0.1:57962
To    10.0.0.2:10001
----------------------------------------------------------
Total time               =    102.132052 s
Total packets            =          1157
Minimum delay            =      0.006684 s
Maximum delay            =     87.194117 s
Average delay            =     41.267189 s
Average jitter           =      0.087218 s
Delay standard deviation =     24.354610 s
Bytes received           =        347100
Average bitrate          =     27.188331 Kbit/s
Average packet rate      =     11.328471 pkt/s
Packets dropped          =          6206 (84.29 %)
Average loss-burst size  =      7.477108 pkt
----------------------------------------------------------
----------------------------------------------------------
Flow number: 2
From 10.0.0.1:56935
To    10.0.0.2:10002
----------------------------------------------------------
Total time               =    102.657295 s
Total packets            =          1394
Minimum delay            =      0.026202 s
Maximum delay            =     87.686798 s
Average delay            =     46.613177 s
Average jitter           =      0.072717 s
Delay standard deviation =     25.696830 s
Bytes received           =        418200
Average bitrate          =     32.589988 Kbit/s
Average packet rate      =     13.579162 pkt/s
Packets dropped          =          6017 (81.19 %)
Average loss-burst size  =      5.592007 pkt
----------------------------------------------------------
----------------------------------------------------------
Flow number: 3
From 10.0.0.1:56946
To    10.0.0.2:10003
----------------------------------------------------------
Total time               =    102.623948 s
Total packets            =          1213
Minimum delay            =      0.031035 s
Maximum delay            =     87.662007 s
Average delay            =     43.057211 s
Average jitter           =      0.083549 s
Delay standard deviation =     24.925999 s
Bytes received           =        363900
Average bitrate          =     28.367648 Kbit/s
Average packet rate      =     11.819853 pkt/s
Packets dropped          =          6192 (83.62 %)
Average loss-burst size  =      6.864745 pkt
----------------------------------------------------------

__________________________________________________________
****************  TOTAL RESULTS   ******************
__________________________________________________________
Number of flows          =             3
Total time               =    102.679307 s
Total packets            =          3764
Minimum delay            =      0.006684 s
Maximum delay            =     87.686798 s
Average delay            =     43.823938 s
Average jitter           =      0.123682 s
Delay standard deviation =     25.143224 s
Bytes received           =       1129200
Average bitrate          =     87.978778 Kbit/s
Average packet rate      =     36.657824 pkt/s
Packets dropped          =         18415 (83.03 %)
Average loss-burst size  =      6.558048 pkt
Error lines              =             0
----------------------------------------------------------
