ITGDec version 2.8.1 (r1023)
Compile-time options: bursty multiport
----------------------------------------------------------
Flow number: 2
From 10.0.0.1:42116
To    10.0.0.2:10002
----------------------------------------------------------
Total time               =     60.551658 s
Total packets            =          7408
Minimum delay            =      0.000084 s
Maximum delay            =     45.556220 s
Average delay            =     22.670366 s
Average jitter           =      0.008044 s
Delay standard deviation =     12.973493 s
Bytes received           =       2222400
Average bitrate          =    293.620366 Kbit/s
Average packet rate      =    122.341819 pkt/s
Packets dropped          =             0 (0.00 %)
Average loss-burst size  =      0.000000 pkt
----------------------------------------------------------
----------------------------------------------------------
Flow number: 1
From 10.0.0.1:52483
To    10.0.0.2:10001
----------------------------------------------------------
Total time               =     60.521974 s
Total packets            =          7407
Minimum delay            =      0.016760 s
Maximum delay            =     45.553622 s
Average delay            =     22.674921 s
Average jitter           =      0.008072 s
Delay standard deviation =     12.968951 s
Bytes received           =       2222100
Average bitrate          =    293.724722 Kbit/s
Average packet rate      =    122.385301 pkt/s
Packets dropped          =             0 (0.00 %)
Average loss-burst size  =      0.000000 pkt
----------------------------------------------------------
----------------------------------------------------------
Flow number: 3
From 10.0.0.1:38887
To    10.0.0.2:10003
----------------------------------------------------------
Total time               =     60.367008 s
Total packets            =          7406
Minimum delay            =      0.315750 s
Maximum delay            =     45.684721 s
Average delay            =     23.194682 s
Average jitter           =      0.008014 s
Delay standard deviation =     12.967381 s
Bytes received           =       2221800
Average bitrate          =    294.438976 Kbit/s
Average packet rate      =    122.682907 pkt/s
Packets dropped          =             0 (0.00 %)
Average loss-burst size  =      0.000000 pkt
----------------------------------------------------------

__________________________________________________________
****************  TOTAL RESULTS   ******************
__________________________________________________________
Number of flows          =             3
Total time               =     60.762315 s
Total packets            =         22221
Minimum delay            =      0.000084 s
Maximum delay            =     45.684721 s
Average delay            =     22.846633 s
Average jitter           =      0.012532 s
Delay standard deviation =     12.972276 s
Bytes received           =       6666300
Average bitrate          =    877.688745 Kbit/s
Average packet rate      =    365.703644 pkt/s
Packets dropped          =             0 (0.00 %)
Average loss-burst size  =             0 pkt
Error lines              =             0
----------------------------------------------------------
