ITGDec version 2.8.1 (r1023)
Compile-time options: bursty multiport
----------------------------------------------------------
Flow number: 1
From 10.0.0.1:50592
To    10.0.0.2:10001
----------------------------------------------------------
Total time               =     60.437540 s
Total packets            =          7387
Minimum delay            =      0.000040 s
Maximum delay            =     45.442296 s
Average delay            =     22.635744 s
Average jitter           =      0.008050 s
Delay standard deviation =     12.925541 s
Bytes received           =       2216100
Average bitrate          =    293.340861 Kbit/s
Average packet rate      =    122.225359 pkt/s
Packets dropped          =             0 (0.00 %)
Average loss-burst size  =      0.000000 pkt
----------------------------------------------------------
----------------------------------------------------------
Flow number: 2
From 10.0.0.1:41831
To    10.0.0.2:10002
----------------------------------------------------------
Total time               =     60.418581 s
Total packets            =          7387
Minimum delay            =      0.012588 s
Maximum delay            =     45.444075 s
Average delay            =     22.643243 s
Average jitter           =      0.008081 s
Delay standard deviation =     12.926900 s
Bytes received           =       2216100
Average bitrate          =    293.432909 Kbit/s
Average packet rate      =    122.263712 pkt/s
Packets dropped          =             0 (0.00 %)
Average loss-burst size  =      0.000000 pkt
----------------------------------------------------------
----------------------------------------------------------
Flow number: 3
From 10.0.0.1:58301
To    10.0.0.2:10003
----------------------------------------------------------
Total time               =     60.301331 s
Total packets            =          7389
Minimum delay            =      0.241878 s
Maximum delay            =     45.544409 s
Average delay            =     23.047259 s
Average jitter           =      0.008024 s
Delay standard deviation =     12.925349 s
Bytes received           =       2216700
Average bitrate          =    294.083061 Kbit/s
Average packet rate      =    122.534609 pkt/s
Packets dropped          =             0 (0.00 %)
Average loss-burst size  =      0.000000 pkt
----------------------------------------------------------

__________________________________________________________
****************  TOTAL RESULTS   ******************
__________________________________________________________
Number of flows          =             3
Total time               =     60.604441 s
Total packets            =         22163
Minimum delay            =      0.000040 s
Maximum delay            =     45.544409 s
Average delay            =     22.775440 s
Average jitter           =      0.012396 s
Delay standard deviation =     12.927360 s
Bytes received           =       6648900
Average bitrate          =    877.678255 Kbit/s
Average packet rate      =    365.699273 pkt/s
Packets dropped          =             0 (0.00 %)
Average loss-burst size  =             0 pkt
Error lines              =             0
----------------------------------------------------------
