ITGDec version 2.8.1 (r1023)
Compile-time options: bursty multiport
----------------------------------------------------------
Flow number: 1
From 10.0.0.1:57136
To    10.0.0.2:10001
----------------------------------------------------------
Total time               =     60.614464 s
Total packets            =          7389
Minimum delay            =      0.000101 s
Maximum delay            =     45.618663 s
Average delay            =     22.792869 s
Average jitter           =      0.008072 s
Delay standard deviation =     12.935868 s
Bytes received           =       2216700
Average bitrate          =    292.563834 Kbit/s
Average packet rate      =    121.901598 pkt/s
Packets dropped          =             0 (0.00 %)
Average loss-burst size  =      0.000000 pkt
----------------------------------------------------------
----------------------------------------------------------
Flow number: 3
From 10.0.0.1:36450
To    10.0.0.2:10003
----------------------------------------------------------
Total time               =     60.588656 s
Total packets            =          7393
Minimum delay            =      0.013170 s
Maximum delay            =     45.615925 s
Average delay            =     22.794465 s
Average jitter           =      0.008109 s
Delay standard deviation =     12.934500 s
Bytes received           =       2217900
Average bitrate          =    292.846899 Kbit/s
Average packet rate      =    122.019541 pkt/s
Packets dropped          =             0 (0.00 %)
Average loss-burst size  =      0.000000 pkt
----------------------------------------------------------
----------------------------------------------------------
Flow number: 2
From 10.0.0.1:48285
To    10.0.0.2:10002
----------------------------------------------------------
Total time               =     60.506521 s
Total packets            =          7388
Minimum delay            =      0.089288 s
Maximum delay            =     45.623658 s
Average delay            =     22.814540 s
Average jitter           =      0.008541 s
Delay standard deviation =     12.932165 s
Bytes received           =       2216400
Average bitrate          =    293.046100 Kbit/s
Average packet rate      =    122.102542 pkt/s
Packets dropped          =             0 (0.00 %)
Average loss-burst size  =      0.000000 pkt
----------------------------------------------------------

__________________________________________________________
****************  TOTAL RESULTS   ******************
__________________________________________________________
Number of flows          =             3
Total time               =     60.622631 s
Total packets            =         22170
Minimum delay            =      0.000101 s
Maximum delay            =     45.623658 s
Average delay            =     22.800623 s
Average jitter           =      0.012788 s
Delay standard deviation =     12.934182 s
Bytes received           =       6651000
Average bitrate          =    877.692029 Kbit/s
Average packet rate      =    365.705012 pkt/s
Packets dropped          =             0 (0.00 %)
Average loss-burst size  =             0 pkt
Error lines              =             0
----------------------------------------------------------
