ITGDec version 2.8.1 (r1023)
Compile-time options: bursty multiport
----------------------------------------------------------
Flow number: 3
From 10.0.0.1:39598
To    10.0.0.2:10003
----------------------------------------------------------
Total time               =     37.861533 s
Total packets            =          2573
Minimum delay            =      0.000053 s
Maximum delay            =     25.568072 s
Average delay            =     13.767751 s
Average jitter           =      0.018137 s
Delay standard deviation =      8.036964 s
Bytes received           =        771900
Average bitrate          =    163.099577 Kbit/s
Average packet rate      =     67.958157 pkt/s
Packets dropped          =             0 (0.00 %)
Average loss-burst size  =      0.000000 pkt
----------------------------------------------------------
----------------------------------------------------------
Flow number: 2
From 10.0.0.1:52128
To    10.0.0.2:10002
----------------------------------------------------------
Total time               =     23.800226 s
Total packets            =          1664
Minimum delay            =      0.000050 s
Maximum delay            =     15.836631 s
Average delay            =      7.955738 s
Average jitter           =      0.018184 s
Delay standard deviation =      4.685072 s
Bytes received           =        499200
Average bitrate          =    167.796726 Kbit/s
Average packet rate      =     69.915302 pkt/s
Packets dropped          =             0 (0.00 %)
Average loss-burst size  =      0.000000 pkt
----------------------------------------------------------
----------------------------------------------------------
Flow number: 1
From 10.0.0.1:43346
To    10.0.0.2:10001
----------------------------------------------------------
Total time               =     37.768100 s
Total packets            =          2489
Minimum delay            =      0.164430 s
Maximum delay            =     26.324760 s
Average delay            =     12.397337 s
Average jitter           =      0.019345 s
Delay standard deviation =      6.982779 s
Bytes received           =        746700
Average bitrate          =    158.165224 Kbit/s
Average packet rate      =     65.902177 pkt/s
Packets dropped          =             0 (0.00 %)
Average loss-burst size  =      0.000000 pkt
----------------------------------------------------------

__________________________________________________________
****************  TOTAL RESULTS   ******************
__________________________________________________________
Number of flows          =             3
Total time               =     37.958434 s
Total packets            =          6726
Minimum delay            =      0.000050 s
Maximum delay            =     26.324760 s
Average delay            =     11.822739 s
Average jitter           =      0.028011 s
Delay standard deviation =      7.311127 s
Bytes received           =       2017800
Average bitrate          =    425.265173 Kbit/s
Average packet rate      =    177.193822 pkt/s
Packets dropped          =             0 (0.00 %)
Average loss-burst size  =             0 pkt
Error lines              =             0
----------------------------------------------------------
