ITGDec version 2.8.1 (r1023)
Compile-time options: bursty multiport
----------------------------------------------------------
Flow number: 1
From 10.0.0.1:39142
To    10.0.0.2:10001
----------------------------------------------------------
Total time               =    118.161214 s
Total packets            =          1316
Minimum delay            =      0.036901 s
Maximum delay            =    103.210445 s
Average delay            =     54.179504 s
Average jitter           =      0.088825 s
Delay standard deviation =     30.706259 s
Bytes received           =        394800
Average bitrate          =     26.729583 Kbit/s
Average packet rate      =     11.137326 pkt/s
Packets dropped          =          6069 (82.18 %)
Average loss-burst size  =      8.059761 pkt
----------------------------------------------------------
----------------------------------------------------------
Flow number: 2
From 10.0.0.1:50021
To    10.0.0.2:10002
----------------------------------------------------------
Total time               =    117.696024 s
Total packets            =          1615
Minimum delay            =      0.302402 s
Maximum delay            =    103.038423 s
Average delay            =     48.518507 s
Average jitter           =      0.072099 s
Delay standard deviation =     30.214983 s
Bytes received           =        484500
Average bitrate          =     32.932293 Kbit/s
Average packet rate      =     13.721789 pkt/s
Packets dropped          =          5743 (78.05 %)
Average loss-burst size  =      5.095830 pkt
----------------------------------------------------------
----------------------------------------------------------
Flow number: 3
From 10.0.0.1:58899
To    10.0.0.2:10003
----------------------------------------------------------
Total time               =    115.254801 s
Total packets            =          1472
Minimum delay            =      5.011361 s
Maximum delay            =    105.279554 s
Average delay            =     56.193331 s
Average jitter           =      0.069457 s
Delay standard deviation =     29.120820 s
Bytes received           =        441600
Average bitrate          =     30.652085 Kbit/s
Average packet rate      =     12.771702 pkt/s
Packets dropped          =          5924 (80.10 %)
Average loss-burst size  =      4.027192 pkt
----------------------------------------------------------

__________________________________________________________
****************  TOTAL RESULTS   ******************
__________________________________________________________
Number of flows          =             3
Total time               =    120.459463 s
Total packets            =          4403
Minimum delay            =      0.036901 s
Maximum delay            =    105.279554 s
Average delay            =     52.776334 s
Average jitter           =      0.118704 s
Delay standard deviation =     30.188198 s
Bytes received           =       1320900
Average bitrate          =     87.724117 Kbit/s
Average packet rate      =     36.551715 pkt/s
Packets dropped          =         17736 (80.11 %)
Average loss-burst size  =      5.292748 pkt
Error lines              =             0
----------------------------------------------------------
