ITGDec version 2.8.1 (r1023)
Compile-time options: bursty multiport
----------------------------------------------------------
Flow number: 1
From 10.0.0.1:32793
To    10.0.0.2:10001
----------------------------------------------------------
Total time               =    118.188496 s
Total packets            =          1429
Minimum delay            =      0.037126 s
Maximum delay            =    103.228464 s
Average delay            =     50.509843 s
Average jitter           =      0.081809 s
Delay standard deviation =     29.073373 s
Bytes received           =        428700
Average bitrate          =     29.018053 Kbit/s
Average packet rate      =     12.090855 pkt/s
Packets dropped          =          5973 (80.69 %)
Average loss-burst size  =      6.849771 pkt
----------------------------------------------------------
----------------------------------------------------------
Flow number: 2
From 10.0.0.1:45588
To    10.0.0.2:10002
----------------------------------------------------------
Total time               =    118.024471 s
Total packets            =          1531
Minimum delay            =      0.302390 s
Maximum delay            =    103.327168 s
Average delay            =     51.689597 s
Average jitter           =      0.076246 s
Delay standard deviation =     30.648630 s
Bytes received           =        459300
Average bitrate          =     31.132527 Kbit/s
Average packet rate      =     12.971886 pkt/s
Packets dropped          =          5870 (79.31 %)
Average loss-burst size  =      5.660559 pkt
----------------------------------------------------------
----------------------------------------------------------
Flow number: 3
From 10.0.0.1:49600
To    10.0.0.2:10003
----------------------------------------------------------
Total time               =    115.282353 s
Total packets            =          1440
Minimum delay            =      4.912727 s
Maximum delay            =    105.198431 s
Average delay            =     56.059016 s
Average jitter           =      0.069691 s
Delay standard deviation =     30.422312 s
Bytes received           =        432000
Average bitrate          =     29.978569 Kbit/s
Average packet rate      =     12.491071 pkt/s
Packets dropped          =          5960 (80.54 %)
Average loss-burst size  =      4.141765 pkt
----------------------------------------------------------

__________________________________________________________
****************  TOTAL RESULTS   ******************
__________________________________________________________
Number of flows          =             3
Total time               =    120.377293 s
Total packets            =          4400
Minimum delay            =      0.037126 s
Maximum delay            =    105.198431 s
Average delay            =     52.736437 s
Average jitter           =      0.119846 s
Delay standard deviation =     30.163980 s
Bytes received           =       1320000
Average bitrate          =     87.724186 Kbit/s
Average packet rate      =     36.551744 pkt/s
Packets dropped          =         17803 (80.18 %)
Average loss-burst size  =      5.317503 pkt
Error lines              =             0
----------------------------------------------------------
