ITGDec version 2.8.1 (r1023)
Compile-time options: bursty multiport
----------------------------------------------------------
Flow number: 1
From 10.0.0.1:39789
To    10.0.0.2:10001
----------------------------------------------------------
Total time               =    102.233240 s
Total packets            =          2776
Minimum delay            =      0.000744 s
Maximum delay            =     87.242987 s
Average delay            =     44.656305 s
Average jitter           =      0.036431 s
Delay standard deviation =     25.963611 s
Bytes received           =        832800
Average bitrate          =     65.168628 Kbit/s
Average packet rate      =     27.153595 pkt/s
Packets dropped          =          4614 (62.44 %)
Average loss-burst size  =     17.152416 pkt
----------------------------------------------------------
----------------------------------------------------------
Flow number: 2
From 10.0.0.1:50022
To    10.0.0.2:10002
----------------------------------------------------------
Total time               =    102.235037 s
Total packets            =          3038
Minimum delay            =      0.019944 s
Maximum delay            =     87.262749 s
Average delay            =     40.554267 s
Average jitter           =      0.033289 s
Delay standard deviation =     24.411293 s
Bytes received           =        911400
Average bitrate          =     71.318016 Kbit/s
Average packet rate      =     29.715840 pkt/s
Packets dropped          =          4359 (58.93 %)
Average loss-burst size  =     18.087137 pkt
----------------------------------------------------------
----------------------------------------------------------
Flow number: 3
From 10.0.0.1:46898
To    10.0.0.2:10003
----------------------------------------------------------
Total time               =    101.179084 s
Total packets            =          3717
Minimum delay            =      2.807853 s
Maximum delay            =     88.995540 s
Average delay            =     47.598684 s
Average jitter           =      0.023727 s
Delay standard deviation =     25.638599 s
Bytes received           =       1115100
Average bitrate          =     88.168420 Kbit/s
Average packet rate      =     36.736842 pkt/s
Packets dropped          =          3685 (49.78 %)
Average loss-burst size  =     16.233480 pkt
----------------------------------------------------------

__________________________________________________________
****************  TOTAL RESULTS   ******************
__________________________________________________________
Number of flows          =             3
Total time               =    104.181275 s
Total packets            =          9531
Minimum delay            =      0.000744 s
Maximum delay            =     88.995540 s
Average delay            =     44.496283 s
Average jitter           =      0.047371 s
Delay standard deviation =     25.521700 s
Bytes received           =       2859300
Average bitrate          =    219.563448 Kbit/s
Average packet rate      =     91.484770 pkt/s
Packets dropped          =         12658 (57.05 %)
Average loss-burst size  =     17.175034 pkt
Error lines              =             0
----------------------------------------------------------
