ITGDec version 2.8.1 (r1023)
Compile-time options: bursty multiport
----------------------------------------------------------
Flow number: 3
From 10.0.0.1:59406
To    10.0.0.2:10003
----------------------------------------------------------
Total time               =     32.585269 s
Total packets            =          3905
Minimum delay            =      0.000060 s
Maximum delay            =     20.052085 s
Average delay            =      9.783620 s
Average jitter           =      0.010939 s
Delay standard deviation =      6.069320 s
Bytes received           =       1171500
Average bitrate          =    287.614627 Kbit/s
Average packet rate      =    119.839428 pkt/s
Packets dropped          =             0 (0.00 %)
Average loss-burst size  =      0.000000 pkt
----------------------------------------------------------
----------------------------------------------------------
Flow number: 1
From 10.0.0.1:53374
To    10.0.0.2:10001
----------------------------------------------------------
Total time               =     24.902656 s
Total packets            =          3665
Minimum delay            =      0.000054 s
Maximum delay            =     14.081057 s
Average delay            =      7.143372 s
Average jitter           =      0.009623 s
Delay standard deviation =      3.925410 s
Bytes received           =       1099500
Average bitrate          =    353.215336 Kbit/s
Average packet rate      =    147.173057 pkt/s
Packets dropped          =             0 (0.00 %)
Average loss-burst size  =      0.000000 pkt
----------------------------------------------------------
----------------------------------------------------------
Flow number: 2
From 10.0.0.1:50432
To    10.0.0.2:10002
----------------------------------------------------------
Total time               =     23.818108 s
Total packets            =          3341
Minimum delay            =      0.028624 s
Maximum delay            =     13.430763 s
Average delay            =      6.627233 s
Average jitter           =      0.009972 s
Delay standard deviation =      3.746898 s
Bytes received           =       1002300
Average bitrate          =    336.651425 Kbit/s
Average packet rate      =    140.271427 pkt/s
Packets dropped          =             0 (0.00 %)
Average loss-burst size  =      0.000000 pkt
----------------------------------------------------------

__________________________________________________________
****************  TOTAL RESULTS   ******************
__________________________________________________________
Number of flows          =             3
Total time               =     32.585269 s
Total packets            =         10911
Minimum delay            =      0.000054 s
Maximum delay            =     20.052085 s
Average delay            =      7.930261 s
Average jitter           =      0.019716 s
Delay standard deviation =      4.961413 s
Bytes received           =       3273300
Average bitrate          =    803.626940 Kbit/s
Average packet rate      =    334.844558 pkt/s
Packets dropped          =             0 (0.00 %)
Average loss-burst size  =             0 pkt
Error lines              =             0
----------------------------------------------------------
