ITGDec version 2.8.1 (r1023)
Compile-time options: bursty multiport
----------------------------------------------------------
Flow number: 3
From 10.0.0.1:59322
To    10.0.0.2:10003
----------------------------------------------------------
Total time               =     36.555128 s
Total packets            =          2754
Minimum delay            =      0.000052 s
Maximum delay            =     24.979067 s
Average delay            =     12.454457 s
Average jitter           =      0.017909 s
Delay standard deviation =      7.161363 s
Bytes received           =        826200
Average bitrate          =    180.811841 Kbit/s
Average packet rate      =     75.338267 pkt/s
Packets dropped          =             0 (0.00 %)
Average loss-burst size  =      0.000000 pkt
----------------------------------------------------------
----------------------------------------------------------
Flow number: 2
From 10.0.0.1:50346
To    10.0.0.2:10002
----------------------------------------------------------
Total time               =     23.487226 s
Total packets            =          1720
Minimum delay            =      0.000051 s
Maximum delay            =     17.022635 s
Average delay            =      8.525132 s
Average jitter           =      0.019207 s
Delay standard deviation =      4.910511 s
Bytes received           =        516000
Average bitrate          =    175.755110 Kbit/s
Average packet rate      =     73.231296 pkt/s
Packets dropped          =             0 (0.00 %)
Average loss-burst size  =      0.000000 pkt
----------------------------------------------------------
----------------------------------------------------------
Flow number: 1
From 10.0.0.1:53292
To    10.0.0.2:10001
----------------------------------------------------------
Total time               =     37.643281 s
Total packets            =          2263
Minimum delay            =      0.772044 s
Maximum delay            =     26.222131 s
Average delay            =     13.848777 s
Average jitter           =      0.021024 s
Delay standard deviation =      7.479819 s
Bytes received           =        678900
Average bitrate          =    144.280728 Kbit/s
Average packet rate      =     60.116970 pkt/s
Packets dropped          =             0 (0.00 %)
Average loss-burst size  =      0.000000 pkt
----------------------------------------------------------

__________________________________________________________
****************  TOTAL RESULTS   ******************
__________________________________________________________
Number of flows          =             3
Total time               =     38.719890 s
Total packets            =          6737
Minimum delay            =      0.000051 s
Maximum delay            =     26.222131 s
Average delay            =     11.919635 s
Average jitter           =      0.031768 s
Delay standard deviation =      7.086816 s
Bytes received           =       2021100
Average bitrate          =    417.583831 Kbit/s
Average packet rate      =    173.993263 pkt/s
Packets dropped          =             0 (0.00 %)
Average loss-burst size  =             0 pkt
Error lines              =             0
----------------------------------------------------------
