ITGDec version 2.8.1 (r1023)
Compile-time options: bursty multiport
----------------------------------------------------------
Flow number: 2
From 10.0.0.1:50150
To    10.0.0.2:10002
----------------------------------------------------------
Total time               =     55.228527 s
Total packets            =          1009
Minimum delay            =      0.032160 s
Maximum delay            =     43.362368 s
Average delay            =     23.181302 s
Average jitter           =      0.066352 s
Delay standard deviation =     12.617804 s
Bytes received           =        302700
Average bitrate          =     43.846905 Kbit/s
Average packet rate      =     18.269544 pkt/s
Packets dropped          =             0 (0.00 %)
Average loss-burst size  =      0.000000 pkt
----------------------------------------------------------
----------------------------------------------------------
Flow number: 1
From 10.0.0.1:53096
To    10.0.0.2:10001
----------------------------------------------------------
Total time               =     31.720903 s
Total packets            =           570
Minimum delay            =      0.178366 s
Maximum delay            =     24.084463 s
Average delay            =     12.940387 s
Average jitter           =      0.066668 s
Delay standard deviation =      6.753898 s
Bytes received           =        171000
Average bitrate          =     43.126137 Kbit/s
Average packet rate      =     17.969224 pkt/s
Packets dropped          =             0 (0.00 %)
Average loss-burst size  =      0.000000 pkt
----------------------------------------------------------
----------------------------------------------------------
Flow number: 3
From 10.0.0.1:59132
To    10.0.0.2:10003
----------------------------------------------------------
Total time               =     26.955052 s
Total packets            =           238
Minimum delay            =      5.385514 s
Maximum delay            =     32.084128 s
Average delay            =     20.320960 s
Average jitter           =      0.114547 s
Delay standard deviation =      9.659205 s
Bytes received           =         71400
Average bitrate          =     21.190833 Kbit/s
Average packet rate      =      8.829514 pkt/s
Packets dropped          =             0 (0.00 %)
Average loss-burst size  =      0.000000 pkt
----------------------------------------------------------

__________________________________________________________
****************  TOTAL RESULTS   ******************
__________________________________________________________
Number of flows          =             3
Total time               =     55.228527 s
Total packets            =          1817
Minimum delay            =      0.032160 s
Maximum delay            =     43.362368 s
Average delay            =     19.594024 s
Average jitter           =      0.123910 s
Delay standard deviation =     11.663803 s
Bytes received           =        545100
Average bitrate          =     78.959194 Kbit/s
Average packet rate      =     32.899664 pkt/s
Packets dropped          =             0 (0.00 %)
Average loss-burst size  =             0 pkt
Error lines              =             0
----------------------------------------------------------
