ITGDec version 2.8.1 (r1023)
Compile-time options: bursty multiport
----------------------------------------------------------
Flow number: 1
From 10.0.0.1:47769
To    10.0.0.2:10001
----------------------------------------------------------
Total time               =     88.549824 s
Total packets            =          2942
Minimum delay            =      0.017725 s
Maximum delay            =     73.623365 s
Average delay            =     37.111942 s
Average jitter           =      0.029741 s
Delay standard deviation =     21.243973 s
Bytes received           =        882600
Average bitrate          =     79.738160 Kbit/s
Average packet rate      =     33.224233 pkt/s
Packets dropped          =          4404 (59.95 %)
Average loss-burst size  =     16.072993 pkt
----------------------------------------------------------
----------------------------------------------------------
Flow number: 2
From 10.0.0.1:46957
To    10.0.0.2:10002
----------------------------------------------------------
Total time               =     89.050016 s
Total packets            =          2619
Minimum delay            =      0.001561 s
Maximum delay            =     74.056456 s
Average delay            =     38.063227 s
Average jitter           =      0.033586 s
Delay standard deviation =     19.976674 s
Bytes received           =        785700
Average bitrate          =     70.585052 Kbit/s
Average packet rate      =     29.410438 pkt/s
Packets dropped          =          4772 (64.57 %)
Average loss-burst size  =     15.006289 pkt
----------------------------------------------------------
----------------------------------------------------------
Flow number: 3
From 10.0.0.1:44751
To    10.0.0.2:10003
----------------------------------------------------------
Total time               =     89.026437 s
Total packets            =          2590
Minimum delay            =      0.042234 s
Maximum delay            =     74.076145 s
Average delay            =     35.905053 s
Average jitter           =      0.033941 s
Delay standard deviation =     22.175210 s
Bytes received           =        777000
Average bitrate          =     69.821956 Kbit/s
Average packet rate      =     29.092482 pkt/s
Packets dropped          =          4802 (64.96 %)
Average loss-burst size  =     15.341853 pkt
----------------------------------------------------------

__________________________________________________________
****************  TOTAL RESULTS   ******************
__________________________________________________________
Number of flows          =             3
Total time               =     89.071866 s
Total packets            =          8151
Minimum delay            =      0.001561 s
Maximum delay            =     74.076145 s
Average delay            =     37.034108 s
Average jitter           =      0.050112 s
Delay standard deviation =     21.168772 s
Bytes received           =       2445300
Average bitrate          =    219.624904 Kbit/s
Average packet rate      =     91.510377 pkt/s
Packets dropped          =         13978 (63.17 %)
Average loss-burst size  =     15.445304 pkt
Error lines              =             0
----------------------------------------------------------
