ITGDec version 2.8.1 (r1023)
Compile-time options: bursty multiport
----------------------------------------------------------
Flow number: 1
From 10.0.0.1:38101
To    10.0.0.2:10001
----------------------------------------------------------
Total time               =     60.305964 s
Total packets            =          7391
Minimum delay            =      0.000090 s
Maximum delay            =     45.311655 s
Average delay            =     22.500758 s
Average jitter           =      0.008031 s
Delay standard deviation =     12.942830 s
Bytes received           =       2217300
Average bitrate          =    294.140062 Kbit/s
Average packet rate      =    122.558359 pkt/s
Packets dropped          =             0 (0.00 %)
Average loss-burst size  =      0.000000 pkt
----------------------------------------------------------
----------------------------------------------------------
Flow number: 2
From 10.0.0.1:47118
To    10.0.0.2:10002
----------------------------------------------------------
Total time               =     60.279057 s
Total packets            =          7396
Minimum delay            =      0.019031 s
Maximum delay            =     45.314393 s
Average delay            =     22.498246 s
Average jitter           =      0.008054 s
Delay standard deviation =     12.936188 s
Bytes received           =       2218800
Average bitrate          =    294.470433 Kbit/s
Average packet rate      =    122.696014 pkt/s
Packets dropped          =             0 (0.00 %)
Average loss-burst size  =      0.000000 pkt
----------------------------------------------------------
----------------------------------------------------------
Flow number: 3
From 10.0.0.1:57994
To    10.0.0.2:10003
----------------------------------------------------------
Total time               =     59.987519 s
Total packets            =          7396
Minimum delay            =      0.536996 s
Maximum delay            =     45.526045 s
Average delay            =     23.334937 s
Average jitter           =      0.007974 s
Delay standard deviation =     12.934074 s
Bytes received           =       2218800
Average bitrate          =    295.901552 Kbit/s
Average packet rate      =    123.292314 pkt/s
Packets dropped          =             0 (0.00 %)
Average loss-burst size  =      0.000000 pkt
----------------------------------------------------------

__________________________________________________________
****************  TOTAL RESULTS   ******************
__________________________________________________________
Number of flows          =             3
Total time               =     60.658946 s
Total packets            =         22183
Minimum delay            =      0.000090 s
Maximum delay            =     45.526045 s
Average delay            =     22.778043 s
Average jitter           =      0.012178 s
Delay standard deviation =     12.943690 s
Bytes received           =       6654900
Average bitrate          =    877.680928 Kbit/s
Average packet rate      =    365.700387 pkt/s
Packets dropped          =             0 (0.00 %)
Average loss-burst size  =             0 pkt
Error lines              =             0
----------------------------------------------------------
