ITGDec version 2.8.1 (r1023)
Compile-time options: bursty multiport
----------------------------------------------------------
Flow number: 1
From 10.0.0.1:53246
To    10.0.0.2:10001
----------------------------------------------------------
Total time               =     36.875577 s
Total packets            =          2368
Minimum delay            =      0.000063 s
Maximum delay            =     24.776569 s
Average delay            =     13.304537 s
Average jitter           =      0.020436 s
Delay standard deviation =      7.105399 s
Bytes received           =        710400
Average bitrate          =    154.118266 Kbit/s
Average packet rate      =     64.215944 pkt/s
Packets dropped          =             0 (0.00 %)
Average loss-burst size  =      0.000000 pkt
----------------------------------------------------------
----------------------------------------------------------
Flow number: 2
From 10.0.0.1:50302
To    10.0.0.2:10002
----------------------------------------------------------
Total time               =     25.028473 s
Total packets            =          1744
Minimum delay            =      0.000095 s
Maximum delay            =     16.516504 s
Average delay            =      8.594093 s
Average jitter           =      0.018991 s
Delay standard deviation =      4.611714 s
Bytes received           =        523200
Average bitrate          =    167.233534 Kbit/s
Average packet rate      =     69.680639 pkt/s
Packets dropped          =             0 (0.00 %)
Average loss-burst size  =      0.000000 pkt
----------------------------------------------------------
----------------------------------------------------------
Flow number: 3
From 10.0.0.1:59284
To    10.0.0.2:10003
----------------------------------------------------------
Total time               =     24.110245 s
Total packets            =          1710
Minimum delay            =      0.016411 s
Maximum delay            =     16.993528 s
Average delay            =      8.645306 s
Average jitter           =      0.019504 s
Delay standard deviation =      4.363519 s
Bytes received           =        513000
Average bitrate          =    170.218096 Kbit/s
Average packet rate      =     70.924207 pkt/s
Packets dropped          =             0 (0.00 %)
Average loss-burst size  =      0.000000 pkt
----------------------------------------------------------

__________________________________________________________
****************  TOTAL RESULTS   ******************
__________________________________________________________
Number of flows          =             3
Total time               =     36.875577 s
Total packets            =          5822
Minimum delay            =      0.000063 s
Maximum delay            =     24.776569 s
Average delay            =     10.525029 s
Average jitter           =      0.033920 s
Delay standard deviation =      6.147751 s
Bytes received           =       1746600
Average bitrate          =    378.917461 Kbit/s
Average packet rate      =    157.882275 pkt/s
Packets dropped          =             0 (0.00 %)
Average loss-burst size  =             0 pkt
Error lines              =             0
----------------------------------------------------------
