------------------------------------------------------------
Server listening on UDP port 5001 with pid 1423
Receiving 300 byte datagrams
UDP buffer size:  208 KByte (default)
------------------------------------------------------------
[  3] local 10.0.0.2 port 5001 connected with 10.0.0.1 port 54855
[  4] local 10.0.0.2 port 5001 connected with 10.0.0.1 port 39666
[  5] local 10.0.0.2 port 5001 connected with 10.0.0.1 port 35052
[ ID] Interval       Transfer     Bandwidth        Jitter   Lost/Total  Latency avg/min/max/stdev PPS
[  5] 0.00-5.00 sec  36.0 KBytes  59.0 Kbits/sec  38.736 ms    0/  123 (0%) 2388.147/51.511/4751.858/1381.330 ms   25 pps
[  3] 0.00-5.00 sec  36.3 KBytes  59.5 Kbits/sec  38.715 ms    0/  124 (0%) 2381.216/23.315/4763.590/1391.796 ms   25 pps
[  4] 0.00-5.00 sec  36.3 KBytes  59.5 Kbits/sec  38.755 ms    0/  124 (0%) 2393.675/38.809/4777.233/1392.936 ms   25 pps
[SUM] 0.00-5.00 sec   109 KBytes   178 Kbits/sec   74 pps
[  4] 5.00-10.00 sec  35.4 KBytes  58.1 Kbits/sec  40.322 ms    0/  121 (0%) 5719.482/4269.642/6869.824/705.444 ms   24 pps
[  3] 5.00-10.00 sec  35.7 KBytes  58.6 Kbits/sec  41.473 ms    0/  122 (0%) 5719.717/4255.968/6894.901/712.972 ms   24 pps
[  5] 5.00-10.00 sec  35.7 KBytes  58.6 Kbits/sec  41.617 ms    0/  122 (0%) 5720.821/4283.313/6883.160/709.896 ms   24 pps
[SUM] 5.00-10.00 sec   107 KBytes   175 Kbits/sec   73 pps
[  5] 10.00-15.00 sec  35.4 KBytes  58.1 Kbits/sec  45.558 ms    0/  121 (0%) 5501.604/4247.148/6884.998/726.495 ms   24 pps
[  3] 10.00-15.00 sec  35.7 KBytes  58.6 Kbits/sec  44.784 ms    0/  122 (0%) 5496.400/4252.077/6882.416/727.559 ms   24 pps
[  4] 10.00-15.00 sec  35.7 KBytes  58.6 Kbits/sec  44.560 ms    0/  122 (0%) 5517.697/4274.442/6900.910/726.759 ms   24 pps
[SUM] 10.00-15.00 sec   107 KBytes   175 Kbits/sec   73 pps
[  4] 15.00-20.00 sec  35.7 KBytes  58.6 Kbits/sec  55.586 ms    0/  122 (0%) 5594.190/4269.890/6902.819/808.687 ms   25 pps
[  5] 15.00-20.00 sec  35.7 KBytes  58.6 Kbits/sec  56.128 ms    0/  122 (0%) 5580.969/4254.143/6889.151/801.709 ms   24 pps
[  3] 15.00-20.00 sec  35.7 KBytes  58.6 Kbits/sec  54.653 ms    0/  122 (0%) 5574.198/4256.219/6900.777/798.007 ms   24 pps
[SUM] 15.00-20.00 sec   107 KBytes   176 Kbits/sec   74 pps
[  4] 20.00-25.00 sec  35.4 KBytes  58.1 Kbits/sec  83.991 ms    0/  121 (0%) 5640.495/4261.113/6909.954/809.134 ms   24 pps
[  5] 20.00-25.00 sec  35.7 KBytes  58.6 Kbits/sec  83.944 ms    0/  122 (0%) 5656.999/4249.507/6877.529/811.638 ms   24 pps
[  3] 20.00-25.00 sec  35.7 KBytes  58.6 Kbits/sec  83.125 ms    0/  122 (0%) 5661.138/4274.811/6891.215/813.156 ms   24 pps
[SUM] 20.00-25.00 sec   107 KBytes   175 Kbits/sec   73 pps
[  3] 25.00-30.00 sec  35.4 KBytes  58.1 Kbits/sec  163.762 ms    0/  121 (0%) 5726.666/4265.257/6900.468/751.154 ms   24 pps
[  3] 0.00-30.01 sec   215 KBytes  58.6 Kbits/sec  163.762 ms    0/  733 (0%) 5046.043/23.315/6900.777/1503.134 ms   24 pps
[  4] 25.00-30.00 sec  36.0 KBytes  59.0 Kbits/sec  157.465 ms    0/  123 (0%) 5718.788/4251.583/6900.351/761.882 ms   24 pps
[  4] 0.00-30.04 sec   215 KBytes  58.6 Kbits/sec  157.465 ms    0/  733 (0%) 5050.407/38.809/6909.954/1500.648 ms   24 pps
[  5] 25.00-30.00 sec  35.7 KBytes  58.6 Kbits/sec  159.305 ms    0/  122 (0%) 5712.243/4253.706/6875.214/752.795 ms   24 pps
[SUM] 25.00-30.00 sec   107 KBytes   176 Kbits/sec   74 pps
[  5] 0.00-30.05 sec   214 KBytes  58.5 Kbits/sec  159.305 ms    0/  732 (0%) 5050.289/51.511/6889.151/1495.899 ms   24 pps
[SUM] 0.00-30.05 sec   644 KBytes   176 Kbits/sec   72 pps
