------------------------------------------------------------
Server listening on UDP port 5001 with pid 4694
Receiving 800 byte datagrams
UDP buffer size:  208 KByte (default)
------------------------------------------------------------
[  3] local 10.0.0.2 port 5001 connected with 10.0.0.1 port 55278
[  4] local 10.0.0.2 port 5001 connected with 10.0.0.1 port 36678
[  5] local 10.0.0.2 port 5001 connected with 10.0.0.1 port 40373
[  6] local 10.0.0.2 port 5001 connected with 10.0.0.1 port 33773
[  7] local 10.0.0.2 port 5001 connected with 10.0.0.1 port 45097
[  8] local 10.0.0.2 port 5001 connected with 10.0.0.1 port 41105
[ ID] Interval       Transfer     Bandwidth        Jitter   Lost/Total  Latency avg/min/max/stdev PPS
[  7] 0.00-5.00 sec  4.69 KBytes  7.68 Kbits/sec  230.073 ms    0/    6 (0%) 2973.009/967.538/5113.229/1636.287 ms    1 pps
[  8] 0.00-5.00 sec  4.69 KBytes  7.68 Kbits/sec  221.242 ms    0/    6 (0%) 3242.121/1236.708/5247.571/1599.409 ms    1 pps
[  4] 0.00-5.00 sec  5.47 KBytes  8.96 Kbits/sec  250.563 ms    0/    7 (0%) 3162.441/832.834/5511.328/1726.215 ms    1 pps
[  3] 0.00-5.00 sec  5.47 KBytes  8.96 Kbits/sec  249.524 ms    0/    7 (0%) 3104.686/1102.096/5646.056/1751.545 ms    1 pps
[  5] 0.00-5.00 sec  5.47 KBytes  8.96 Kbits/sec  276.983 ms    0/    7 (0%) 3277.897/563.511/5780.714/1783.448 ms    1 pps
[  6] 0.00-5.00 sec  5.47 KBytes  8.96 Kbits/sec  278.574 ms    0/    7 (0%) 3335.631/698.169/5915.444/1871.639 ms    1 pps
[SUM] 0.00-5.00 sec  31.2 KBytes  51.2 Kbits/sec    8 pps
[  8] 5.00-10.00 sec  4.69 KBytes  7.68 Kbits/sec  407.775 ms    0/    6 (0%) 8929.963/5247.571/10060.909/1500.801 ms    1 pps
[  3] 5.00-10.00 sec  4.69 KBytes  7.68 Kbits/sec  414.285 ms    0/    6 (0%) 9147.826/5646.056/10189.902/1508.994 ms    1 pps
[  4] 5.00-10.00 sec  4.69 KBytes  7.68 Kbits/sec  425.383 ms    0/    6 (0%) 9349.891/5511.328/10324.598/1458.036 ms    1 pps
[  7] 5.00-10.00 sec  5.47 KBytes  8.96 Kbits/sec  423.597 ms    0/    7 (0%) 8898.597/5113.229/10459.291/1826.560 ms    1 pps
[  5] 5.00-10.00 sec  4.69 KBytes  7.68 Kbits/sec  449.766 ms    0/    6 (0%) 9349.865/5780.714/10593.975/1582.035 ms    1 pps
[  6] 5.00-10.00 sec  4.69 KBytes  7.68 Kbits/sec  449.110 ms    0/    6 (0%) 9596.812/5915.444/10728.699/1497.027 ms    1 pps
[SUM] 5.00-10.00 sec  28.9 KBytes  47.4 Kbits/sec    8 pps
[  5] 10.00-15.00 sec  4.69 KBytes  7.68 Kbits/sec  541.963 ms    0/    6 (0%) 14898.029/10593.975/15003.198/1404.160 ms    1 pps
[  3] 10.00-15.00 sec  4.69 KBytes  7.68 Kbits/sec  544.994 ms    0/    6 (0%) 14830.690/10189.902/15137.910/1476.653 ms    1 pps
[  4] 10.00-15.00 sec  4.69 KBytes  7.68 Kbits/sec  553.403 ms    0/    6 (0%) 14942.940/10324.598/15272.662/1521.519 ms    1 pps
[  7] 10.00-15.00 sec  4.69 KBytes  7.68 Kbits/sec  550.354 ms    0/    6 (0%) 15189.880/10459.291/15407.322/1475.834 ms    1 pps
[  6] 10.00-15.00 sec  4.69 KBytes  7.68 Kbits/sec  565.066 ms    0/    6 (0%) 15189.874/10728.699/15542.003/1651.752 ms    1 pps
[  8] 10.00-15.00 sec  5.47 KBytes  8.96 Kbits/sec  551.155 ms    0/    7 (0%) 14707.057/10060.909/15676.439/1732.979 ms    1 pps
[SUM] 10.00-15.00 sec  28.9 KBytes  47.4 Kbits/sec    8 pps
[  4] 15.00-20.00 sec  4.69 KBytes  7.68 Kbits/sec  625.859 ms    0/    6 (0%) 20586.531/15272.662/19962.429/1524.664 ms    1 pps
[  5] 15.00-20.00 sec  4.69 KBytes  7.68 Kbits/sec  639.811 ms    0/    6 (0%) 20519.156/15003.198/20097.140/1491.347 ms    1 pps
[  7] 15.00-20.00 sec  4.69 KBytes  7.68 Kbits/sec  630.410 ms    0/    6 (0%) 20855.920/15407.322/20231.853/1500.941 ms    1 pps
[  6] 15.00-20.00 sec  4.69 KBytes  7.68 Kbits/sec  645.569 ms    0/    6 (0%) 20766.107/15542.003/20366.552/1557.225 ms    1 pps
[  8] 15.00-20.00 sec  4.69 KBytes  7.68 Kbits/sec  632.338 ms    0/    6 (0%) 21104.396/15676.439/20500.921/1505.603 ms    1 pps
[  3] 15.00-20.00 sec  5.47 KBytes  8.96 Kbits/sec  631.624 ms    0/    7 (0%) 20458.009/15137.910/20629.978/1708.078 ms    1 pps
[SUM] 15.00-20.00 sec  28.9 KBytes  47.4 Kbits/sec    8 pps
[  7] 20.00-25.00 sec  4.69 KBytes  7.68 Kbits/sec  674.831 ms    0/    6 (0%) 26501.377/20231.853/24910.458/1431.240 ms    1 pps
[  4] 20.00-25.00 sec  4.69 KBytes  7.68 Kbits/sec  697.024 ms    0/    6 (0%) 26254.433/19962.429/25045.115/1525.610 ms    1 pps
[  6] 20.00-25.00 sec  4.69 KBytes  7.68 Kbits/sec  699.430 ms    0/    6 (0%) 26389.123/20366.552/25179.817/1631.184 ms    1 pps
[  8] 20.00-25.00 sec  4.69 KBytes  7.68 Kbits/sec  686.882 ms    0/    6 (0%) 26725.555/20500.921/25314.266/1500.793 ms    1 pps
[  5] 20.00-25.00 sec  5.47 KBytes  8.96 Kbits/sec  692.804 ms    0/    7 (0%) 26061.573/20097.140/25577.975/1686.387 ms    1 pps
[  3] 20.00-25.00 sec  4.69 KBytes  7.68 Kbits/sec  702.364 ms    0/    6 (0%) 26965.856/20629.978/25712.667/1533.289 ms    1 pps
[SUM] 20.00-25.00 sec  28.9 KBytes  47.4 Kbits/sec    8 pps
[  6] 25.00-30.00 sec  4.69 KBytes  7.68 Kbits/sec  727.439 ms    0/    6 (0%) 32004.601/25179.817/29858.416/1436.284 ms    1 pps
[  7] 25.00-30.00 sec  4.69 KBytes  7.68 Kbits/sec  729.781 ms    0/    6 (0%) 32049.525/24910.458/29993.118/1530.919 ms    1 pps
[  8] 25.00-30.00 sec  4.69 KBytes  7.68 Kbits/sec  723.910 ms    0/    6 (0%) 32341.056/25314.266/30127.526/1500.798 ms    1 pps
[  3] 25.00-30.00 sec  4.69 KBytes  7.68 Kbits/sec  719.326 ms    0/    6 (0%) 32671.134/25712.667/30256.539/1531.829 ms    1 pps
[  3] 0.00-30.47 sec  29.7 KBytes  7.98 Kbits/sec  719.326 ms    0/   38 (0%) 15508.300/1102.096/30256.539/8925.463 ms    1 pps
[  5] 25.00-30.00 sec  4.69 KBytes  7.68 Kbits/sec  727.005 ms    0/    6 (0%) 32693.596/25577.975/30391.213/1500.104 ms    1 pps
[  5] 0.00-30.60 sec  29.7 KBytes  7.95 Kbits/sec  727.005 ms    0/   38 (0%) 15607.557/563.511/30391.213/8881.562 ms    1 pps
[  4] 25.00-30.00 sec  5.47 KBytes  8.96 Kbits/sec  731.356 ms    0/    7 (0%) 31620.192/25045.115/30525.921/1758.565 ms    1 pps
[SUM] 25.00-30.00 sec  28.9 KBytes  47.4 Kbits/sec    8 pps
[  4] 0.00-30.74 sec  29.7 KBytes  7.91 Kbits/sec  731.356 ms    0/   38 (0%) 15635.923/832.834/30525.921/8926.936 ms    1 pps
[  7] 0.00-30.87 sec  29.7 KBytes  7.88 Kbits/sec  725.887 ms    0/   38 (0%) 15848.602/967.538/30660.592/8950.321 ms    1 pps
[  6] 0.00-31.00 sec  29.7 KBytes  7.84 Kbits/sec  740.529 ms    0/   38 (0%) 15791.876/698.169/30795.293/8926.412 ms    1 pps
[  8] 0.00-31.14 sec  29.7 KBytes  7.81 Kbits/sec  728.804 ms    0/   38 (0%) 16082.568/1236.708/30929.746/8922.255 ms    1 pps
[SUM] 0.00-31.14 sec   178 KBytes  46.9 Kbits/sec    6 pps
