------------------------------------------------------------
Server listening on UDP port 5001 with pid 3706
Receiving 1000 byte datagrams
UDP buffer size:  208 KByte (default)
------------------------------------------------------------
[  3] local 10.0.0.2 port 5001 connected with 10.0.0.1 port 40033
[  4] local 10.0.0.2 port 5001 connected with 10.0.0.1 port 52212
[  5] local 10.0.0.2 port 5001 connected with 10.0.0.1 port 54123
[  6] local 10.0.0.2 port 5001 connected with 10.0.0.1 port 50562
[  7] local 10.0.0.2 port 5001 connected with 10.0.0.1 port 42677
[  8] local 10.0.0.2 port 5001 connected with 10.0.0.1 port 47945
[ ID] Interval       Transfer     Bandwidth        Jitter   Lost/Total  Latency avg/min/max/stdev PPS
[  7] 0.00-5.00 sec  4.88 KBytes  8.00 Kbits/sec  205.589 ms    0/    5 (0%) 3306.367/1421.068/5058.316/1655.995 ms    1 pps
[  3] 0.00-5.00 sec  4.88 KBytes  8.00 Kbits/sec  230.746 ms    0/    5 (0%) 2972.993/1254.436/5225.074/1709.028 ms    1 pps
[  6] 0.00-5.00 sec  4.88 KBytes  8.00 Kbits/sec  252.873 ms    0/    5 (0%) 3239.674/920.933/5391.732/1769.465 ms    1 pps
[  8] 0.00-5.00 sec  4.88 KBytes  8.00 Kbits/sec  225.857 ms    0/    5 (0%) 3572.777/1587.415/5558.123/1758.834 ms    1 pps
[  4] 0.00-5.00 sec  5.86 KBytes  9.60 Kbits/sec  265.812 ms    0/    6 (0%) 3430.406/1087.669/5884.308/1844.815 ms    1 pps
[  5] 0.00-5.00 sec  5.86 KBytes  9.60 Kbits/sec  291.674 ms    0/    6 (0%) 3430.402/754.246/6050.999/1971.645 ms    1 pps
[SUM] 0.00-5.00 sec  31.2 KBytes  51.2 Kbits/sec    7 pps
[  6] 5.00-10.00 sec  4.88 KBytes  8.00 Kbits/sec  439.056 ms    0/    5 (0%) 9214.734/5391.732/10021.768/1532.333 ms    1 pps
[  7] 5.00-10.00 sec  4.88 KBytes  8.00 Kbits/sec  431.415 ms    0/    5 (0%) 9181.409/5058.316/10188.515/1522.353 ms    1 pps
[  5] 5.00-10.00 sec  3.91 KBytes  6.40 Kbits/sec  472.664 ms    0/    4 (0%) 10087.149/6050.999/10355.171/1426.985 ms    1 pps
[  8] 5.00-10.00 sec  4.88 KBytes  8.00 Kbits/sec  437.352 ms    0/    5 (0%) 9647.808/5558.123/10521.562/1569.614 ms    1 pps
[  3] 5.00-10.00 sec  5.86 KBytes  9.60 Kbits/sec  449.301 ms    0/    6 (0%) 9236.893/5225.074/10681.059/1821.294 ms    1 pps
[  4] 5.00-10.00 sec  4.88 KBytes  8.00 Kbits/sec  476.100 ms    0/    5 (0%) 10105.935/5884.308/11014.482/1632.526 ms    1 pps
[SUM] 5.00-10.00 sec  29.3 KBytes  48.0 Kbits/sec    6 pps
[  7] 10.00-15.00 sec  4.88 KBytes  8.00 Kbits/sec  574.647 ms    0/    5 (0%) 15237.580/10188.515/14985.222/1471.709 ms    1 pps
[  4] 10.00-15.00 sec  3.91 KBytes  6.40 Kbits/sec  605.276 ms    0/    4 (0%) 16208.134/11014.482/15151.942/1400.794 ms    1 pps
[  6] 10.00-15.00 sec  4.88 KBytes  8.00 Kbits/sec  611.936 ms    0/    5 (0%) 15104.205/10021.768/15318.650/1715.000 ms    1 pps
[  8] 10.00-15.00 sec  4.88 KBytes  8.00 Kbits/sec  590.518 ms    0/    5 (0%) 15603.971/10521.562/15485.050/1569.584 ms    1 pps
[  3] 10.00-15.00 sec  4.88 KBytes  8.00 Kbits/sec  607.830 ms    0/    5 (0%) 15928.700/10681.059/15811.240/1571.376 ms    1 pps
[  5] 10.00-15.00 sec  5.86 KBytes  9.60 Kbits/sec  646.107 ms    0/    6 (0%) 15249.844/10355.171/16311.292/1905.442 ms    1 pps
[SUM] 10.00-15.00 sec  29.3 KBytes  48.0 Kbits/sec    6 pps
[  7] 15.00-20.00 sec  4.88 KBytes  8.00 Kbits/sec  688.184 ms    0/    5 (0%) 21060.350/14985.222/19948.706/1541.406 ms    1 pps
[  4] 15.00-20.00 sec  4.88 KBytes  8.00 Kbits/sec  715.108 ms    0/    5 (0%) 20993.684/15151.942/20115.397/1625.717 ms    1 pps
[  6] 15.00-20.00 sec  4.88 KBytes  8.00 Kbits/sec  720.930 ms    0/    5 (0%) 21127.038/15318.650/20282.095/1785.895 ms    1 pps
[  8] 15.00-20.00 sec  4.88 KBytes  8.00 Kbits/sec  701.440 ms    0/    5 (0%) 21560.135/15485.050/20448.529/1569.592 ms    1 pps
[  3] 15.00-20.00 sec  4.88 KBytes  8.00 Kbits/sec  704.131 ms    0/    5 (0%) 21884.860/15811.240/20607.975/1550.185 ms    1 pps
[  5] 15.00-20.00 sec  4.88 KBytes  8.00 Kbits/sec  726.905 ms    0/    5 (0%) 22151.555/16311.292/20941.366/1536.884 ms    1 pps
[SUM] 15.00-20.00 sec  29.3 KBytes  48.0 Kbits/sec    6 pps
[  7] 20.00-25.00 sec  4.88 KBytes  8.00 Kbits/sec  768.647 ms    0/    5 (0%) 27116.557/19948.706/24912.107/1466.976 ms    1 pps
[  4] 20.00-25.00 sec  4.88 KBytes  8.00 Kbits/sec  792.817 ms    0/    5 (0%) 27049.871/20115.397/25078.834/1632.516 ms    1 pps
[  6] 20.00-25.00 sec  4.88 KBytes  8.00 Kbits/sec  798.785 ms    0/    5 (0%) 27149.876/20282.095/25245.546/1679.982 ms    1 pps
[  8] 20.00-25.00 sec  4.88 KBytes  8.00 Kbits/sec  781.765 ms    0/    5 (0%) 27516.270/20448.529/25411.921/1569.565 ms    1 pps
[  3] 20.00-25.00 sec  4.88 KBytes  8.00 Kbits/sec  782.528 ms    0/    5 (0%) 27774.322/20607.975/25571.417/1545.694 ms    1 pps
[  5] 20.00-25.00 sec  4.88 KBytes  8.00 Kbits/sec  793.350 ms    0/    5 (0%) 27874.332/20941.366/25738.125/1598.331 ms    1 pps
[SUM] 20.00-25.00 sec  29.3 KBytes  48.0 Kbits/sec    6 pps
[  5] 25.00-30.00 sec  3.91 KBytes  6.40 Kbits/sec  850.347 ms    0/    4 (0%) 34612.688/25738.125/29875.580/1394.163 ms    1 pps
[  5] 0.00-30.08 sec  29.3 KBytes  7.98 Kbits/sec   0.000 ms    0/   30 (0%) -/-/-/- ms    0 pps
[  6] 25.00-30.00 sec  4.88 KBytes  8.00 Kbits/sec  843.679 ms    0/    5 (0%) 33139.355/25245.546/30042.284/1517.773 ms    1 pps
[  6] 0.00-30.25 sec  29.3 KBytes  7.93 Kbits/sec   0.000 ms    0/   30 (0%) -/-/-/- ms    0 pps
[  7] 25.00-30.00 sec  4.88 KBytes  8.00 Kbits/sec  848.912 ms    0/    5 (0%) 33072.666/24912.107/30208.984/1631.683 ms    1 pps
[  7] 0.00-30.42 sec  29.3 KBytes  7.89 Kbits/sec   0.000 ms    0/   30 (0%) -/-/-/- ms    0 pps
[  8] 25.00-30.00 sec  4.88 KBytes  8.00 Kbits/sec  839.939 ms    0/    5 (0%) 33472.386/25411.921/30375.376/1569.576 ms    1 pps
[  8] 0.00-30.58 sec  29.3 KBytes  7.85 Kbits/sec   0.000 ms    0/   30 (0%) -/-/-/- ms    0 pps
[  3] 25.00-30.00 sec  4.88 KBytes  8.00 Kbits/sec  838.691 ms    0/    5 (0%) 33763.784/25571.417/30534.834/1545.691 ms    1 pps
[  3] 0.00-30.75 sec  30.3 KBytes  8.07 Kbits/sec  838.691 ms    0/   31 (0%) 15778.964/1254.436/30534.834/8977.441 ms    1 pps
[  4] 25.00-30.00 sec  5.86 KBytes  9.60 Kbits/sec  859.442 ms    0/    6 (0%) 32621.920/25078.834/31034.990/1835.355 ms    1 pps
[SUM] 25.00-30.00 sec  29.3 KBytes  48.0 Kbits/sec    7 pps
[  4] 0.00-31.25 sec  30.3 KBytes  7.94 Kbits/sec   0.000 ms    0/   31 (0%) -/-/-/- ms    0 pps
[SUM] 0.00-31.25 sec   178 KBytes  46.6 Kbits/sec    1 pps
