------------------------------------------------------------
Server listening on UDP port 5001 with pid 2907
Receiving 300 byte datagrams
UDP buffer size:  208 KByte (default)
------------------------------------------------------------
[  3] local 10.0.0.2 port 5001 connected with 10.0.0.1 port 40586
[  4] local 10.0.0.2 port 5001 connected with 10.0.0.1 port 54819
[  5] local 10.0.0.2 port 5001 connected with 10.0.0.1 port 41519
[  6] local 10.0.0.2 port 5001 connected with 10.0.0.1 port 35637
[  7] local 10.0.0.2 port 5001 connected with 10.0.0.1 port 52058
[  8] local 10.0.0.2 port 5001 connected with 10.0.0.1 port 37165
[ ID] Interval       Transfer     Bandwidth        Jitter   Lost/Total  Latency avg/min/max/stdev PPS
[  3] 0.00-5.00 sec  4.69 KBytes  7.68 Kbits/sec  202.272 ms    0/   16 (0%) 2558.148/195.009/5030.762/1535.323 ms    3 pps
[  5] 0.00-5.00 sec  4.69 KBytes  7.68 Kbits/sec  200.396 ms    0/   16 (0%) 2650.448/249.803/5085.402/1558.020 ms    3 pps
[  7] 0.00-5.00 sec  4.69 KBytes  7.68 Kbits/sec  207.268 ms    0/   16 (0%) 2664.111/85.548/5140.116/1568.124 ms    3 pps
[  6] 0.00-5.00 sec  4.69 KBytes  7.68 Kbits/sec  201.923 ms    0/   16 (0%) 2756.243/304.310/5194.648/1552.784 ms    3 pps
[  8] 0.00-5.00 sec  4.69 KBytes  7.68 Kbits/sec  202.474 ms    0/   16 (0%) 2797.187/358.836/5249.256/1556.595 ms    3 pps
[  4] 0.00-5.00 sec  4.98 KBytes  8.16 Kbits/sec  216.306 ms    0/   17 (0%) 2738.721/28.339/5411.487/1663.405 ms    3 pps
[SUM] 0.00-5.00 sec  28.4 KBytes  46.6 Kbits/sec   19 pps
[  5] 5.00-10.00 sec  4.39 KBytes  7.20 Kbits/sec  277.497 ms    0/   15 (0%) 8054.563/5085.402/9975.898/1452.360 ms    3 pps
[  7] 5.00-10.00 sec  4.39 KBytes  7.20 Kbits/sec  281.833 ms    0/   15 (0%) 8065.503/5140.116/10030.580/1470.518 ms    3 pps
[  6] 5.00-10.00 sec  4.39 KBytes  7.20 Kbits/sec  278.801 ms    0/   15 (0%) 8152.849/5194.648/10085.118/1452.030 ms    3 pps
[  8] 5.00-10.00 sec  4.39 KBytes  7.20 Kbits/sec  279.197 ms    0/   15 (0%) 8203.813/5249.256/10139.753/1464.232 ms    3 pps
[  4] 5.00-10.00 sec  4.39 KBytes  7.20 Kbits/sec  279.552 ms    0/   15 (0%) 8322.133/5411.487/10192.532/1452.015 ms    3 pps
[  3] 5.00-10.00 sec  4.69 KBytes  7.68 Kbits/sec  284.083 ms    0/   16 (0%) 8065.155/5030.762/10247.236/1558.014 ms    3 pps
[SUM] 5.00-10.00 sec  26.7 KBytes  43.7 Kbits/sec   18 pps
[  7] 10.00-15.00 sec  4.39 KBytes  7.20 Kbits/sec  310.044 ms    0/   15 (0%) 13289.294/10030.580/14921.049/1453.925 ms    3 pps
[  6] 10.00-15.00 sec  4.39 KBytes  7.20 Kbits/sec  307.956 ms    0/   15 (0%) 13369.360/10085.118/14975.576/1457.257 ms    3 pps
[  8] 10.00-15.00 sec  4.39 KBytes  7.20 Kbits/sec  308.378 ms    0/   15 (0%) 13420.307/10139.753/15030.188/1458.996 ms    3 pps
[  3] 10.00-15.00 sec  4.39 KBytes  7.20 Kbits/sec  308.478 ms    0/   15 (0%) 13491.214/10247.236/15083.071/1452.936 ms    3 pps
[  4] 10.00-15.00 sec  4.39 KBytes  7.20 Kbits/sec  310.005 ms    0/   15 (0%) 13527.692/10192.532/15137.717/1463.418 ms    3 pps
[  5] 10.00-15.00 sec  4.69 KBytes  7.68 Kbits/sec  308.000 ms    0/   16 (0%) 13387.726/9975.898/15192.380/1554.348 ms    3 pps
[SUM] 10.00-15.00 sec  26.7 KBytes  43.7 Kbits/sec   18 pps
[  8] 15.00-20.00 sec  4.39 KBytes  7.20 Kbits/sec  319.326 ms    0/   15 (0%) 18640.465/15030.188/19920.659/1458.044 ms    3 pps
[  4] 15.00-20.00 sec  4.39 KBytes  7.20 Kbits/sec  316.601 ms    0/   15 (0%) 18747.836/15137.717/19973.476/1460.509 ms    3 pps
[  3] 15.00-20.00 sec  4.39 KBytes  7.20 Kbits/sec  322.100 ms    0/   15 (0%) 18718.673/15083.071/20028.208/1458.478 ms    3 pps
[  5] 15.00-20.00 sec  4.39 KBytes  7.20 Kbits/sec  318.591 ms    0/   15 (0%) 18828.036/15192.380/20082.844/1457.547 ms    3 pps
[  7] 15.00-20.00 sec  4.69 KBytes  7.68 Kbits/sec  321.539 ms    0/   16 (0%) 18597.527/14921.049/20137.568/1548.902 ms    3 pps
[  6] 15.00-20.00 sec  4.69 KBytes  7.68 Kbits/sec  319.597 ms    0/   16 (0%) 18682.823/14975.576/20192.109/1552.233 ms    3 pps
[SUM] 15.00-20.00 sec  27.0 KBytes  44.2 Kbits/sec   19 pps
[  3] 20.00-25.00 sec  4.39 KBytes  7.20 Kbits/sec  322.641 ms    0/   15 (0%) 23931.529/20028.208/24863.932/1450.388 ms    3 pps
[  4] 20.00-25.00 sec  4.39 KBytes  7.20 Kbits/sec  324.345 ms    0/   15 (0%) 23953.408/19973.476/24918.651/1466.108 ms    3 pps
[  7] 20.00-25.00 sec  4.39 KBytes  7.20 Kbits/sec  321.735 ms    0/   15 (0%) 24059.123/20137.568/24973.286/1472.227 ms    3 pps
[  5] 20.00-25.00 sec  4.39 KBytes  7.20 Kbits/sec  325.794 ms    0/   15 (0%) 24059.137/20082.844/25028.031/1444.279 ms    3 pps
[  6] 20.00-25.00 sec  4.39 KBytes  7.20 Kbits/sec  323.584 ms    0/   15 (0%) 24146.477/20192.109/25082.518/1458.052 ms    3 pps
[  8] 20.00-25.00 sec  4.69 KBytes  7.68 Kbits/sec  323.643 ms    0/   16 (0%) 23936.971/19920.659/25137.157/1552.216 ms    3 pps
[SUM] 20.00-25.00 sec  26.7 KBytes  43.7 Kbits/sec   19 pps
[  7] 25.00-30.00 sec  4.39 KBytes  7.20 Kbits/sec  323.411 ms    0/   15 (0%) 29268.333/24973.286/29863.774/1465.289 ms    3 pps
[  7] 0.00-30.05 sec  27.0 KBytes  7.35 Kbits/sec  323.411 ms    0/   92 (0%) 15056.711/85.548/29863.774/8705.464 ms    3 pps
[  4] 25.00-30.00 sec  4.39 KBytes  7.20 Kbits/sec  332.940 ms    0/   15 (0%) 29177.196/24918.651/29918.426/1473.429 ms    3 pps
[  4] 0.00-30.11 sec  27.0 KBytes  7.33 Kbits/sec  332.940 ms    0/   92 (0%) 14965.743/28.339/29918.426/8705.177 ms    3 pps
[  6] 25.00-30.00 sec  4.39 KBytes  7.20 Kbits/sec  325.108 ms    0/   15 (0%) 29362.988/25082.518/29973.107/1458.058 ms    3 pps
[  6] 0.00-30.16 sec  27.0 KBytes  7.32 Kbits/sec  325.108 ms    0/   92 (0%) 15140.980/304.310/29973.107/8703.168 ms    3 pps
[  8] 25.00-30.00 sec  4.39 KBytes  7.20 Kbits/sec  325.124 ms    0/   15 (0%) 29421.220/25137.157/30027.620/1458.052 ms    3 pps
[  8] 0.00-30.22 sec  27.0 KBytes  7.31 Kbits/sec  325.124 ms    0/   92 (0%) 15190.833/358.836/30027.620/8708.403 ms    3 pps
[  3] 25.00-30.00 sec  4.69 KBytes  7.68 Kbits/sec  327.571 ms    0/   16 (0%) 29209.721/24863.932/30135.144/1553.975 ms    3 pps
[  3] 0.00-30.32 sec  27.2 KBytes  7.36 Kbits/sec  327.571 ms    0/   93 (0%) 15098.886/195.009/30135.144/8799.837 ms    3 pps
[  5] 25.00-30.00 sec  4.69 KBytes  7.68 Kbits/sec  323.881 ms    0/   16 (0%) 29332.771/25028.031/30189.805/1532.946 ms    3 pps
[SUM] 25.00-30.00 sec  27.0 KBytes  44.2 Kbits/sec   19 pps
[  5] 0.00-30.38 sec  27.2 KBytes  7.35 Kbits/sec  323.881 ms    0/   93 (0%) 15211.791/249.803/30189.805/8803.285 ms    3 pps
[SUM] 0.00-30.38 sec   162 KBytes  43.8 Kbits/sec   18 pps
