------------------------------------------------------------
Server listening on UDP port 5001 with pid 14005
Receiving 600 byte datagrams
UDP buffer size:  208 KByte (default)
------------------------------------------------------------
[  3] local 10.0.0.2 port 5001 connected with 10.0.0.1 port 37684
[  4] local 10.0.0.2 port 5001 connected with 10.0.0.1 port 39196
[  5] local 10.0.0.2 port 5001 connected with 10.0.0.1 port 34667
[  6] local 10.0.0.2 port 5001 connected with 10.0.0.1 port 33085
[  7] local 10.0.0.2 port 5001 connected with 10.0.0.1 port 36951
[  8] local 10.0.0.2 port 5001 connected with 10.0.0.1 port 46080
[ ID] Interval       Transfer     Bandwidth        Jitter   Lost/Total  Latency avg/min/max/stdev PPS
[  3] 0.00-5.00 sec  4.69 KBytes  7.68 Kbits/sec  224.541 ms    0/    8 (0%) 2693.236/884.189/5065.572/1546.988 ms    2 pps
[  8] 0.00-5.00 sec  4.69 KBytes  7.68 Kbits/sec  244.908 ms    0/    8 (0%) 2937.297/372.614/5168.259/1599.940 ms    2 pps
[  4] 0.00-5.00 sec  5.27 KBytes  8.64 Kbits/sec  228.695 ms    0/    9 (0%) 2922.236/783.229/5266.472/1628.022 ms    2 pps
[  5] 0.00-5.00 sec  5.27 KBytes  8.64 Kbits/sec  237.639 ms    0/    9 (0%) 2979.304/680.662/5369.179/1635.174 ms    2 pps
[  6] 0.00-5.00 sec  5.27 KBytes  8.64 Kbits/sec  250.533 ms    0/    9 (0%) 3127.595/577.969/5574.615/1695.444 ms    2 pps
[  7] 0.00-5.00 sec  5.27 KBytes  8.64 Kbits/sec  259.690 ms    0/    9 (0%) 3173.289/475.362/5677.324/1728.316 ms    2 pps
[SUM] 0.00-5.00 sec  30.5 KBytes  49.9 Kbits/sec   10 pps
[  6] 5.00-10.00 sec  4.10 KBytes  6.72 Kbits/sec  386.452 ms    0/    7 (0%) 8905.937/5574.615/9959.461/1354.683 ms    2 pps
[  7] 5.00-10.00 sec  4.10 KBytes  6.72 Kbits/sec  395.942 ms    0/    7 (0%) 8876.592/5677.324/10062.173/1320.042 ms    2 pps
[  3] 5.00-10.00 sec  5.27 KBytes  8.64 Kbits/sec  373.302 ms    0/    9 (0%) 8504.496/5065.572/10160.373/1646.035 ms    2 pps
[  4] 5.00-10.00 sec  4.69 KBytes  7.68 Kbits/sec  386.184 ms    0/    8 (0%) 8818.815/5266.472/10263.069/1520.246 ms    2 pps
[  8] 5.00-10.00 sec  5.27 KBytes  8.64 Kbits/sec  392.023 ms    0/    9 (0%) 8607.189/5168.259/10365.733/1606.344 ms    2 pps
[  5] 5.00-10.00 sec  4.69 KBytes  7.68 Kbits/sec  408.474 ms    0/    8 (0%) 8805.958/5369.179/10571.169/1560.541 ms    2 pps
[SUM] 5.00-10.00 sec  28.1 KBytes  46.1 Kbits/sec   11 pps
[  5] 10.00-15.00 sec  9.38 KBytes  15.4 Kbits/sec  306.647 ms   75/   91 (82%) 13360.828/10571.169/14571.655/1168.992 ms    4 pps
[  4] 10.00-15.00 sec  8.79 KBytes  14.4 Kbits/sec  320.716 ms   78/   93 (84%) 13511.355/10263.069/14665.214/1229.200 ms    3 pps
[  3] 10.00-15.00 sec  4.10 KBytes  6.72 Kbits/sec  476.887 ms   88/   95 (93%) 14215.438/10160.373/14758.751/1460.511 ms    1 pps
[  7] 10.00-15.00 sec  1.17 KBytes  1.92 Kbits/sec  546.722 ms   58/   60 (97%) 17008.038/10062.173/13280.019/1842.815 ms    1 pps
[  6] 10.00-15.00 sec  1.76 KBytes  2.88 Kbits/sec  530.195 ms   64/   67 (96%) 15600.293/9959.461/13556.154/1612.201 ms    1 pps
[  8] 10.00-15.00 sec  2.34 KBytes  3.84 Kbits/sec  623.469 ms  118/  122 (97%) 15870.327/10365.733/15867.791/2143.955 ms    1 pps
[SUM] 10.00-15.00 sec  27.5 KBytes  45.1 Kbits/sec   11 pps
[  5] 15.00-20.00 sec  7.03 KBytes  11.5 Kbits/sec  366.792 ms   98/  110 (89%) 17612.477/14571.655/19101.361/1460.306 ms    2 pps
[  7] 15.00-20.00 sec  1.17 KBytes  1.92 Kbits/sec  833.235 ms  142/  144 (99%) 25048.794/13280.019/19194.919/1111.761 ms    0 pps
[  4] 15.00-20.00 sec  7.03 KBytes  11.5 Kbits/sec  354.770 ms  100/  112 (89%) 18406.046/14665.214/19288.533/1432.817 ms    2 pps
[  6] 15.00-20.00 sec  2.34 KBytes  3.84 Kbits/sec  756.961 ms  147/  151 (97%) 21150.889/13556.154/19747.151/1649.888 ms    1 pps
[  3] 15.00-20.00 sec  9.96 KBytes  16.3 Kbits/sec  358.872 ms  107/  124 (86%) 18414.822/14758.751/19840.710/1175.323 ms    3 pps
[  8] 15.00-20.00 sec  1.76 KBytes  2.88 Kbits/sec  690.946 ms   67/   70 (96%) 22264.568/15867.791/18731.685/1527.531 ms    1 pps
[SUM] 15.00-20.00 sec  29.3 KBytes  48.0 Kbits/sec   10 pps
[  4] 20.00-25.00 sec  11.1 KBytes  18.2 Kbits/sec  252.595 ms   85/  104 (82%) 22749.623/19288.533/23537.565/1264.453 ms    4 pps
[  7] 20.00-25.00 sec  0.00 KBytes  0.00 Kbits/sec   0.000 ms    0/    0 (0%) -/-/-/- ms    0 pps
[  8] 20.00-25.00 sec  0.59 KBytes  0.96 Kbits/sec  982.929 ms  129/  130 (99%) 24094.353/24094.353/24094.353/ 0.000 ms    0 pps
[  5] 20.00-25.00 sec  7.62 KBytes  12.5 Kbits/sec  399.878 ms  110/  123 (89%) 22790.204/19101.361/24187.925/1584.996 ms    2 pps
[  3] 20.00-25.00 sec  7.62 KBytes  12.5 Kbits/sec  372.525 ms   99/  112 (88%) 23523.067/19840.710/24464.031/1081.894 ms    3 pps
[  6] 20.00-25.00 sec  0.59 KBytes  0.96 Kbits/sec  733.042 ms    7/    8 (88%) 39868.558/19747.151/20121.407/ 0.000 ms    2 pps
[SUM] 20.00-25.00 sec  27.5 KBytes  45.1 Kbits/sec   10 pps
[  5] 25.00-30.00 sec  9.38 KBytes  15.4 Kbits/sec  301.148 ms   78/   94 (83%) 27686.144/24187.925/28071.913/1235.122 ms    4 pps
[  5] 0.00-30.04 sec  43.4 KBytes  11.8 Kbits/sec  301.148 ms  361/  435 (83%) 16051.811/680.662/28071.913/7725.101 ms    2 pps
[  8] 25.00-30.00 sec  0.59 KBytes  0.96 Kbits/sec  1175.650 ms   98/   99 (99%) 28160.818/28160.818/28160.818/ 0.000 ms    0 pps
[  4] 25.00-30.00 sec  10.5 KBytes  17.3 Kbits/sec  269.590 ms   96/  114 (84%) 27081.675/23537.565/28254.441/1496.716 ms    3 pps
[  4] 0.00-30.25 sec  47.5 KBytes  12.9 Kbits/sec  269.590 ms  359/  440 (82%) 16877.601/783.229/28254.441/7606.490 ms    2 pps
[  3] 25.00-30.00 sec  6.45 KBytes  10.6 Kbits/sec  391.762 ms   92/  103 (89%) 28663.627/24464.031/28717.654/1234.977 ms    2 pps
[  3] 0.00-30.76 sec  38.1 KBytes  10.1 Kbits/sec  391.762 ms  386/  451 (86%) 16268.565/884.189/28717.654/7785.457 ms    2 pps
[  7] 25.00-30.00 sec  0.59 KBytes  0.96 Kbits/sec  1081.525 ms  116/  117 (99%) 43195.712/19194.919/24000.793/ 0.000 ms    0 pps
[  7] 0.00-30.77 sec  12.3 KBytes  3.28 Kbits/sec   0.000 ms  316/  337 (0%) -/-/-/- ms    0 pps
[  8] 0.00-30.97 sec  15.8 KBytes  4.19 Kbits/sec   0.000 ms  429/  456 (0%) -/-/-/- ms    0 pps
[  6] 25.00-30.00 sec  1.17 KBytes  1.92 Kbits/sec  1114.748 ms  189/  191 (99%) 36745.115/20121.407/27978.289/1829.819 ms    0 pps
[SUM] 25.00-30.00 sec  28.7 KBytes  47.0 Kbits/sec   11 pps
[  6] 0.00-32.56 sec  15.2 KBytes  3.83 Kbits/sec   0.000 ms  407/  433 (0%) -/-/-/- ms    0 pps
[SUM] 0.00-32.56 sec   172 KBytes  43.3 Kbits/sec    6 pps
