------------------------------------------------------------
Server listening on UDP port 5001 with pid 7594
Receiving 600 byte datagrams
UDP buffer size:  208 KByte (default)
------------------------------------------------------------
[  3] local 10.0.0.2 port 5001 connected with 10.0.0.1 port 51294
[  4] local 10.0.0.2 port 5001 connected with 10.0.0.1 port 33383
[  5] local 10.0.0.2 port 5001 connected with 10.0.0.1 port 40279
[  6] local 10.0.0.2 port 5001 connected with 10.0.0.1 port 59562
[  7] local 10.0.0.2 port 5001 connected with 10.0.0.1 port 44917
[  8] local 10.0.0.2 port 5001 connected with 10.0.0.1 port 44060
[ ID] Interval       Transfer     Bandwidth        Jitter   Lost/Total  Latency avg/min/max/stdev PPS
[  7] 0.00-5.00 sec  4.69 KBytes  7.68 Kbits/sec  222.947 ms    0/    8 (0%) 2899.300/783.901/5066.063/1558.261 ms    2 pps
[  8] 0.00-5.00 sec  4.69 KBytes  7.68 Kbits/sec  222.366 ms    0/    8 (0%) 3027.560/886.571/5168.696/1535.456 ms    2 pps
[  3] 0.00-5.00 sec  5.27 KBytes  8.64 Kbits/sec  237.504 ms    0/    9 (0%) 2877.298/578.804/5267.166/1657.306 ms    2 pps
[  4] 0.00-5.00 sec  5.27 KBytes  8.64 Kbits/sec  248.013 ms    0/    9 (0%) 3002.811/373.354/5369.902/1725.685 ms    2 pps
[  5] 0.00-5.00 sec  5.27 KBytes  8.64 Kbits/sec  252.394 ms    0/    9 (0%) 2968.529/476.032/5472.606/1646.175 ms    2 pps
[  6] 0.00-5.00 sec  5.27 KBytes  8.64 Kbits/sec  248.341 ms    0/    9 (0%) 3071.246/681.566/5575.306/1699.631 ms    2 pps
[SUM] 0.00-5.00 sec  30.5 KBytes  49.9 Kbits/sec   11 pps
[  7] 5.00-10.00 sec  4.69 KBytes  7.68 Kbits/sec  379.740 ms    0/    8 (0%) 8452.147/5066.063/9959.984/1498.450 ms    2 pps
[  8] 5.00-10.00 sec  4.69 KBytes  7.68 Kbits/sec  379.391 ms    0/    8 (0%) 8567.555/5168.696/10062.570/1498.463 ms    2 pps
[  3] 5.00-10.00 sec  4.69 KBytes  7.68 Kbits/sec  386.005 ms    0/    8 (0%) 8768.251/5267.166/10161.074/1503.869 ms    2 pps
[  5] 5.00-10.00 sec  4.69 KBytes  7.68 Kbits/sec  393.398 ms    0/    8 (0%) 8793.928/5472.606/10263.796/1547.041 ms    2 pps
[  4] 5.00-10.00 sec  4.69 KBytes  7.68 Kbits/sec  400.229 ms    0/    8 (0%) 8845.294/5369.902/10366.522/1482.409 ms    2 pps
[  6] 5.00-10.00 sec  4.69 KBytes  7.68 Kbits/sec  395.695 ms    0/    8 (0%) 8999.336/5575.306/10469.208/1469.987 ms    2 pps
[SUM] 5.00-10.00 sec  28.1 KBytes  46.1 Kbits/sec   10 pps
[  8] 10.00-15.00 sec  4.69 KBytes  7.68 Kbits/sec  473.094 ms    0/    8 (0%) 14073.239/10062.570/14956.507/1498.456 ms    2 pps
[  3] 10.00-15.00 sec  4.69 KBytes  7.68 Kbits/sec  474.425 ms    0/    8 (0%) 14286.772/10161.074/15054.980/1468.222 ms    2 pps
[  4] 10.00-15.00 sec  4.69 KBytes  7.68 Kbits/sec  482.463 ms    0/    8 (0%) 14273.933/10366.522/15157.728/1502.378 ms    2 pps
[  6] 10.00-15.00 sec  4.69 KBytes  7.68 Kbits/sec  477.312 ms    0/    8 (0%) 14479.322/10469.208/15260.362/1511.366 ms    2 pps
[  5] 10.00-15.00 sec  4.69 KBytes  7.68 Kbits/sec  492.630 ms    0/    8 (0%) 14389.475/10263.796/15363.072/1522.660 ms    2 pps
[  7] 10.00-15.00 sec  5.27 KBytes  8.64 Kbits/sec  481.954 ms    0/    9 (0%) 14125.379/9959.984/15465.660/1675.320 ms    2 pps
[SUM] 10.00-15.00 sec  28.7 KBytes  47.0 Kbits/sec   10 pps
[  5] 15.00-20.00 sec  4.69 KBytes  7.68 Kbits/sec  526.431 ms    0/    8 (0%) 19805.274/15363.072/19948.934/1477.109 ms    2 pps
[  4] 15.00-20.00 sec  4.69 KBytes  7.68 Kbits/sec  534.132 ms    0/    8 (0%) 19818.119/15157.728/20051.665/1532.472 ms    2 pps
[  6] 15.00-20.00 sec  4.69 KBytes  7.68 Kbits/sec  529.876 ms    0/    8 (0%) 19984.985/15260.362/20154.335/1478.299 ms    2 pps
[  3] 15.00-20.00 sec  4.69 KBytes  7.68 Kbits/sec  546.151 ms    0/    8 (0%) 19843.793/15054.980/20256.985/1517.346 ms    2 pps
[  7] 15.00-20.00 sec  4.69 KBytes  7.68 Kbits/sec  534.294 ms    0/    8 (0%) 20151.724/15465.660/20359.596/1498.455 ms    2 pps
[  8] 15.00-20.00 sec  5.27 KBytes  8.64 Kbits/sec  534.177 ms    0/    9 (0%) 19677.051/14956.507/20462.158/1675.319 ms    2 pps
[SUM] 15.00-20.00 sec  28.7 KBytes  47.0 Kbits/sec   11 pps
[  4] 20.00-25.00 sec  4.69 KBytes  7.68 Kbits/sec  558.987 ms    0/    8 (0%) 25298.130/20051.665/24842.889/1484.870 ms    2 pps
[  5] 20.00-25.00 sec  4.69 KBytes  7.68 Kbits/sec  565.116 ms    0/    8 (0%) 25298.133/19948.934/24945.615/1446.682 ms    2 pps
[  6] 20.00-25.00 sec  4.69 KBytes  7.68 Kbits/sec  560.959 ms    0/    8 (0%) 25503.517/20154.335/25048.290/1462.854 ms    2 pps
[  3] 20.00-25.00 sec  4.69 KBytes  7.68 Kbits/sec  576.698 ms    0/    8 (0%) 25375.157/20256.985/25150.967/1605.423 ms    2 pps
[  7] 20.00-25.00 sec  4.69 KBytes  7.68 Kbits/sec  565.528 ms    0/    8 (0%) 25657.393/20359.596/25253.540/1498.456 ms    2 pps
[  8] 20.00-25.00 sec  4.69 KBytes  7.68 Kbits/sec  565.458 ms    0/    8 (0%) 25772.793/20462.158/25356.112/1498.447 ms    2 pps
[SUM] 20.00-25.00 sec  28.1 KBytes  46.1 Kbits/sec   10 pps
[  4] 25.00-30.00 sec  4.69 KBytes  7.68 Kbits/sec  583.143 ms    0/    8 (0%) 30855.154/24842.889/29839.509/1450.773 ms    2 pps
[  4] 0.00-30.04 sec  28.7 KBytes  7.83 Kbits/sec  583.143 ms    0/   49 (0%) 15182.890/373.354/29839.509/8726.550 ms    1 pps
[  5] 25.00-30.00 sec  4.69 KBytes  7.68 Kbits/sec  591.691 ms    0/    8 (0%) 30778.113/24945.615/29942.198/1528.060 ms    2 pps
[  5] 0.00-30.14 sec  28.7 KBytes  7.80 Kbits/sec  591.691 ms    0/   49 (0%) 15168.207/476.032/29942.198/8716.457 ms    1 pps
[  6] 25.00-30.00 sec  4.69 KBytes  7.68 Kbits/sec  586.301 ms    0/    8 (0%) 31009.192/25048.290/30044.908/1475.058 ms    2 pps
[  6] 0.00-30.25 sec  28.7 KBytes  7.78 Kbits/sec  586.301 ms    0/   49 (0%) 15325.398/681.566/30044.908/8748.043 ms    1 pps
[  7] 25.00-30.00 sec  4.69 KBytes  7.68 Kbits/sec  584.165 ms    0/    8 (0%) 31163.076/25253.540/30147.471/1498.451 ms    2 pps
[  7] 0.00-30.35 sec  28.7 KBytes  7.75 Kbits/sec  584.165 ms    0/   49 (0%) 15461.484/783.901/30147.471/8748.655 ms    1 pps
[  8] 25.00-30.00 sec  4.69 KBytes  7.68 Kbits/sec  584.123 ms    0/    8 (0%) 31278.450/25356.112/30250.035/1498.459 ms    2 pps
[  8] 0.00-30.45 sec  28.7 KBytes  7.72 Kbits/sec  584.123 ms    0/   49 (0%) 15568.249/886.571/30250.035/8741.917 ms    1 pps
[  3] 25.00-30.00 sec  5.27 KBytes  8.64 Kbits/sec  584.010 ms    0/    9 (0%) 30810.275/25150.967/30451.312/1712.016 ms    2 pps
[SUM] 25.00-30.00 sec  28.7 KBytes  47.0 Kbits/sec   10 pps
[  3] 0.00-30.66 sec  29.3 KBytes  7.83 Kbits/sec  584.010 ms    0/   50 (0%) 15469.775/578.804/30451.312/8944.658 ms    1 pps
[SUM] 0.00-30.66 sec   173 KBytes  46.2 Kbits/sec    6 pps
