------------------------------------------------------------
Server listening on UDP port 5001 with pid 5316
Receiving 600 byte datagrams
UDP buffer size:  208 KByte (default)
------------------------------------------------------------
[  3] local 10.0.0.2 port 5001 connected with 10.0.0.1 port 33348
[  4] local 10.0.0.2 port 5001 connected with 10.0.0.1 port 39156
[  5] local 10.0.0.2 port 5001 connected with 10.0.0.1 port 41339
[  6] local 10.0.0.2 port 5001 connected with 10.0.0.1 port 35301
[  7] local 10.0.0.2 port 5001 connected with 10.0.0.1 port 38986
[  8] local 10.0.0.2 port 5001 connected with 10.0.0.1 port 53696
[ ID] Interval       Transfer     Bandwidth        Jitter   Lost/Total  Latency avg/min/max/stdev PPS
[  7] 0.00-5.00 sec  4.69 KBytes  7.68 Kbits/sec  222.323 ms    0/    8 (0%) 2924.373/783.338/5065.477/1540.109 ms    2 pps
[  8] 0.00-5.00 sec  4.69 KBytes  7.68 Kbits/sec  222.715 ms    0/    8 (0%) 3014.239/886.105/5168.174/1532.909 ms    2 pps
[  3] 0.00-5.00 sec  5.27 KBytes  8.64 Kbits/sec  234.090 ms    0/    9 (0%) 2865.492/681.123/5266.829/1643.977 ms    2 pps
[  6] 0.00-5.00 sec  5.27 KBytes  8.64 Kbits/sec  243.229 ms    0/    9 (0%) 3036.649/475.749/5369.466/1714.884 ms    2 pps
[  4] 0.00-5.00 sec  5.27 KBytes  8.64 Kbits/sec  245.807 ms    0/    9 (0%) 3059.465/578.375/5472.178/1665.897 ms    2 pps
[  5] 0.00-5.00 sec  5.27 KBytes  8.64 Kbits/sec  263.369 ms    0/    9 (0%) 2945.356/372.976/5574.809/1720.345 ms    2 pps
[SUM] 0.00-5.00 sec  30.5 KBytes  49.9 Kbits/sec   11 pps
[  7] 5.00-10.00 sec  4.69 KBytes  7.68 Kbits/sec  379.365 ms    0/    8 (0%) 8451.492/5065.477/9959.364/1498.449 ms    2 pps
[  8] 5.00-10.00 sec  4.69 KBytes  7.68 Kbits/sec  379.602 ms    0/    8 (0%) 8567.020/5168.174/10062.102/1498.457 ms    2 pps
[  3] 5.00-10.00 sec  4.69 KBytes  7.68 Kbits/sec  385.436 ms    0/    8 (0%) 8716.518/5266.829/10160.729/1479.321 ms    2 pps
[  6] 5.00-10.00 sec  4.69 KBytes  7.68 Kbits/sec  387.851 ms    0/    8 (0%) 8947.579/5369.466/10263.435/1464.131 ms    2 pps
[  5] 5.00-10.00 sec  4.69 KBytes  7.68 Kbits/sec  402.423 ms    0/    8 (0%) 8819.195/5574.809/10366.140/1530.088 ms    2 pps
[  4] 5.00-10.00 sec  4.69 KBytes  7.68 Kbits/sec  399.766 ms    0/    8 (0%) 8921.899/5472.178/10468.802/1527.573 ms    2 pps
[SUM] 5.00-10.00 sec  28.1 KBytes  46.1 Kbits/sec   10 pps
[  8] 10.00-15.00 sec  4.69 KBytes  7.68 Kbits/sec  473.875 ms    0/    8 (0%) 14075.478/10062.102/14967.216/1502.386 ms    2 pps
[  3] 10.00-15.00 sec  4.69 KBytes  7.68 Kbits/sec  476.272 ms    0/    8 (0%) 14226.379/10160.729/15065.877/1507.256 ms    2 pps
[  4] 10.00-15.00 sec  4.69 KBytes  7.68 Kbits/sec  474.672 ms    0/    8 (0%) 14444.599/10468.802/15168.558/1483.724 ms    2 pps
[  5] 10.00-15.00 sec  4.69 KBytes  7.68 Kbits/sec  490.079 ms    0/    8 (0%) 14316.238/10366.140/15271.285/1542.876 ms    2 pps
[  6] 10.00-15.00 sec  4.69 KBytes  7.68 Kbits/sec  488.374 ms    0/    8 (0%) 14457.441/10263.435/15373.991/1487.192 ms    2 pps
[  7] 10.00-15.00 sec  5.27 KBytes  8.64 Kbits/sec  482.361 ms    0/    9 (0%) 14128.424/9959.364/15476.262/1679.926 ms    2 pps
[SUM] 10.00-15.00 sec  28.7 KBytes  47.0 Kbits/sec   10 pps
[  3] 15.00-20.00 sec  4.69 KBytes  7.68 Kbits/sec  529.701 ms    0/    8 (0%) 19740.471/15065.877/19959.818/1546.570 ms    2 pps
[  5] 15.00-20.00 sec  4.69 KBytes  7.68 Kbits/sec  534.767 ms    0/    8 (0%) 19843.169/15271.285/20062.516/1483.853 ms    2 pps
[  4] 15.00-20.00 sec  4.69 KBytes  7.68 Kbits/sec  533.508 ms    0/    8 (0%) 19945.855/15168.558/20165.199/1459.810 ms    2 pps
[  6] 15.00-20.00 sec  4.69 KBytes  7.68 Kbits/sec  540.145 ms    0/    8 (0%) 19971.526/15373.991/20267.894/1512.143 ms    2 pps
[  7] 15.00-20.00 sec  4.69 KBytes  7.68 Kbits/sec  534.208 ms    0/    8 (0%) 20176.480/15476.262/20370.217/1495.896 ms    2 pps
[  8] 15.00-20.00 sec  5.27 KBytes  8.64 Kbits/sec  534.948 ms    0/    9 (0%) 19677.530/14967.216/20472.914/1675.663 ms    2 pps
[SUM] 15.00-20.00 sec  28.7 KBytes  47.0 Kbits/sec   10 pps
[  5] 20.00-25.00 sec  4.69 KBytes  7.68 Kbits/sec  559.117 ms    0/    8 (0%) 25323.155/20062.516/24853.712/1459.028 ms    2 pps
[  4] 20.00-25.00 sec  4.69 KBytes  7.68 Kbits/sec  557.910 ms    0/    8 (0%) 25451.528/20165.199/24956.416/1490.903 ms    2 pps
[  3] 20.00-25.00 sec  4.69 KBytes  7.68 Kbits/sec  575.311 ms    0/    8 (0%) 25246.149/19959.818/25059.101/1532.945 ms    2 pps
[  6] 20.00-25.00 sec  4.69 KBytes  7.68 Kbits/sec  570.328 ms    0/    8 (0%) 25502.878/20267.894/25161.829/1518.307 ms    2 pps
[  7] 20.00-25.00 sec  4.69 KBytes  7.68 Kbits/sec  565.477 ms    0/    8 (0%) 25669.326/20370.217/25264.161/1498.457 ms    2 pps
[  8] 20.00-25.00 sec  4.69 KBytes  7.68 Kbits/sec  565.917 ms    0/    8 (0%) 25784.858/20472.914/25366.836/1498.448 ms    2 pps
[SUM] 20.00-25.00 sec  28.1 KBytes  46.1 Kbits/sec   10 pps
[  5] 25.00-30.00 sec  4.69 KBytes  7.68 Kbits/sec  584.137 ms    0/    8 (0%) 30828.835/24853.712/29850.390/1483.858 ms    2 pps
[  5] 0.00-30.05 sec  28.7 KBytes  7.83 Kbits/sec  584.137 ms    0/   49 (0%) 15171.928/372.976/29850.390/8745.161 ms    1 pps
[  4] 25.00-30.00 sec  4.69 KBytes  7.68 Kbits/sec  582.753 ms    0/    8 (0%) 30970.050/24956.416/29953.078/1478.302 ms    2 pps
[  4] 0.00-30.15 sec  28.7 KBytes  7.80 Kbits/sec  582.753 ms    0/   49 (0%) 15289.296/578.375/29953.078/8745.351 ms    1 pps
[  6] 25.00-30.00 sec  4.69 KBytes  7.68 Kbits/sec  588.274 ms    0/    8 (0%) 31008.554/25161.829/30055.782/1535.941 ms    2 pps
[  6] 0.00-30.26 sec  28.7 KBytes  7.77 Kbits/sec  588.274 ms    0/   49 (0%) 15306.062/475.749/30055.782/8756.796 ms    1 pps
[  7] 25.00-30.00 sec  4.69 KBytes  7.68 Kbits/sec  583.806 ms    0/    8 (0%) 31187.841/25264.161/30158.125/1495.923 ms    2 pps
[  7] 0.00-30.36 sec  28.7 KBytes  7.75 Kbits/sec  583.806 ms    0/   49 (0%) 15475.437/783.338/30158.125/8750.511 ms    1 pps
[  8] 25.00-30.00 sec  4.69 KBytes  7.68 Kbits/sec  584.729 ms    0/    8 (0%) 31277.704/25366.836/30260.801/1501.904 ms    2 pps
[  8] 0.00-30.46 sec  28.7 KBytes  7.72 Kbits/sec  584.729 ms    0/   49 (0%) 15567.651/886.105/30260.801/8746.209 ms    1 pps
[  3] 25.00-30.00 sec  5.27 KBytes  8.64 Kbits/sec  583.702 ms    0/    9 (0%) 30696.805/25059.101/30359.418/1675.332 ms    2 pps
[SUM] 25.00-30.00 sec  28.7 KBytes  47.0 Kbits/sec   10 pps
[  3] 0.00-30.57 sec  29.3 KBytes  7.85 Kbits/sec  583.702 ms    0/   50 (0%) 15399.689/681.123/30359.418/8911.338 ms    1 pps
[SUM] 0.00-30.57 sec   173 KBytes  46.3 Kbits/sec    6 pps
