------------------------------------------------------------
Server listening on UDP port 5001 with pid 9431
Receiving 600 byte datagrams
UDP buffer size:  208 KByte (default)
------------------------------------------------------------
[  3] local 10.0.0.2 port 5001 connected with 10.0.0.1 port 57350
[  4] local 10.0.0.2 port 5001 connected with 10.0.0.1 port 48171
[  5] local 10.0.0.2 port 5001 connected with 10.0.0.1 port 50642
[  6] local 10.0.0.2 port 5001 connected with 10.0.0.1 port 52071
[  7] local 10.0.0.2 port 5001 connected with 10.0.0.1 port 35122
[  8] local 10.0.0.2 port 5001 connected with 10.0.0.1 port 44761
[ ID] Interval       Transfer     Bandwidth        Jitter   Lost/Total  Latency avg/min/max/stdev PPS
[  3] 0.00-5.00 sec  11.7 KBytes  19.2 Kbits/sec  142.607 ms   50/   70 (71%) 2992.034/684.675/4785.798/1169.721 ms    4 pps
[  4] 0.00-5.00 sec  4.69 KBytes  7.68 Kbits/sec  229.492 ms   65/   73 (89%) 2787.842/376.663/4874.767/1540.496 ms    2 pps
[  5] 0.00-5.00 sec  4.69 KBytes  7.68 Kbits/sec  222.789 ms   67/   75 (89%) 2957.296/582.056/4968.340/1592.718 ms    2 pps
[  7] 0.00-5.00 sec  2.93 KBytes  4.80 Kbits/sec  282.229 ms   88/   93 (95%) 2839.134/890.002/5707.779/2218.774 ms    1 pps
[  8] 0.00-5.00 sec  4.69 KBytes  7.68 Kbits/sec  283.733 ms   91/   99 (92%) 2897.652/787.334/5988.375/1755.630 ms    1 pps
[  6] 0.00-5.00 sec  1.17 KBytes  1.92 Kbits/sec  63.903 ms    0/    2 (0%) 990.612/479.388/1501.837/867.476 ms    1 pps
[SUM] 0.00-5.00 sec  29.9 KBytes  49.0 Kbits/sec   10 pps
[  4] 5.00-10.00 sec  6.45 KBytes  10.6 Kbits/sec  306.990 ms   94/  105 (90%) 7849.516/4874.767/9221.999/1570.046 ms    2 pps
[  3] 5.00-10.00 sec  15.2 KBytes  25.0 Kbits/sec  175.266 ms   84/  110 (76%) 7237.116/4785.798/9315.550/1232.560 ms    5 pps
[  5] 5.00-10.00 sec  3.52 KBytes  5.76 Kbits/sec  381.986 ms  102/  108 (94%) 8724.203/4968.340/9404.522/1118.211 ms    1 pps
[  7] 5.00-10.00 sec  1.17 KBytes  1.92 Kbits/sec  381.980 ms   52/   54 (96%) 10271.942/5707.779/7925.774/718.027 ms    1 pps
[  8] 5.00-10.00 sec  0.00 KBytes  0.00 Kbits/sec   0.000 ms    0/    0 (0%) -/-/-/- ms    0 pps
[  6] 5.00-10.00 sec  0.59 KBytes  0.96 Kbits/sec  496.206 ms  157/  158 (99%) 9984.431/1501.837/8482.594/ 0.000 ms    0 pps
[SUM] 5.00-10.00 sec  27.0 KBytes  44.2 Kbits/sec   10 pps
[  3] 10.00-15.00 sec  11.7 KBytes  19.2 Kbits/sec  225.315 ms   88/  108 (81%) 11813.890/9315.550/13751.696/1189.370 ms    4 pps
[  4] 10.00-15.00 sec  9.38 KBytes  15.4 Kbits/sec  306.305 ms   96/  112 (86%) 12023.153/9221.999/13845.298/1299.177 ms    3 pps
[  5] 10.00-15.00 sec  6.45 KBytes  10.6 Kbits/sec  382.847 ms  101/  112 (90%) 13370.877/9404.522/14027.801/1271.646 ms    2 pps
[  8] 10.00-15.00 sec  0.59 KBytes  0.96 Kbits/sec  843.629 ms  224/  225 (1e+02%) 15230.438/15230.438/15230.438/ 0.000 ms    0 pps
[  6] 10.00-15.00 sec  0.59 KBytes  0.96 Kbits/sec  742.455 ms  107/  108 (99%) 21401.368/8482.594/12918.774/ 0.000 ms    0 pps
[  7] 10.00-15.00 sec  0.59 KBytes  0.96 Kbits/sec  710.814 ms  135/  136 (99%) 13569.094/13569.094/13569.094/ 0.000 ms    0 pps
[SUM] 10.00-15.00 sec  29.3 KBytes  48.0 Kbits/sec   10 pps
[  6] 15.00-20.00 sec  0.59 KBytes  0.96 Kbits/sec  1031.217 ms  129/  130 (99%) 18281.421/18281.421/18281.421/ 0.000 ms    0 pps
[  3] 15.00-20.00 sec  10.5 KBytes  17.3 Kbits/sec  260.183 ms   94/  112 (84%) 16688.794/13751.696/18375.018/1309.037 ms    4 pps
[  5] 15.00-20.00 sec  7.03 KBytes  11.5 Kbits/sec  379.358 ms   95/  107 (89%) 17509.225/14027.801/18468.572/1345.130 ms    2 pps
[  4] 15.00-20.00 sec  9.38 KBytes  15.4 Kbits/sec  329.306 ms  112/  128 (88%) 17355.711/13845.298/19114.353/1456.824 ms    3 pps
[  8] 15.00-20.00 sec  0.59 KBytes  0.96 Kbits/sec  1062.601 ms  104/  105 (99%) 19577.621/19577.621/19577.621/ 0.000 ms    0 pps
[  7] 15.00-20.00 sec  1.17 KBytes  1.92 Kbits/sec  869.959 ms   99/  101 (98%) 24326.641/13569.094/17729.241/264.666 ms    0 pps
[SUM] 15.00-20.00 sec  29.3 KBytes  48.0 Kbits/sec    8 pps
[  3] 20.00-25.00 sec  11.7 KBytes  19.2 Kbits/sec  224.328 ms   86/  106 (81%) 21673.302/18375.018/22717.646/1293.041 ms    4 pps
[  4] 20.00-25.00 sec  4.10 KBytes  6.72 Kbits/sec  412.240 ms   85/   92 (92%) 23746.870/19114.353/22904.760/1388.290 ms    2 pps
[  5] 20.00-25.00 sec  8.79 KBytes  14.4 Kbits/sec  333.284 ms   98/  113 (87%) 22218.064/18468.572/23087.317/1367.842 ms    3 pps
[  7] 20.00-25.00 sec  0.59 KBytes  0.96 Kbits/sec  1017.685 ms   78/   79 (99%) 38692.048/17729.241/20962.807/ 0.000 ms    0 pps
[  6] 20.00-25.00 sec  1.76 KBytes  2.88 Kbits/sec  1169.758 ms  125/  128 (98%) 26933.355/18281.421/23550.554/2434.996 ms    1 pps
[  8] 20.00-25.00 sec  0.59 KBytes  0.96 Kbits/sec  1007.597 ms    4/    5 (80%) 39337.779/19577.621/19760.158/ 0.000 ms    5 pps
[SUM] 20.00-25.00 sec  27.5 KBytes  45.1 Kbits/sec   10 pps
[  3] 25.00-30.00 sec  10.5 KBytes  17.3 Kbits/sec  264.832 ms   92/  110 (84%) 25902.429/22717.646/27247.348/1316.476 ms    4 pps
[  3] 0.00-30.04 sec  71.5 KBytes  19.5 Kbits/sec  264.832 ms  494/  616 (80%) 13241.359/684.675/27247.348/7577.146 ms    4 pps
[  4] 25.00-30.00 sec  10.5 KBytes  17.3 Kbits/sec  286.378 ms   90/  108 (83%) 26775.409/22904.760/27340.931/1359.545 ms    4 pps
[  4] 0.00-30.14 sec  44.5 KBytes  12.1 Kbits/sec  286.378 ms  542/  618 (88%) 15222.809/376.663/27340.931/7695.486 ms    2 pps
[  8] 25.00-30.00 sec  1.17 KBytes  1.92 Kbits/sec  1339.583 ms  184/  186 (99%) 36760.034/19760.158/27434.492/784.234 ms    0 pps
[  7] 25.00-30.00 sec  0.00 KBytes  0.00 Kbits/sec   0.000 ms    0/    0 (0%) -/-/-/- ms    0 pps
[  7] 0.00-30.80 sec  6.45 KBytes  1.71 Kbits/sec   0.000 ms  452/  463 (0%) -/-/-/- ms    0 pps
[  6] 25.00-30.00 sec  0.00 KBytes  0.00 Kbits/sec   0.000 ms    0/    0 (0%) -/-/-/- ms    0 pps
[  6] 0.00-31.06 sec  4.69 KBytes  1.24 Kbits/sec   0.000 ms  518/  526 (0%) -/-/-/- ms    0 pps
[  5] 25.00-30.00 sec  6.45 KBytes  10.6 Kbits/sec  427.649 ms  121/  132 (92%) 27910.431/23087.317/28543.543/1221.965 ms    2 pps
[SUM] 25.00-30.00 sec  28.7 KBytes  47.0 Kbits/sec   10 pps
[  5] 0.00-31.48 sec  36.9 KBytes  9.61 Kbits/sec  427.649 ms  584/  647 (90%) 15928.938/582.056/28543.543/7430.001 ms    2 pps
[  8] 0.00-32.85 sec  7.62 KBytes  1.90 Kbits/sec   0.000 ms  607/  620 (0%) -/-/-/- ms    0 pps
[SUM] 0.00-32.85 sec   172 KBytes  42.8 Kbits/sec    8 pps
