------------------------------------------------------------
Server listening on UDP port 5001 with pid 14602
Receiving 600 byte datagrams
UDP buffer size:  208 KByte (default)
------------------------------------------------------------
[  3] local 10.0.0.2 port 5001 connected with 10.0.0.1 port 53695
[  4] local 10.0.0.2 port 5001 connected with 10.0.0.1 port 51162
[  5] local 10.0.0.2 port 5001 connected with 10.0.0.1 port 51611
[  6] local 10.0.0.2 port 5001 connected with 10.0.0.1 port 40916
[  7] local 10.0.0.2 port 5001 connected with 10.0.0.1 port 34686
[  8] local 10.0.0.2 port 5001 connected with 10.0.0.1 port 49206
[ ID] Interval       Transfer     Bandwidth        Jitter   Lost/Total  Latency avg/min/max/stdev PPS
[  8] 0.00-2.00 sec  1.76 KBytes  7.20 Kbits/sec  93.330 ms    0/    3 (0%) 1291.162/576.679/2108.206/872.102 ms    2 pps
[  3] 0.00-2.00 sec  2.34 KBytes  9.60 Kbits/sec  89.588 ms    0/    4 (0%) 1442.938/679.339/2206.601/792.276 ms    2 pps
[  4] 0.00-2.00 sec  2.34 KBytes  9.60 Kbits/sec  112.569 ms    0/    4 (0%) 1417.310/371.426/2309.299/841.017 ms    2 pps
[  5] 0.00-2.00 sec  2.34 KBytes  9.60 Kbits/sec  90.445 ms    0/    4 (0%) 1596.627/884.740/2411.994/809.262 ms    2 pps
[  7] 0.00-2.00 sec  2.34 KBytes  9.60 Kbits/sec  118.592 ms    0/    4 (0%) 1571.340/474.018/2514.682/905.572 ms    2 pps
[  6] 0.00-2.00 sec  2.34 KBytes  9.60 Kbits/sec  109.185 ms    0/    4 (0%) 1596.970/782.160/2617.346/976.534 ms    2 pps
[SUM] 0.00-2.00 sec  13.5 KBytes  55.2 Kbits/sec   12 pps
[  3] 2.00-4.00 sec  1.76 KBytes  7.20 Kbits/sec  180.339 ms    0/    3 (0%) 4268.211/2206.601/4041.699/509.012 ms    2 pps
[  7] 2.00-4.00 sec  1.76 KBytes  7.20 Kbits/sec  193.307 ms    0/    3 (0%) 4439.377/2514.682/4144.404/623.117 ms    2 pps
[  4] 2.00-4.00 sec  1.76 KBytes  7.20 Kbits/sec  207.627 ms    0/    3 (0%) 4268.223/2309.299/4247.121/716.872 ms    2 pps
[  5] 2.00-4.00 sec  1.76 KBytes  7.20 Kbits/sec  188.243 ms    0/    3 (0%) 4507.851/2411.994/4349.806/614.572 ms    2 pps
[  6] 2.00-4.00 sec  1.76 KBytes  7.20 Kbits/sec  197.644 ms    0/    3 (0%) 4713.195/2617.346/4452.501/611.730 ms    2 pps
[  8] 2.00-4.00 sec  2.34 KBytes  9.60 Kbits/sec  211.276 ms    0/    4 (0%) 4164.613/2108.206/4555.097/789.697 ms    2 pps
[SUM] 2.00-4.00 sec  11.1 KBytes  45.6 Kbits/sec   10 pps
[  3] 4.00-6.00 sec  1.76 KBytes  7.20 Kbits/sec  262.319 ms    0/    3 (0%) 6680.887/4041.699/5979.618/614.603 ms    2 pps
[  7] 4.00-6.00 sec  1.76 KBytes  7.20 Kbits/sec  272.229 ms    0/    3 (0%) 6886.300/4144.404/6082.345/561.173 ms    2 pps
[  5] 4.00-6.00 sec  1.76 KBytes  7.20 Kbits/sec  263.165 ms    0/    3 (0%) 6988.977/4349.806/6185.018/663.748 ms    2 pps
[  6] 4.00-6.00 sec  1.76 KBytes  7.20 Kbits/sec  270.132 ms    0/    3 (0%) 7194.338/4452.501/6287.680/614.614 ms    2 pps
[  8] 4.00-6.00 sec  1.76 KBytes  7.20 Kbits/sec  282.172 ms    0/    3 (0%) 7262.768/4555.097/6390.370/614.602 ms    2 pps
[  4] 4.00-6.00 sec  2.34 KBytes  9.60 Kbits/sec  295.036 ms    0/    4 (0%) 6684.186/4247.121/6591.366/817.997 ms    2 pps
[SUM] 4.00-6.00 sec  11.1 KBytes  45.6 Kbits/sec   10 pps
[  7] 6.00-8.00 sec  1.76 KBytes  7.20 Kbits/sec  337.632 ms    0/    3 (0%) 9435.950/6082.345/8020.248/611.744 ms    2 pps
[  6] 6.00-8.00 sec  1.76 KBytes  7.20 Kbits/sec  330.265 ms    0/    3 (0%) 9607.073/6287.680/8122.916/611.742 ms    2 pps
[  8] 6.00-8.00 sec  1.76 KBytes  7.20 Kbits/sec  340.185 ms    0/    3 (0%) 9743.997/6390.370/8225.604/611.730 ms    2 pps
[  4] 6.00-8.00 sec  1.76 KBytes  7.20 Kbits/sec  344.742 ms    0/    3 (0%) 9943.480/6591.366/8323.889/614.631 ms    2 pps
[  3] 6.00-8.00 sec  2.34 KBytes  9.60 Kbits/sec  342.576 ms    0/    4 (0%) 8952.526/5979.618/8426.594/818.003 ms    2 pps
[  5] 6.00-8.00 sec  2.34 KBytes  9.60 Kbits/sec  337.185 ms    0/    4 (0%) 9157.916/6185.018/8529.275/789.754 ms    2 pps
[SUM] 6.00-8.00 sec  11.7 KBytes  48.0 Kbits/sec   10 pps
[  6] 8.00-10.00 sec  1.76 KBytes  7.20 Kbits/sec  379.435 ms    0/    3 (0%) 12088.247/8122.916/9958.132/561.196 ms    2 pps
[  8] 8.00-10.00 sec  1.76 KBytes  7.20 Kbits/sec  388.363 ms    0/    3 (0%) 12156.722/8225.604/10060.852/663.777 ms    2 pps
[  4] 8.00-10.00 sec  1.76 KBytes  7.20 Kbits/sec  391.361 ms    0/    3 (0%) 12356.213/8323.889/10159.055/561.146 ms    2 pps
[  3] 8.00-10.00 sec  1.76 KBytes  7.20 Kbits/sec  390.330 ms    0/    3 (0%) 12424.691/8426.594/10261.786/663.746 ms    2 pps
[  5] 8.00-10.00 sec  1.76 KBytes  7.20 Kbits/sec  384.736 ms    0/    3 (0%) 12664.339/8529.275/10364.494/561.157 ms    2 pps
[  7] 8.00-10.00 sec  2.34 KBytes  9.60 Kbits/sec  400.778 ms    0/    4 (0%) 11503.330/8020.248/10467.245/791.989 ms    2 pps
[SUM] 8.00-10.00 sec  11.1 KBytes  45.6 Kbits/sec   10 pps
[  3] 10.00-12.00 sec  5.27 KBytes  21.6 Kbits/sec  292.249 ms   16/   25 (64%) 12558.713/10261.786/11904.826/371.317 ms    5 pps
[  4] 10.00-12.00 sec  1.76 KBytes  7.20 Kbits/sec  385.160 ms    7/   10 (70%) 14418.061/10159.055/11254.447/198.493 ms    3 pps
[  5] 10.00-12.00 sec  0.00 KBytes  0.00 Kbits/sec   0.000 ms    0/    0 (0%) -/-/-/- ms    0 pps
[  7] 10.00-12.00 sec  0.00 KBytes  0.00 Kbits/sec   0.000 ms    0/    0 (0%) -/-/-/- ms    0 pps
[  6] 10.00-12.00 sec  0.59 KBytes  2.40 Kbits/sec  393.954 ms    0/    1 (0%) 20527.995/9958.132/10569.863/ 0.000 ms    2 pps
[  8] 10.00-12.00 sec  1.17 KBytes  4.80 Kbits/sec  436.928 ms   17/   19 (89%) 16181.026/10060.852/11628.581/675.967 ms    1 pps
[SUM] 10.00-12.00 sec  8.79 KBytes  36.0 Kbits/sec    9 pps
[  3] 12.00-14.00 sec  5.86 KBytes  24.0 Kbits/sec  240.449 ms   33/   43 (77%) 13945.109/11904.826/13659.662/525.854 ms    5 pps
[  4] 12.00-14.00 sec  4.10 KBytes  16.8 Kbits/sec  384.383 ms   58/   65 (89%) 14422.424/11254.447/13935.712/615.774 ms    2 pps
[  6] 12.00-14.00 sec  0.00 KBytes  0.00 Kbits/sec   0.000 ms    0/    0 (0%) -/-/-/- ms    0 pps
[  7] 12.00-14.00 sec  1.76 KBytes  7.20 Kbits/sec  547.678 ms   81/   84 (96%) 13722.005/13383.551/14305.392/507.388 ms    1 pps
[  8] 12.00-14.00 sec  0.00 KBytes  0.00 Kbits/sec   0.000 ms    0/    0 (0%) -/-/-/- ms    0 pps
[  5] 12.00-14.00 sec  0.59 KBytes  2.40 Kbits/sec  560.787 ms   65/   66 (98%) 13566.051/13566.051/13566.051/ 0.000 ms    0 pps
[SUM] 12.00-14.00 sec  12.3 KBytes  50.4 Kbits/sec   11 pps
[  3] 14.00-16.00 sec  3.52 KBytes  14.4 Kbits/sec  263.601 ms   39/   45 (87%) 16938.427/13659.662/15508.030/704.168 ms    3 pps
[  7] 14.00-16.00 sec  1.17 KBytes  4.80 Kbits/sec  504.098 ms    7/    9 (78%) 21689.745/14305.392/14675.096/195.228 ms    5 pps
[  5] 14.00-16.00 sec  1.17 KBytes  4.80 Kbits/sec  616.480 ms   47/   49 (96%) 21830.078/13566.051/15601.561/784.193 ms    1 pps
[  4] 14.00-16.00 sec  5.86 KBytes  24.0 Kbits/sec  303.849 ms   39/   49 (80%) 16274.080/13935.712/15971.301/641.321 ms    4 pps
[  6] 14.00-16.00 sec  0.00 KBytes  0.00 Kbits/sec   0.000 ms    0/    0 (0%) -/-/-/- ms    0 pps
[  8] 14.00-16.00 sec  0.00 KBytes  0.00 Kbits/sec   0.000 ms    0/    0 (0%) -/-/-/- ms    0 pps
[SUM] 14.00-16.00 sec  11.7 KBytes  48.0 Kbits/sec   10 pps
[  4] 16.00-18.00 sec  2.93 KBytes  12.0 Kbits/sec  289.864 ms   26/   31 (84%) 20035.910/15971.301/17267.460/401.213 ms    3 pps
[  3] 16.00-18.00 sec  3.52 KBytes  14.4 Kbits/sec  285.844 ms   39/   45 (87%) 18803.180/15508.030/17356.444/596.921 ms    3 pps
[  5] 16.00-18.00 sec  1.76 KBytes  7.20 Kbits/sec  616.108 ms   42/   45 (93%) 22065.572/15601.561/17450.003/525.061 ms    1 pps
[  7] 16.00-18.00 sec  3.52 KBytes  14.4 Kbits/sec  497.890 ms   68/   74 (92%) 19294.555/14675.096/17726.145/606.807 ms    2 pps
[  6] 16.00-18.00 sec  0.00 KBytes  0.00 Kbits/sec   0.000 ms    0/    0 (0%) -/-/-/- ms    0 pps
[  8] 16.00-18.00 sec  0.00 KBytes  0.00 Kbits/sec   0.000 ms    0/    0 (0%) -/-/-/- ms    0 pps
[SUM] 16.00-18.00 sec  11.7 KBytes  48.0 Kbits/sec   14 pps
[  4] 18.00-20.00 sec  2.93 KBytes  12.0 Kbits/sec  307.708 ms   40/   45 (89%) 22068.709/17267.460/19115.896/447.144 ms    2 pps
[  3] 18.00-20.00 sec  5.86 KBytes  24.0 Kbits/sec  242.875 ms   35/   45 (78%) 19953.564/17356.444/19204.863/536.663 ms    5 pps
[  7] 18.00-20.00 sec  1.17 KBytes  4.80 Kbits/sec  504.375 ms   25/   27 (93%) 27468.933/17726.145/18835.222/324.367 ms    2 pps
[  6] 18.00-20.00 sec  0.00 KBytes  0.00 Kbits/sec   0.000 ms    0/    0 (0%) -/-/-/- ms    0 pps
[  5] 18.00-20.00 sec  0.59 KBytes  2.40 Kbits/sec  670.020 ms   35/   36 (97%) 18928.693/18928.693/18928.693/ 0.000 ms    1 pps
[  8] 18.00-20.00 sec  0.00 KBytes  0.00 Kbits/sec   0.000 ms    0/    0 (0%) -/-/-/- ms    0 pps
[SUM] 18.00-20.00 sec  10.5 KBytes  43.2 Kbits/sec    9 pps
[  3] 20.00-22.00 sec  7.03 KBytes  28.8 Kbits/sec  185.625 ms   28/   40 (70%) 21740.319/19204.863/20870.710/508.445 ms    6 pps
[  4] 20.00-22.00 sec  2.93 KBytes  12.0 Kbits/sec  331.542 ms   42/   47 (89%) 24009.755/19115.896/21057.822/724.447 ms    2 pps
[  7] 20.00-22.00 sec  1.17 KBytes  4.80 Kbits/sec  520.321 ms   29/   31 (94%) 29410.878/18835.222/20131.321/195.238 ms    1 pps
[  5] 20.00-22.00 sec  0.59 KBytes  2.40 Kbits/sec  772.622 ms   55/   56 (98%) 21240.353/21240.353/21240.353/ 0.000 ms    0 pps
[  6] 20.00-22.00 sec  0.00 KBytes  0.00 Kbits/sec   0.000 ms    0/    0 (0%) -/-/-/- ms    0 pps
[  8] 20.00-22.00 sec  0.00 KBytes  0.00 Kbits/sec   0.000 ms    0/    0 (0%) -/-/-/- ms    0 pps
[SUM] 20.00-22.00 sec  11.7 KBytes  48.0 Kbits/sec   11 pps
[  8] 22.00-24.00 sec  0.00 KBytes  0.00 Kbits/sec   0.000 ms    0/    0 (0%) -/-/-/- ms    0 pps
[  3] 22.00-24.00 sec  5.27 KBytes  21.6 Kbits/sec  200.425 ms   36/   45 (80%) 24012.216/20870.710/22719.090/547.642 ms    4 pps
[  7] 22.00-24.00 sec  1.76 KBytes  7.20 Kbits/sec  577.764 ms   62/   65 (95%) 22658.263/22536.560/22812.667/140.928 ms    1 pps
[  4] 22.00-24.00 sec  4.69 KBytes  19.2 Kbits/sec  296.131 ms   40/   48 (83%) 24773.459/21057.822/22995.342/480.937 ms    4 pps
[  5] 22.00-24.00 sec  0.00 KBytes  0.00 Kbits/sec   0.000 ms    0/    0 (0%) -/-/-/- ms    0 pps
[  6] 22.00-24.00 sec  0.00 KBytes  0.00 Kbits/sec   0.000 ms    0/    0 (0%) -/-/-/- ms    0 pps
[SUM] 22.00-24.00 sec  11.7 KBytes  48.0 Kbits/sec  inf pps
[  3] 24.00-26.00 sec  4.10 KBytes  16.8 Kbits/sec  215.711 ms   35/   42 (83%) 27115.146/22719.090/24478.517/446.449 ms    4 pps
[  8] 24.00-26.00 sec  0.00 KBytes  0.00 Kbits/sec   0.000 ms    0/    0 (0%) -/-/-/- ms    0 pps
[  4] 24.00-26.00 sec  3.52 KBytes  14.4 Kbits/sec  289.464 ms   32/   38 (84%) 27539.022/22995.342/24567.498/553.678 ms    3 pps
[  5] 24.00-26.00 sec  0.59 KBytes  2.40 Kbits/sec  886.070 ms   62/   63 (98%) 45068.492/21240.353/23828.139/ 0.000 ms    0 pps
[  7] 24.00-26.00 sec  2.93 KBytes  12.0 Kbits/sec  526.359 ms   42/   47 (89%) 28485.153/22812.667/24754.616/761.687 ms    2 pps
[  6] 24.00-26.00 sec  0.00 KBytes  0.00 Kbits/sec   0.000 ms    0/    0 (0%) -/-/-/- ms    0 pps
[SUM] 24.00-26.00 sec  11.1 KBytes  45.6 Kbits/sec   10 pps
[  6] 26.00-28.00 sec  0.00 KBytes  0.00 Kbits/sec   0.000 ms    0/    0 (0%) -/-/-/- ms    0 pps
[  5] 26.00-28.00 sec  1.17 KBytes  4.80 Kbits/sec  927.361 ms   58/   60 (97%) 26048.513/25770.104/26326.923/393.730 ms    1 pps
[  7] 26.00-28.00 sec  1.76 KBytes  7.20 Kbits/sec  470.558 ms   13/   16 (81%) 33528.736/24754.616/25400.418/140.427 ms    4 pps
[  8] 26.00-28.00 sec  0.00 KBytes  0.00 Kbits/sec   0.000 ms    0/    0 (0%) -/-/-/- ms    0 pps
[  3] 26.00-28.00 sec  4.10 KBytes  16.8 Kbits/sec  238.271 ms   41/   48 (85%) 29055.800/24478.517/26415.943/710.751 ms    3 pps
[  4] 26.00-28.00 sec  4.69 KBytes  19.2 Kbits/sec  269.521 ms   39/   47 (83%) 28784.287/24567.498/26509.464/508.451 ms    4 pps
[SUM] 26.00-28.00 sec  11.7 KBytes  48.0 Kbits/sec  inf pps
[  4] 28.00-30.00 sec  3.52 KBytes  14.4 Kbits/sec  262.292 ms   32/   38 (84%) 32085.095/26509.464/28081.808/363.723 ms    3 pps
[  4] 0.00-30.05 sec  46.9 KBytes  12.8 Kbits/sec  262.292 ms  355/  435 (82%) 16644.182/371.426/28081.808/7613.539 ms    2 pps
[  5] 28.00-30.00 sec  0.59 KBytes  2.40 Kbits/sec  921.457 ms   19/   20 (95%) 53486.749/26326.923/27159.826/ 0.000 ms    1 pps
[  5] 0.00-30.05 sec  17.0 KBytes  4.63 Kbits/sec   0.000 ms  383/  412 (0%) -/-/-/- ms    0 pps
[  3] 28.00-30.00 sec  5.27 KBytes  21.6 Kbits/sec  223.951 ms   33/   42 (79%) 30184.974/26415.943/28175.349/476.327 ms    5 pps
[  3] 0.00-30.15 sec  59.8 KBytes  16.2 Kbits/sec  223.951 ms  335/  437 (77%) 16833.223/679.339/28175.349/7099.268 ms    3 pps
[  8] 28.00-30.00 sec  0.00 KBytes  0.00 Kbits/sec   0.000 ms    0/    0 (0%) -/-/-/- ms    0 pps
[  6] 28.00-30.00 sec  0.59 KBytes  2.40 Kbits/sec  1371.410 ms  381/  382 (1e+02%) 37172.973/10569.863/26603.110/ 0.000 ms    0 pps
[  6] 0.00-30.44 sec  10.5 KBytes  2.84 Kbits/sec   0.000 ms  381/  399 (0%) -/-/-/- ms    0 pps
[  7] 28.00-30.00 sec  0.59 KBytes  2.40 Kbits/sec  602.883 ms   62/   63 (98%) 27988.175/27988.175/27988.175/ 0.000 ms    0 pps
[SUM] 28.00-30.00 sec  10.5 KBytes  43.2 Kbits/sec   10 pps
[  7] 0.00-30.95 sec  25.8 KBytes  6.82 Kbits/sec  602.883 ms  389/  433 (90%) 14403.639/474.018/27988.175/8116.332 ms    1 pps
[  8] 0.00-31.21 sec  10.5 KBytes  2.77 Kbits/sec   0.000 ms   17/   35 (0%) -/-/-/- ms    0 pps
[SUM] 0.00-31.21 sec   171 KBytes  44.8 Kbits/sec    6 pps
