ITGDec version 2.8.1 (r1023)
Compile-time options: bursty multiport
----------------------------------------------------------
Flow number: 3
From 10.0.0.1:32922
To    10.0.0.2:10003
----------------------------------------------------------
Total time               =     90.794900 s
Total packets            =          5767
Minimum delay            =      0.000181 s
Maximum delay            =     75.800079 s
Average delay            =     37.636966 s
Average jitter           =      0.015566 s
Delay standard deviation =     21.311918 s
Bytes received           =       1730100
Average bitrate          =    152.440280 Kbit/s
Average packet rate      =     63.516783 pkt/s
Packets dropped          =          1598 (21.70 %)
Average loss-burst size  =      9.626506 pkt
----------------------------------------------------------
----------------------------------------------------------
Flow number: 2
From 10.0.0.1:40568
To    10.0.0.2:10002
----------------------------------------------------------
Total time               =     90.776324 s
Total packets            =          5531
Minimum delay            =      0.026685 s
Maximum delay            =     75.809819 s
Average delay            =     37.121632 s
Average jitter           =      0.016261 s
Delay standard deviation =     21.861656 s
Bytes received           =       1659300
Average bitrate          =    146.231962 Kbit/s
Average packet rate      =     60.929984 pkt/s
Packets dropped          =          1830 (24.86 %)
Average loss-burst size  =      8.133333 pkt
----------------------------------------------------------
----------------------------------------------------------
Flow number: 1
From 10.0.0.1:52859
To    10.0.0.2:10001
----------------------------------------------------------
Total time               =     89.887397 s
Total packets            =          5466
Minimum delay            =      1.643208 s
Maximum delay            =     76.532315 s
Average delay            =     40.263873 s
Average jitter           =      0.016251 s
Delay standard deviation =     22.408546 s
Bytes received           =       1639800
Average bitrate          =    145.942595 Kbit/s
Average packet rate      =     60.809415 pkt/s
Packets dropped          =          1905 (25.84 %)
Average loss-burst size  =      9.028436 pkt
----------------------------------------------------------

__________________________________________________________
****************  TOTAL RESULTS   ******************
__________________________________________________________
Number of flows          =             3
Total time               =     91.708754 s
Total packets            =         16764
Minimum delay            =      0.000181 s
Maximum delay            =     76.532315 s
Average delay            =     38.323459 s
Average jitter           =      0.024608 s
Delay standard deviation =     21.898120 s
Bytes received           =       5029200
Average bitrate          =    438.710573 Kbit/s
Average packet rate      =    182.796072 pkt/s
Packets dropped          =          5333 (24.13 %)
Average loss-burst size  =      8.858804 pkt
Error lines              =             0
----------------------------------------------------------
