ITGDec version 2.8.1 (r1023)
Compile-time options: bursty multiport
----------------------------------------------------------
Flow number: 2
From 10.0.0.1:49360
To    10.0.0.2:10002
----------------------------------------------------------
Total time               =     26.861022 s
Total packets            =          1063
Minimum delay            =      0.000131 s
Maximum delay            =     22.966724 s
Average delay            =     10.025730 s
Average jitter           =      0.027316 s
Delay standard deviation =      6.644720 s
Bytes received           =        318900
Average bitrate          =     94.977771 Kbit/s
Average packet rate      =     39.574071 pkt/s
Packets dropped          =             0 (0.00 %)
Average loss-burst size  =      0.000000 pkt
----------------------------------------------------------
----------------------------------------------------------
Flow number: 1
From 10.0.0.1:52306
To    10.0.0.2:10001
----------------------------------------------------------
Total time               =     43.911881 s
Total packets            =          1663
Minimum delay            =      0.066919 s
Maximum delay            =     33.335648 s
Average delay            =     16.108564 s
Average jitter           =      0.032574 s
Delay standard deviation =      9.557020 s
Bytes received           =        498900
Average bitrate          =     90.891119 Kbit/s
Average packet rate      =     37.871300 pkt/s
Packets dropped          =             0 (0.00 %)
Average loss-burst size  =      0.000000 pkt
----------------------------------------------------------
----------------------------------------------------------
Flow number: 3
From 10.0.0.1:58342
To    10.0.0.2:10003
----------------------------------------------------------
Total time               =     37.004147 s
Total packets            =          1019
Minimum delay            =      2.335857 s
Maximum delay            =     30.889191 s
Average delay            =     17.648870 s
Average jitter           =      0.042773 s
Delay standard deviation =      9.086744 s
Bytes received           =        305700
Average bitrate          =     66.089890 Kbit/s
Average packet rate      =     27.537454 pkt/s
Packets dropped          =             0 (0.00 %)
Average loss-burst size  =      0.000000 pkt
----------------------------------------------------------

__________________________________________________________
****************  TOTAL RESULTS   ******************
__________________________________________________________
Number of flows          =             3
Total time               =     43.985650 s
Total packets            =          3745
Minimum delay            =      0.000131 s
Maximum delay            =     33.335648 s
Average delay            =     14.801093 s
Average jitter           =      0.053126 s
Delay standard deviation =      9.219356 s
Bytes received           =       1123500
Average bitrate          =    204.339370 Kbit/s
Average packet rate      =     85.141404 pkt/s
Packets dropped          =             0 (0.00 %)
Average loss-burst size  =             0 pkt
Error lines              =             0
----------------------------------------------------------
