ITGDec version 2.8.1 (r1023)
Compile-time options: bursty multiport
----------------------------------------------------------
Flow number: 2
From 10.0.0.1:48116
To    10.0.0.2:10002
----------------------------------------------------------
Total time               =     59.728082 s
Total packets            =          7286
Minimum delay            =      0.000134 s
Maximum delay            =     44.732628 s
Average delay            =     22.338760 s
Average jitter           =      0.008064 s
Delay standard deviation =     12.688267 s
Bytes received           =       2185800
Average bitrate          =    292.766809 Kbit/s
Average packet rate      =    121.986171 pkt/s
Packets dropped          =             0 (0.00 %)
Average loss-burst size  =      0.000000 pkt
----------------------------------------------------------
----------------------------------------------------------
Flow number: 3
From 10.0.0.1:34764
To    10.0.0.2:10003
----------------------------------------------------------
Total time               =     59.699476 s
Total packets            =          7280
Minimum delay            =      0.015389 s
Maximum delay            =     44.729988 s
Average delay            =     22.352883 s
Average jitter           =      0.008123 s
Delay standard deviation =     12.682692 s
Bytes received           =       2184000
Average bitrate          =    292.665885 Kbit/s
Average packet rate      =    121.944119 pkt/s
Packets dropped          =             0 (0.00 %)
Average loss-burst size  =      0.000000 pkt
----------------------------------------------------------
----------------------------------------------------------
Flow number: 1
From 10.0.0.1:60062
To    10.0.0.2:10001
----------------------------------------------------------
Total time               =     59.449141 s
Total packets            =          7285
Minimum delay            =      0.239958 s
Maximum delay            =     44.745760 s
Average delay            =     22.406404 s
Average jitter           =      0.009746 s
Delay standard deviation =     12.678052 s
Bytes received           =       2185500
Average bitrate          =    294.100128 Kbit/s
Average packet rate      =    122.541720 pkt/s
Packets dropped          =             0 (0.00 %)
Average loss-burst size  =      0.000000 pkt
----------------------------------------------------------

__________________________________________________________
****************  TOTAL RESULTS   ******************
__________________________________________________________
Number of flows          =             3
Total time               =     59.749955 s
Total packets            =         21851
Minimum delay            =      0.000134 s
Maximum delay            =     44.745760 s
Average delay            =     22.366017 s
Average jitter           =      0.013237 s
Delay standard deviation =     12.683038 s
Bytes received           =       6555300
Average bitrate          =    877.697732 Kbit/s
Average packet rate      =    365.707388 pkt/s
Packets dropped          =             0 (0.00 %)
Average loss-burst size  =             0 pkt
Error lines              =             0
----------------------------------------------------------
