ITGDec version 2.8.1 (r1023)
Compile-time options: bursty multiport
----------------------------------------------------------
Flow number: 1
From 10.0.0.1:32898
To    10.0.0.2:10001
----------------------------------------------------------
Total time               =    102.811360 s
Total packets            =          1260
Minimum delay            =      0.013408 s
Maximum delay            =     87.846900 s
Average delay            =     46.319762 s
Average jitter           =      0.080596 s
Delay standard deviation =     26.246493 s
Bytes received           =        378000
Average bitrate          =     29.413092 Kbit/s
Average packet rate      =     12.255455 pkt/s
Packets dropped          =          6133 (82.96 %)
Average loss-burst size  =      6.566381 pkt
----------------------------------------------------------
----------------------------------------------------------
Flow number: 3
From 10.0.0.1:56217
To    10.0.0.2:10003
----------------------------------------------------------
Total time               =    102.952055 s
Total packets            =          1413
Minimum delay            =      0.115178 s
Maximum delay            =     88.068594 s
Average delay            =     40.787894 s
Average jitter           =      0.071905 s
Delay standard deviation =     24.200076 s
Bytes received           =        423900
Average bitrate          =     32.939605 Kbit/s
Average packet rate      =     13.724835 pkt/s
Packets dropped          =          5989 (80.91 %)
Average loss-burst size  =      5.371300 pkt
----------------------------------------------------------
----------------------------------------------------------
Flow number: 2
From 10.0.0.1:56318
To    10.0.0.2:10002
----------------------------------------------------------
Total time               =    102.932662 s
Total packets            =          1105
Minimum delay            =      0.000122 s
Maximum delay            =     87.945483 s
Average delay            =     45.506874 s
Average jitter           =      0.092012 s
Delay standard deviation =     24.993435 s
Bytes received           =        331500
Average bitrate          =     25.764417 Kbit/s
Average packet rate      =     10.735174 pkt/s
Packets dropped          =          6289 (85.06 %)
Average loss-burst size  =      8.199478 pkt
----------------------------------------------------------

__________________________________________________________
****************  TOTAL RESULTS   ******************
__________________________________________________________
Number of flows          =             3
Total time               =    103.069493 s
Total packets            =          3778
Minimum delay            =      0.000122 s
Maximum delay            =     88.068594 s
Average delay            =     44.013047 s
Average jitter           =      0.125024 s
Delay standard deviation =     25.254823 s
Bytes received           =       1133400
Average bitrate          =     87.971714 Kbit/s
Average packet rate      =     36.654881 pkt/s
Packets dropped          =         18411 (82.97 %)
Average loss-burst size  =      6.537997 pkt
Error lines              =             0
----------------------------------------------------------
