ITGDec version 2.8.1 (r1023)
Compile-time options: bursty multiport
----------------------------------------------------------
Flow number: 3
From 10.0.0.1:50308
To    10.0.0.2:10003
----------------------------------------------------------
Total time               =     23.803874 s
Total packets            =          1645
Minimum delay            =      0.000074 s
Maximum delay            =     16.302132 s
Average delay            =      8.016845 s
Average jitter           =      0.018770 s
Delay standard deviation =      4.556533 s
Bytes received           =        493500
Average bitrate          =    165.855356 Kbit/s
Average packet rate      =     69.106398 pkt/s
Packets dropped          =             0 (0.00 %)
Average loss-burst size  =      0.000000 pkt
----------------------------------------------------------
----------------------------------------------------------
Flow number: 2
From 10.0.0.1:54994
To    10.0.0.2:10002
----------------------------------------------------------
Total time               =     24.820089 s
Total packets            =          1632
Minimum delay            =      0.000057 s
Maximum delay            =     17.371737 s
Average delay            =      8.384101 s
Average jitter           =      0.018676 s
Delay standard deviation =      4.982151 s
Bytes received           =        489600
Average bitrate          =    157.807653 Kbit/s
Average packet rate      =     65.753189 pkt/s
Packets dropped          =             0 (0.00 %)
Average loss-burst size  =      0.000000 pkt
----------------------------------------------------------
----------------------------------------------------------
Flow number: 1
From 10.0.0.1:48408
To    10.0.0.2:10001
----------------------------------------------------------
Total time               =     37.462398 s
Total packets            =          2567
Minimum delay            =      0.198010 s
Maximum delay            =     25.516239 s
Average delay            =     13.503640 s
Average jitter           =      0.019079 s
Delay standard deviation =      7.154142 s
Bytes received           =        770100
Average bitrate          =    164.452900 Kbit/s
Average packet rate      =     68.522042 pkt/s
Packets dropped          =             0 (0.00 %)
Average loss-burst size  =      0.000000 pkt
----------------------------------------------------------

__________________________________________________________
****************  TOTAL RESULTS   ******************
__________________________________________________________
Number of flows          =             3
Total time               =     37.693275 s
Total packets            =          5844
Minimum delay            =      0.000057 s
Maximum delay            =     25.516239 s
Average delay            =     10.529502 s
Average jitter           =      0.029150 s
Delay standard deviation =      6.496589 s
Bytes received           =       1753200
Average bitrate          =    372.098206 Kbit/s
Average packet rate      =    155.040919 pkt/s
Packets dropped          =             0 (0.00 %)
Average loss-burst size  =             0 pkt
Error lines              =             0
----------------------------------------------------------
