ITGDec version 2.8.1 (r1023)
Compile-time options: bursty multiport
----------------------------------------------------------
Flow number: 2
From 10.0.0.1:44010
To    10.0.0.2:10002
----------------------------------------------------------
Total time               =    103.996162 s
Total packets            =          3101
Minimum delay            =      0.014381 s
Maximum delay            =     89.015709 s
Average delay            =     42.746265 s
Average jitter           =      0.033182 s
Delay standard deviation =     24.853572 s
Bytes received           =        930300
Average bitrate          =     71.564179 Kbit/s
Average packet rate      =     29.818408 pkt/s
Packets dropped          =          4291 (58.05 %)
Average loss-burst size  =     17.586066 pkt
----------------------------------------------------------
----------------------------------------------------------
Flow number: 1
From 10.0.0.1:35262
To    10.0.0.2:10001
----------------------------------------------------------
Total time               =    103.951841 s
Total packets            =          3294
Minimum delay            =      0.066063 s
Maximum delay            =     89.025547 s
Average delay            =     45.014960 s
Average jitter           =      0.031224 s
Delay standard deviation =     26.975189 s
Bytes received           =        988200
Average bitrate          =     76.050601 Kbit/s
Average packet rate      =     31.687750 pkt/s
Packets dropped          =          4098 (55.44 %)
Average loss-burst size  =     17.740260 pkt
----------------------------------------------------------
----------------------------------------------------------
Flow number: 3
From 10.0.0.1:53736
To    10.0.0.2:10003
----------------------------------------------------------
Total time               =    102.535721 s
Total packets            =          3306
Minimum delay            =      3.392511 s
Maximum delay            =     90.965284 s
Average delay            =     48.689503 s
Average jitter           =      0.026497 s
Delay standard deviation =     25.896161 s
Bytes received           =        991800
Average bitrate          =     77.381813 Kbit/s
Average packet rate      =     32.242422 pkt/s
Packets dropped          =          4093 (55.32 %)
Average loss-burst size  =     16.306773 pkt
----------------------------------------------------------

__________________________________________________________
****************  TOTAL RESULTS   ******************
__________________________________________________________
Number of flows          =             3
Total time               =    106.163060 s
Total packets            =          9701
Minimum delay            =      0.014381 s
Maximum delay            =     90.965284 s
Average delay            =     45.542000 s
Average jitter           =      0.047878 s
Delay standard deviation =     26.058357 s
Bytes received           =       2910300
Average bitrate          =    219.307921 Kbit/s
Average packet rate      =     91.378301 pkt/s
Packets dropped          =         12482 (56.27 %)
Average loss-burst size  =     17.192837 pkt
Error lines              =             0
----------------------------------------------------------
