ITGDec version 2.8.1 (r1023)
Compile-time options: bursty multiport
----------------------------------------------------------
Flow number: 1
From 10.0.0.1:42238
To    10.0.0.2:10001
----------------------------------------------------------
Total time               =     54.250275 s
Total packets            =           972
Minimum delay            =      0.027623 s
Maximum delay            =     45.695494 s
Average delay            =     23.255635 s
Average jitter           =      0.064467 s
Delay standard deviation =     13.140739 s
Bytes received           =        291600
Average bitrate          =     43.000704 Kbit/s
Average packet rate      =     17.916960 pkt/s
Packets dropped          =             0 (0.00 %)
Average loss-burst size  =      0.000000 pkt
----------------------------------------------------------
----------------------------------------------------------
Flow number: 3
From 10.0.0.1:38496
To    10.0.0.2:10003
----------------------------------------------------------
Total time               =     31.861826 s
Total packets            =           570
Minimum delay            =      0.175604 s
Maximum delay            =     24.083676 s
Average delay            =     12.876246 s
Average jitter           =      0.067586 s
Delay standard deviation =      6.753556 s
Bytes received           =        171000
Average bitrate          =     42.935392 Kbit/s
Average packet rate      =     17.889747 pkt/s
Packets dropped          =             0 (0.00 %)
Average loss-burst size  =      0.000000 pkt
----------------------------------------------------------
----------------------------------------------------------
Flow number: 2
From 10.0.0.1:51026
To    10.0.0.2:10002
----------------------------------------------------------
Total time               =     26.955082 s
Total packets            =           238
Minimum delay            =      5.377788 s
Maximum delay            =     32.076352 s
Average delay            =     20.312198 s
Average jitter           =      0.114547 s
Delay standard deviation =      9.658227 s
Bytes received           =         71400
Average bitrate          =     21.190809 Kbit/s
Average packet rate      =      8.829504 pkt/s
Packets dropped          =             0 (0.00 %)
Average loss-burst size  =      0.000000 pkt
----------------------------------------------------------

__________________________________________________________
****************  TOTAL RESULTS   ******************
__________________________________________________________
Number of flows          =             3
Total time               =     54.250275 s
Total packets            =          1780
Minimum delay            =      0.027623 s
Maximum delay            =     45.695494 s
Average delay            =     19.538337 s
Average jitter           =      0.128348 s
Delay standard deviation =     11.967077 s
Bytes received           =        534000
Average bitrate          =     78.746145 Kbit/s
Average packet rate      =     32.810894 pkt/s
Packets dropped          =             0 (0.00 %)
Average loss-burst size  =             0 pkt
Error lines              =             0
----------------------------------------------------------
