ITGDec version 2.8.1 (r1023)
Compile-time options: bursty multiport
----------------------------------------------------------
Flow number: 3
From 10.0.0.1:47416
To    10.0.0.2:10003
----------------------------------------------------------
Total time               =     49.744741 s
Total packets            =           849
Minimum delay            =      0.028546 s
Maximum delay            =     44.314544 s
Average delay            =     21.535869 s
Average jitter           =      0.075035 s
Delay standard deviation =     13.225852 s
Bytes received           =        254700
Average bitrate          =     40.961114 Kbit/s
Average packet rate      =     17.067131 pkt/s
Packets dropped          =             0 (0.00 %)
Average loss-burst size  =      0.000000 pkt
----------------------------------------------------------
----------------------------------------------------------
Flow number: 1
From 10.0.0.1:36194
To    10.0.0.2:10001
----------------------------------------------------------
Total time               =     29.178828 s
Total packets            =           537
Minimum delay            =      0.058155 s
Maximum delay            =     22.767831 s
Average delay            =     11.751864 s
Average jitter           =      0.063994 s
Delay standard deviation =      6.400580 s
Bytes received           =        161100
Average bitrate          =     44.169012 Kbit/s
Average packet rate      =     18.403755 pkt/s
Packets dropped          =             0 (0.00 %)
Average loss-burst size  =      0.000000 pkt
----------------------------------------------------------
----------------------------------------------------------
Flow number: 2
From 10.0.0.1:57130
To    10.0.0.2:10002
----------------------------------------------------------
Total time               =     25.885322 s
Total packets            =           238
Minimum delay            =      5.754356 s
Maximum delay            =     31.381717 s
Average delay            =     20.108147 s
Average jitter           =      0.110027 s
Delay standard deviation =      9.240661 s
Bytes received           =         71400
Average bitrate          =     22.066560 Kbit/s
Average packet rate      =      9.194400 pkt/s
Packets dropped          =             0 (0.00 %)
Average loss-burst size  =      0.000000 pkt
----------------------------------------------------------

__________________________________________________________
****************  TOTAL RESULTS   ******************
__________________________________________________________
Number of flows          =             3
Total time               =     49.744741 s
Total packets            =          1624
Minimum delay            =      0.028546 s
Maximum delay            =     44.314544 s
Average delay            =     18.091406 s
Average jitter           =      0.128184 s
Delay standard deviation =     11.730103 s
Bytes received           =        487200
Average bitrate          =     78.352001 Kbit/s
Average packet rate      =     32.646667 pkt/s
Packets dropped          =             0 (0.00 %)
Average loss-burst size  =             0 pkt
Error lines              =             0
----------------------------------------------------------
