ITGDec version 2.8.1 (r1023)
Compile-time options: bursty multiport
----------------------------------------------------------
Flow number: 1
From 10.0.0.1:60525
To    10.0.0.2:10001
----------------------------------------------------------
Total time               =     60.488153 s
Total packets            =          7376
Minimum delay            =      0.000047 s
Maximum delay            =     45.492338 s
Average delay            =     22.729386 s
Average jitter           =      0.008065 s
Delay standard deviation =     12.897283 s
Bytes received           =       2212800
Average bitrate          =    292.658961 Kbit/s
Average packet rate      =    121.941234 pkt/s
Packets dropped          =             0 (0.00 %)
Average loss-burst size  =      0.000000 pkt
----------------------------------------------------------
----------------------------------------------------------
Flow number: 3
From 10.0.0.1:46491
To    10.0.0.2:10003
----------------------------------------------------------
Total time               =     60.473748 s
Total packets            =          7373
Minimum delay            =      0.008850 s
Maximum delay            =     45.494678 s
Average delay            =     22.729586 s
Average jitter           =      0.008108 s
Delay standard deviation =     12.900329 s
Bytes received           =       2211900
Average bitrate          =    292.609613 Kbit/s
Average packet rate      =    121.920672 pkt/s
Packets dropped          =             0 (0.00 %)
Average loss-burst size  =      0.000000 pkt
----------------------------------------------------------
----------------------------------------------------------
Flow number: 2
From 10.0.0.1:34063
To    10.0.0.2:10002
----------------------------------------------------------
Total time               =     60.377750 s
Total packets            =          7377
Minimum delay            =      0.096985 s
Maximum delay            =     45.502328 s
Average delay            =     22.752043 s
Average jitter           =      0.008541 s
Delay standard deviation =     12.897816 s
Bytes received           =       2213100
Average bitrate          =    293.233849 Kbit/s
Average packet rate      =    122.180770 pkt/s
Packets dropped          =             0 (0.00 %)
Average loss-burst size  =      0.000000 pkt
----------------------------------------------------------

__________________________________________________________
****************  TOTAL RESULTS   ******************
__________________________________________________________
Number of flows          =             3
Total time               =     60.501835 s
Total packets            =         22126
Minimum delay            =      0.000047 s
Maximum delay            =     45.502328 s
Average delay            =     22.737006 s
Average jitter           =      0.012885 s
Delay standard deviation =     12.898480 s
Bytes received           =       6637800
Average bitrate          =    877.698999 Kbit/s
Average packet rate      =    365.707916 pkt/s
Packets dropped          =             0 (0.00 %)
Average loss-burst size  =             0 pkt
Error lines              =             0
----------------------------------------------------------
