ITGDec version 2.8.1 (r1023)
Compile-time options: bursty multiport
----------------------------------------------------------
Flow number: 1
From 10.0.0.1:47413
To    10.0.0.2:10001
----------------------------------------------------------
Total time               =     84.437396 s
Total packets            =          5272
Minimum delay            =      0.000157 s
Maximum delay            =     69.442686 s
Average delay            =     34.223548 s
Average jitter           =      0.016188 s
Delay standard deviation =     21.145994 s
Bytes received           =       1581600
Average bitrate          =    149.848297 Kbit/s
Average packet rate      =     62.436790 pkt/s
Packets dropped          =          2027 (27.77 %)
Average loss-burst size  =      5.105793 pkt
----------------------------------------------------------
----------------------------------------------------------
Flow number: 2
From 10.0.0.1:40315
To    10.0.0.2:10002
----------------------------------------------------------
Total time               =     84.384478 s
Total packets            =          5253
Minimum delay            =      0.019070 s
Maximum delay            =     69.418326 s
Average delay            =     32.550176 s
Average jitter           =      0.015944 s
Delay standard deviation =     18.890513 s
Bytes received           =       1575900
Average bitrate          =    149.401884 Kbit/s
Average packet rate      =     62.250785 pkt/s
Packets dropped          =          2046 (28.03 %)
Average loss-burst size  =      6.295385 pkt
----------------------------------------------------------
----------------------------------------------------------
Flow number: 3
From 10.0.0.1:59703
To    10.0.0.2:10003
----------------------------------------------------------
Total time               =     84.389072 s
Total packets            =          4917
Minimum delay            =      0.044740 s
Maximum delay            =     69.447847 s
Average delay            =     37.604327 s
Average jitter           =      0.017087 s
Delay standard deviation =     18.932978 s
Bytes received           =       1475100
Average bitrate          =    139.838011 Kbit/s
Average packet rate      =     58.265838 pkt/s
Packets dropped          =          2384 (32.65 %)
Average loss-burst size  =      6.460705 pkt
----------------------------------------------------------

__________________________________________________________
****************  TOTAL RESULTS   ******************
__________________________________________________________
Number of flows          =             3
Total time               =     84.442872 s
Total packets            =         15442
Minimum delay            =      0.000157 s
Maximum delay            =     69.447847 s
Average delay            =     34.730805 s
Average jitter           =      0.025522 s
Delay standard deviation =     19.812297 s
Bytes received           =       4632600
Average bitrate          =    438.886067 Kbit/s
Average packet rate      =    182.869195 pkt/s
Packets dropped          =          6457 (29.49 %)
Average loss-burst size  =      5.918423 pkt
Error lines              =             0
----------------------------------------------------------
