ITGDec version 2.8.1 (r1023)
Compile-time options: bursty multiport
----------------------------------------------------------
Flow number: 2
From 10.0.0.1:43911
To    10.0.0.2:10002
----------------------------------------------------------
Total time               =     91.282777 s
Total packets            =          5343
Minimum delay            =      0.000130 s
Maximum delay            =     76.287171 s
Average delay            =     37.511076 s
Average jitter           =      0.016892 s
Delay standard deviation =     21.472050 s
Bytes received           =       1602900
Average bitrate          =    140.477760 Kbit/s
Average packet rate      =     58.532400 pkt/s
Packets dropped          =          2070 (27.92 %)
Average loss-burst size  =      8.922414 pkt
----------------------------------------------------------
----------------------------------------------------------
Flow number: 1
From 10.0.0.1:59894
To    10.0.0.2:10001
----------------------------------------------------------
Total time               =     91.273659 s
Total packets            =          5624
Minimum delay            =      0.016480 s
Maximum delay            =     76.297016 s
Average delay            =     38.593610 s
Average jitter           =      0.016057 s
Delay standard deviation =     22.362382 s
Bytes received           =       1687200
Average bitrate          =    147.880562 Kbit/s
Average packet rate      =     61.616901 pkt/s
Packets dropped          =          1792 (24.16 %)
Average loss-burst size  =      7.435685 pkt
----------------------------------------------------------
----------------------------------------------------------
Flow number: 3
From 10.0.0.1:56207
To    10.0.0.2:10003
----------------------------------------------------------
Total time               =     90.320180 s
Total packets            =          5897
Minimum delay            =      1.747807 s
Maximum delay            =     77.069775 s
Average delay            =     39.569452 s
Average jitter           =      0.015138 s
Delay standard deviation =     22.236916 s
Bytes received           =       1769100
Average bitrate          =    156.695879 Kbit/s
Average packet rate      =     65.289950 pkt/s
Packets dropped          =          1519 (20.48 %)
Average loss-burst size  =      7.199052 pkt
----------------------------------------------------------

__________________________________________________________
****************  TOTAL RESULTS   ******************
__________________________________________________________
Number of flows          =             3
Total time               =     92.256826 s
Total packets            =         16864
Minimum delay            =      0.000130 s
Maximum delay            =     77.069775 s
Average delay            =     38.591864 s
Average jitter           =      0.024488 s
Delay standard deviation =     22.055810 s
Bytes received           =       5059200
Average bitrate          =    438.705750 Kbit/s
Average packet rate      =    182.794062 pkt/s
Packets dropped          =          5381 (24.19 %)
Average loss-burst size  =      7.866959 pkt
Error lines              =             0
----------------------------------------------------------
