ITGDec version 2.8.1 (r1023)
Compile-time options: bursty multiport
----------------------------------------------------------
Flow number: 2
From 10.0.0.1:51050
To    10.0.0.2:10002
----------------------------------------------------------
Total time               =     55.228542 s
Total packets            =          1009
Minimum delay            =      0.031863 s
Maximum delay            =     43.361235 s
Average delay            =     23.180652 s
Average jitter           =      0.066352 s
Delay standard deviation =     12.617754 s
Bytes received           =        302700
Average bitrate          =     43.846894 Kbit/s
Average packet rate      =     18.269539 pkt/s
Packets dropped          =             0 (0.00 %)
Average loss-burst size  =      0.000000 pkt
----------------------------------------------------------
----------------------------------------------------------
Flow number: 1
From 10.0.0.1:42268
To    10.0.0.2:10001
----------------------------------------------------------
Total time               =     31.720921 s
Total packets            =           570
Minimum delay            =      0.176939 s
Maximum delay            =     24.084029 s
Average delay            =     12.939343 s
Average jitter           =      0.066666 s
Delay standard deviation =      6.754390 s
Bytes received           =        171000
Average bitrate          =     43.126112 Kbit/s
Average packet rate      =     17.969213 pkt/s
Packets dropped          =             0 (0.00 %)
Average loss-burst size  =      0.000000 pkt
----------------------------------------------------------
----------------------------------------------------------
Flow number: 3
From 10.0.0.1:38526
To    10.0.0.2:10003
----------------------------------------------------------
Total time               =     26.955035 s
Total packets            =           238
Minimum delay            =      5.385639 s
Maximum delay            =     32.083317 s
Average delay            =     20.320393 s
Average jitter           =      0.114549 s
Delay standard deviation =      9.658879 s
Bytes received           =         71400
Average bitrate          =     21.190846 Kbit/s
Average packet rate      =      8.829519 pkt/s
Packets dropped          =             0 (0.00 %)
Average loss-burst size  =      0.000000 pkt
----------------------------------------------------------

__________________________________________________________
****************  TOTAL RESULTS   ******************
__________________________________________________________
Number of flows          =             3
Total time               =     55.228542 s
Total packets            =          1817
Minimum delay            =      0.031863 s
Maximum delay            =     43.361235 s
Average delay            =     19.593262 s
Average jitter           =      0.123905 s
Delay standard deviation =     11.663898 s
Bytes received           =        545100
Average bitrate          =     78.959173 Kbit/s
Average packet rate      =     32.899655 pkt/s
Packets dropped          =             0 (0.00 %)
Average loss-burst size  =             0 pkt
Error lines              =             0
----------------------------------------------------------
