ITGDec version 2.8.1 (r1023)
Compile-time options: bursty multiport
----------------------------------------------------------
Flow number: 1
From 10.0.0.1:42890
To    10.0.0.2:10001
----------------------------------------------------------
Total time               =     47.857466 s
Total packets            =          1641
Minimum delay            =      0.000060 s
Maximum delay            =     34.297686 s
Average delay            =     17.301638 s
Average jitter           =      0.037192 s
Delay standard deviation =      9.428646 s
Bytes received           =        492300
Average bitrate          =     82.294370 Kbit/s
Average packet rate      =     34.289321 pkt/s
Packets dropped          =             0 (0.00 %)
Average loss-burst size  =      0.000000 pkt
----------------------------------------------------------
----------------------------------------------------------
Flow number: 2
From 10.0.0.1:51672
To    10.0.0.2:10002
----------------------------------------------------------
Total time               =     46.498353 s
Total packets            =          1579
Minimum delay            =      0.000060 s
Maximum delay            =     33.508854 s
Average delay            =     17.491310 s
Average jitter           =      0.037439 s
Delay standard deviation =      9.680552 s
Bytes received           =        473700
Average bitrate          =     81.499661 Kbit/s
Average packet rate      =     33.958192 pkt/s
Packets dropped          =             0 (0.00 %)
Average loss-burst size  =      0.000000 pkt
----------------------------------------------------------
----------------------------------------------------------
Flow number: 3
From 10.0.0.1:39148
To    10.0.0.2:10003
----------------------------------------------------------
Total time               =     28.552456 s
Total packets            =           933
Minimum delay            =      0.126123 s
Maximum delay            =     23.717798 s
Average delay            =     11.767243 s
Average jitter           =      0.033634 s
Delay standard deviation =      7.150394 s
Bytes received           =        279900
Average bitrate          =     78.424077 Kbit/s
Average packet rate      =     32.676699 pkt/s
Packets dropped          =             0 (0.00 %)
Average loss-burst size  =      0.000000 pkt
----------------------------------------------------------

__________________________________________________________
****************  TOTAL RESULTS   ******************
__________________________________________________________
Number of flows          =             3
Total time               =     47.861633 s
Total packets            =          4153
Minimum delay            =      0.000060 s
Maximum delay            =     34.297686 s
Average delay            =     16.130413 s
Average jitter           =      0.061882 s
Delay standard deviation =      9.368407 s
Bytes received           =       1245900
Average bitrate          =    208.250312 Kbit/s
Average packet rate      =     86.770963 pkt/s
Packets dropped          =             0 (0.00 %)
Average loss-burst size  =             0 pkt
Error lines              =             0
----------------------------------------------------------
