ITGDec version 2.8.1 (r1023)
Compile-time options: bursty multiport
----------------------------------------------------------
Flow number: 2
From 10.0.0.1:33023
To    10.0.0.2:10002
----------------------------------------------------------
Total time               =     84.249602 s
Total packets            =          2561
Minimum delay            =      0.002117 s
Maximum delay            =     69.739892 s
Average delay            =     28.319298 s
Average jitter           =      0.032628 s
Delay standard deviation =     19.619302 s
Bytes received           =        768300
Average bitrate          =     72.954647 Kbit/s
Average packet rate      =     30.397770 pkt/s
Packets dropped          =          4296 (62.65 %)
Average loss-burst size  =     12.416185 pkt
----------------------------------------------------------
----------------------------------------------------------
Flow number: 3
From 10.0.0.1:34237
To    10.0.0.2:10003
----------------------------------------------------------
Total time               =     87.788799 s
Total packets            =          3155
Minimum delay            =      0.038630 s
Maximum delay            =     72.960567 s
Average delay            =     40.027085 s
Average jitter           =      0.027956 s
Delay standard deviation =     19.389863 s
Bytes received           =        946500
Average bitrate          =     86.252461 Kbit/s
Average packet rate      =     35.938526 pkt/s
Packets dropped          =          4027 (56.07 %)
Average loss-burst size  =     10.854447 pkt
----------------------------------------------------------
----------------------------------------------------------
Flow number: 1
From 10.0.0.1:36271
To    10.0.0.2:10001
----------------------------------------------------------
Total time               =     88.942279 s
Total packets            =          2438
Minimum delay            =      0.158511 s
Maximum delay            =     74.113040 s
Average delay            =     42.376176 s
Average jitter           =      0.036092 s
Delay standard deviation =     22.125722 s
Bytes received           =        731400
Average bitrate          =     65.786486 Kbit/s
Average packet rate      =     27.411036 pkt/s
Packets dropped          =          4857 (66.58 %)
Average loss-burst size  =     12.986631 pkt
----------------------------------------------------------

__________________________________________________________
****************  TOTAL RESULTS   ******************
__________________________________________________________
Number of flows          =             3
Total time               =     89.108735 s
Total packets            =          8154
Minimum delay            =      0.002117 s
Maximum delay            =     74.113040 s
Average delay            =     37.052280 s
Average jitter           =      0.048863 s
Delay standard deviation =     21.179940 s
Bytes received           =       2446200
Average bitrate          =    219.614833 Kbit/s
Average packet rate      =     91.506181 pkt/s
Packets dropped          =         13180 (61.78 %)
Average loss-burst size  =     12.080660 pkt
Error lines              =             0
----------------------------------------------------------
