ITGDec version 2.8.1 (r1023)
Compile-time options: bursty multiport
----------------------------------------------------------
Flow number: 1
From 10.0.0.1:40683
To    10.0.0.2:10001
----------------------------------------------------------
Total time               =     84.517608 s
Total packets            =          4991
Minimum delay            =      0.000173 s
Maximum delay            =     69.524507 s
Average delay            =     35.104490 s
Average jitter           =      0.016733 s
Delay standard deviation =     19.478248 s
Bytes received           =       1497300
Average bitrate          =    141.726680 Kbit/s
Average packet rate      =     59.052783 pkt/s
Packets dropped          =          2403 (32.50 %)
Average loss-burst size  =      8.257732 pkt
----------------------------------------------------------
----------------------------------------------------------
Flow number: 2
From 10.0.0.1:48623
To    10.0.0.2:10002
----------------------------------------------------------
Total time               =     84.438399 s
Total packets            =          5348
Minimum delay            =      0.023211 s
Maximum delay            =     69.479956 s
Average delay            =     34.295564 s
Average jitter           =      0.015629 s
Delay standard deviation =     19.951818 s
Bytes received           =       1604400
Average bitrate          =    152.006672 Kbit/s
Average packet rate      =     63.336113 pkt/s
Packets dropped          =          2039 (27.60 %)
Average loss-burst size  =      8.322449 pkt
----------------------------------------------------------
----------------------------------------------------------
Flow number: 3
From 10.0.0.1:51077
To    10.0.0.2:10003
----------------------------------------------------------
Total time               =     84.407685 s
Total packets            =          5122
Minimum delay            =      0.111984 s
Maximum delay            =     69.538038 s
Average delay            =     34.936604 s
Average jitter           =      0.016474 s
Delay standard deviation =     20.069478 s
Bytes received           =       1536600
Average bitrate          =    145.636028 Kbit/s
Average packet rate      =     60.681678 pkt/s
Packets dropped          =          2271 (30.72 %)
Average loss-burst size  =      8.139785 pkt
----------------------------------------------------------

__________________________________________________________
****************  TOTAL RESULTS   ******************
__________________________________________________________
Number of flows          =             3
Total time               =     84.534036 s
Total packets            =         15461
Minimum delay            =      0.000173 s
Maximum delay            =     69.538038 s
Average delay            =     34.769062 s
Average jitter           =      0.025523 s
Delay standard deviation =     19.842640 s
Bytes received           =       4638300
Average bitrate          =    438.952187 Kbit/s
Average packet rate      =    182.896745 pkt/s
Packets dropped          =          6713 (30.27 %)
Average loss-burst size  =      8.236810 pkt
Error lines              =             0
----------------------------------------------------------
