ITGDec version 2.8.1 (r1023)
Compile-time options: bursty multiport
----------------------------------------------------------
Flow number: 3
From 10.0.0.1:34915
To    10.0.0.2:10003
----------------------------------------------------------
Total time               =     91.302660 s
Total packets            =          5795
Minimum delay            =      0.000042 s
Maximum delay            =     76.306359 s
Average delay            =     38.300550 s
Average jitter           =      0.015578 s
Delay standard deviation =     22.155738 s
Bytes received           =       1738500
Average bitrate          =    152.328530 Kbit/s
Average packet rate      =     63.470221 pkt/s
Packets dropped          =          1621 (21.86 %)
Average loss-burst size  =      8.186869 pkt
----------------------------------------------------------
----------------------------------------------------------
Flow number: 2
From 10.0.0.1:41840
To    10.0.0.2:10002
----------------------------------------------------------
Total time               =     91.274251 s
Total packets            =          5533
Minimum delay            =      0.020301 s
Maximum delay            =     76.301166 s
Average delay            =     37.345993 s
Average jitter           =      0.016338 s
Delay standard deviation =     21.756277 s
Bytes received           =       1659900
Average bitrate          =    145.486814 Kbit/s
Average packet rate      =     60.619506 pkt/s
Packets dropped          =          1881 (25.37 %)
Average loss-burst size  =      8.178261 pkt
----------------------------------------------------------
----------------------------------------------------------
Flow number: 1
From 10.0.0.1:53378
To    10.0.0.2:10001
----------------------------------------------------------
Total time               =     90.372442 s
Total packets            =          5548
Minimum delay            =      1.718885 s
Maximum delay            =     77.092408 s
Average delay            =     40.106801 s
Average jitter           =      0.016100 s
Delay standard deviation =     22.212900 s
Bytes received           =       1664400
Average bitrate          =    147.336950 Kbit/s
Average packet rate      =     61.390396 pkt/s
Packets dropped          =          1874 (25.25 %)
Average loss-burst size  =      8.479638 pkt
----------------------------------------------------------

__________________________________________________________
****************  TOTAL RESULTS   ******************
__________________________________________________________
Number of flows          =             3
Total time               =     92.282167 s
Total packets            =         16876
Minimum delay            =      0.000042 s
Maximum delay            =     77.092408 s
Average delay            =     38.581394 s
Average jitter           =      0.024476 s
Delay standard deviation =     22.073783 s
Bytes received           =       5062800
Average bitrate          =    438.897366 Kbit/s
Average packet rate      =    182.873902 pkt/s
Packets dropped          =          5376 (24.16 %)
Average loss-burst size  =      8.283513 pkt
Error lines              =             0
----------------------------------------------------------
