ITGDec version 2.8.1 (r1023)
Compile-time options: bursty multiport
----------------------------------------------------------
Flow number: 2
From 10.0.0.1:44181
To    10.0.0.2:10002
----------------------------------------------------------
Total time               =     60.515443 s
Total packets            =          7377
Minimum delay            =      0.000044 s
Maximum delay            =     45.520333 s
Average delay            =     22.737568 s
Average jitter           =      0.008074 s
Delay standard deviation =     12.912666 s
Bytes received           =       2213100
Average bitrate          =    292.566643 Kbit/s
Average packet rate      =    121.902768 pkt/s
Packets dropped          =             0 (0.00 %)
Average loss-burst size  =      0.000000 pkt
----------------------------------------------------------
----------------------------------------------------------
Flow number: 1
From 10.0.0.1:34285
To    10.0.0.2:10001
----------------------------------------------------------
Total time               =     60.482319 s
Total packets            =          7380
Minimum delay            =      0.019013 s
Maximum delay            =     45.517706 s
Average delay            =     22.725977 s
Average jitter           =      0.008131 s
Delay standard deviation =     12.914719 s
Bytes received           =       2214000
Average bitrate          =    292.845914 Kbit/s
Average packet rate      =    122.019131 pkt/s
Packets dropped          =             0 (0.00 %)
Average loss-burst size  =      0.000000 pkt
----------------------------------------------------------
----------------------------------------------------------
Flow number: 3
From 10.0.0.1:47190
To    10.0.0.2:10003
----------------------------------------------------------
Total time               =     60.254090 s
Total packets            =          7382
Minimum delay            =      0.225882 s
Maximum delay            =     45.534370 s
Average delay            =     22.798104 s
Average jitter           =      0.009474 s
Delay standard deviation =     12.902468 s
Bytes received           =       2214600
Average bitrate          =    294.034812 Kbit/s
Average packet rate      =    122.514505 pkt/s
Packets dropped          =             0 (0.00 %)
Average loss-burst size  =      0.000000 pkt
----------------------------------------------------------

__________________________________________________________
****************  TOTAL RESULTS   ******************
__________________________________________________________
Number of flows          =             3
Total time               =     60.537318 s
Total packets            =         22139
Minimum delay            =      0.000044 s
Maximum delay            =     45.534370 s
Average delay            =     22.753889 s
Average jitter           =      0.013246 s
Delay standard deviation =     12.909990 s
Bytes received           =       6641700
Average bitrate          =    877.699934 Kbit/s
Average packet rate      =    365.708306 pkt/s
Packets dropped          =             0 (0.00 %)
Average loss-burst size  =             0 pkt
Error lines              =             0
----------------------------------------------------------
