ITGDec version 2.8.1 (r1023)
Compile-time options: bursty multiport
----------------------------------------------------------
Flow number: 2
From 10.0.0.1:51992
To    10.0.0.2:10002
----------------------------------------------------------
Total time               =     38.566744 s
Total packets            =          2943
Minimum delay            =      0.000074 s
Maximum delay            =     26.165322 s
Average delay            =     12.931059 s
Average jitter           =      0.017069 s
Delay standard deviation =      7.160887 s
Bytes received           =        882900
Average bitrate          =    183.142243 Kbit/s
Average packet rate      =     76.309268 pkt/s
Packets dropped          =             0 (0.00 %)
Average loss-burst size  =      0.000000 pkt
----------------------------------------------------------
----------------------------------------------------------
Flow number: 3
From 10.0.0.1:39466
To    10.0.0.2:10003
----------------------------------------------------------
Total time               =     25.136015 s
Total packets            =          1830
Minimum delay            =      0.000067 s
Maximum delay            =     17.708975 s
Average delay            =      8.909665 s
Average jitter           =      0.017547 s
Delay standard deviation =      4.911993 s
Bytes received           =        549000
Average bitrate          =    174.729367 Kbit/s
Average packet rate      =     72.803903 pkt/s
Packets dropped          =             0 (0.00 %)
Average loss-burst size  =      0.000000 pkt
----------------------------------------------------------
----------------------------------------------------------
Flow number: 1
From 10.0.0.1:43212
To    10.0.0.2:10001
----------------------------------------------------------
Total time               =     34.410474 s
Total packets            =          1936
Minimum delay            =      1.111252 s
Maximum delay            =     24.974577 s
Average delay            =     12.864759 s
Average jitter           =      0.021908 s
Delay standard deviation =      6.916821 s
Bytes received           =        580800
Average bitrate          =    135.028654 Kbit/s
Average packet rate      =     56.261939 pkt/s
Packets dropped          =             0 (0.00 %)
Average loss-burst size  =      0.000000 pkt
----------------------------------------------------------

__________________________________________________________
****************  TOTAL RESULTS   ******************
__________________________________________________________
Number of flows          =             3
Total time               =     38.566744 s
Total packets            =          6709
Minimum delay            =      0.000067 s
Maximum delay            =     26.165322 s
Average delay            =     11.815020 s
Average jitter           =      0.033669 s
Delay standard deviation =      6.785854 s
Bytes received           =       2012700
Average bitrate          =    417.499595 Kbit/s
Average packet rate      =    173.958165 pkt/s
Packets dropped          =             0 (0.00 %)
Average loss-burst size  =             0 pkt
Error lines              =             0
----------------------------------------------------------
