ITGDec version 2.8.1 (r1023)
Compile-time options: bursty multiport
----------------------------------------------------------
Flow number: 1
From 10.0.0.1:52724
To    10.0.0.2:10001
----------------------------------------------------------
Total time               =     60.611823 s
Total packets            =          7415
Minimum delay            =      0.000102 s
Maximum delay            =     45.616498 s
Average delay            =     22.692730 s
Average jitter           =      0.008046 s
Delay standard deviation =     12.992134 s
Bytes received           =       2224500
Average bitrate          =    293.606084 Kbit/s
Average packet rate      =    122.335868 pkt/s
Packets dropped          =             0 (0.00 %)
Average loss-burst size  =      0.000000 pkt
----------------------------------------------------------
----------------------------------------------------------
Flow number: 2
From 10.0.0.1:47587
To    10.0.0.2:10002
----------------------------------------------------------
Total time               =     60.593063 s
Total packets            =          7415
Minimum delay            =      0.014809 s
Maximum delay            =     45.621448 s
Average delay            =     22.706922 s
Average jitter           =      0.008056 s
Delay standard deviation =     12.990571 s
Bytes received           =       2224500
Average bitrate          =    293.696986 Kbit/s
Average packet rate      =    122.373744 pkt/s
Packets dropped          =             0 (0.00 %)
Average loss-burst size  =      0.000000 pkt
----------------------------------------------------------
----------------------------------------------------------
Flow number: 3
From 10.0.0.1:39522
To    10.0.0.2:10003
----------------------------------------------------------
Total time               =     60.435404 s
Total packets            =          7414
Minimum delay            =      0.310245 s
Maximum delay            =     45.747088 s
Average delay            =     23.220440 s
Average jitter           =      0.008014 s
Delay standard deviation =     12.990781 s
Bytes received           =       2224200
Average bitrate          =    294.423448 Kbit/s
Average packet rate      =    122.676436 pkt/s
Packets dropped          =             0 (0.00 %)
Average loss-burst size  =      0.000000 pkt
----------------------------------------------------------

__________________________________________________________
****************  TOTAL RESULTS   ******************
__________________________________________________________
Number of flows          =             3
Total time               =     60.825219 s
Total packets            =         22244
Minimum delay            =      0.000102 s
Maximum delay            =     45.747088 s
Average delay            =     22.873348 s
Average jitter           =      0.012527 s
Delay standard deviation =     12.993481 s
Bytes received           =       6673200
Average bitrate          =    877.688578 Kbit/s
Average packet rate      =    365.703574 pkt/s
Packets dropped          =             0 (0.00 %)
Average loss-burst size  =             0 pkt
Error lines              =             0
----------------------------------------------------------
