ITGDec version 2.8.1 (r1023)
Compile-time options: bursty multiport
----------------------------------------------------------
Flow number: 1
From 10.0.0.1:52016
To    10.0.0.2:10001
----------------------------------------------------------
Total time               =     50.476151 s
Total packets            =           889
Minimum delay            =      0.032275 s
Maximum delay            =     41.582023 s
Average delay            =     21.793218 s
Average jitter           =      0.066656 s
Delay standard deviation =     12.714510 s
Bytes received           =        266700
Average bitrate          =     42.269467 Kbit/s
Average packet rate      =     17.612278 pkt/s
Packets dropped          =             0 (0.00 %)
Average loss-burst size  =      0.000000 pkt
----------------------------------------------------------
----------------------------------------------------------
Flow number: 2
From 10.0.0.1:49074
To    10.0.0.2:10002
----------------------------------------------------------
Total time               =     28.814001 s
Total packets            =           522
Minimum delay            =      0.180458 s
Maximum delay            =     21.103094 s
Average delay            =     11.820045 s
Average jitter           =      0.066000 s
Delay standard deviation =      5.860813 s
Bytes received           =        156600
Average bitrate          =     43.478863 Kbit/s
Average packet rate      =     18.116193 pkt/s
Packets dropped          =             0 (0.00 %)
Average loss-burst size  =      0.000000 pkt
----------------------------------------------------------
----------------------------------------------------------
Flow number: 3
From 10.0.0.1:58054
To    10.0.0.2:10003
----------------------------------------------------------
Total time               =     26.839620 s
Total packets            =           238
Minimum delay            =      5.627535 s
Maximum delay            =     32.210762 s
Average delay            =     20.518634 s
Average jitter           =      0.114059 s
Delay standard deviation =      9.609959 s
Bytes received           =         71400
Average bitrate          =     21.281970 Kbit/s
Average packet rate      =      8.867488 pkt/s
Packets dropped          =             0 (0.00 %)
Average loss-burst size  =      0.000000 pkt
----------------------------------------------------------

__________________________________________________________
****************  TOTAL RESULTS   ******************
__________________________________________________________
Number of flows          =             3
Total time               =     50.476151 s
Total packets            =          1649
Minimum delay            =      0.032275 s
Maximum delay            =     41.582023 s
Average delay            =     18.452195 s
Average jitter           =      0.128657 s
Delay standard deviation =     11.485340 s
Bytes received           =        494700
Average bitrate          =     78.405344 Kbit/s
Average packet rate      =     32.668893 pkt/s
Packets dropped          =             0 (0.00 %)
Average loss-burst size  =             0 pkt
Error lines              =             0
----------------------------------------------------------
