ITGDec version 2.8.1 (r1023)
Compile-time options: bursty multiport
----------------------------------------------------------
Flow number: 2
From 10.0.0.1:57118
To    10.0.0.2:10002
----------------------------------------------------------
Total time               =     32.676274 s
Total packets            =           478
Minimum delay            =      0.000068 s
Maximum delay            =     30.098437 s
Average delay            =     16.131624 s
Average jitter           =      0.081536 s
Delay standard deviation =      8.797973 s
Bytes received           =        143400
Average bitrate          =     35.108042 Kbit/s
Average packet rate      =     14.628351 pkt/s
Packets dropped          =             0 (0.00 %)
Average loss-burst size  =      0.000000 pkt
----------------------------------------------------------
----------------------------------------------------------
Flow number: 1
From 10.0.0.1:36188
To    10.0.0.2:10001
----------------------------------------------------------
Total time               =     33.576094 s
Total packets            =           484
Minimum delay            =      0.068466 s
Maximum delay            =     24.764119 s
Average delay            =     14.033392 s
Average jitter           =      0.083137 s
Delay standard deviation =      6.550392 s
Bytes received           =        145200
Average bitrate          =     34.596043 Kbit/s
Average packet rate      =     14.415018 pkt/s
Packets dropped          =             0 (0.00 %)
Average loss-burst size  =      0.000000 pkt
----------------------------------------------------------
----------------------------------------------------------
Flow number: 3
From 10.0.0.1:47410
To    10.0.0.2:10003
----------------------------------------------------------
Total time               =     57.917436 s
Total packets            =           617
Minimum delay            =      0.000311 s
Maximum delay            =     50.951370 s
Average delay            =     21.791808 s
Average jitter           =      0.105077 s
Delay standard deviation =     13.873269 s
Bytes received           =        185100
Average bitrate          =     25.567430 Kbit/s
Average packet rate      =     10.653096 pkt/s
Packets dropped          =             0 (0.00 %)
Average loss-burst size  =      0.000000 pkt
----------------------------------------------------------

__________________________________________________________
****************  TOTAL RESULTS   ******************
__________________________________________________________
Number of flows          =             3
Total time               =     57.925861 s
Total packets            =          1579
Minimum delay            =      0.000068 s
Maximum delay            =     50.951370 s
Average delay            =     17.700205 s
Average jitter           =      0.151369 s
Delay standard deviation =     11.099530 s
Bytes received           =        473700
Average bitrate          =     65.421557 Kbit/s
Average packet rate      =     27.258982 pkt/s
Packets dropped          =             0 (0.00 %)
Average loss-burst size  =             0 pkt
Error lines              =             0
----------------------------------------------------------
