ITGDec version 2.8.1 (r1023)
Compile-time options: bursty multiport
----------------------------------------------------------
Flow number: 1
From 10.0.0.1:47239
To    10.0.0.2:10001
----------------------------------------------------------
Total time               =     98.458307 s
Total packets            =          2453
Minimum delay            =      0.000565 s
Maximum delay            =     83.466176 s
Average delay            =     43.397066 s
Average jitter           =      0.039672 s
Delay standard deviation =     24.366934 s
Bytes received           =        735900
Average bitrate          =     59.793837 Kbit/s
Average packet rate      =     24.914099 pkt/s
Packets dropped          =          4845 (66.39 %)
Average loss-burst size  =     15.730519 pkt
----------------------------------------------------------
----------------------------------------------------------
Flow number: 2
From 10.0.0.1:37832
To    10.0.0.2:10002
----------------------------------------------------------
Total time               =     98.450152 s
Total packets            =          3917
Minimum delay            =      0.025049 s
Maximum delay            =     83.485821 s
Average delay            =     42.289580 s
Average jitter           =      0.024823 s
Delay standard deviation =     25.152832 s
Bytes received           =       1175100
Average bitrate          =     95.487918 Kbit/s
Average packet rate      =     39.786632 pkt/s
Packets dropped          =          3385 (46.36 %)
Average loss-burst size  =      7.728311 pkt
----------------------------------------------------------
----------------------------------------------------------
Flow number: 3
From 10.0.0.1:57714
To    10.0.0.2:10003
----------------------------------------------------------
Total time               =     97.052398 s
Total packets            =          2765
Minimum delay            =      2.625243 s
Maximum delay            =     84.716111 s
Average delay            =     41.530838 s
Average jitter           =      0.029700 s
Delay standard deviation =     22.844964 s
Bytes received           =        829500
Average bitrate          =     68.375436 Kbit/s
Average packet rate      =     28.489765 pkt/s
Packets dropped          =          4537 (62.13 %)
Average loss-burst size  =     13.583832 pkt
----------------------------------------------------------

__________________________________________________________
****************  TOTAL RESULTS   ******************
__________________________________________________________
Number of flows          =             3
Total time               =     99.848142 s
Total packets            =          9135
Minimum delay            =      0.000565 s
Maximum delay            =     84.716111 s
Average delay            =     42.357313 s
Average jitter           =      0.047697 s
Delay standard deviation =     24.273127 s
Bytes received           =       2740500
Average bitrate          =    219.573440 Kbit/s
Average packet rate      =     91.488933 pkt/s
Packets dropped          =         12767 (58.29 %)
Average loss-burst size  =     11.821296 pkt
Error lines              =             0
----------------------------------------------------------
