ITGDec version 2.8.1 (r1023)
Compile-time options: bursty multiport
----------------------------------------------------------
Flow number: 2
From 10.0.0.1:54287
To    10.0.0.2:10002
----------------------------------------------------------
Total time               =     89.046623 s
Total packets            =          2912
Minimum delay            =      0.067795 s
Maximum delay            =     74.117501 s
Average delay            =     34.971666 s
Average jitter           =      0.030209 s
Delay standard deviation =     21.435233 s
Bytes received           =        873600
Average bitrate          =     78.484728 Kbit/s
Average packet rate      =     32.701970 pkt/s
Packets dropped          =          4469 (60.55 %)
Average loss-burst size  =     16.075540 pkt
----------------------------------------------------------
----------------------------------------------------------
Flow number: 1
From 10.0.0.1:45928
To    10.0.0.2:10001
----------------------------------------------------------
Total time               =     88.829662 s
Total packets            =          2604
Minimum delay            =      0.001078 s
Maximum delay            =     73.861463 s
Average delay            =     39.550894 s
Average jitter           =      0.033705 s
Delay standard deviation =     20.965949 s
Bytes received           =        781200
Average bitrate          =     70.354878 Kbit/s
Average packet rate      =     29.314532 pkt/s
Packets dropped          =          4752 (64.60 %)
Average loss-burst size  =     17.032258 pkt
----------------------------------------------------------
----------------------------------------------------------
Flow number: 3
From 10.0.0.1:34767
To    10.0.0.2:10003
----------------------------------------------------------
Total time               =     88.773463 s
Total packets            =          2639
Minimum delay            =      0.022451 s
Maximum delay            =     73.831896 s
Average delay            =     36.890012 s
Average jitter           =      0.033239 s
Delay standard deviation =     20.849586 s
Bytes received           =        791700
Average bitrate          =     71.345645 Kbit/s
Average packet rate      =     29.727352 pkt/s
Packets dropped          =          4705 (64.07 %)
Average loss-burst size  =     16.113014 pkt
----------------------------------------------------------

__________________________________________________________
****************  TOTAL RESULTS   ******************
__________________________________________________________
Number of flows          =             3
Total time               =     89.114219 s
Total packets            =          8155
Minimum delay            =      0.001078 s
Maximum delay            =     74.117501 s
Average delay            =     37.054661 s
Average jitter           =      0.050021 s
Delay standard deviation =     21.181348 s
Bytes received           =       2446500
Average bitrate          =    219.628250 Kbit/s
Average packet rate      =     91.511771 pkt/s
Packets dropped          =         13926 (63.07 %)
Average loss-burst size  =     16.402827 pkt
Error lines              =             0
----------------------------------------------------------
