ITGDec version 2.8.1 (r1023)
Compile-time options: bursty multiport
----------------------------------------------------------
Flow number: 2
From 10.0.0.1:50368
To    10.0.0.2:10002
----------------------------------------------------------
Total time               =     94.502746 s
Total packets            =          2826
Minimum delay            =      0.000153 s
Maximum delay            =     79.515235 s
Average delay            =     40.523481 s
Average jitter           =      0.033150 s
Delay standard deviation =     22.337491 s
Bytes received           =        847800
Average bitrate          =     71.769343 Kbit/s
Average packet rate      =     29.903893 pkt/s
Packets dropped          =          4559 (61.73 %)
Average loss-burst size  =     17.011194 pkt
----------------------------------------------------------
----------------------------------------------------------
Flow number: 3
From 10.0.0.1:35781
To    10.0.0.2:10003
----------------------------------------------------------
Total time               =     94.553926 s
Total packets            =          3216
Minimum delay            =      0.024515 s
Maximum delay            =     79.584226 s
Average delay            =     40.619036 s
Average jitter           =      0.029047 s
Delay standard deviation =     22.777184 s
Bytes received           =        964800
Average bitrate          =     81.629609 Kbit/s
Average packet rate      =     34.012337 pkt/s
Packets dropped          =          4176 (56.49 %)
Average loss-burst size  =     16.838710 pkt
----------------------------------------------------------
----------------------------------------------------------
Flow number: 1
From 10.0.0.1:48269
To    10.0.0.2:10001
----------------------------------------------------------
Total time               =     93.827904 s
Total packets            =          2687
Minimum delay            =      1.493478 s
Maximum delay            =     80.322769 s
Average delay            =     39.222419 s
Average jitter           =      0.034500 s
Delay standard deviation =     23.878197 s
Bytes received           =        806100
Average bitrate          =     68.730087 Kbit/s
Average packet rate      =     28.637536 pkt/s
Packets dropped          =          4699 (63.62 %)
Average loss-burst size  =     15.559603 pkt
----------------------------------------------------------

__________________________________________________________
****************  TOTAL RESULTS   ******************
__________________________________________________________
Number of flows          =             3
Total time               =     95.400162 s
Total packets            =          8729
Minimum delay            =      0.000153 s
Maximum delay            =     80.322769 s
Average delay            =     40.158187 s
Average jitter           =      0.049695 s
Delay standard deviation =     22.990899 s
Bytes received           =       2618700
Average bitrate          =    219.597111 Kbit/s
Average packet rate      =     91.498796 pkt/s
Packets dropped          =         13434 (60.61 %)
Average loss-burst size  =     16.422983 pkt
Error lines              =             0
----------------------------------------------------------
