ITGDec version 2.8.1 (r1023)
Compile-time options: bursty multiport
----------------------------------------------------------
Flow number: 3
From 10.0.0.1:38009
To    10.0.0.2:10003
----------------------------------------------------------
Total time               =     84.495686 s
Total packets            =          5259
Minimum delay            =      0.000167 s
Maximum delay            =     69.500100 s
Average delay            =     35.609903 s
Average jitter           =      0.015877 s
Delay standard deviation =     19.979237 s
Bytes received           =       1577700
Average bitrate          =    149.375673 Kbit/s
Average packet rate      =     62.239864 pkt/s
Packets dropped          =          2120 (28.73 %)
Average loss-burst size  =      5.260546 pkt
----------------------------------------------------------
----------------------------------------------------------
Flow number: 2
From 10.0.0.1:48739
To    10.0.0.2:10002
----------------------------------------------------------
Total time               =     84.181787 s
Total packets            =          4892
Minimum delay            =      0.017590 s
Maximum delay            =     69.239111 s
Average delay            =     33.960902 s
Average jitter           =      0.017030 s
Delay standard deviation =     19.596959 s
Bytes received           =       1467600
Average bitrate          =    139.469598 Kbit/s
Average packet rate      =     58.112333 pkt/s
Packets dropped          =          2463 (33.49 %)
Average loss-burst size  =      5.229299 pkt
----------------------------------------------------------
----------------------------------------------------------
Flow number: 1
From 10.0.0.1:60365
To    10.0.0.2:10001
----------------------------------------------------------
Total time               =     84.421140 s
Total packets            =          5305
Minimum delay            =      0.073641 s
Maximum delay            =     69.509359 s
Average delay            =     34.639766 s
Average jitter           =      0.015861 s
Delay standard deviation =     19.874303 s
Bytes received           =       1591500
Average bitrate          =    150.815305 Kbit/s
Average packet rate      =     62.839711 pkt/s
Packets dropped          =          2073 (28.10 %)
Average loss-burst size  =      5.572581 pkt
----------------------------------------------------------

__________________________________________________________
****************  TOTAL RESULTS   ******************
__________________________________________________________
Number of flows          =             3
Total time               =     84.506580 s
Total packets            =         15456
Minimum delay            =      0.000167 s
Maximum delay            =     69.509359 s
Average delay            =     34.754993 s
Average jitter           =      0.025570 s
Delay standard deviation =     19.834284 s
Bytes received           =       4636800
Average bitrate          =    438.952801 Kbit/s
Average packet rate      =    182.897000 pkt/s
Packets dropped          =          6656 (30.10 %)
Average loss-burst size  =      5.341894 pkt
Error lines              =             0
----------------------------------------------------------
