ITGDec version 2.8.1 (r1023)
Compile-time options: bursty multiport
----------------------------------------------------------
Flow number: 2
From 10.0.0.1:42779
To    10.0.0.2:10002
----------------------------------------------------------
Total time               =     91.488516 s
Total packets            =          5507
Minimum delay            =      0.012340 s
Maximum delay            =     76.510723 s
Average delay            =     37.949919 s
Average jitter           =      0.016457 s
Delay standard deviation =     22.282710 s
Bytes received           =       1652100
Average bitrate          =    144.464033 Kbit/s
Average packet rate      =     60.193347 pkt/s
Packets dropped          =          1907 (25.72 %)
Average loss-burst size  =      8.400881 pkt
----------------------------------------------------------
----------------------------------------------------------
Flow number: 1
From 10.0.0.1:52625
To    10.0.0.2:10001
----------------------------------------------------------
Total time               =     91.435221 s
Total packets            =          5992
Minimum delay            =      0.000024 s
Maximum delay            =     76.446904 s
Average delay            =     38.882683 s
Average jitter           =      0.015090 s
Delay standard deviation =     21.823822 s
Bytes received           =       1797600
Average bitrate          =    157.278561 Kbit/s
Average packet rate      =     65.532734 pkt/s
Packets dropped          =          1412 (19.07 %)
Average loss-burst size  =      6.447489 pkt
----------------------------------------------------------
----------------------------------------------------------
Flow number: 3
From 10.0.0.1:44913
To    10.0.0.2:10003
----------------------------------------------------------
Total time               =     90.540014 s
Total packets            =          5421
Minimum delay            =      1.786488 s
Maximum delay            =     77.328557 s
Average delay            =     39.264359 s
Average jitter           =      0.016509 s
Delay standard deviation =     22.331185 s
Bytes received           =       1626300
Average bitrate          =    143.697791 Kbit/s
Average packet rate      =     59.874080 pkt/s
Packets dropped          =          1997 (26.92 %)
Average loss-burst size  =      8.286307 pkt
----------------------------------------------------------

__________________________________________________________
****************  TOTAL RESULTS   ******************
__________________________________________________________
Number of flows          =             3
Total time               =     92.524164 s
Total packets            =         16920
Minimum delay            =      0.000024 s
Maximum delay            =     77.328557 s
Average delay            =     38.701379 s
Average jitter           =      0.024456 s
Delay standard deviation =     22.143652 s
Bytes received           =       5076000
Average bitrate          =    438.890753 Kbit/s
Average packet rate      =    182.871147 pkt/s
Packets dropped          =          5316 (23.91 %)
Average loss-burst size  =      7.737991 pkt
Error lines              =             0
----------------------------------------------------------
