ITGDec version 2.8.1 (r1023)
Compile-time options: bursty multiport
----------------------------------------------------------
Flow number: 2
From 10.0.0.1:51032
To    10.0.0.2:10002
----------------------------------------------------------
Total time               =     31.381078 s
Total packets            =           458
Minimum delay            =      0.000068 s
Maximum delay            =     25.606259 s
Average delay            =     14.344063 s
Average jitter           =      0.081049 s
Delay standard deviation =      7.536702 s
Bytes received           =        137400
Average bitrate          =     35.027477 Kbit/s
Average packet rate      =     14.594782 pkt/s
Packets dropped          =             0 (0.00 %)
Average loss-burst size  =      0.000000 pkt
----------------------------------------------------------
----------------------------------------------------------
Flow number: 1
From 10.0.0.1:42250
To    10.0.0.2:10001
----------------------------------------------------------
Total time               =     55.072740 s
Total packets            =           741
Minimum delay            =      0.000370 s
Maximum delay            =     47.987016 s
Average delay            =     24.093951 s
Average jitter           =      0.083754 s
Delay standard deviation =     12.991923 s
Bytes received           =        222300
Average bitrate          =     32.291838 Kbit/s
Average packet rate      =     13.454933 pkt/s
Packets dropped          =             0 (0.00 %)
Average loss-burst size  =      0.000000 pkt
----------------------------------------------------------
----------------------------------------------------------
Flow number: 3
From 10.0.0.1:38508
To    10.0.0.2:10003
----------------------------------------------------------
Total time               =     53.696364 s
Total packets            =           657
Minimum delay            =      0.388071 s
Maximum delay            =     46.259136 s
Average delay            =     23.986326 s
Average jitter           =      0.093548 s
Delay standard deviation =     12.698660 s
Bytes received           =        197100
Average bitrate          =     29.365117 Kbit/s
Average packet rate      =     12.235465 pkt/s
Packets dropped          =             0 (0.00 %)
Average loss-burst size  =      0.000000 pkt
----------------------------------------------------------

__________________________________________________________
****************  TOTAL RESULTS   ******************
__________________________________________________________
Number of flows          =             3
Total time               =     55.077055 s
Total packets            =          1856
Minimum delay            =      0.000068 s
Maximum delay            =     47.987016 s
Average delay            =     21.649900 s
Average jitter           =      0.123062 s
Delay standard deviation =     12.489058 s
Bytes received           =        556800
Average bitrate          =     80.875784 Kbit/s
Average packet rate      =     33.698243 pkt/s
Packets dropped          =             0 (0.00 %)
Average loss-burst size  =             0 pkt
Error lines              =             0
----------------------------------------------------------
