ITGDec version 2.8.1 (r1023)
Compile-time options: bursty multiport
----------------------------------------------------------
Flow number: 2
From 10.0.0.1:51698
To    10.0.0.2:10002
----------------------------------------------------------
Total time               =     43.171907 s
Total packets            =          1681
Minimum delay            =      0.000355 s
Maximum delay            =     31.239170 s
Average delay            =     16.459059 s
Average jitter           =      0.032559 s
Delay standard deviation =      9.103245 s
Bytes received           =        504300
Average bitrate          =     93.449659 Kbit/s
Average packet rate      =     38.937358 pkt/s
Packets dropped          =             0 (0.00 %)
Average loss-burst size  =      0.000000 pkt
----------------------------------------------------------
----------------------------------------------------------
Flow number: 1
From 10.0.0.1:42916
To    10.0.0.2:10001
----------------------------------------------------------
Total time               =     45.057723 s
Total packets            =          1745
Minimum delay            =      0.022525 s
Maximum delay            =     33.549022 s
Average delay            =     16.128140 s
Average jitter           =      0.032038 s
Delay standard deviation =      9.932703 s
Bytes received           =        523500
Average bitrate          =     92.947440 Kbit/s
Average packet rate      =     38.728100 pkt/s
Packets dropped          =             0 (0.00 %)
Average loss-burst size  =      0.000000 pkt
----------------------------------------------------------
----------------------------------------------------------
Flow number: 3
From 10.0.0.1:39174
To    10.0.0.2:10003
----------------------------------------------------------
Total time               =     21.431352 s
Total packets            =           600
Minimum delay            =      2.240291 s
Maximum delay            =     15.782314 s
Average delay            =     10.343694 s
Average jitter           =      0.046086 s
Delay standard deviation =      4.039935 s
Bytes received           =        180000
Average bitrate          =     67.191281 Kbit/s
Average packet rate      =     27.996367 pkt/s
Packets dropped          =             0 (0.00 %)
Average loss-burst size  =      0.000000 pkt
----------------------------------------------------------

__________________________________________________________
****************  TOTAL RESULTS   ******************
__________________________________________________________
Number of flows          =             3
Total time               =     45.082219 s
Total packets            =          4026
Minimum delay            =      0.000355 s
Maximum delay            =     33.549022 s
Average delay            =     15.404247 s
Average jitter           =      0.060816 s
Delay standard deviation =      9.181682 s
Bytes received           =       1207800
Average bitrate          =    214.328403 Kbit/s
Average packet rate      =     89.303501 pkt/s
Packets dropped          =             0 (0.00 %)
Average loss-burst size  =             0 pkt
Error lines              =             0
----------------------------------------------------------
