ITGDec version 2.8.1 (r1023)
Compile-time options: bursty multiport
----------------------------------------------------------
Flow number: 1
From 10.0.0.1:42422
To    10.0.0.2:10001
----------------------------------------------------------
Total time               =     47.819596 s
Total packets            =           826
Minimum delay            =      0.000069 s
Maximum delay            =     34.965177 s
Average delay            =     19.382992 s
Average jitter           =      0.075104 s
Delay standard deviation =     10.314476 s
Bytes received           =        247800
Average bitrate          =     41.455808 Kbit/s
Average packet rate      =     17.273253 pkt/s
Packets dropped          =             0 (0.00 %)
Average loss-burst size  =      0.000000 pkt
----------------------------------------------------------
----------------------------------------------------------
Flow number: 2
From 10.0.0.1:51204
To    10.0.0.2:10002
----------------------------------------------------------
Total time               =     29.359129 s
Total packets            =           445
Minimum delay            =      0.000067 s
Maximum delay            =     23.714379 s
Average delay            =     12.917345 s
Average jitter           =      0.078556 s
Delay standard deviation =      7.075207 s
Bytes received           =        133500
Average bitrate          =     36.377101 Kbit/s
Average packet rate      =     15.157125 pkt/s
Packets dropped          =             0 (0.00 %)
Average loss-burst size  =      0.000000 pkt
----------------------------------------------------------
----------------------------------------------------------
Flow number: 3
From 10.0.0.1:38680
To    10.0.0.2:10003
----------------------------------------------------------
Total time               =     29.597930 s
Total packets            =           382
Minimum delay            =      2.954295 s
Maximum delay            =     30.057465 s
Average delay            =     17.351164 s
Average jitter           =      0.102723 s
Delay standard deviation =      7.895906 s
Bytes received           =        114600
Average bitrate          =     30.975139 Kbit/s
Average packet rate      =     12.906308 pkt/s
Packets dropped          =             0 (0.00 %)
Average loss-burst size  =      0.000000 pkt
----------------------------------------------------------

__________________________________________________________
****************  TOTAL RESULTS   ******************
__________________________________________________________
Number of flows          =             3
Total time               =     47.821913 s
Total packets            =          1653
Minimum delay            =      0.000067 s
Maximum delay            =     34.965177 s
Average delay            =     17.172846 s
Average jitter           =      0.119521 s
Delay standard deviation =      9.400493 s
Bytes received           =        495900
Average bitrate          =     82.957785 Kbit/s
Average packet rate      =     34.565744 pkt/s
Packets dropped          =             0 (0.00 %)
Average loss-burst size  =             0 pkt
Error lines              =             0
----------------------------------------------------------
