ITGDec version 2.8.1 (r1023)
Compile-time options: bursty multiport
----------------------------------------------------------
Flow number: 2
From 10.0.0.1:58914
To    10.0.0.2:10002
----------------------------------------------------------
Total time               =     60.131285 s
Total packets            =          7362
Minimum delay            =      0.010249 s
Maximum delay            =     45.154639 s
Average delay            =     22.502398 s
Average jitter           =      0.008064 s
Delay standard deviation =     12.874528 s
Bytes received           =       2208600
Average bitrate          =    293.837060 Kbit/s
Average packet rate      =    122.432108 pkt/s
Packets dropped          =             0 (0.00 %)
Average loss-burst size  =      0.000000 pkt
----------------------------------------------------------
----------------------------------------------------------
Flow number: 1
From 10.0.0.1:41663
To    10.0.0.2:10001
----------------------------------------------------------
Total time               =     60.147591 s
Total packets            =          7362
Minimum delay            =      0.000104 s
Maximum delay            =     45.152165 s
Average delay            =     22.498365 s
Average jitter           =      0.008037 s
Delay standard deviation =     12.872776 s
Bytes received           =       2208600
Average bitrate          =    293.757401 Kbit/s
Average packet rate      =    122.398917 pkt/s
Packets dropped          =             0 (0.00 %)
Average loss-burst size  =      0.000000 pkt
----------------------------------------------------------
----------------------------------------------------------
Flow number: 3
From 10.0.0.1:34323
To    10.0.0.2:10003
----------------------------------------------------------
Total time               =     59.932224 s
Total packets            =          7359
Minimum delay            =      0.361927 s
Maximum delay            =     45.295591 s
Average delay            =     23.075696 s
Average jitter           =      0.008006 s
Delay standard deviation =     12.865596 s
Bytes received           =       2207700
Average bitrate          =    294.692885 Kbit/s
Average packet rate      =    122.788702 pkt/s
Packets dropped          =             0 (0.00 %)
Average loss-burst size  =      0.000000 pkt
----------------------------------------------------------

__________________________________________________________
****************  TOTAL RESULTS   ******************
__________________________________________________________
Number of flows          =             3
Total time               =     60.385656 s
Total packets            =         22083
Minimum delay            =      0.000104 s
Maximum delay            =     45.295591 s
Average delay            =     22.692101 s
Average jitter           =      0.012499 s
Delay standard deviation =     12.873825 s
Bytes received           =       6624900
Average bitrate          =    877.678633 Kbit/s
Average packet rate      =    365.699430 pkt/s
Packets dropped          =             0 (0.00 %)
Average loss-burst size  =             0 pkt
Error lines              =             0
----------------------------------------------------------
