ITGDec version 2.8.1 (r1023)
Compile-time options: bursty multiport
----------------------------------------------------------
Flow number: 1
From 10.0.0.1:54200
To    10.0.0.2:10001
----------------------------------------------------------
Total time               =     35.738607 s
Total packets            =          4847
Minimum delay            =      0.000048 s
Maximum delay            =     21.538302 s
Average delay            =     10.206499 s
Average jitter           =      0.010018 s
Delay standard deviation =      6.031767 s
Bytes received           =       1454100
Average bitrate          =    325.496738 Kbit/s
Average packet rate      =    135.623641 pkt/s
Packets dropped          =             0 (0.00 %)
Average loss-burst size  =      0.000000 pkt
----------------------------------------------------------
----------------------------------------------------------
Flow number: 2
From 10.0.0.1:51258
To    10.0.0.2:10002
----------------------------------------------------------
Total time               =     34.739064 s
Total packets            =          4683
Minimum delay            =      0.000052 s
Maximum delay            =     21.266848 s
Average delay            =     10.992404 s
Average jitter           =      0.009721 s
Delay standard deviation =      6.999318 s
Bytes received           =       1404900
Average bitrate          =    323.532033 Kbit/s
Average packet rate      =    134.805014 pkt/s
Packets dropped          =             0 (0.00 %)
Average loss-burst size  =      0.000000 pkt
----------------------------------------------------------
----------------------------------------------------------
Flow number: 3
From 10.0.0.1:60238
To    10.0.0.2:10003
----------------------------------------------------------
Total time               =     23.627245 s
Total packets            =          3222
Minimum delay            =      0.061082 s
Maximum delay            =     13.258220 s
Average delay            =      6.287941 s
Average jitter           =      0.010316 s
Delay standard deviation =      3.512219 s
Bytes received           =        966600
Average bitrate          =    327.283185 Kbit/s
Average packet rate      =    136.367994 pkt/s
Packets dropped          =             0 (0.00 %)
Average loss-burst size  =      0.000000 pkt
----------------------------------------------------------

__________________________________________________________
****************  TOTAL RESULTS   ******************
__________________________________________________________
Number of flows          =             3
Total time               =     35.738607 s
Total packets            =         12752
Minimum delay            =      0.000048 s
Maximum delay            =     21.538302 s
Average delay            =      9.505025 s
Average jitter           =      0.018383 s
Delay standard deviation =      6.208957 s
Bytes received           =       3825600
Average bitrate          =    856.351228 Kbit/s
Average packet rate      =    356.813012 pkt/s
Packets dropped          =             0 (0.00 %)
Average loss-burst size  =             0 pkt
Error lines              =             0
----------------------------------------------------------
