ITGDec version 2.8.1 (r1023)
Compile-time options: bursty multiport
----------------------------------------------------------
Flow number: 3
From 10.0.0.1:60384
To    10.0.0.2:10003
----------------------------------------------------------
Total time               =     88.469672 s
Total packets            =          2681
Minimum delay            =      0.002373 s
Maximum delay            =     73.534751 s
Average delay            =     37.512836 s
Average jitter           =      0.032612 s
Delay standard deviation =     20.720187 s
Bytes received           =        804300
Average bitrate          =     72.730009 Kbit/s
Average packet rate      =     30.304170 pkt/s
Packets dropped          =          4653 (63.44 %)
Average loss-burst size  =     15.826531 pkt
----------------------------------------------------------
----------------------------------------------------------
Flow number: 1
From 10.0.0.1:44903
To    10.0.0.2:10001
----------------------------------------------------------
Total time               =     88.438443 s
Total packets            =          2760
Minimum delay            =      0.018917 s
Maximum delay            =     73.524903 s
Average delay            =     38.177674 s
Average jitter           =      0.031670 s
Delay standard deviation =     21.066089 s
Bytes received           =        828000
Average bitrate          =     74.899555 Kbit/s
Average packet rate      =     31.208148 pkt/s
Packets dropped          =          4581 (62.40 %)
Average loss-burst size  =     16.597826 pkt
----------------------------------------------------------
----------------------------------------------------------
Flow number: 2
From 10.0.0.1:44850
To    10.0.0.2:10002
----------------------------------------------------------
Total time               =     88.982236 s
Total packets            =          2710
Minimum delay            =      0.085444 s
Maximum delay            =     74.076390 s
Average delay            =     35.400606 s
Average jitter           =      0.032431 s
Delay standard deviation =     21.605859 s
Bytes received           =        813000
Average bitrate          =     73.093241 Kbit/s
Average packet rate      =     30.455517 pkt/s
Packets dropped          =          4683 (63.34 %)
Average loss-burst size  =     18.151163 pkt
----------------------------------------------------------

__________________________________________________________
****************  TOTAL RESULTS   ******************
__________________________________________________________
Number of flows          =             3
Total time               =     89.071593 s
Total packets            =          8151
Minimum delay            =      0.002373 s
Maximum delay            =     74.076390 s
Average delay            =     37.035693 s
Average jitter           =      0.049593 s
Delay standard deviation =     21.168118 s
Bytes received           =       2445300
Average bitrate          =    219.625577 Kbit/s
Average packet rate      =     91.510657 pkt/s
Packets dropped          =         13917 (63.06 %)
Average loss-burst size  =     16.807971 pkt
Error lines              =             0
----------------------------------------------------------
