ITGDec version 2.8.1 (r1023)
Compile-time options: bursty multiport
----------------------------------------------------------
Flow number: 1
From 10.0.0.1:42446
To    10.0.0.2:10001
----------------------------------------------------------
Total time               =     27.422893 s
Total packets            =           432
Minimum delay            =      0.028248 s
Maximum delay            =     22.726182 s
Average delay            =     11.590451 s
Average jitter           =      0.074319 s
Delay standard deviation =      6.577820 s
Bytes received           =        129600
Average bitrate          =     37.807827 Kbit/s
Average packet rate      =     15.753261 pkt/s
Packets dropped          =             0 (0.00 %)
Average loss-burst size  =      0.000000 pkt
----------------------------------------------------------
----------------------------------------------------------
Flow number: 2
From 10.0.0.1:51232
To    10.0.0.2:10002
----------------------------------------------------------
Total time               =     43.658196 s
Total packets            =           686
Minimum delay            =      0.178238 s
Maximum delay            =     33.752658 s
Average delay            =     17.831784 s
Average jitter           =      0.078205 s
Delay standard deviation =      9.622780 s
Bytes received           =        205800
Average bitrate          =     37.711132 Kbit/s
Average packet rate      =     15.712972 pkt/s
Packets dropped          =             0 (0.00 %)
Average loss-burst size  =      0.000000 pkt
----------------------------------------------------------
----------------------------------------------------------
Flow number: 3
From 10.0.0.1:38706
To    10.0.0.2:10003
----------------------------------------------------------
Total time               =     29.840147 s
Total packets            =           382
Minimum delay            =      2.954715 s
Maximum delay            =     29.021630 s
Average delay            =     16.319098 s
Average jitter           =      0.103795 s
Delay standard deviation =      6.732138 s
Bytes received           =        114600
Average bitrate          =     30.723709 Kbit/s
Average packet rate      =     12.801546 pkt/s
Packets dropped          =             0 (0.00 %)
Average loss-burst size  =      0.000000 pkt
----------------------------------------------------------

__________________________________________________________
****************  TOTAL RESULTS   ******************
__________________________________________________________
Number of flows          =             3
Total time               =     43.813880 s
Total packets            =          1500
Minimum delay            =      0.028248 s
Maximum delay            =     33.752658 s
Average delay            =     15.649049 s
Average jitter           =      0.124698 s
Delay standard deviation =      8.566700 s
Bytes received           =        450000
Average bitrate          =     82.165743 Kbit/s
Average packet rate      =     34.235726 pkt/s
Packets dropped          =             0 (0.00 %)
Average loss-burst size  =             0 pkt
Error lines              =             0
----------------------------------------------------------
