ITGDec version 2.8.1 (r1023)
Compile-time options: bursty multiport
----------------------------------------------------------
Flow number: 2
From 10.0.0.1:53093
To    10.0.0.2:10002
----------------------------------------------------------
Total time               =     60.342440 s
Total packets            =          7391
Minimum delay            =      0.000115 s
Maximum delay            =     45.346861 s
Average delay            =     22.539091 s
Average jitter           =      0.008034 s
Delay standard deviation =     12.933895 s
Bytes received           =       2217300
Average bitrate          =    293.962259 Kbit/s
Average packet rate      =    122.484275 pkt/s
Packets dropped          =             0 (0.00 %)
Average loss-burst size  =      0.000000 pkt
----------------------------------------------------------
----------------------------------------------------------
Flow number: 1
From 10.0.0.1:52458
To    10.0.0.2:10001
----------------------------------------------------------
Total time               =     60.318863 s
Total packets            =          7393
Minimum delay            =      0.012859 s
Maximum delay            =     45.344163 s
Average delay            =     22.542786 s
Average jitter           =      0.008057 s
Delay standard deviation =     12.930952 s
Bytes received           =       2217900
Average bitrate          =    294.156738 Kbit/s
Average packet rate      =    122.565308 pkt/s
Packets dropped          =             0 (0.00 %)
Average loss-burst size  =      0.000000 pkt
----------------------------------------------------------
----------------------------------------------------------
Flow number: 3
From 10.0.0.1:58986
To    10.0.0.2:10003
----------------------------------------------------------
Total time               =     60.069528 s
Total packets            =          7391
Minimum delay            =      0.454799 s
Maximum delay            =     45.526099 s
Average delay            =     23.262055 s
Average jitter           =      0.007990 s
Delay standard deviation =     12.931746 s
Bytes received           =       2217300
Average bitrate          =    295.297809 Kbit/s
Average packet rate      =    123.040754 pkt/s
Packets dropped          =             0 (0.00 %)
Average loss-burst size  =      0.000000 pkt
----------------------------------------------------------

__________________________________________________________
****************  TOTAL RESULTS   ******************
__________________________________________________________
Number of flows          =             3
Total time               =     60.637921 s
Total packets            =         22175
Minimum delay            =      0.000115 s
Maximum delay            =     45.526099 s
Average delay            =     22.781289 s
Average jitter           =      0.012266 s
Delay standard deviation =     12.936665 s
Bytes received           =       6652500
Average bitrate          =    877.668613 Kbit/s
Average packet rate      =    365.695255 pkt/s
Packets dropped          =             0 (0.00 %)
Average loss-burst size  =             0 pkt
Error lines              =             0
----------------------------------------------------------
