ITGDec version 2.8.1 (r1023)
Compile-time options: bursty multiport
----------------------------------------------------------
Flow number: 1
From 10.0.0.1:55486
To    10.0.0.2:10001
----------------------------------------------------------
Total time               =    102.771140 s
Total packets            =          1330
Minimum delay            =      0.023925 s
Maximum delay            =     87.799230 s
Average delay            =     45.630605 s
Average jitter           =      0.076304 s
Delay standard deviation =     23.830519 s
Bytes received           =        399000
Average bitrate          =     31.059303 Kbit/s
Average packet rate      =     12.941376 pkt/s
Packets dropped          =          6060 (82.00 %)
Average loss-burst size  =      5.988142 pkt
----------------------------------------------------------
----------------------------------------------------------
Flow number: 2
From 10.0.0.1:41289
To    10.0.0.2:10002
----------------------------------------------------------
Total time               =    102.542695 s
Total packets            =          1113
Minimum delay            =      0.003345 s
Maximum delay            =     87.577641 s
Average delay            =     40.906381 s
Average jitter           =      0.091014 s
Delay standard deviation =     26.056209 s
Bytes received           =        333900
Average bitrate          =     26.049637 Kbit/s
Average packet rate      =     10.854015 pkt/s
Packets dropped          =          6253 (84.89 %)
Average loss-burst size  =      7.965605 pkt
----------------------------------------------------------
----------------------------------------------------------
Flow number: 3
From 10.0.0.1:46717
To    10.0.0.2:10003
----------------------------------------------------------
Total time               =    102.816929 s
Total packets            =          1327
Minimum delay            =      0.028850 s
Maximum delay            =     87.848462 s
Average delay            =     44.680075 s
Average jitter           =      0.076469 s
Delay standard deviation =     25.557245 s
Bytes received           =        398100
Average bitrate          =     30.975444 Kbit/s
Average packet rate      =     12.906435 pkt/s
Packets dropped          =          6069 (82.06 %)
Average loss-burst size  =      5.979310 pkt
----------------------------------------------------------

__________________________________________________________
****************  TOTAL RESULTS   ******************
__________________________________________________________
Number of flows          =             3
Total time               =    102.843663 s
Total packets            =          3770
Minimum delay            =      0.003345 s
Maximum delay            =     87.848462 s
Average delay            =     43.901317 s
Average jitter           =      0.124499 s
Delay standard deviation =     25.191409 s
Bytes received           =       1131000
Average bitrate          =     87.978197 Kbit/s
Average packet rate      =     36.657582 pkt/s
Packets dropped          =         18382 (82.98 %)
Average loss-burst size  =      6.536984 pkt
Error lines              =             0
----------------------------------------------------------
