ITGDec version 2.8.1 (r1023)
Compile-time options: bursty multiport
----------------------------------------------------------
Flow number: 2
From 10.0.0.1:50714
To    10.0.0.2:10002
----------------------------------------------------------
Total time               =     53.867116 s
Total packets            =           956
Minimum delay            =      0.026370 s
Maximum delay            =     42.664283 s
Average delay            =     22.149057 s
Average jitter           =      0.067922 s
Delay standard deviation =     12.070129 s
Bytes received           =        286800
Average bitrate          =     42.593704 Kbit/s
Average packet rate      =     17.747377 pkt/s
Packets dropped          =             0 (0.00 %)
Average loss-burst size  =      0.000000 pkt
----------------------------------------------------------
----------------------------------------------------------
Flow number: 3
From 10.0.0.1:59694
To    10.0.0.2:10003
----------------------------------------------------------
Total time               =     31.963086 s
Total packets            =           570
Minimum delay            =      0.176181 s
Maximum delay            =     24.326558 s
Average delay            =     13.005080 s
Average jitter           =      0.067090 s
Delay standard deviation =      6.823592 s
Bytes received           =        171000
Average bitrate          =     42.799372 Kbit/s
Average packet rate      =     17.833072 pkt/s
Packets dropped          =             0 (0.00 %)
Average loss-burst size  =      0.000000 pkt
----------------------------------------------------------
----------------------------------------------------------
Flow number: 1
From 10.0.0.1:53662
To    10.0.0.2:10001
----------------------------------------------------------
Total time               =     26.955018 s
Total packets            =           238
Minimum delay            =      5.263071 s
Maximum delay            =     31.962010 s
Average delay            =     20.157063 s
Average jitter           =      0.114544 s
Delay standard deviation =      9.614311 s
Bytes received           =         71400
Average bitrate          =     21.190860 Kbit/s
Average packet rate      =      8.829525 pkt/s
Packets dropped          =             0 (0.00 %)
Average loss-burst size  =      0.000000 pkt
----------------------------------------------------------

__________________________________________________________
****************  TOTAL RESULTS   ******************
__________________________________________________________
Number of flows          =             3
Total time               =     53.867116 s
Total packets            =          1764
Minimum delay            =      0.026370 s
Maximum delay            =     42.664283 s
Average delay            =     18.925609 s
Average jitter           =      0.127223 s
Delay standard deviation =     11.119115 s
Bytes received           =        529200
Average bitrate          =     78.593404 Kbit/s
Average packet rate      =     32.747252 pkt/s
Packets dropped          =             0 (0.00 %)
Average loss-burst size  =             0 pkt
Error lines              =             0
----------------------------------------------------------
