ITGDec version 2.8.1 (r1023)
Compile-time options: bursty multiport
----------------------------------------------------------
Flow number: 1
From 10.0.0.1:43384
To    10.0.0.2:10001
----------------------------------------------------------
Total time               =     25.322924 s
Total packets            =          1593
Minimum delay            =      0.000057 s
Maximum delay            =     17.612866 s
Average delay            =      8.884055 s
Average jitter           =      0.020472 s
Delay standard deviation =      4.591888 s
Bytes received           =        477900
Average bitrate          =    150.977825 Kbit/s
Average packet rate      =     62.907427 pkt/s
Packets dropped          =             0 (0.00 %)
Average loss-burst size  =      0.000000 pkt
----------------------------------------------------------
----------------------------------------------------------
Flow number: 2
From 10.0.0.1:52170
To    10.0.0.2:10002
----------------------------------------------------------
Total time               =     26.065047 s
Total packets            =          1811
Minimum delay            =      0.000193 s
Maximum delay            =     18.331903 s
Average delay            =      9.646192 s
Average jitter           =      0.019470 s
Delay standard deviation =      4.936266 s
Bytes received           =        543300
Average bitrate          =    166.752049 Kbit/s
Average packet rate      =     69.480021 pkt/s
Packets dropped          =             0 (0.00 %)
Average loss-burst size  =      0.000000 pkt
----------------------------------------------------------
----------------------------------------------------------
Flow number: 3
From 10.0.0.1:39644
To    10.0.0.2:10003
----------------------------------------------------------
Total time               =     37.165940 s
Total packets            =          2546
Minimum delay            =      0.017649 s
Maximum delay            =     25.630254 s
Average delay            =     13.202179 s
Average jitter           =      0.018902 s
Delay standard deviation =      7.064564 s
Bytes received           =        763800
Average bitrate          =    164.408596 Kbit/s
Average packet rate      =     68.503582 pkt/s
Packets dropped          =             0 (0.00 %)
Average loss-burst size  =      0.000000 pkt
----------------------------------------------------------

__________________________________________________________
****************  TOTAL RESULTS   ******************
__________________________________________________________
Number of flows          =             3
Total time               =     37.197177 s
Total packets            =          5950
Minimum delay            =      0.000057 s
Maximum delay            =     25.630254 s
Average delay            =     10.963748 s
Average jitter           =      0.031499 s
Delay standard deviation =      6.184472 s
Bytes received           =       1785000
Average bitrate          =    383.900101 Kbit/s
Average packet rate      =    159.958375 pkt/s
Packets dropped          =             0 (0.00 %)
Average loss-burst size  =             0 pkt
Error lines              =             0
----------------------------------------------------------
