ITGDec version 2.8.1 (r1023)
Compile-time options: bursty multiport
----------------------------------------------------------
Flow number: 2
From 10.0.0.1:51196
To    10.0.0.2:10002
----------------------------------------------------------
Total time               =     46.637994 s
Total packets            =           648
Minimum delay            =      0.000061 s
Maximum delay            =     38.054502 s
Average delay            =     18.867177 s
Average jitter           =      0.085068 s
Delay standard deviation =     10.266272 s
Bytes received           =        194400
Average bitrate          =     33.346203 Kbit/s
Average packet rate      =     13.894251 pkt/s
Packets dropped          =             0 (0.00 %)
Average loss-burst size  =      0.000000 pkt
----------------------------------------------------------
----------------------------------------------------------
Flow number: 3
From 10.0.0.1:38670
To    10.0.0.2:10003
----------------------------------------------------------
Total time               =     29.384853 s
Total packets            =           382
Minimum delay            =      0.005557 s
Maximum delay            =     22.182188 s
Average delay            =     12.929203 s
Average jitter           =      0.097413 s
Delay standard deviation =      6.444225 s
Bytes received           =        114600
Average bitrate          =     31.199748 Kbit/s
Average packet rate      =     12.999895 pkt/s
Packets dropped          =             0 (0.00 %)
Average loss-burst size  =      0.000000 pkt
----------------------------------------------------------
----------------------------------------------------------
Flow number: 1
From 10.0.0.1:42416
To    10.0.0.2:10001
----------------------------------------------------------
Total time               =     47.296216 s
Total packets            =           623
Minimum delay            =      0.062719 s
Maximum delay            =     35.126311 s
Average delay            =     19.322732 s
Average jitter           =      0.095457 s
Delay standard deviation =      9.467793 s
Bytes received           =        186900
Average bitrate          =     31.613523 Kbit/s
Average packet rate      =     13.172301 pkt/s
Packets dropped          =             0 (0.00 %)
Average loss-burst size  =      0.000000 pkt
----------------------------------------------------------

__________________________________________________________
****************  TOTAL RESULTS   ******************
__________________________________________________________
Number of flows          =             3
Total time               =     47.370797 s
Total packets            =          1653
Minimum delay            =      0.000061 s
Maximum delay            =     38.054502 s
Average delay            =     17.666636 s
Average jitter           =      0.138589 s
Delay standard deviation =      9.564683 s
Bytes received           =        495900
Average bitrate          =     83.747799 Kbit/s
Average packet rate      =     34.894916 pkt/s
Packets dropped          =             0 (0.00 %)
Average loss-burst size  =             0 pkt
Error lines              =             0
----------------------------------------------------------
