ITGDec version 2.8.1 (r1023)
Compile-time options: bursty multiport
----------------------------------------------------------
Flow number: 1
From 10.0.0.1:50764
To    10.0.0.2:10001
----------------------------------------------------------
Total time               =     60.718698 s
Total packets            =          7422
Minimum delay            =      0.000116 s
Maximum delay            =     45.724636 s
Average delay            =     22.776757 s
Average jitter           =      0.008050 s
Delay standard deviation =     13.011492 s
Bytes received           =       2226600
Average bitrate          =    293.365974 Kbit/s
Average packet rate      =    122.235823 pkt/s
Packets dropped          =             0 (0.00 %)
Average loss-burst size  =      0.000000 pkt
----------------------------------------------------------
----------------------------------------------------------
Flow number: 2
From 10.0.0.1:34593
To    10.0.0.2:10002
----------------------------------------------------------
Total time               =     60.707981 s
Total packets            =          7421
Minimum delay            =      0.010583 s
Maximum delay            =     45.729720 s
Average delay            =     22.776423 s
Average jitter           =      0.008059 s
Delay standard deviation =     13.011542 s
Bytes received           =       2226300
Average bitrate          =    293.378230 Kbit/s
Average packet rate      =    122.240929 pkt/s
Packets dropped          =             0 (0.00 %)
Average loss-burst size  =      0.000000 pkt
----------------------------------------------------------
----------------------------------------------------------
Flow number: 3
From 10.0.0.1:53377
To    10.0.0.2:10003
----------------------------------------------------------
Total time               =     60.574851 s
Total packets            =          7427
Minimum delay            =      0.258270 s
Maximum delay            =     45.834221 s
Average delay            =     23.210320 s
Average jitter           =      0.008019 s
Delay standard deviation =     13.009611 s
Bytes received           =       2228100
Average bitrate          =    294.260732 Kbit/s
Average packet rate      =    122.608638 pkt/s
Packets dropped          =             0 (0.00 %)
Average loss-burst size  =      0.000000 pkt
----------------------------------------------------------

__________________________________________________________
****************  TOTAL RESULTS   ******************
__________________________________________________________
Number of flows          =             3
Total time               =     60.896544 s
Total packets            =         22270
Minimum delay            =      0.000116 s
Maximum delay            =     45.834221 s
Average delay            =     22.921238 s
Average jitter           =      0.012544 s
Delay standard deviation =     13.012488 s
Bytes received           =       6681000
Average bitrate          =    877.685276 Kbit/s
Average packet rate      =    365.702198 pkt/s
Packets dropped          =             0 (0.00 %)
Average loss-burst size  =             0 pkt
Error lines              =             0
----------------------------------------------------------
