ITGDec version 2.8.1 (r1023)
Compile-time options: bursty multiport
----------------------------------------------------------
Flow number: 1
From 10.0.0.1:48853
To    10.0.0.2:10001
----------------------------------------------------------
Total time               =     60.721515 s
Total packets            =          7405
Minimum delay            =      0.000095 s
Maximum delay            =     45.727685 s
Average delay            =     22.858755 s
Average jitter           =      0.008071 s
Delay standard deviation =     12.964601 s
Bytes received           =       2221500
Average bitrate          =    292.680444 Kbit/s
Average packet rate      =    121.950185 pkt/s
Packets dropped          =             0 (0.00 %)
Average loss-burst size  =      0.000000 pkt
----------------------------------------------------------
----------------------------------------------------------
Flow number: 2
From 10.0.0.1:57413
To    10.0.0.2:10002
----------------------------------------------------------
Total time               =     60.700792 s
Total packets            =          7402
Minimum delay            =      0.016940 s
Maximum delay            =     45.729576 s
Average delay            =     22.858697 s
Average jitter           =      0.008109 s
Delay standard deviation =     12.967464 s
Bytes received           =       2220600
Average bitrate          =    292.661750 Kbit/s
Average packet rate      =    121.942396 pkt/s
Packets dropped          =             0 (0.00 %)
Average loss-burst size  =      0.000000 pkt
----------------------------------------------------------
----------------------------------------------------------
Flow number: 3
From 10.0.0.1:46923
To    10.0.0.2:10003
----------------------------------------------------------
Total time               =     60.650490 s
Total packets            =          7404
Minimum delay            =      0.063709 s
Maximum delay            =     45.735548 s
Average delay            =     22.868179 s
Average jitter           =      0.008368 s
Delay standard deviation =     12.967666 s
Bytes received           =       2221200
Average bitrate          =    292.983618 Kbit/s
Average packet rate      =    122.076508 pkt/s
Packets dropped          =             0 (0.00 %)
Average loss-burst size  =      0.000000 pkt
----------------------------------------------------------

__________________________________________________________
****************  TOTAL RESULTS   ******************
__________________________________________________________
Number of flows          =             3
Total time               =     60.732455 s
Total packets            =         22211
Minimum delay            =      0.000095 s
Maximum delay            =     45.735548 s
Average delay            =     22.861877 s
Average jitter           =      0.012848 s
Delay standard deviation =     12.966578 s
Bytes received           =       6663300
Average bitrate          =    877.725098 Kbit/s
Average packet rate      =    365.718791 pkt/s
Packets dropped          =             0 (0.00 %)
Average loss-burst size  =             0 pkt
Error lines              =             0
----------------------------------------------------------
