ITGDec version 2.8.1 (r1023)
Compile-time options: bursty multiport
----------------------------------------------------------
Flow number: 2
From 10.0.0.1:51334
To    10.0.0.2:10002
----------------------------------------------------------
Total time               =     23.786909 s
Total packets            =          3554
Minimum delay            =      0.000048 s
Maximum delay            =     13.466268 s
Average delay            =      7.065294 s
Average jitter           =      0.009109 s
Delay standard deviation =      4.152082 s
Bytes received           =       1066200
Average bitrate          =    358.583791 Kbit/s
Average packet rate      =    149.409913 pkt/s
Packets dropped          =             0 (0.00 %)
Average loss-burst size  =      0.000000 pkt
----------------------------------------------------------
----------------------------------------------------------
Flow number: 1
From 10.0.0.1:54280
To    10.0.0.2:10001
----------------------------------------------------------
Total time               =     34.494191 s
Total packets            =          4382
Minimum delay            =      0.000055 s
Maximum delay            =     20.638326 s
Average delay            =      9.641843 s
Average jitter           =      0.010784 s
Delay standard deviation =      5.675413 s
Bytes received           =       1314600
Average bitrate          =    304.886118 Kbit/s
Average packet rate      =    127.035883 pkt/s
Packets dropped          =             0 (0.00 %)
Average loss-burst size  =      0.000000 pkt
----------------------------------------------------------
----------------------------------------------------------
Flow number: 3
From 10.0.0.1:60316
To    10.0.0.2:10003
----------------------------------------------------------
Total time               =     35.470557 s
Total packets            =          4518
Minimum delay            =      0.027926 s
Maximum delay            =     22.192535 s
Average delay            =     10.041525 s
Average jitter           =      0.010689 s
Delay standard deviation =      6.033568 s
Bytes received           =       1355400
Average bitrate          =    305.695792 Kbit/s
Average packet rate      =    127.373246 pkt/s
Packets dropped          =             0 (0.00 %)
Average loss-burst size  =      0.000000 pkt
----------------------------------------------------------

__________________________________________________________
****************  TOTAL RESULTS   ******************
__________________________________________________________
Number of flows          =             3
Total time               =     35.515290 s
Total packets            =         12454
Minimum delay            =      0.000048 s
Maximum delay            =     22.192535 s
Average delay            =      9.051568 s
Average jitter           =      0.018044 s
Delay standard deviation =      5.573464 s
Bytes received           =       3736200
Average bitrate          =    841.598084 Kbit/s
Average packet rate      =    350.665868 pkt/s
Packets dropped          =             0 (0.00 %)
Average loss-burst size  =             0 pkt
Error lines              =             0
----------------------------------------------------------
