ITGDec version 2.8.1 (r1023)
Compile-time options: bursty multiport
----------------------------------------------------------
Flow number: 1
From 10.0.0.1:53632
To    10.0.0.2:10001
----------------------------------------------------------
Total time               =     51.070977 s
Total packets            =           942
Minimum delay            =      0.026417 s
Maximum delay            =     39.000495 s
Average delay            =     21.733735 s
Average jitter           =      0.066986 s
Delay standard deviation =     12.219762 s
Bytes received           =        282600
Average bitrate          =     44.267804 Kbit/s
Average packet rate      =     18.444918 pkt/s
Packets dropped          =             0 (0.00 %)
Average loss-burst size  =      0.000000 pkt
----------------------------------------------------------
----------------------------------------------------------
Flow number: 3
From 10.0.0.1:59668
To    10.0.0.2:10003
----------------------------------------------------------
Total time               =     30.377754 s
Total packets            =           517
Minimum delay            =      0.055996 s
Maximum delay            =     27.270096 s
Average delay            =     13.505532 s
Average jitter           =      0.073408 s
Delay standard deviation =      7.932052 s
Bytes received           =        155100
Average bitrate          =     40.845679 Kbit/s
Average packet rate      =     17.019033 pkt/s
Packets dropped          =             0 (0.00 %)
Average loss-burst size  =      0.000000 pkt
----------------------------------------------------------
----------------------------------------------------------
Flow number: 2
From 10.0.0.1:50692
To    10.0.0.2:10002
----------------------------------------------------------
Total time               =     25.981016 s
Total packets            =           238
Minimum delay            =      5.385492 s
Maximum delay            =     31.109897 s
Average delay            =     19.819673 s
Average jitter           =      0.110437 s
Delay standard deviation =      9.262766 s
Bytes received           =         71400
Average bitrate          =     21.985283 Kbit/s
Average packet rate      =      9.160535 pkt/s
Packets dropped          =             0 (0.00 %)
Average loss-burst size  =      0.000000 pkt
----------------------------------------------------------

__________________________________________________________
****************  TOTAL RESULTS   ******************
__________________________________________________________
Number of flows          =             3
Total time               =     51.070977 s
Total packets            =          1697
Minimum delay            =      0.026417 s
Maximum delay            =     39.000495 s
Average delay            =     18.958527 s
Average jitter           =      0.113538 s
Delay standard deviation =     11.292829 s
Bytes received           =        509100
Average bitrate          =     79.747838 Kbit/s
Average packet rate      =     33.228266 pkt/s
Packets dropped          =             0 (0.00 %)
Average loss-burst size  =             0 pkt
Error lines              =             0
----------------------------------------------------------
