ITGDec version 2.8.1 (r1023)
Compile-time options: bursty multiport
----------------------------------------------------------
Flow number: 3
From 10.0.0.1:39624
To    10.0.0.2:10003
----------------------------------------------------------
Total time               =     24.146599 s
Total packets            =          1661
Minimum delay            =      0.000048 s
Maximum delay            =     15.558971 s
Average delay            =      8.442013 s
Average jitter           =      0.019459 s
Delay standard deviation =      4.418358 s
Bytes received           =        498300
Average bitrate          =    165.091573 Kbit/s
Average packet rate      =     68.788155 pkt/s
Packets dropped          =             0 (0.00 %)
Average loss-burst size  =      0.000000 pkt
----------------------------------------------------------
----------------------------------------------------------
Flow number: 2
From 10.0.0.1:52154
To    10.0.0.2:10002
----------------------------------------------------------
Total time               =     38.181748 s
Total packets            =          2500
Minimum delay            =      0.000068 s
Maximum delay            =     25.397873 s
Average delay            =     12.964862 s
Average jitter           =      0.020144 s
Delay standard deviation =      7.256081 s
Bytes received           =        750000
Average bitrate          =    157.143146 Kbit/s
Average packet rate      =     65.476311 pkt/s
Packets dropped          =             0 (0.00 %)
Average loss-burst size  =      0.000000 pkt
----------------------------------------------------------
----------------------------------------------------------
Flow number: 1
From 10.0.0.1:43372
To    10.0.0.2:10001
----------------------------------------------------------
Total time               =     36.177964 s
Total packets            =          2477
Minimum delay            =      0.071937 s
Maximum delay            =     24.211843 s
Average delay            =     12.619936 s
Average jitter           =      0.019228 s
Delay standard deviation =      6.762652 s
Bytes received           =        743100
Average bitrate          =    164.321021 Kbit/s
Average packet rate      =     68.467092 pkt/s
Packets dropped          =             0 (0.00 %)
Average loss-burst size  =      0.000000 pkt
----------------------------------------------------------

__________________________________________________________
****************  TOTAL RESULTS   ******************
__________________________________________________________
Number of flows          =             3
Total time               =     38.186043 s
Total packets            =          6638
Minimum delay            =      0.000048 s
Maximum delay            =     25.397873 s
Average delay            =     11.704417 s
Average jitter           =      0.034186 s
Delay standard deviation =      6.734549 s
Bytes received           =       1991400
Average bitrate          =    417.199551 Kbit/s
Average packet rate      =    173.833146 pkt/s
Packets dropped          =             0 (0.00 %)
Average loss-burst size  =             0 pkt
Error lines              =             0
----------------------------------------------------------
