ITGDec version 2.8.1 (r1023)
Compile-time options: bursty multiport
----------------------------------------------------------
Flow number: 1
From 10.0.0.1:43376
To    10.0.0.2:10001
----------------------------------------------------------
Total time               =     24.187908 s
Total packets            =          1649
Minimum delay            =      0.000034 s
Maximum delay            =     17.418935 s
Average delay            =      8.482798 s
Average jitter           =      0.018478 s
Delay standard deviation =      4.845465 s
Bytes received           =        494700
Average bitrate          =    163.618945 Kbit/s
Average packet rate      =     68.174561 pkt/s
Packets dropped          =             0 (0.00 %)
Average loss-burst size  =      0.000000 pkt
----------------------------------------------------------
----------------------------------------------------------
Flow number: 3
From 10.0.0.1:39634
To    10.0.0.2:10003
----------------------------------------------------------
Total time               =     25.949023 s
Total packets            =          1668
Minimum delay            =      0.000305 s
Maximum delay            =     18.306755 s
Average delay            =      9.001806 s
Average jitter           =      0.020813 s
Delay standard deviation =      5.025425 s
Bytes received           =        500400
Average bitrate          =    154.271704 Kbit/s
Average packet rate      =     64.279877 pkt/s
Packets dropped          =             0 (0.00 %)
Average loss-burst size  =      0.000000 pkt
----------------------------------------------------------
----------------------------------------------------------
Flow number: 2
From 10.0.0.1:52164
To    10.0.0.2:10002
----------------------------------------------------------
Total time               =     26.123426 s
Total packets            =          1792
Minimum delay            =      0.016365 s
Maximum delay            =     17.627491 s
Average delay            =      9.513566 s
Average jitter           =      0.019906 s
Delay standard deviation =      4.764720 s
Bytes received           =        537600
Average bitrate          =    164.633842 Kbit/s
Average packet rate      =     68.597434 pkt/s
Packets dropped          =             0 (0.00 %)
Average loss-burst size  =      0.000000 pkt
----------------------------------------------------------

__________________________________________________________
****************  TOTAL RESULTS   ******************
__________________________________________________________
Number of flows          =             3
Total time               =     26.154739 s
Total packets            =          5109
Minimum delay            =      0.000034 s
Maximum delay            =     18.306755 s
Average delay            =      9.013791 s
Average jitter           =      0.031747 s
Delay standard deviation =      4.895403 s
Bytes received           =       1532700
Average bitrate          =    468.809878 Kbit/s
Average packet rate      =    195.337449 pkt/s
Packets dropped          =             0 (0.00 %)
Average loss-burst size  =             0 pkt
Error lines              =             0
----------------------------------------------------------
