ITGDec version 2.8.1 (r1023)
Compile-time options: bursty multiport
----------------------------------------------------------
Flow number: 2
From 10.0.0.1:51202
To    10.0.0.2:10002
----------------------------------------------------------
Total time               =     25.212911 s
Total packets            =          2072
Minimum delay            =      0.000062 s
Maximum delay            =     14.783855 s
Average delay            =      7.331344 s
Average jitter           =      0.016923 s
Delay standard deviation =      4.267813 s
Bytes received           =        621600
Average bitrate          =    197.232283 Kbit/s
Average packet rate      =     82.180118 pkt/s
Packets dropped          =             0 (0.00 %)
Average loss-burst size  =      0.000000 pkt
----------------------------------------------------------
----------------------------------------------------------
Flow number: 3
From 10.0.0.1:60184
To    10.0.0.2:10003
----------------------------------------------------------
Total time               =     36.586890 s
Total packets            =          3003
Minimum delay            =      0.012460 s
Maximum delay            =     22.485248 s
Average delay            =     11.289598 s
Average jitter           =      0.016464 s
Delay standard deviation =      6.604012 s
Bytes received           =        900900
Average bitrate          =    196.988593 Kbit/s
Average packet rate      =     82.078581 pkt/s
Packets dropped          =             0 (0.00 %)
Average loss-burst size  =      0.000000 pkt
----------------------------------------------------------
----------------------------------------------------------
Flow number: 1
From 10.0.0.1:54148
To    10.0.0.2:10001
----------------------------------------------------------
Total time               =     23.377282 s
Total packets            =           913
Minimum delay            =      0.821136 s
Maximum delay            =     16.720503 s
Average delay            =      7.495951 s
Average jitter           =      0.036683 s
Delay standard deviation =      4.605774 s
Bytes received           =        273900
Average bitrate          =     93.732026 Kbit/s
Average packet rate      =     39.055011 pkt/s
Packets dropped          =             0 (0.00 %)
Average loss-burst size  =      0.000000 pkt
----------------------------------------------------------

__________________________________________________________
****************  TOTAL RESULTS   ******************
__________________________________________________________
Number of flows          =             3
Total time               =     36.612320 s
Total packets            =          5988
Minimum delay            =      0.000062 s
Maximum delay            =     22.485248 s
Average delay            =      9.341518 s
Average jitter           =      0.028603 s
Delay standard deviation =      5.935469 s
Bytes received           =       1796400
Average bitrate          =    392.523610 Kbit/s
Average packet rate      =    163.551504 pkt/s
Packets dropped          =             0 (0.00 %)
Average loss-burst size  =             0 pkt
Error lines              =             0
----------------------------------------------------------
