ITGDec version 2.8.1 (r1023)
Compile-time options: bursty multiport
----------------------------------------------------------
Flow number: 2
From 10.0.0.1:51882
To    10.0.0.2:10002
----------------------------------------------------------
Total time               =     24.336485 s
Total packets            =           917
Minimum delay            =      0.000331 s
Maximum delay            =     17.377047 s
Average delay            =      8.415644 s
Average jitter           =      0.033893 s
Delay standard deviation =      4.641135 s
Bytes received           =        275100
Average bitrate          =     90.432123 Kbit/s
Average packet rate      =     37.680051 pkt/s
Packets dropped          =             0 (0.00 %)
Average loss-burst size  =      0.000000 pkt
----------------------------------------------------------
----------------------------------------------------------
Flow number: 1
From 10.0.0.1:43100
To    10.0.0.2:10001
----------------------------------------------------------
Total time               =     37.266628 s
Total packets            =          1330
Minimum delay            =      0.018817 s
Maximum delay            =     24.993532 s
Average delay            =     12.220966 s
Average jitter           =      0.037025 s
Delay standard deviation =      6.996767 s
Bytes received           =        399000
Average bitrate          =     85.653041 Kbit/s
Average packet rate      =     35.688767 pkt/s
Packets dropped          =             0 (0.00 %)
Average loss-burst size  =      0.000000 pkt
----------------------------------------------------------
----------------------------------------------------------
Flow number: 3
From 10.0.0.1:39358
To    10.0.0.2:10003
----------------------------------------------------------
Total time               =     35.537549 s
Total packets            =          1031
Minimum delay            =      0.976256 s
Maximum delay            =     26.737015 s
Average delay            =     13.398883 s
Average jitter           =      0.042863 s
Delay standard deviation =      8.024239 s
Bytes received           =        309300
Average bitrate          =     69.627762 Kbit/s
Average packet rate      =     29.011567 pkt/s
Packets dropped          =             0 (0.00 %)
Average loss-burst size  =      0.000000 pkt
----------------------------------------------------------

__________________________________________________________
****************  TOTAL RESULTS   ******************
__________________________________________________________
Number of flows          =             3
Total time               =     37.677992 s
Total packets            =          3278
Minimum delay            =      0.000331 s
Maximum delay            =     26.737015 s
Average delay            =     11.526931 s
Average jitter           =      0.060879 s
Delay standard deviation =      7.081343 s
Bytes received           =        983400
Average bitrate          =    208.800936 Kbit/s
Average packet rate      =     87.000390 pkt/s
Packets dropped          =             0 (0.00 %)
Average loss-burst size  =             0 pkt
Error lines              =             0
----------------------------------------------------------
