ITGDec version 2.8.1 (r1023)
Compile-time options: bursty multiport
----------------------------------------------------------
Flow number: 1
From 10.0.0.1:53666
To    10.0.0.2:10001
----------------------------------------------------------
Total time               =     53.007617 s
Total packets            =           975
Minimum delay            =      0.029073 s
Maximum delay            =     42.799353 s
Average delay            =     22.613963 s
Average jitter           =      0.066834 s
Delay standard deviation =     13.104412 s
Bytes received           =        292500
Average bitrate          =     44.144599 Kbit/s
Average packet rate      =     18.393583 pkt/s
Packets dropped          =             0 (0.00 %)
Average loss-burst size  =      0.000000 pkt
----------------------------------------------------------
----------------------------------------------------------
Flow number: 2
From 10.0.0.1:50724
To    10.0.0.2:10002
----------------------------------------------------------
Total time               =     30.716574 s
Total packets            =           507
Minimum delay            =      0.058730 s
Maximum delay            =     27.712651 s
Average delay            =     14.080623 s
Average jitter           =      0.066513 s
Delay standard deviation =      8.190428 s
Bytes received           =        152100
Average bitrate          =     39.613793 Kbit/s
Average packet rate      =     16.505747 pkt/s
Packets dropped          =             0 (0.00 %)
Average loss-burst size  =      0.000000 pkt
----------------------------------------------------------
----------------------------------------------------------
Flow number: 3
From 10.0.0.1:59704
To    10.0.0.2:10003
----------------------------------------------------------
Total time               =     27.093357 s
Total packets            =           286
Minimum delay            =      5.258465 s
Maximum delay            =     32.044306 s
Average delay            =     21.519562 s
Average jitter           =      0.095887 s
Delay standard deviation =      9.454090 s
Bytes received           =         85800
Average bitrate          =     25.334624 Kbit/s
Average packet rate      =     10.556093 pkt/s
Packets dropped          =             0 (0.00 %)
Average loss-burst size  =      0.000000 pkt
----------------------------------------------------------

__________________________________________________________
****************  TOTAL RESULTS   ******************
__________________________________________________________
Number of flows          =             3
Total time               =     53.007617 s
Total packets            =          1768
Minimum delay            =      0.029073 s
Maximum delay            =     42.799353 s
Average delay            =     19.989867 s
Average jitter           =      0.115123 s
Delay standard deviation =     11.940965 s
Bytes received           =        530400
Average bitrate          =     80.048873 Kbit/s
Average packet rate      =     33.353697 pkt/s
Packets dropped          =             0 (0.00 %)
Average loss-burst size  =             0 pkt
Error lines              =             0
----------------------------------------------------------
