ITGDec version 2.8.1 (r1023)
Compile-time options: bursty multiport
----------------------------------------------------------
Flow number: 1
From 10.0.0.1:43892
To    10.0.0.2:10001
----------------------------------------------------------
Total time               =     35.483440 s
Total packets            =          4673
Minimum delay            =      0.000053 s
Maximum delay            =     21.390499 s
Average delay            =     10.278840 s
Average jitter           =      0.010356 s
Delay standard deviation =      5.978416 s
Bytes received           =       1401900
Average bitrate          =    316.068566 Kbit/s
Average packet rate      =    131.695236 pkt/s
Packets dropped          =             0 (0.00 %)
Average loss-burst size  =      0.000000 pkt
----------------------------------------------------------
----------------------------------------------------------
Flow number: 3
From 10.0.0.1:40150
To    10.0.0.2:10003
----------------------------------------------------------
Total time               =     23.720982 s
Total packets            =          3014
Minimum delay            =      0.000060 s
Maximum delay            =     13.820189 s
Average delay            =      6.868262 s
Average jitter           =      0.011012 s
Delay standard deviation =      3.698920 s
Bytes received           =        904200
Average bitrate          =    304.945217 Kbit/s
Average packet rate      =    127.060507 pkt/s
Packets dropped          =             0 (0.00 %)
Average loss-burst size  =      0.000000 pkt
----------------------------------------------------------
----------------------------------------------------------
Flow number: 2
From 10.0.0.1:52680
To    10.0.0.2:10002
----------------------------------------------------------
Total time               =     34.509990 s
Total packets            =          4821
Minimum delay            =      0.003779 s
Maximum delay            =     21.458945 s
Average delay            =     10.287945 s
Average jitter           =      0.009616 s
Delay standard deviation =      6.039956 s
Bytes received           =       1446300
Average bitrate          =    335.276829 Kbit/s
Average packet rate      =    139.698679 pkt/s
Packets dropped          =             0 (0.00 %)
Average loss-burst size  =      0.000000 pkt
----------------------------------------------------------

__________________________________________________________
****************  TOTAL RESULTS   ******************
__________________________________________________________
Number of flows          =             3
Total time               =     35.483440 s
Total packets            =         12508
Minimum delay            =      0.000053 s
Maximum delay            =     21.458945 s
Average delay            =      9.460517 s
Average jitter           =      0.019136 s
Delay standard deviation =      5.730991 s
Bytes received           =       3752400
Average bitrate          =    846.005911 Kbit/s
Average packet rate      =    352.502463 pkt/s
Packets dropped          =             0 (0.00 %)
Average loss-burst size  =             0 pkt
Error lines              =             0
----------------------------------------------------------
