ITGDec version 2.8.1 (r1023)
Compile-time options: bursty multiport
----------------------------------------------------------
Flow number: 3
From 10.0.0.1:48704
To    10.0.0.2:10003
----------------------------------------------------------
Total time               =     88.736568 s
Total packets            =          5711
Minimum delay            =      0.022013 s
Maximum delay            =     73.796640 s
Average delay            =     36.603781 s
Average jitter           =      0.015406 s
Delay standard deviation =     21.339775 s
Bytes received           =       1713300
Average bitrate          =    154.461687 Kbit/s
Average packet rate      =     64.359036 pkt/s
Packets dropped          =          1676 (22.69 %)
Average loss-burst size  =      7.688073 pkt
----------------------------------------------------------
----------------------------------------------------------
Flow number: 1
From 10.0.0.1:47997
To    10.0.0.2:10001
----------------------------------------------------------
Total time               =     89.052790 s
Total packets            =          5402
Minimum delay            =      0.000060 s
Maximum delay            =     74.057547 s
Average delay            =     37.222786 s
Average jitter           =      0.016297 s
Delay standard deviation =     21.105199 s
Bytes received           =       1620600
Average bitrate          =    145.585557 Kbit/s
Average packet rate      =     60.660649 pkt/s
Packets dropped          =          2009 (27.11 %)
Average loss-burst size  =      7.786822 pkt
----------------------------------------------------------
----------------------------------------------------------
Flow number: 2
From 10.0.0.1:48888
To    10.0.0.2:10002
----------------------------------------------------------
Total time               =     88.437452 s
Total packets            =          5293
Minimum delay            =      1.145165 s
Maximum delay            =     74.584754 s
Average delay            =     38.189423 s
Average jitter           =      0.016511 s
Delay standard deviation =     21.525869 s
Bytes received           =       1587900
Average bitrate          =    143.640502 Kbit/s
Average packet rate      =     59.850209 pkt/s
Packets dropped          =          2128 (28.68 %)
Average loss-burst size  =      7.627240 pkt
----------------------------------------------------------

__________________________________________________________
****************  TOTAL RESULTS   ******************
__________________________________________________________
Number of flows          =             3
Total time               =     89.709452 s
Total packets            =         16406
Minimum delay            =      0.000060 s
Maximum delay            =     74.584754 s
Average delay            =     37.319170 s
Average jitter           =      0.024590 s
Delay standard deviation =     21.333231 s
Bytes received           =       4921800
Average bitrate          =    438.910272 Kbit/s
Average packet rate      =    182.879280 pkt/s
Packets dropped          =          5813 (26.16 %)
Average loss-burst size  =      7.699338 pkt
Error lines              =             0
----------------------------------------------------------
