ITGDec version 2.8.1 (r1023)
Compile-time options: bursty multiport
----------------------------------------------------------
Flow number: 1
From 10.0.0.1:54096
To    10.0.0.2:10001
----------------------------------------------------------
Total time               =     38.600273 s
Total packets            =          2501
Minimum delay            =      0.000051 s
Maximum delay            =     26.186625 s
Average delay            =     12.823022 s
Average jitter           =      0.020158 s
Delay standard deviation =      7.252965 s
Bytes received           =        750300
Average bitrate          =    155.501491 Kbit/s
Average packet rate      =     64.792288 pkt/s
Packets dropped          =             0 (0.00 %)
Average loss-burst size  =      0.000000 pkt
----------------------------------------------------------
----------------------------------------------------------
Flow number: 2
From 10.0.0.1:51154
To    10.0.0.2:10002
----------------------------------------------------------
Total time               =     39.251473 s
Total packets            =          2716
Minimum delay            =      0.000065 s
Maximum delay            =     26.022780 s
Average delay            =     13.217689 s
Average jitter           =      0.019080 s
Delay standard deviation =      7.594687 s
Bytes received           =        814800
Average bitrate          =    166.067653 Kbit/s
Average packet rate      =     69.194855 pkt/s
Packets dropped          =             0 (0.00 %)
Average loss-burst size  =      0.000000 pkt
----------------------------------------------------------
----------------------------------------------------------
Flow number: 3
From 10.0.0.1:60134
To    10.0.0.2:10003
----------------------------------------------------------
Total time               =     24.591669 s
Total packets            =          1662
Minimum delay            =      0.167293 s
Maximum delay            =     16.823652 s
Average delay            =      9.030914 s
Average jitter           =      0.018359 s
Delay standard deviation =      4.930117 s
Bytes received           =        498600
Average bitrate          =    162.201272 Kbit/s
Average packet rate      =     67.583863 pkt/s
Packets dropped          =             0 (0.00 %)
Average loss-burst size  =      0.000000 pkt
----------------------------------------------------------

__________________________________________________________
****************  TOTAL RESULTS   ******************
__________________________________________________________
Number of flows          =             3
Total time               =     39.254327 s
Total packets            =          6879
Minimum delay            =      0.000051 s
Maximum delay            =     26.186625 s
Average delay            =     12.062654 s
Average jitter           =      0.038590 s
Delay standard deviation =      7.122437 s
Bytes received           =       2063700
Average bitrate          =    420.580386 Kbit/s
Average packet rate      =    175.241827 pkt/s
Packets dropped          =             0 (0.00 %)
Average loss-burst size  =             0 pkt
Error lines              =             0
----------------------------------------------------------
