ITGDec version 2.8.1 (r1023)
Compile-time options: bursty multiport
----------------------------------------------------------
Flow number: 2
From 10.0.0.1:50800
To    10.0.0.2:10002
----------------------------------------------------------
Total time               =     45.304611 s
Total packets            =          1506
Minimum delay            =      0.000043 s
Maximum delay            =     35.104135 s
Average delay            =     17.436985 s
Average jitter           =      0.039288 s
Delay standard deviation =      9.911759 s
Bytes received           =        451800
Average bitrate          =     79.779959 Kbit/s
Average packet rate      =     33.241650 pkt/s
Packets dropped          =             0 (0.00 %)
Average loss-burst size  =      0.000000 pkt
----------------------------------------------------------
----------------------------------------------------------
Flow number: 1
From 10.0.0.1:53742
To    10.0.0.2:10001
----------------------------------------------------------
Total time               =     27.541407 s
Total packets            =           918
Minimum delay            =      0.000060 s
Maximum delay            =     23.191035 s
Average delay            =     11.798273 s
Average jitter           =      0.034532 s
Delay standard deviation =      6.541838 s
Bytes received           =        275400
Average bitrate          =     79.995913 Kbit/s
Average packet rate      =     33.331630 pkt/s
Packets dropped          =             0 (0.00 %)
Average loss-burst size  =      0.000000 pkt
----------------------------------------------------------
----------------------------------------------------------
Flow number: 3
From 10.0.0.1:59780
To    10.0.0.2:10003
----------------------------------------------------------
Total time               =     43.466185 s
Total packets            =          1499
Minimum delay            =      0.026775 s
Maximum delay            =     32.214525 s
Average delay            =     16.864565 s
Average jitter           =      0.036805 s
Delay standard deviation =      9.192682 s
Bytes received           =        449700
Average bitrate          =     82.767788 Kbit/s
Average packet rate      =     34.486578 pkt/s
Packets dropped          =             0 (0.00 %)
Average loss-burst size  =      0.000000 pkt
----------------------------------------------------------

__________________________________________________________
****************  TOTAL RESULTS   ******************
__________________________________________________________
Number of flows          =             3
Total time               =     45.304611 s
Total packets            =          3923
Minimum delay            =      0.000043 s
Maximum delay            =     35.104135 s
Average delay            =     15.898776 s
Average jitter           =      0.058511 s
Delay standard deviation =      9.231368 s
Bytes received           =       1176900
Average bitrate          =    207.819906 Kbit/s
Average packet rate      =     86.591628 pkt/s
Packets dropped          =             0 (0.00 %)
Average loss-burst size  =             0 pkt
Error lines              =             0
----------------------------------------------------------
