ITGDec version 2.8.1 (r1023)
Compile-time options: bursty multiport
----------------------------------------------------------
Flow number: 3
From 10.0.0.1:60294
To    10.0.0.2:10003
----------------------------------------------------------
Total time               =     34.799026 s
Total packets            =          4462
Minimum delay            =      0.000057 s
Maximum delay            =     22.008855 s
Average delay            =      9.462491 s
Average jitter           =      0.010629 s
Delay standard deviation =      5.509985 s
Bytes received           =       1338600
Average bitrate          =    307.732751 Kbit/s
Average packet rate      =    128.221980 pkt/s
Packets dropped          =             0 (0.00 %)
Average loss-burst size  =      0.000000 pkt
----------------------------------------------------------
----------------------------------------------------------
Flow number: 1
From 10.0.0.1:54262
To    10.0.0.2:10001
----------------------------------------------------------
Total time               =     35.841168 s
Total packets            =          4705
Minimum delay            =      0.000051 s
Maximum delay            =     21.446454 s
Average delay            =     10.725491 s
Average jitter           =      0.010428 s
Delay standard deviation =      6.365090 s
Bytes received           =       1411500
Average bitrate          =    315.056697 Kbit/s
Average packet rate      =    131.273624 pkt/s
Packets dropped          =             0 (0.00 %)
Average loss-burst size  =      0.000000 pkt
----------------------------------------------------------
----------------------------------------------------------
Flow number: 2
From 10.0.0.1:51320
To    10.0.0.2:10002
----------------------------------------------------------
Total time               =     23.514815 s
Total packets            =          3405
Minimum delay            =      0.042464 s
Maximum delay            =     13.494163 s
Average delay            =      7.085992 s
Average jitter           =      0.009771 s
Delay standard deviation =      4.093818 s
Bytes received           =       1021500
Average bitrate          =    347.525592 Kbit/s
Average packet rate      =    144.802330 pkt/s
Packets dropped          =             0 (0.00 %)
Average loss-burst size  =      0.000000 pkt
----------------------------------------------------------

__________________________________________________________
****************  TOTAL RESULTS   ******************
__________________________________________________________
Number of flows          =             3
Total time               =     35.843589 s
Total packets            =         12572
Minimum delay            =      0.000051 s
Maximum delay            =     22.008855 s
Average delay            =      9.291511 s
Average jitter           =      0.019252 s
Delay standard deviation =      5.707362 s
Bytes received           =       3771600
Average bitrate          =    841.790703 Kbit/s
Average packet rate      =    350.746126 pkt/s
Packets dropped          =             0 (0.00 %)
Average loss-burst size  =             0 pkt
Error lines              =             0
----------------------------------------------------------
