ITGDec version 2.8.1 (r1023)
Compile-time options: bursty multiport
----------------------------------------------------------
Flow number: 2
From 10.0.0.1:34825
To    10.0.0.2:10002
----------------------------------------------------------
Total time               =     60.476696 s
Total packets            =          7396
Minimum delay            =      0.000037 s
Maximum delay            =     45.481685 s
Average delay            =     22.637859 s
Average jitter           =      0.008048 s
Delay standard deviation =     12.952362 s
Bytes received           =       2218800
Average bitrate          =    293.508098 Kbit/s
Average packet rate      =    122.295041 pkt/s
Packets dropped          =             0 (0.00 %)
Average loss-burst size  =      0.000000 pkt
----------------------------------------------------------
----------------------------------------------------------
Flow number: 3
From 10.0.0.1:44534
To    10.0.0.2:10003
----------------------------------------------------------
Total time               =     60.456283 s
Total packets            =          7402
Minimum delay            =      0.018411 s
Maximum delay            =     45.486306 s
Average delay            =     22.634645 s
Average jitter           =      0.008063 s
Delay standard deviation =     12.954580 s
Bytes received           =       2220600
Average bitrate          =    293.845389 Kbit/s
Average packet rate      =    122.435579 pkt/s
Packets dropped          =             0 (0.00 %)
Average loss-burst size  =      0.000000 pkt
----------------------------------------------------------
----------------------------------------------------------
Flow number: 1
From 10.0.0.1:47170
To    10.0.0.2:10001
----------------------------------------------------------
Total time               =     60.282256 s
Total packets            =          7401
Minimum delay            =      0.337519 s
Maximum delay            =     45.621283 s
Average delay            =     23.185834 s
Average jitter           =      0.008007 s
Delay standard deviation =     12.951064 s
Bytes received           =       2220300
Average bitrate          =    294.653870 Kbit/s
Average packet rate      =    122.772446 pkt/s
Packets dropped          =             0 (0.00 %)
Average loss-burst size  =      0.000000 pkt
----------------------------------------------------------

__________________________________________________________
****************  TOTAL RESULTS   ******************
__________________________________________________________
Number of flows          =             3
Total time               =     60.703799 s
Total packets            =         22199
Minimum delay            =      0.000037 s
Maximum delay            =     45.621283 s
Average delay            =     22.819478 s
Average jitter           =      0.012516 s
Delay standard deviation =     12.955259 s
Bytes received           =       6659700
Average bitrate          =    877.665004 Kbit/s
Average packet rate      =    365.693752 pkt/s
Packets dropped          =             0 (0.00 %)
Average loss-burst size  =             0 pkt
Error lines              =             0
----------------------------------------------------------
