ITGDec version 2.8.1 (r1023)
Compile-time options: bursty multiport
----------------------------------------------------------
Flow number: 1
From 10.0.0.1:34863
To    10.0.0.2:10001
----------------------------------------------------------
Total time               =    116.474686 s
Total packets            =          1365
Minimum delay            =      0.005019 s
Maximum delay            =    101.484880 s
Average delay            =     48.509625 s
Average jitter           =      0.084398 s
Delay standard deviation =     29.860473 s
Bytes received           =        409500
Average bitrate          =     28.126283 Kbit/s
Average packet rate      =     11.719285 pkt/s
Packets dropped          =          6032 (81.55 %)
Average loss-burst size  =      7.172414 pkt
----------------------------------------------------------
----------------------------------------------------------
Flow number: 2
From 10.0.0.1:47483
To    10.0.0.2:10002
----------------------------------------------------------
Total time               =    116.435235 s
Total packets            =          1576
Minimum delay            =      0.017599 s
Maximum delay            =    101.459919 s
Average delay            =     52.627142 s
Average jitter           =      0.073028 s
Delay standard deviation =     29.324962 s
Bytes received           =        472800
Average bitrate          =     32.485012 Kbit/s
Average packet rate      =     13.535422 pkt/s
Packets dropped          =          5826 (78.71 %)
Average loss-burst size  =      5.496226 pkt
----------------------------------------------------------
----------------------------------------------------------
Flow number: 3
From 10.0.0.1:38222
To    10.0.0.2:10003
----------------------------------------------------------
Total time               =    113.772165 s
Total packets            =          1397
Minimum delay            =      4.453190 s
Maximum delay            =    103.232689 s
Average delay            =     53.490809 s
Average jitter           =      0.073239 s
Delay standard deviation =     29.647087 s
Bytes received           =        419100
Average bitrate          =     29.469423 Kbit/s
Average packet rate      =     12.278926 pkt/s
Packets dropped          =          6003 (81.12 %)
Average loss-burst size  =      4.303226 pkt
----------------------------------------------------------

__________________________________________________________
****************  TOTAL RESULTS   ******************
__________________________________________________________
Number of flows          =             3
Total time               =    118.417208 s
Total packets            =          4338
Minimum delay            =      0.005019 s
Maximum delay            =    103.232689 s
Average delay            =     51.609653 s
Average jitter           =      0.118910 s
Delay standard deviation =     29.674630 s
Bytes received           =       1301400
Average bitrate          =     87.919654 Kbit/s
Average packet rate      =     36.633189 pkt/s
Packets dropped          =         17861 (80.46 %)
Average loss-burst size  =      5.418993 pkt
Error lines              =             0
----------------------------------------------------------
