ITGDec version 2.8.1 (r1023)
Compile-time options: bursty multiport
----------------------------------------------------------
Flow number: 2
From 10.0.0.1:50680
To    10.0.0.2:10002
----------------------------------------------------------
Total time               =     54.721489 s
Total packets            =           989
Minimum delay            =      0.030905 s
Maximum delay            =     43.053185 s
Average delay            =     22.893790 s
Average jitter           =      0.066984 s
Delay standard deviation =     12.576835 s
Bytes received           =        296700
Average bitrate          =     43.376013 Kbit/s
Average packet rate      =     18.073339 pkt/s
Packets dropped          =             0 (0.00 %)
Average loss-burst size  =      0.000000 pkt
----------------------------------------------------------
----------------------------------------------------------
Flow number: 1
From 10.0.0.1:53626
To    10.0.0.2:10001
----------------------------------------------------------
Total time               =     32.054939 s
Total packets            =           570
Minimum delay            =      0.178040 s
Maximum delay            =     24.440367 s
Average delay            =     12.962028 s
Average jitter           =      0.067216 s
Delay standard deviation =      6.790004 s
Bytes received           =        171000
Average bitrate          =     42.676731 Kbit/s
Average packet rate      =     17.781971 pkt/s
Packets dropped          =             0 (0.00 %)
Average loss-burst size  =      0.000000 pkt
----------------------------------------------------------
----------------------------------------------------------
Flow number: 3
From 10.0.0.1:59662
To    10.0.0.2:10003
----------------------------------------------------------
Total time               =     26.833896 s
Total packets            =           238
Minimum delay            =      5.376916 s
Maximum delay            =     31.953954 s
Average delay            =     20.263468 s
Average jitter           =      0.114037 s
Delay standard deviation =      9.605217 s
Bytes received           =         71400
Average bitrate          =     21.286510 Kbit/s
Average packet rate      =      8.869379 pkt/s
Packets dropped          =             0 (0.00 %)
Average loss-burst size  =      0.000000 pkt
----------------------------------------------------------

__________________________________________________________
****************  TOTAL RESULTS   ******************
__________________________________________________________
Number of flows          =             3
Total time               =     54.721489 s
Total packets            =          1797
Minimum delay            =      0.030905 s
Maximum delay            =     43.053185 s
Average delay            =     19.395114 s
Average jitter           =      0.124062 s
Delay standard deviation =     11.569848 s
Bytes received           =        539100
Average bitrate          =     78.813645 Kbit/s
Average packet rate      =     32.839019 pkt/s
Packets dropped          =             0 (0.00 %)
Average loss-burst size  =             0 pkt
Error lines              =             0
----------------------------------------------------------
