ITGDec version 2.8.1 (r1023)
Compile-time options: bursty multiport
----------------------------------------------------------
Flow number: 2
From 10.0.0.1:51597
To    10.0.0.2:10002
----------------------------------------------------------
Total time               =     88.998114 s
Total packets            =          5786
Minimum delay            =      0.000054 s
Maximum delay            =     74.002814 s
Average delay            =     36.010239 s
Average jitter           =      0.015204 s
Delay standard deviation =     21.239884 s
Bytes received           =       1735800
Average bitrate          =    156.030273 Kbit/s
Average packet rate      =     65.012614 pkt/s
Packets dropped          =          1635 (22.03 %)
Average loss-burst size  =      7.676056 pkt
----------------------------------------------------------
----------------------------------------------------------
Flow number: 1
From 10.0.0.1:49472
To    10.0.0.2:10001
----------------------------------------------------------
Total time               =     88.964217 s
Total packets            =          5375
Minimum delay            =      0.017625 s
Maximum delay            =     73.993273 s
Average delay            =     37.318609 s
Average jitter           =      0.016501 s
Delay standard deviation =     21.624766 s
Bytes received           =       1612500
Average bitrate          =    145.002119 Kbit/s
Average packet rate      =     60.417550 pkt/s
Packets dropped          =          2038 (27.49 %)
Average loss-burst size  =      8.352459 pkt
----------------------------------------------------------
----------------------------------------------------------
Flow number: 3
From 10.0.0.1:38722
To    10.0.0.2:10003
----------------------------------------------------------
Total time               =     88.382771 s
Total packets            =          5236
Minimum delay            =      1.150414 s
Maximum delay            =     74.535221 s
Average delay            =     38.687324 s
Average jitter           =      0.016678 s
Delay standard deviation =     20.998770 s
Bytes received           =       1570800
Average bitrate          =    142.181557 Kbit/s
Average packet rate      =     59.242315 pkt/s
Packets dropped          =          2192 (29.51 %)
Average loss-burst size  =      8.496124 pkt
----------------------------------------------------------

__________________________________________________________
****************  TOTAL RESULTS   ******************
__________________________________________________________
Number of flows          =             3
Total time               =     89.660243 s
Total packets            =         16397
Minimum delay            =      0.000054 s
Maximum delay            =     74.535221 s
Average delay            =     37.293993 s
Average jitter           =      0.024588 s
Delay standard deviation =     21.318777 s
Bytes received           =       4919100
Average bitrate          =    438.910254 Kbit/s
Average packet rate      =    182.879272 pkt/s
Packets dropped          =          5865 (26.35 %)
Average loss-burst size  =      8.202797 pkt
Error lines              =             0
----------------------------------------------------------
