ITGDec version 2.8.1 (r1023)
Compile-time options: bursty multiport
----------------------------------------------------------
Flow number: 1
From 10.0.0.1:42967
To    10.0.0.2:10001
----------------------------------------------------------
Total time               =     91.112688 s
Total packets            =          5741
Minimum delay            =      0.000116 s
Maximum delay            =     76.128503 s
Average delay            =     37.486458 s
Average jitter           =      0.015694 s
Delay standard deviation =     22.136129 s
Bytes received           =       1722300
Average bitrate          =    151.223724 Kbit/s
Average packet rate      =     63.009885 pkt/s
Packets dropped          =          1669 (22.52 %)
Average loss-burst size  =      7.384956 pkt
----------------------------------------------------------
----------------------------------------------------------
Flow number: 2
From 10.0.0.1:39494
To    10.0.0.2:10002
----------------------------------------------------------
Total time               =     91.212507 s
Total packets            =          5707
Minimum delay            =      0.017177 s
Maximum delay            =     76.237092 s
Average delay            =     38.411212 s
Average jitter           =      0.015827 s
Delay standard deviation =     22.250543 s
Bytes received           =       1712100
Average bitrate          =    150.163617 Kbit/s
Average packet rate      =     62.568174 pkt/s
Packets dropped          =          1711 (23.07 %)
Average loss-burst size  =      7.439130 pkt
----------------------------------------------------------
----------------------------------------------------------
Flow number: 3
From 10.0.0.1:54844
To    10.0.0.2:10003
----------------------------------------------------------
Total time               =     90.288091 s
Total packets            =          5404
Minimum delay            =      1.716845 s
Maximum delay            =     77.006696 s
Average delay            =     39.850908 s
Average jitter           =      0.016515 s
Delay standard deviation =     21.635634 s
Bytes received           =       1621200
Average bitrate          =    143.646851 Kbit/s
Average packet rate      =     59.852855 pkt/s
Packets dropped          =          2015 (27.16 %)
Average loss-burst size  =      7.196429 pkt
----------------------------------------------------------

__________________________________________________________
****************  TOTAL RESULTS   ******************
__________________________________________________________
Number of flows          =             3
Total time               =     92.190675 s
Total packets            =         16852
Minimum delay            =      0.000116 s
Maximum delay            =     77.006696 s
Average delay            =     38.557847 s
Average jitter           =      0.024548 s
Delay standard deviation =     22.037181 s
Bytes received           =       5055600
Average bitrate          =    438.708145 Kbit/s
Average packet rate      =    182.795060 pkt/s
Packets dropped          =          5395 (24.25 %)
Average loss-burst size  =      7.330163 pkt
Error lines              =             0
----------------------------------------------------------
