ITGDec version 2.8.1 (r1023)
Compile-time options: bursty multiport
----------------------------------------------------------
Flow number: 2
From 10.0.0.1:50856
To    10.0.0.2:10002
----------------------------------------------------------
Total time               =     41.016807 s
Total packets            =          1458
Minimum delay            =      0.000061 s
Maximum delay            =     28.555438 s
Average delay            =     13.456949 s
Average jitter           =      0.036441 s
Delay standard deviation =      7.739142 s
Bytes received           =        437400
Average bitrate          =     85.311370 Kbit/s
Average packet rate      =     35.546404 pkt/s
Packets dropped          =             0 (0.00 %)
Average loss-burst size  =      0.000000 pkt
----------------------------------------------------------
----------------------------------------------------------
Flow number: 1
From 10.0.0.1:53802
To    10.0.0.2:10001
----------------------------------------------------------
Total time               =     39.827298 s
Total packets            =          1438
Minimum delay            =      0.018604 s
Maximum delay            =     27.495660 s
Average delay            =     13.265985 s
Average jitter           =      0.036046 s
Delay standard deviation =      7.764606 s
Bytes received           =        431400
Average bitrate          =     86.654134 Kbit/s
Average packet rate      =     36.105889 pkt/s
Packets dropped          =             0 (0.00 %)
Average loss-burst size  =      0.000000 pkt
----------------------------------------------------------
----------------------------------------------------------
Flow number: 3
From 10.0.0.1:59838
To    10.0.0.2:10003
----------------------------------------------------------
Total time               =     23.116565 s
Total packets            =           720
Minimum delay            =      0.978384 s
Maximum delay            =     14.818498 s
Average delay            =      8.568320 s
Average jitter           =      0.043954 s
Delay standard deviation =      4.204030 s
Bytes received           =        216000
Average bitrate          =     74.751590 Kbit/s
Average packet rate      =     31.146496 pkt/s
Packets dropped          =             0 (0.00 %)
Average loss-burst size  =      0.000000 pkt
----------------------------------------------------------

__________________________________________________________
****************  TOTAL RESULTS   ******************
__________________________________________________________
Number of flows          =             3
Total time               =     41.016807 s
Total packets            =          3616
Minimum delay            =      0.000061 s
Maximum delay            =     28.555438 s
Average delay            =     12.407608 s
Average jitter           =      0.060077 s
Delay standard deviation =      7.437511 s
Bytes received           =       1084800
Average bitrate          =    211.581560 Kbit/s
Average packet rate      =     88.158983 pkt/s
Packets dropped          =             0 (0.00 %)
Average loss-burst size  =             0 pkt
Error lines              =             0
----------------------------------------------------------
