ITGDec version 2.8.1 (r1023)
Compile-time options: bursty multiport
----------------------------------------------------------
Flow number: 2
From 10.0.0.1:50561
To    10.0.0.2:10002
----------------------------------------------------------
Total time               =     60.434884 s
Total packets            =          7389
Minimum delay            =      0.000106 s
Maximum delay            =     45.438752 s
Average delay            =     22.615448 s
Average jitter           =      0.008045 s
Delay standard deviation =     12.929996 s
Bytes received           =       2216700
Average bitrate          =    293.433177 Kbit/s
Average packet rate      =    122.263824 pkt/s
Packets dropped          =             0 (0.00 %)
Average loss-burst size  =      0.000000 pkt
----------------------------------------------------------
----------------------------------------------------------
Flow number: 1
From 10.0.0.1:43624
To    10.0.0.2:10001
----------------------------------------------------------
Total time               =     60.417489 s
Total packets            =          7389
Minimum delay            =      0.008360 s
Maximum delay            =     45.436371 s
Average delay            =     22.625831 s
Average jitter           =      0.008068 s
Delay standard deviation =     12.927243 s
Bytes received           =       2216700
Average bitrate          =    293.517660 Kbit/s
Average packet rate      =    122.299025 pkt/s
Packets dropped          =             0 (0.00 %)
Average loss-burst size  =      0.000000 pkt
----------------------------------------------------------
----------------------------------------------------------
Flow number: 3
From 10.0.0.1:54618
To    10.0.0.2:10003
----------------------------------------------------------
Total time               =     60.276830 s
Total packets            =          7391
Minimum delay            =      0.274337 s
Maximum delay            =     45.552586 s
Average delay            =     23.080497 s
Average jitter           =      0.008018 s
Delay standard deviation =     12.929335 s
Bytes received           =       2217300
Average bitrate          =    294.282231 Kbit/s
Average packet rate      =    122.617596 pkt/s
Packets dropped          =             0 (0.00 %)
Average loss-burst size  =      0.000000 pkt
----------------------------------------------------------

__________________________________________________________
****************  TOTAL RESULTS   ******************
__________________________________________________________
Number of flows          =             3
Total time               =     60.620977 s
Total packets            =         22169
Minimum delay            =      0.000106 s
Maximum delay            =     45.552586 s
Average delay            =     22.773953 s
Average jitter           =      0.012505 s
Delay standard deviation =     12.930676 s
Bytes received           =       6650700
Average bitrate          =    877.676386 Kbit/s
Average packet rate      =    365.698494 pkt/s
Packets dropped          =             0 (0.00 %)
Average loss-burst size  =             0 pkt
Error lines              =             0
----------------------------------------------------------
