ITGDec version 2.8.1 (r1023)
Compile-time options: bursty multiport
----------------------------------------------------------
Flow number: 2
From 10.0.0.1:52668
To    10.0.0.2:10002
----------------------------------------------------------
Total time               =     35.754308 s
Total packets            =          4782
Minimum delay            =      0.000049 s
Maximum delay            =     21.610440 s
Average delay            =     10.139394 s
Average jitter           =      0.010182 s
Delay standard deviation =      5.988165 s
Bytes received           =       1434600
Average bitrate          =    320.990690 Kbit/s
Average packet rate      =    133.746121 pkt/s
Packets dropped          =             0 (0.00 %)
Average loss-burst size  =      0.000000 pkt
----------------------------------------------------------
----------------------------------------------------------
Flow number: 1
From 10.0.0.1:43886
To    10.0.0.2:10001
----------------------------------------------------------
Total time               =     24.092694 s
Total packets            =          3247
Minimum delay            =      0.000041 s
Maximum delay            =     13.522387 s
Average delay            =      7.010613 s
Average jitter           =      0.010065 s
Delay standard deviation =      4.388944 s
Bytes received           =        974100
Average bitrate          =    323.450752 Kbit/s
Average packet rate      =    134.771147 pkt/s
Packets dropped          =             0 (0.00 %)
Average loss-burst size  =      0.000000 pkt
----------------------------------------------------------
----------------------------------------------------------
Flow number: 3
From 10.0.0.1:40144
To    10.0.0.2:10003
----------------------------------------------------------
Total time               =     34.450849 s
Total packets            =          4701
Minimum delay            =      0.060491 s
Maximum delay            =     21.989441 s
Average delay            =      9.721540 s
Average jitter           =      0.009743 s
Delay standard deviation =      5.928247 s
Bytes received           =       1410300
Average bitrate          =    327.492655 Kbit/s
Average packet rate      =    136.455273 pkt/s
Packets dropped          =             0 (0.00 %)
Average loss-burst size  =      0.000000 pkt
----------------------------------------------------------

__________________________________________________________
****************  TOTAL RESULTS   ******************
__________________________________________________________
Number of flows          =             3
Total time               =     35.754308 s
Total packets            =         12730
Minimum delay            =      0.000041 s
Maximum delay            =     21.989441 s
Average delay            =      9.187039 s
Average jitter           =      0.018187 s
Delay standard deviation =      5.745951 s
Bytes received           =       3819000
Average bitrate          =    854.498429 Kbit/s
Average packet rate      =    356.041012 pkt/s
Packets dropped          =             0 (0.00 %)
Average loss-burst size  =             0 pkt
Error lines              =             0
----------------------------------------------------------
