ITGDec version 2.8.1 (r1023)
Compile-time options: bursty multiport
----------------------------------------------------------
Flow number: 2
From 10.0.0.1:51300
To    10.0.0.2:10002
----------------------------------------------------------
Total time               =     35.304176 s
Total packets            =          4422
Minimum delay            =      0.000059 s
Maximum delay            =     21.853001 s
Average delay            =     10.120192 s
Average jitter           =      0.010788 s
Delay standard deviation =      6.140953 s
Bytes received           =       1326600
Average bitrate          =    300.610330 Kbit/s
Average packet rate      =    125.254304 pkt/s
Packets dropped          =             0 (0.00 %)
Average loss-burst size  =      0.000000 pkt
----------------------------------------------------------
----------------------------------------------------------
Flow number: 1
From 10.0.0.1:54246
To    10.0.0.2:10001
----------------------------------------------------------
Total time               =     23.859373 s
Total packets            =          3276
Minimum delay            =      0.000071 s
Maximum delay            =     13.170704 s
Average delay            =      6.919886 s
Average jitter           =      0.010328 s
Delay standard deviation =      3.785661 s
Bytes received           =        982800
Average bitrate          =    329.530872 Kbit/s
Average packet rate      =    137.304530 pkt/s
Packets dropped          =             0 (0.00 %)
Average loss-burst size  =      0.000000 pkt
----------------------------------------------------------
----------------------------------------------------------
Flow number: 3
From 10.0.0.1:60282
To    10.0.0.2:10003
----------------------------------------------------------
Total time               =     25.083430 s
Total packets            =          3445
Minimum delay            =      0.023714 s
Maximum delay            =     15.265770 s
Average delay            =      7.284701 s
Average jitter           =      0.009884 s
Delay standard deviation =      4.083393 s
Bytes received           =       1033500
Average bitrate          =    329.619992 Kbit/s
Average packet rate      =    137.341663 pkt/s
Packets dropped          =             0 (0.00 %)
Average loss-burst size  =      0.000000 pkt
----------------------------------------------------------

__________________________________________________________
****************  TOTAL RESULTS   ******************
__________________________________________________________
Number of flows          =             3
Total time               =     35.304176 s
Total packets            =         11143
Minimum delay            =      0.000059 s
Maximum delay            =     21.853001 s
Average delay            =      8.302686 s
Average jitter           =      0.018905 s
Delay standard deviation =      5.150453 s
Bytes received           =       3342900
Average bitrate          =    757.508120 Kbit/s
Average packet rate      =    315.628383 pkt/s
Packets dropped          =             0 (0.00 %)
Average loss-burst size  =             0 pkt
Error lines              =             0
----------------------------------------------------------
