ITGDec version 2.8.1 (r1023)
Compile-time options: bursty multiport
----------------------------------------------------------
Flow number: 2
From 10.0.0.1:42672
To    10.0.0.2:10002
----------------------------------------------------------
Total time               =     88.905038 s
Total packets            =          2761
Minimum delay            =      0.002467 s
Maximum delay            =     73.941204 s
Average delay            =     37.988798 s
Average jitter           =      0.031815 s
Delay standard deviation =     20.220852 s
Bytes received           =        828300
Average bitrate          =     74.533459 Kbit/s
Average packet rate      =     31.055608 pkt/s
Packets dropped          =          4624 (62.61 %)
Average loss-burst size  =     15.210526 pkt
----------------------------------------------------------
----------------------------------------------------------
Flow number: 3
From 10.0.0.1:54889
To    10.0.0.2:10003
----------------------------------------------------------
Total time               =     89.189078 s
Total packets            =          2654
Minimum delay            =      0.023782 s
Maximum delay            =     74.217563 s
Average delay            =     38.215833 s
Average jitter           =      0.033192 s
Delay standard deviation =     20.825871 s
Bytes received           =        796200
Average bitrate          =     71.416816 Kbit/s
Average packet rate      =     29.757007 pkt/s
Packets dropped          =          4754 (64.17 %)
Average loss-burst size  =     16.449827 pkt
----------------------------------------------------------
----------------------------------------------------------
Flow number: 1
From 10.0.0.1:60019
To    10.0.0.2:10001
----------------------------------------------------------
Total time               =     89.171529 s
Total packets            =          2750
Minimum delay            =      0.050621 s
Maximum delay            =     74.227378 s
Average delay            =     35.152328 s
Average jitter           =      0.032021 s
Delay standard deviation =     22.389821 s
Bytes received           =        825000
Average bitrate          =     74.014656 Kbit/s
Average packet rate      =     30.839440 pkt/s
Packets dropped          =          4659 (62.88 %)
Average loss-burst size  =     14.980707 pkt
----------------------------------------------------------

__________________________________________________________
****************  TOTAL RESULTS   ******************
__________________________________________________________
Number of flows          =             3
Total time               =     89.222415 s
Total packets            =          8165
Minimum delay            =      0.002467 s
Maximum delay            =     74.227378 s
Average delay            =     37.107262 s
Average jitter           =      0.049617 s
Delay standard deviation =     21.213964 s
Bytes received           =       2449500
Average bitrate          =    219.630908 Kbit/s
Average packet rate      =     91.512878 pkt/s
Packets dropped          =         14037 (63.22 %)
Average loss-burst size  =     15.527655 pkt
Error lines              =             0
----------------------------------------------------------
