ITGDec version 2.8.1 (r1023)
Compile-time options: bursty multiport
----------------------------------------------------------
Flow number: 3
From 10.0.0.1:60252
To    10.0.0.2:10003
----------------------------------------------------------
Total time               =     23.955078 s
Total packets            =          3357
Minimum delay            =      0.000060 s
Maximum delay            =     14.375138 s
Average delay            =      6.946453 s
Average jitter           =      0.009719 s
Delay standard deviation =      3.910558 s
Bytes received           =       1007100
Average bitrate          =    336.329525 Kbit/s
Average packet rate      =    140.137302 pkt/s
Packets dropped          =             0 (0.00 %)
Average loss-burst size  =      0.000000 pkt
----------------------------------------------------------
----------------------------------------------------------
Flow number: 2
From 10.0.0.1:51278
To    10.0.0.2:10002
----------------------------------------------------------
Total time               =     25.701970 s
Total packets            =          3251
Minimum delay            =      0.000210 s
Maximum delay            =     15.057468 s
Average delay            =      7.576998 s
Average jitter           =      0.010891 s
Delay standard deviation =      4.148264 s
Bytes received           =        975300
Average bitrate          =    303.572061 Kbit/s
Average packet rate      =    126.488359 pkt/s
Packets dropped          =             0 (0.00 %)
Average loss-burst size  =      0.000000 pkt
----------------------------------------------------------
----------------------------------------------------------
Flow number: 1
From 10.0.0.1:54220
To    10.0.0.2:10001
----------------------------------------------------------
Total time               =     24.638704 s
Total packets            =          3340
Minimum delay            =      0.000067 s
Maximum delay            =     14.554822 s
Average delay            =      7.194682 s
Average jitter           =      0.010046 s
Delay standard deviation =      3.888015 s
Bytes received           =       1002000
Average bitrate          =    325.341787 Kbit/s
Average packet rate      =    135.559078 pkt/s
Packets dropped          =             0 (0.00 %)
Average loss-burst size  =      0.000000 pkt
----------------------------------------------------------

__________________________________________________________
****************  TOTAL RESULTS   ******************
__________________________________________________________
Number of flows          =             3
Total time               =     25.711899 s
Total packets            =          9948
Minimum delay            =      0.000060 s
Maximum delay            =     15.057468 s
Average delay            =      7.235857 s
Average jitter           =      0.019580 s
Delay standard deviation =      3.990781 s
Bytes received           =       2984400
Average bitrate          =    928.566186 Kbit/s
Average packet rate      =    386.902578 pkt/s
Packets dropped          =             0 (0.00 %)
Average loss-burst size  =             0 pkt
Error lines              =             0
----------------------------------------------------------
