ITGDec version 2.8.1 (r1023)
Compile-time options: bursty multiport
----------------------------------------------------------
Flow number: 2
From 10.0.0.1:49352
To    10.0.0.2:10002
----------------------------------------------------------
Total time               =     60.472330 s
Total packets            =          7402
Minimum delay            =      0.000127 s
Maximum delay            =     45.477316 s
Average delay            =     22.628029 s
Average jitter           =      0.008042 s
Delay standard deviation =     12.955357 s
Bytes received           =       2220600
Average bitrate          =    293.767414 Kbit/s
Average packet rate      =    122.403089 pkt/s
Packets dropped          =             0 (0.00 %)
Average loss-burst size  =      0.000000 pkt
----------------------------------------------------------
----------------------------------------------------------
Flow number: 1
From 10.0.0.1:46468
To    10.0.0.2:10001
----------------------------------------------------------
Total time               =     60.450745 s
Total packets            =          7400
Minimum delay            =      0.014498 s
Maximum delay            =     45.479825 s
Average delay            =     22.626506 s
Average jitter           =      0.008066 s
Delay standard deviation =     12.954667 s
Bytes received           =       2220000
Average bitrate          =    293.792905 Kbit/s
Average packet rate      =    122.413711 pkt/s
Packets dropped          =             0 (0.00 %)
Average loss-burst size  =      0.000000 pkt
----------------------------------------------------------
----------------------------------------------------------
Flow number: 3
From 10.0.0.1:35970
To    10.0.0.2:10003
----------------------------------------------------------
Total time               =     60.263102 s
Total packets            =          7402
Minimum delay            =      0.362168 s
Maximum delay            =     45.626523 s
Average delay            =     23.211388 s
Average jitter           =      0.008004 s
Delay standard deviation =     12.957080 s
Bytes received           =       2220600
Average bitrate          =    294.787348 Kbit/s
Average packet rate      =    122.828062 pkt/s
Packets dropped          =             0 (0.00 %)
Average loss-burst size  =      0.000000 pkt
----------------------------------------------------------

__________________________________________________________
****************  TOTAL RESULTS   ******************
__________________________________________________________
Number of flows          =             3
Total time               =     60.715828 s
Total packets            =         22204
Minimum delay            =      0.000127 s
Maximum delay            =     45.626523 s
Average delay            =     22.821992 s
Average jitter           =      0.012501 s
Delay standard deviation =     12.958627 s
Bytes received           =       6661200
Average bitrate          =    877.688763 Kbit/s
Average packet rate      =    365.703651 pkt/s
Packets dropped          =             0 (0.00 %)
Average loss-burst size  =             0 pkt
Error lines              =             0
----------------------------------------------------------
