ITGDec version 2.8.1 (r1023)
Compile-time options: bursty multiport
----------------------------------------------------------
Flow number: 2
From 10.0.0.1:50848
To    10.0.0.2:10002
----------------------------------------------------------
Total time               =     41.016434 s
Total packets            =          1458
Minimum delay            =      0.000429 s
Maximum delay            =     28.554689 s
Average delay            =     13.475772 s
Average jitter           =      0.036442 s
Delay standard deviation =      7.744151 s
Bytes received           =        437400
Average bitrate          =     85.312146 Kbit/s
Average packet rate      =     35.546727 pkt/s
Packets dropped          =             0 (0.00 %)
Average loss-burst size  =      0.000000 pkt
----------------------------------------------------------
----------------------------------------------------------
Flow number: 3
From 10.0.0.1:59828
To    10.0.0.2:10003
----------------------------------------------------------
Total time               =     39.827269 s
Total packets            =          1438
Minimum delay            =      0.018670 s
Maximum delay            =     27.495913 s
Average delay            =     13.246801 s
Average jitter           =      0.036047 s
Delay standard deviation =      7.759652 s
Bytes received           =        431400
Average bitrate          =     86.654197 Kbit/s
Average packet rate      =     36.105915 pkt/s
Packets dropped          =             0 (0.00 %)
Average loss-burst size  =      0.000000 pkt
----------------------------------------------------------
----------------------------------------------------------
Flow number: 1
From 10.0.0.1:53796
To    10.0.0.2:10001
----------------------------------------------------------
Total time               =     23.116567 s
Total packets            =           720
Minimum delay            =      0.977829 s
Maximum delay            =     14.818756 s
Average delay            =      8.568642 s
Average jitter           =      0.043953 s
Delay standard deviation =      4.204015 s
Bytes received           =        216000
Average bitrate          =     74.751584 Kbit/s
Average packet rate      =     31.146493 pkt/s
Packets dropped          =             0 (0.00 %)
Average loss-burst size  =      0.000000 pkt
----------------------------------------------------------

__________________________________________________________
****************  TOTAL RESULTS   ******************
__________________________________________________________
Number of flows          =             3
Total time               =     41.016434 s
Total packets            =          3616
Minimum delay            =      0.000429 s
Maximum delay            =     28.554689 s
Average delay            =     12.407632 s
Average jitter           =      0.060493 s
Delay standard deviation =      7.437732 s
Bytes received           =       1084800
Average bitrate          =    211.583484 Kbit/s
Average packet rate      =     88.159785 pkt/s
Packets dropped          =             0 (0.00 %)
Average loss-burst size  =             0 pkt
Error lines              =             0
----------------------------------------------------------
