ITGDec version 2.8.1 (r1023)
Compile-time options: bursty multiport
----------------------------------------------------------
Flow number: 2
From 10.0.0.1:57333
To    10.0.0.2:10002
----------------------------------------------------------
Total time               =     84.480138 s
Total packets            =          5043
Minimum delay            =      0.000146 s
Maximum delay            =     69.487153 s
Average delay            =     34.385964 s
Average jitter           =      0.016550 s
Delay standard deviation =     19.804485 s
Bytes received           =       1512900
Average bitrate          =    143.266811 Kbit/s
Average packet rate      =     59.694505 pkt/s
Packets dropped          =          2363 (31.91 %)
Average loss-burst size  =      6.970501 pkt
----------------------------------------------------------
----------------------------------------------------------
Flow number: 1
From 10.0.0.1:38038
To    10.0.0.2:10001
----------------------------------------------------------
Total time               =     84.487608 s
Total packets            =          5150
Minimum delay            =      0.013149 s
Maximum delay            =     69.511426 s
Average delay            =     34.665835 s
Average jitter           =      0.016223 s
Delay standard deviation =     19.251519 s
Bytes received           =       1545000
Average bitrate          =    146.293643 Kbit/s
Average packet rate      =     60.955685 pkt/s
Packets dropped          =          2276 (30.65 %)
Average loss-burst size  =      7.003077 pkt
----------------------------------------------------------
----------------------------------------------------------
Flow number: 3
From 10.0.0.1:50174
To    10.0.0.2:10003
----------------------------------------------------------
Total time               =     84.445653 s
Total packets            =          5266
Minimum delay            =      0.066620 s
Maximum delay            =     69.525446 s
Average delay            =     35.219089 s
Average jitter           =      0.015925 s
Delay standard deviation =     20.420390 s
Bytes received           =       1579800
Average bitrate          =    149.663121 Kbit/s
Average packet rate      =     62.359634 pkt/s
Packets dropped          =          2152 (29.01 %)
Average loss-burst size  =      8.090226 pkt
----------------------------------------------------------

__________________________________________________________
****************  TOTAL RESULTS   ******************
__________________________________________________________
Number of flows          =             3
Total time               =     84.523922 s
Total packets            =         15459
Minimum delay            =      0.000146 s
Maximum delay            =     69.525446 s
Average delay            =     34.762998 s
Average jitter           =      0.025507 s
Delay standard deviation =     19.838918 s
Bytes received           =       4637700
Average bitrate          =    438.947923 Kbit/s
Average packet rate      =    182.894968 pkt/s
Packets dropped          =          6791 (30.52 %)
Average loss-burst size  =      7.302151 pkt
Error lines              =             0
----------------------------------------------------------
