ITGDec version 2.8.1 (r1023)
Compile-time options: bursty multiport
----------------------------------------------------------
Flow number: 2
From 10.0.0.1:47952
To    10.0.0.2:10002
----------------------------------------------------------
Total time               =     60.207240 s
Total packets            =          7371
Minimum delay            =      0.000036 s
Maximum delay            =     45.212153 s
Average delay            =     22.460433 s
Average jitter           =      0.008227 s
Delay standard deviation =     12.899554 s
Bytes received           =       2211300
Average bitrate          =    293.825128 Kbit/s
Average packet rate      =    122.427137 pkt/s
Packets dropped          =             0 (0.00 %)
Average loss-burst size  =      0.000000 pkt
----------------------------------------------------------
----------------------------------------------------------
Flow number: 1
From 10.0.0.1:50964
To    10.0.0.2:10001
----------------------------------------------------------
Total time               =     60.186275 s
Total packets            =          7377
Minimum delay            =      0.018515 s
Maximum delay            =     45.219266 s
Average delay            =     22.455882 s
Average jitter           =      0.008083 s
Delay standard deviation =     12.902020 s
Bytes received           =       2213100
Average bitrate          =    294.166735 Kbit/s
Average packet rate      =    122.569473 pkt/s
Packets dropped          =             0 (0.00 %)
Average loss-burst size  =      0.000000 pkt
----------------------------------------------------------
----------------------------------------------------------
Flow number: 3
From 10.0.0.1:37234
To    10.0.0.2:10003
----------------------------------------------------------
Total time               =     59.958732 s
Total packets            =          7377
Minimum delay            =      0.431087 s
Maximum delay            =     45.391577 s
Average delay            =     23.149796 s
Average jitter           =      0.007990 s
Delay standard deviation =     12.900040 s
Bytes received           =       2213100
Average bitrate          =    295.283096 Kbit/s
Average packet rate      =    123.034623 pkt/s
Packets dropped          =             0 (0.00 %)
Average loss-burst size  =      0.000000 pkt
----------------------------------------------------------

__________________________________________________________
****************  TOTAL RESULTS   ******************
__________________________________________________________
Number of flows          =             3
Total time               =     60.499949 s
Total packets            =         22125
Minimum delay            =      0.000036 s
Maximum delay            =     45.391577 s
Average delay            =     22.688766 s
Average jitter           =      0.012344 s
Delay standard deviation =     12.904658 s
Bytes received           =       6637500
Average bitrate          =    877.686690 Kbit/s
Average packet rate      =    365.702788 pkt/s
Packets dropped          =             0 (0.00 %)
Average loss-burst size  =             0 pkt
Error lines              =             0
----------------------------------------------------------
