ITGDec version 2.8.1 (r1023)
Compile-time options: bursty multiport
----------------------------------------------------------
Flow number: 1
From 10.0.0.1:54776
To    10.0.0.2:10001
----------------------------------------------------------
Total time               =     33.427071 s
Total packets            =           536
Minimum delay            =      0.170442 s
Maximum delay            =     29.395226 s
Average delay            =     15.075452 s
Average jitter           =      0.070084 s
Delay standard deviation =      7.798914 s
Bytes received           =        160800
Average bitrate          =     38.483779 Kbit/s
Average packet rate      =     16.034908 pkt/s
Packets dropped          =             0 (0.00 %)
Average loss-burst size  =      0.000000 pkt
----------------------------------------------------------
----------------------------------------------------------
Flow number: 2
From 10.0.0.1:51830
To    10.0.0.2:10002
----------------------------------------------------------
Total time               =     54.611756 s
Total packets            =           988
Minimum delay            =      0.000069 s
Maximum delay            =     41.201595 s
Average delay            =     23.366993 s
Average jitter           =      0.068670 s
Delay standard deviation =     11.973601 s
Bytes received           =        296400
Average bitrate          =     43.419223 Kbit/s
Average packet rate      =     18.091343 pkt/s
Packets dropped          =             0 (0.00 %)
Average loss-burst size  =      0.000000 pkt
----------------------------------------------------------
----------------------------------------------------------
Flow number: 3
From 10.0.0.1:60806
To    10.0.0.2:10003
----------------------------------------------------------
Total time               =     48.008904 s
Total packets            =           324
Minimum delay            =      3.280603 s
Maximum delay            =     45.465110 s
Average delay            =     23.689278 s
Average jitter           =      0.185599 s
Delay standard deviation =     14.393213 s
Bytes received           =         97200
Average bitrate          =     16.196995 Kbit/s
Average packet rate      =      6.748748 pkt/s
Packets dropped          =             0 (0.00 %)
Average loss-burst size  =      0.000000 pkt
----------------------------------------------------------

__________________________________________________________
****************  TOTAL RESULTS   ******************
__________________________________________________________
Number of flows          =             3
Total time               =     54.611756 s
Total packets            =          1848
Minimum delay            =      0.000069 s
Maximum delay            =     45.465110 s
Average delay            =     21.018592 s
Average jitter           =      0.137004 s
Delay standard deviation =     12.043863 s
Bytes received           =        554400
Average bitrate          =     81.213283 Kbit/s
Average packet rate      =     33.838868 pkt/s
Packets dropped          =             0 (0.00 %)
Average loss-burst size  =             0 pkt
Error lines              =             0
----------------------------------------------------------
