ITGDec version 2.8.1 (r1023)
Compile-time options: bursty multiport
----------------------------------------------------------
Flow number: 1
From 10.0.0.1:36747
To    10.0.0.2:10001
----------------------------------------------------------
Total time               =     89.212718 s
Total packets            =          5456
Minimum delay            =      0.000060 s
Maximum delay            =     74.218191 s
Average delay            =     37.058483 s
Average jitter           =      0.016162 s
Delay standard deviation =     21.307468 s
Bytes received           =       1636800
Average bitrate          =    146.777279 Kbit/s
Average packet rate      =     61.157200 pkt/s
Packets dropped          =          1973 (26.56 %)
Average loss-burst size  =      7.923695 pkt
----------------------------------------------------------
----------------------------------------------------------
Flow number: 3
From 10.0.0.1:46919
To    10.0.0.2:10003
----------------------------------------------------------
Total time               =     89.193556 s
Total packets            =          5401
Minimum delay            =      0.023007 s
Maximum delay            =     74.223159 s
Average delay            =     35.753598 s
Average jitter           =      0.016344 s
Delay standard deviation =     22.033120 s
Bytes received           =       1620300
Average bitrate          =    145.328885 Kbit/s
Average packet rate      =     60.553702 pkt/s
Packets dropped          =          2030 (27.32 %)
Average loss-burst size  =      9.062500 pkt
----------------------------------------------------------
----------------------------------------------------------
Flow number: 2
From 10.0.0.1:59608
To    10.0.0.2:10002
----------------------------------------------------------
Total time               =     88.580721 s
Total packets            =          5585
Minimum delay            =      1.194541 s
Maximum delay            =     74.777047 s
Average delay            =     39.373460 s
Average jitter           =      0.015673 s
Delay standard deviation =     20.672785 s
Bytes received           =       1675500
Average bitrate          =    151.319608 Kbit/s
Average packet rate      =     63.049837 pkt/s
Packets dropped          =          1856 (24.94 %)
Average loss-burst size  =      7.606557 pkt
----------------------------------------------------------

__________________________________________________________
****************  TOTAL RESULTS   ******************
__________________________________________________________
Number of flows          =             3
Total time               =     89.907651 s
Total packets            =         16442
Minimum delay            =      0.000060 s
Maximum delay            =     74.777047 s
Average delay            =     37.416193 s
Average jitter           =      0.024579 s
Delay standard deviation =     21.390196 s
Bytes received           =       4932600
Average bitrate          =    438.903692 Kbit/s
Average packet rate      =    182.876539 pkt/s
Packets dropped          =          5859 (26.27 %)
Average loss-burst size  =      8.171548 pkt
Error lines              =             0
----------------------------------------------------------
