ITGDec version 2.8.1 (r1023)
Compile-time options: bursty multiport
----------------------------------------------------------
Flow number: 1
From 10.0.0.1:35473
To    10.0.0.2:10001
----------------------------------------------------------
Total time               =     84.455678 s
Total packets            =          5215
Minimum delay            =      0.026013 s
Maximum delay            =     69.494134 s
Average delay            =     34.224915 s
Average jitter           =      0.016064 s
Delay standard deviation =     19.422798 s
Bytes received           =       1564500
Average bitrate          =    148.196075 Kbit/s
Average packet rate      =     61.748365 pkt/s
Packets dropped          =          2138 (29.08 %)
Average loss-burst size  =      6.723270 pkt
----------------------------------------------------------
----------------------------------------------------------
Flow number: 2
From 10.0.0.1:50547
To    10.0.0.2:10002
----------------------------------------------------------
Total time               =     84.301935 s
Total packets            =          5073
Minimum delay            =      0.000132 s
Maximum delay            =     69.326442 s
Average delay            =     35.581397 s
Average jitter           =      0.016804 s
Delay standard deviation =     20.154781 s
Bytes received           =       1521900
Average bitrate          =    144.423731 Kbit/s
Average packet rate      =     60.176555 pkt/s
Packets dropped          =          2263 (30.85 %)
Average loss-burst size  =      6.428977 pkt
----------------------------------------------------------
----------------------------------------------------------
Flow number: 3
From 10.0.0.1:46669
To    10.0.0.2:10003
----------------------------------------------------------
Total time               =     84.381445 s
Total packets            =          5163
Minimum delay            =      0.104226 s
Maximum delay            =     69.503495 s
Average delay            =     34.497657 s
Average jitter           =      0.016376 s
Delay standard deviation =     19.878930 s
Bytes received           =       1548900
Average bitrate          =    146.847450 Kbit/s
Average packet rate      =     61.186437 pkt/s
Packets dropped          =          2192 (29.80 %)
Average loss-burst size  =      7.140065 pkt
----------------------------------------------------------

__________________________________________________________
****************  TOTAL RESULTS   ******************
__________________________________________________________
Number of flows          =             3
Total time               =     84.498932 s
Total packets            =         15451
Minimum delay            =      0.000132 s
Maximum delay            =     69.503495 s
Average delay            =     34.761424 s
Average jitter           =      0.025457 s
Delay standard deviation =     19.826453 s
Bytes received           =       4635300
Average bitrate          =    438.850517 Kbit/s
Average packet rate      =    182.854382 pkt/s
Packets dropped          =          6593 (29.91 %)
Average loss-burst size  =      6.748209 pkt
Error lines              =             0
----------------------------------------------------------
