ITGDec version 2.8.1 (r1023)
Compile-time options: bursty multiport
----------------------------------------------------------
Flow number: 2
From 10.0.0.1:49965
To    10.0.0.2:10002
----------------------------------------------------------
Total time               =    115.789947 s
Total packets            =          1497
Minimum delay            =      0.004935 s
Maximum delay            =    100.804115 s
Average delay            =     48.911415 s
Average jitter           =      0.076389 s
Delay standard deviation =     29.434862 s
Bytes received           =        449100
Average bitrate          =     31.028600 Kbit/s
Average packet rate      =     12.928584 pkt/s
Packets dropped          =          5901 (79.76 %)
Average loss-burst size  =      6.027579 pkt
----------------------------------------------------------
----------------------------------------------------------
Flow number: 3
From 10.0.0.1:60096
To    10.0.0.2:10003
----------------------------------------------------------
Total time               =    115.831716 s
Total packets            =          1532
Minimum delay            =      0.020656 s
Maximum delay            =    100.853273 s
Average delay            =     48.236847 s
Average jitter           =      0.074656 s
Delay standard deviation =     29.545351 s
Bytes received           =        459600
Average bitrate          =     31.742601 Kbit/s
Average packet rate      =     13.226084 pkt/s
Packets dropped          =          5871 (79.31 %)
Average loss-burst size  =      5.807122 pkt
----------------------------------------------------------
----------------------------------------------------------
Flow number: 1
From 10.0.0.1:46933
To    10.0.0.2:10001
----------------------------------------------------------
Total time               =    112.759732 s
Total packets            =          1284
Minimum delay            =      4.746977 s
Maximum delay            =    102.552504 s
Average delay            =     57.628044 s
Average jitter           =      0.076232 s
Delay standard deviation =     28.438964 s
Bytes received           =        385200
Average bitrate          =     27.328905 Kbit/s
Average packet rate      =     11.387044 pkt/s
Packets dropped          =          6120 (82.66 %)
Average loss-burst size  =      4.770070 pkt
----------------------------------------------------------

__________________________________________________________
****************  TOTAL RESULTS   ******************
__________________________________________________________
Number of flows          =             3
Total time               =    117.732388 s
Total packets            =          4313
Minimum delay            =      0.004935 s
Maximum delay            =    102.552504 s
Average delay            =     51.266786 s
Average jitter           =      0.120278 s
Delay standard deviation =     29.475423 s
Bytes received           =       1293900
Average bitrate          =     87.921431 Kbit/s
Average packet rate      =     36.633929 pkt/s
Packets dropped          =         17892 (80.58 %)
Average loss-burst size  =      5.466544 pkt
Error lines              =             0
----------------------------------------------------------
