ITGDec version 2.8.1 (r1023)
Compile-time options: bursty multiport
----------------------------------------------------------
Flow number: 1
From 10.0.0.1:54612
To    10.0.0.2:10001
----------------------------------------------------------
Total time               =     36.265742 s
Total packets            =           510
Minimum delay            =      0.000069 s
Maximum delay            =     33.122796 s
Average delay            =     16.739071 s
Average jitter           =      0.077138 s
Delay standard deviation =      9.668780 s
Bytes received           =        153000
Average bitrate          =     33.750861 Kbit/s
Average packet rate      =     14.062859 pkt/s
Packets dropped          =             0 (0.00 %)
Average loss-burst size  =      0.000000 pkt
----------------------------------------------------------
----------------------------------------------------------
Flow number: 2
From 10.0.0.1:51670
To    10.0.0.2:10002
----------------------------------------------------------
Total time               =     60.693631 s
Total packets            =           816
Minimum delay            =      0.195630 s
Maximum delay            =     48.701929 s
Average delay            =     24.370535 s
Average jitter           =      0.089191 s
Delay standard deviation =     13.196628 s
Bytes received           =        244800
Average bitrate          =     32.266977 Kbit/s
Average packet rate      =     13.444574 pkt/s
Packets dropped          =             0 (0.00 %)
Average loss-burst size  =      0.000000 pkt
----------------------------------------------------------
----------------------------------------------------------
Flow number: 3
From 10.0.0.1:60650
To    10.0.0.2:10003
----------------------------------------------------------
Total time               =     60.174568 s
Total packets            =           773
Minimum delay            =      0.227524 s
Maximum delay            =     47.490906 s
Average delay            =     24.770556 s
Average jitter           =      0.094437 s
Delay standard deviation =     12.577896 s
Bytes received           =        231900
Average bitrate          =     30.830300 Kbit/s
Average packet rate      =     12.845958 pkt/s
Packets dropped          =             0 (0.00 %)
Average loss-burst size  =      0.000000 pkt
----------------------------------------------------------

__________________________________________________________
****************  TOTAL RESULTS   ******************
__________________________________________________________
Number of flows          =             3
Total time               =     60.909715 s
Total packets            =          2099
Minimum delay            =      0.000069 s
Maximum delay            =     48.701929 s
Average delay            =     22.663613 s
Average jitter           =      0.143633 s
Delay standard deviation =     12.648095 s
Bytes received           =        629700
Average bitrate          =     82.706018 Kbit/s
Average packet rate      =     34.460841 pkt/s
Packets dropped          =             0 (0.00 %)
Average loss-burst size  =             0 pkt
Error lines              =             0
----------------------------------------------------------
