ITGDec version 2.8.1 (r1023)
Compile-time options: bursty multiport
----------------------------------------------------------
Flow number: 1
From 10.0.0.1:51811
To    10.0.0.2:10001
----------------------------------------------------------
Total time               =     60.144366 s
Total packets            =          7349
Minimum delay            =      0.000040 s
Maximum delay            =     45.148385 s
Average delay            =     22.508418 s
Average jitter           =      0.008053 s
Delay standard deviation =     12.834369 s
Bytes received           =       2204700
Average bitrate          =    293.254401 Kbit/s
Average packet rate      =    122.189334 pkt/s
Packets dropped          =             0 (0.00 %)
Average loss-burst size  =      0.000000 pkt
----------------------------------------------------------
----------------------------------------------------------
Flow number: 3
From 10.0.0.1:52028
To    10.0.0.2:10003
----------------------------------------------------------
Total time               =     60.132828 s
Total packets            =          7351
Minimum delay            =      0.008144 s
Maximum delay            =     45.153740 s
Average delay            =     22.503865 s
Average jitter           =      0.008076 s
Delay standard deviation =     12.836872 s
Bytes received           =       2205300
Average bitrate          =    293.390492 Kbit/s
Average packet rate      =    122.246038 pkt/s
Packets dropped          =             0 (0.00 %)
Average loss-burst size  =      0.000000 pkt
----------------------------------------------------------
----------------------------------------------------------
Flow number: 2
From 10.0.0.1:39472
To    10.0.0.2:10002
----------------------------------------------------------
Total time               =     60.026652 s
Total packets            =          7348
Minimum delay            =      0.209080 s
Maximum delay            =     45.237780 s
Average delay            =     22.863524 s
Average jitter           =      0.008031 s
Delay standard deviation =     12.834749 s
Bytes received           =       2204400
Average bitrate          =    293.789499 Kbit/s
Average packet rate      =    122.412291 pkt/s
Packets dropped          =             0 (0.00 %)
Average loss-burst size  =      0.000000 pkt
----------------------------------------------------------

__________________________________________________________
****************  TOTAL RESULTS   ******************
__________________________________________________________
Number of flows          =             3
Total time               =     60.289360 s
Total packets            =         22048
Minimum delay            =      0.000040 s
Maximum delay            =     45.237780 s
Average delay            =     22.625247 s
Average jitter           =      0.012569 s
Delay standard deviation =     12.836436 s
Bytes received           =       6614400
Average bitrate          =    877.687207 Kbit/s
Average packet rate      =    365.703003 pkt/s
Packets dropped          =             0 (0.00 %)
Average loss-burst size  =             0 pkt
Error lines              =             0
----------------------------------------------------------
