ITGDec version 2.8.1 (r1023)
Compile-time options: bursty multiport
----------------------------------------------------------
Flow number: 2
From 10.0.0.1:33691
To    10.0.0.2:10002
----------------------------------------------------------
Total time               =     90.033548 s
Total packets            =          5364
Minimum delay            =      0.000048 s
Maximum delay            =     75.038542 s
Average delay            =     36.831592 s
Average jitter           =      0.016591 s
Delay standard deviation =     21.406780 s
Bytes received           =       1609200
Average bitrate          =    142.986701 Kbit/s
Average packet rate      =     59.577792 pkt/s
Packets dropped          =          2068 (27.83 %)
Average loss-burst size  =      7.923372 pkt
----------------------------------------------------------
----------------------------------------------------------
Flow number: 3
From 10.0.0.1:41510
To    10.0.0.2:10003
----------------------------------------------------------
Total time               =     90.016873 s
Total packets            =          5640
Minimum delay            =      0.020676 s
Maximum delay            =     75.043298 s
Average delay            =     37.005280 s
Average jitter           =      0.015794 s
Delay standard deviation =     21.722562 s
Bytes received           =       1692000
Average bitrate          =    150.371809 Kbit/s
Average packet rate      =     62.654920 pkt/s
Packets dropped          =          1796 (24.15 %)
Average loss-burst size  =      6.751880 pkt
----------------------------------------------------------
----------------------------------------------------------
Flow number: 1
From 10.0.0.1:51599
To    10.0.0.2:10001
----------------------------------------------------------
Total time               =     89.281310 s
Total packets            =          5608
Minimum delay            =      1.402332 s
Maximum delay            =     75.685089 s
Average delay            =     39.746862 s
Average jitter           =      0.015734 s
Delay standard deviation =     21.710044 s
Bytes received           =       1682400
Average bitrate          =    150.750476 Kbit/s
Average packet rate      =     62.812698 pkt/s
Packets dropped          =          1833 (24.63 %)
Average loss-burst size  =      8.447005 pkt
----------------------------------------------------------

__________________________________________________________
****************  TOTAL RESULTS   ******************
__________________________________________________________
Number of flows          =             3
Total time               =     90.837907 s
Total packets            =         16612
Minimum delay            =      0.000048 s
Maximum delay            =     75.685089 s
Average delay            =     37.874720 s
Average jitter           =      0.024552 s
Delay standard deviation =     21.658247 s
Bytes received           =       4983600
Average bitrate          =    438.900469 Kbit/s
Average packet rate      =    182.875195 pkt/s
Packets dropped          =          5697 (25.54 %)
Average loss-burst size  =      7.657258 pkt
Error lines              =             0
----------------------------------------------------------
