ITGDec version 2.8.1 (r1023)
Compile-time options: bursty multiport
----------------------------------------------------------
Flow number: 3
From 10.0.0.1:32884
To    10.0.0.2:10003
----------------------------------------------------------
Total time               =     33.998409 s
Total packets            =          4523
Minimum delay            =      0.000057 s
Maximum delay            =     19.838446 s
Average delay            =      9.667916 s
Average jitter           =      0.010389 s
Delay standard deviation =      5.451123 s
Bytes received           =       1356900
Average bitrate          =    319.285529 Kbit/s
Average packet rate      =    133.035637 pkt/s
Packets dropped          =             0 (0.00 %)
Average loss-burst size  =      0.000000 pkt
----------------------------------------------------------
----------------------------------------------------------
Flow number: 1
From 10.0.0.1:55084
To    10.0.0.2:10001
----------------------------------------------------------
Total time               =     35.839898 s
Total packets            =          4499
Minimum delay            =      0.000056 s
Maximum delay            =     21.847791 s
Average delay            =     10.223779 s
Average jitter           =      0.010820 s
Delay standard deviation =      5.949018 s
Bytes received           =       1349700
Average bitrate          =    301.273179 Kbit/s
Average packet rate      =    125.530491 pkt/s
Packets dropped          =             0 (0.00 %)
Average loss-burst size  =      0.000000 pkt
----------------------------------------------------------
----------------------------------------------------------
Flow number: 2
From 10.0.0.1:52142
To    10.0.0.2:10002
----------------------------------------------------------
Total time               =     24.066425 s
Total packets            =          3506
Minimum delay            =      0.009347 s
Maximum delay            =     13.702023 s
Average delay            =      7.092828 s
Average jitter           =      0.009350 s
Delay standard deviation =      4.193265 s
Bytes received           =       1051800
Average bitrate          =    349.632320 Kbit/s
Average packet rate      =    145.680133 pkt/s
Packets dropped          =             0 (0.00 %)
Average loss-burst size  =      0.000000 pkt
----------------------------------------------------------

__________________________________________________________
****************  TOTAL RESULTS   ******************
__________________________________________________________
Number of flows          =             3
Total time               =     35.842302 s
Total packets            =         12528
Minimum delay            =      0.000056 s
Maximum delay            =     21.847791 s
Average delay            =      9.146889 s
Average jitter           =      0.019638 s
Delay standard deviation =      5.482094 s
Bytes received           =       3758400
Average bitrate          =    838.874691 Kbit/s
Average packet rate      =    349.531121 pkt/s
Packets dropped          =             0 (0.00 %)
Average loss-burst size  =             0 pkt
Error lines              =             0
----------------------------------------------------------
