ITGDec version 2.8.1 (r1023)
Compile-time options: bursty multiport
----------------------------------------------------------
Flow number: 1
From 10.0.0.1:43958
To    10.0.0.2:10001
----------------------------------------------------------
Total time               =     26.089897 s
Total packets            =          3652
Minimum delay            =      0.000049 s
Maximum delay            =     14.687603 s
Average delay            =      7.798856 s
Average jitter           =      0.009594 s
Delay standard deviation =      4.566179 s
Bytes received           =       1095600
Average bitrate          =    335.946133 Kbit/s
Average packet rate      =    139.977555 pkt/s
Packets dropped          =             0 (0.00 %)
Average loss-burst size  =      0.000000 pkt
----------------------------------------------------------
----------------------------------------------------------
Flow number: 3
From 10.0.0.1:40218
To    10.0.0.2:10003
----------------------------------------------------------
Total time               =     25.002085 s
Total packets            =          3197
Minimum delay            =      0.007346 s
Maximum delay            =     14.391203 s
Average delay            =      7.124825 s
Average jitter           =      0.010892 s
Delay standard deviation =      3.847903 s
Bytes received           =        959100
Average bitrate          =    306.886406 Kbit/s
Average packet rate      =    127.869336 pkt/s
Packets dropped          =             0 (0.00 %)
Average loss-burst size  =      0.000000 pkt
----------------------------------------------------------
----------------------------------------------------------
Flow number: 2
From 10.0.0.1:52744
To    10.0.0.2:10002
----------------------------------------------------------
Total time               =     23.582770 s
Total packets            =          3357
Minimum delay            =      0.000066 s
Maximum delay            =     13.546099 s
Average delay            =      6.692162 s
Average jitter           =      0.009761 s
Delay standard deviation =      3.813804 s
Bytes received           =       1007100
Average bitrate          =    341.639256 Kbit/s
Average packet rate      =    142.349690 pkt/s
Packets dropped          =             0 (0.00 %)
Average loss-burst size  =      0.000000 pkt
----------------------------------------------------------

__________________________________________________________
****************  TOTAL RESULTS   ******************
__________________________________________________________
Number of flows          =             3
Total time               =     26.089897 s
Total packets            =         10206
Minimum delay            =      0.000049 s
Maximum delay            =     14.687603 s
Average delay            =      7.223699 s
Average jitter           =      0.016384 s
Delay standard deviation =      4.134897 s
Bytes received           =       3061800
Average bitrate          =    938.846175 Kbit/s
Average packet rate      =    391.185906 pkt/s
Packets dropped          =             0 (0.00 %)
Average loss-burst size  =             0 pkt
Error lines              =             0
----------------------------------------------------------
