ITGDec version 2.8.1 (r1023)
Compile-time options: bursty multiport
----------------------------------------------------------
Flow number: 2
From 10.0.0.1:52734
To    10.0.0.2:10002
----------------------------------------------------------
Total time               =     25.176320 s
Total packets            =          3359
Minimum delay            =      0.000058 s
Maximum delay            =     14.921720 s
Average delay            =      7.467296 s
Average jitter           =      0.010288 s
Delay standard deviation =      4.070469 s
Bytes received           =       1007700
Average bitrate          =    320.205654 Kbit/s
Average packet rate      =    133.419022 pkt/s
Packets dropped          =             0 (0.00 %)
Average loss-burst size  =      0.000000 pkt
----------------------------------------------------------
----------------------------------------------------------
Flow number: 3
From 10.0.0.1:40204
To    10.0.0.2:10003
----------------------------------------------------------
Total time               =     24.015109 s
Total packets            =          3381
Minimum delay            =      0.000055 s
Maximum delay            =     14.021086 s
Average delay            =      6.660454 s
Average jitter           =      0.009798 s
Delay standard deviation =      3.726628 s
Bytes received           =       1014300
Average bitrate          =    337.887286 Kbit/s
Average packet rate      =    140.786369 pkt/s
Packets dropped          =             0 (0.00 %)
Average loss-burst size  =      0.000000 pkt
----------------------------------------------------------
----------------------------------------------------------
Flow number: 1
From 10.0.0.1:43952
To    10.0.0.2:10001
----------------------------------------------------------
Total time               =     35.670961 s
Total packets            =          4592
Minimum delay            =      0.029377 s
Maximum delay            =     21.217368 s
Average delay            =     10.482914 s
Average jitter           =      0.010672 s
Delay standard deviation =      6.006256 s
Bytes received           =       1377600
Average bitrate          =    308.957193 Kbit/s
Average packet rate      =    128.732164 pkt/s
Packets dropped          =             0 (0.00 %)
Average loss-burst size  =      0.000000 pkt
----------------------------------------------------------

__________________________________________________________
****************  TOTAL RESULTS   ******************
__________________________________________________________
Number of flows          =             3
Total time               =     35.718695 s
Total packets            =         11332
Minimum delay            =      0.000055 s
Maximum delay            =     21.217368 s
Average delay            =      8.448569 s
Average jitter           =      0.018456 s
Delay standard deviation =      5.156522 s
Bytes received           =       3399600
Average bitrate          =    761.416396 Kbit/s
Average packet rate      =    317.256831 pkt/s
Packets dropped          =             0 (0.00 %)
Average loss-burst size  =             0 pkt
Error lines              =             0
----------------------------------------------------------
