ITGDec version 2.8.1 (r1023)
Compile-time options: bursty multiport
----------------------------------------------------------
Flow number: 2
From 10.0.0.1:51597
To    10.0.0.2:10002
----------------------------------------------------------
Total time               =     60.279103 s
Total packets            =          7351
Minimum delay            =      0.000125 s
Maximum delay            =     45.284046 s
Average delay            =     22.635864 s
Average jitter           =      0.008071 s
Delay standard deviation =     12.838522 s
Bytes received           =       2205300
Average bitrate          =    292.678542 Kbit/s
Average packet rate      =    121.949393 pkt/s
Packets dropped          =             0 (0.00 %)
Average loss-burst size  =      0.000000 pkt
----------------------------------------------------------
----------------------------------------------------------
Flow number: 3
From 10.0.0.1:33434
To    10.0.0.2:10003
----------------------------------------------------------
Total time               =     60.252103 s
Total packets            =          7345
Minimum delay            =      0.018537 s
Maximum delay            =     45.286641 s
Average delay            =     22.637573 s
Average jitter           =      0.008150 s
Delay standard deviation =     12.834178 s
Bytes received           =       2203500
Average bitrate          =    292.570701 Kbit/s
Average packet rate      =    121.904459 pkt/s
Packets dropped          =             0 (0.00 %)
Average loss-burst size  =      0.000000 pkt
----------------------------------------------------------
----------------------------------------------------------
Flow number: 1
From 10.0.0.1:34805
To    10.0.0.2:10001
----------------------------------------------------------
Total time               =     60.202152 s
Total packets            =          7351
Minimum delay            =      0.069017 s
Maximum delay            =     45.288863 s
Average delay            =     22.631883 s
Average jitter           =      0.008348 s
Delay standard deviation =     12.832622 s
Bytes received           =       2205300
Average bitrate          =    293.052647 Kbit/s
Average packet rate      =    122.105270 pkt/s
Packets dropped          =             0 (0.00 %)
Average loss-burst size  =      0.000000 pkt
----------------------------------------------------------

__________________________________________________________
****************  TOTAL RESULTS   ******************
__________________________________________________________
Number of flows          =             3
Total time               =     60.284542 s
Total packets            =         22047
Minimum delay            =      0.000125 s
Maximum delay            =     45.288863 s
Average delay            =     22.635106 s
Average jitter           =      0.012825 s
Delay standard deviation =     12.835108 s
Bytes received           =       6614100
Average bitrate          =    877.717542 Kbit/s
Average packet rate      =    365.715642 pkt/s
Packets dropped          =             0 (0.00 %)
Average loss-burst size  =             0 pkt
Error lines              =             0
----------------------------------------------------------
