ITGDec version 2.8.1 (r1023)
Compile-time options: bursty multiport
----------------------------------------------------------
Flow number: 1
From 10.0.0.1:42472
To    10.0.0.2:10001
----------------------------------------------------------
Total time               =     46.324759 s
Total packets            =           605
Minimum delay            =      0.000074 s
Maximum delay            =     35.342082 s
Average delay            =     18.416428 s
Average jitter           =      0.097833 s
Delay standard deviation =     10.044178 s
Bytes received           =        181500
Average bitrate          =     31.343930 Kbit/s
Average packet rate      =     13.059971 pkt/s
Packets dropped          =             0 (0.00 %)
Average loss-burst size  =      0.000000 pkt
----------------------------------------------------------
----------------------------------------------------------
Flow number: 2
From 10.0.0.1:51258
To    10.0.0.2:10002
----------------------------------------------------------
Total time               =     29.446471 s
Total packets            =           401
Minimum delay            =      0.000053 s
Maximum delay            =     24.046427 s
Average delay            =     11.854278 s
Average jitter           =      0.086828 s
Delay standard deviation =      6.524620 s
Bytes received           =        120300
Average bitrate          =     32.683034 Kbit/s
Average packet rate      =     13.617931 pkt/s
Packets dropped          =             0 (0.00 %)
Average loss-burst size  =      0.000000 pkt
----------------------------------------------------------
----------------------------------------------------------
Flow number: 3
From 10.0.0.1:38732
To    10.0.0.2:10003
----------------------------------------------------------
Total time               =     44.496055 s
Total packets            =           638
Minimum delay            =      2.359841 s
Maximum delay            =     37.463802 s
Average delay            =     21.563491 s
Average jitter           =      0.084375 s
Delay standard deviation =     10.085720 s
Bytes received           =        191400
Average bitrate          =     34.412039 Kbit/s
Average packet rate      =     14.338350 pkt/s
Packets dropped          =             0 (0.00 %)
Average loss-burst size  =      0.000000 pkt
----------------------------------------------------------

__________________________________________________________
****************  TOTAL RESULTS   ******************
__________________________________________________________
Number of flows          =             3
Total time               =     47.051344 s
Total packets            =          1644
Minimum delay            =      0.000053 s
Maximum delay            =     37.463802 s
Average delay            =     18.037112 s
Average jitter           =      0.137150 s
Delay standard deviation =     10.059284 s
Bytes received           =        493200
Average bitrate          =     83.857328 Kbit/s
Average packet rate      =     34.940553 pkt/s
Packets dropped          =             0 (0.00 %)
Average loss-burst size  =             0 pkt
Error lines              =             0
----------------------------------------------------------
