ITGDec version 2.8.1 (r1023)
Compile-time options: bursty multiport
----------------------------------------------------------
Flow number: 2
From 10.0.0.1:51290
To    10.0.0.2:10002
----------------------------------------------------------
Total time               =     44.800962 s
Total packets            =           609
Minimum delay            =      0.000063 s
Maximum delay            =     35.221129 s
Average delay            =     18.460297 s
Average jitter           =      0.095331 s
Delay standard deviation =      9.728229 s
Bytes received           =        182700
Average bitrate          =     32.624299 Kbit/s
Average packet rate      =     13.593458 pkt/s
Packets dropped          =             0 (0.00 %)
Average loss-burst size  =      0.000000 pkt
----------------------------------------------------------
----------------------------------------------------------
Flow number: 3
From 10.0.0.1:38764
To    10.0.0.2:10003
----------------------------------------------------------
Total time               =     45.156218 s
Total packets            =           603
Minimum delay            =      0.005106 s
Maximum delay            =     34.398997 s
Average delay            =     18.734861 s
Average jitter           =      0.097354 s
Delay standard deviation =      9.227653 s
Bytes received           =        180900
Average bitrate          =     32.048742 Kbit/s
Average packet rate      =     13.353643 pkt/s
Packets dropped          =             0 (0.00 %)
Average loss-burst size  =      0.000000 pkt
----------------------------------------------------------
----------------------------------------------------------
Flow number: 1
From 10.0.0.1:42510
To    10.0.0.2:10001
----------------------------------------------------------
Total time               =     26.384377 s
Total packets            =           363
Minimum delay            =      0.075970 s
Maximum delay            =     20.585846 s
Average delay            =     12.267062 s
Average jitter           =      0.091843 s
Delay standard deviation =      6.081655 s
Bytes received           =        108900
Average bitrate          =     33.019540 Kbit/s
Average packet rate      =     13.758142 pkt/s
Packets dropped          =             0 (0.00 %)
Average loss-burst size  =      0.000000 pkt
----------------------------------------------------------

__________________________________________________________
****************  TOTAL RESULTS   ******************
__________________________________________________________
Number of flows          =             3
Total time               =     45.170332 s
Total packets            =          1575
Minimum delay            =      0.000063 s
Maximum delay            =     35.221129 s
Average delay            =     17.138022 s
Average jitter           =      0.134387 s
Delay standard deviation =      9.210798 s
Bytes received           =        472500
Average bitrate          =     83.683246 Kbit/s
Average packet rate      =     34.868019 pkt/s
Packets dropped          =             0 (0.00 %)
Average loss-burst size  =             0 pkt
Error lines              =             0
----------------------------------------------------------
