ITGDec version 2.8.1 (r1023)
Compile-time options: bursty multiport
----------------------------------------------------------
Flow number: 2
From 10.0.0.1:52714
To    10.0.0.2:10002
----------------------------------------------------------
Total time               =     33.486481 s
Total packets            =          4491
Minimum delay            =      0.000050 s
Maximum delay            =     20.008574 s
Average delay            =      9.747593 s
Average jitter           =      0.010280 s
Delay standard deviation =      5.654984 s
Bytes received           =       1347300
Average bitrate          =    321.873176 Kbit/s
Average packet rate      =    134.113823 pkt/s
Packets dropped          =             0 (0.00 %)
Average loss-burst size  =      0.000000 pkt
----------------------------------------------------------
----------------------------------------------------------
Flow number: 1
From 10.0.0.1:43934
To    10.0.0.2:10001
----------------------------------------------------------
Total time               =     23.418628 s
Total packets            =          3344
Minimum delay            =      0.003769 s
Maximum delay            =     13.373465 s
Average delay            =      6.841276 s
Average jitter           =      0.009753 s
Delay standard deviation =      3.712087 s
Bytes received           =       1003200
Average bitrate          =    342.701545 Kbit/s
Average packet rate      =    142.792310 pkt/s
Packets dropped          =             0 (0.00 %)
Average loss-burst size  =      0.000000 pkt
----------------------------------------------------------
----------------------------------------------------------
Flow number: 3
From 10.0.0.1:40188
To    10.0.0.2:10003
----------------------------------------------------------
Total time               =     35.479766 s
Total packets            =          4673
Minimum delay            =      0.000058 s
Maximum delay            =     21.642692 s
Average delay            =     10.797991 s
Average jitter           =      0.010280 s
Delay standard deviation =      6.558208 s
Bytes received           =       1401900
Average bitrate          =    316.101296 Kbit/s
Average packet rate      =    131.708873 pkt/s
Packets dropped          =             0 (0.00 %)
Average loss-burst size  =      0.000000 pkt
----------------------------------------------------------

__________________________________________________________
****************  TOTAL RESULTS   ******************
__________________________________________________________
Number of flows          =             3
Total time               =     35.488430 s
Total packets            =         12508
Minimum delay            =      0.000050 s
Maximum delay            =     21.642692 s
Average delay            =      9.363022 s
Average jitter           =      0.018713 s
Delay standard deviation =      5.810086 s
Bytes received           =       3752400
Average bitrate          =    845.886955 Kbit/s
Average packet rate      =    352.452898 pkt/s
Packets dropped          =             0 (0.00 %)
Average loss-burst size  =             0 pkt
Error lines              =             0
----------------------------------------------------------
