ITGDec version 2.8.1 (r1023)
Compile-time options: bursty multiport
----------------------------------------------------------
Flow number: 2
From 10.0.0.1:52050
To    10.0.0.2:10002
----------------------------------------------------------
Total time               =     25.089315 s
Total packets            =          1926
Minimum delay            =      0.000064 s
Maximum delay            =     16.425353 s
Average delay            =      8.417801 s
Average jitter           =      0.017228 s
Delay standard deviation =      4.865116 s
Bytes received           =        577800
Average bitrate          =    184.237792 Kbit/s
Average packet rate      =     76.765747 pkt/s
Packets dropped          =             0 (0.00 %)
Average loss-burst size  =      0.000000 pkt
----------------------------------------------------------
----------------------------------------------------------
Flow number: 1
From 10.0.0.1:54996
To    10.0.0.2:10001
----------------------------------------------------------
Total time               =     25.597761 s
Total packets            =          1941
Minimum delay            =      0.000064 s
Maximum delay            =     17.121913 s
Average delay            =      8.823318 s
Average jitter           =      0.017613 s
Delay standard deviation =      4.925383 s
Bytes received           =        582300
Average bitrate          =    181.984667 Kbit/s
Average packet rate      =     75.826944 pkt/s
Packets dropped          =             0 (0.00 %)
Average loss-burst size  =      0.000000 pkt
----------------------------------------------------------
----------------------------------------------------------
Flow number: 3
From 10.0.0.1:32800
To    10.0.0.2:10003
----------------------------------------------------------
Total time               =     34.749322 s
Total packets            =          1936
Minimum delay            =      0.992737 s
Maximum delay            =     25.166619 s
Average delay            =     12.972215 s
Average jitter           =      0.022099 s
Delay standard deviation =      6.993851 s
Bytes received           =        580800
Average bitrate          =    133.711961 Kbit/s
Average packet rate      =     55.713317 pkt/s
Packets dropped          =             0 (0.00 %)
Average loss-burst size  =      0.000000 pkt
----------------------------------------------------------

__________________________________________________________
****************  TOTAL RESULTS   ******************
__________________________________________________________
Number of flows          =             3
Total time               =     36.264100 s
Total packets            =          5803
Minimum delay            =      0.000064 s
Maximum delay            =     25.166619 s
Average delay            =     10.072885 s
Average jitter           =      0.029825 s
Delay standard deviation =      6.043568 s
Bytes received           =       1740900
Average bitrate          =    384.049239 Kbit/s
Average packet rate      =    160.020516 pkt/s
Packets dropped          =             0 (0.00 %)
Average loss-burst size  =             0 pkt
Error lines              =             0
----------------------------------------------------------
