ITGDec version 2.8.1 (r1023)
Compile-time options: bursty multiport
----------------------------------------------------------
Flow number: 2
From 10.0.0.1:51932
To    10.0.0.2:10002
----------------------------------------------------------
Total time               =     25.565344 s
Total packets            =           943
Minimum delay            =      0.000469 s
Maximum delay            =     18.582717 s
Average delay            =      8.630409 s
Average jitter           =      0.034268 s
Delay standard deviation =      4.812665 s
Bytes received           =        282900
Average bitrate          =     88.526092 Kbit/s
Average packet rate      =     36.885872 pkt/s
Packets dropped          =             0 (0.00 %)
Average loss-burst size  =      0.000000 pkt
----------------------------------------------------------
----------------------------------------------------------
Flow number: 1
From 10.0.0.1:43150
To    10.0.0.2:10001
----------------------------------------------------------
Total time               =     40.706303 s
Total packets            =          1512
Minimum delay            =      0.023444 s
Maximum delay            =     29.053010 s
Average delay            =     14.021658 s
Average jitter           =      0.036062 s
Delay standard deviation =      8.108974 s
Bytes received           =        453600
Average bitrate          =     89.145900 Kbit/s
Average packet rate      =     37.144125 pkt/s
Packets dropped          =             0 (0.00 %)
Average loss-burst size  =      0.000000 pkt
----------------------------------------------------------
----------------------------------------------------------
Flow number: 3
From 10.0.0.1:39408
To    10.0.0.2:10003
----------------------------------------------------------
Total time               =     36.091284 s
Total packets            =          1109
Minimum delay            =      0.976129 s
Maximum delay            =     26.987108 s
Average delay            =     14.280483 s
Average jitter           =      0.045218 s
Delay standard deviation =      8.317152 s
Bytes received           =        332700
Average bitrate          =     73.746337 Kbit/s
Average packet rate      =     30.727641 pkt/s
Packets dropped          =             0 (0.00 %)
Average loss-burst size  =      0.000000 pkt
----------------------------------------------------------

__________________________________________________________
****************  TOTAL RESULTS   ******************
__________________________________________________________
Number of flows          =             3
Total time               =     40.731877 s
Total packets            =          3564
Minimum delay            =      0.000469 s
Maximum delay            =     29.053010 s
Average delay            =     12.675724 s
Average jitter           =      0.058758 s
Delay standard deviation =      7.838967 s
Bytes received           =       1069200
Average bitrate          =    209.997688 Kbit/s
Average packet rate      =     87.499037 pkt/s
Packets dropped          =             0 (0.00 %)
Average loss-burst size  =             0 pkt
Error lines              =             0
----------------------------------------------------------
