ITGDec version 2.8.1 (r1023)
Compile-time options: bursty multiport
----------------------------------------------------------
Flow number: 2
From 10.0.0.1:59424
To    10.0.0.2:10002
----------------------------------------------------------
Total time               =    102.355720 s
Total packets            =          3120
Minimum delay            =      0.026642 s
Maximum delay            =     87.391947 s
Average delay            =     43.876642 s
Average jitter           =      0.032464 s
Delay standard deviation =     26.019193 s
Bytes received           =        936000
Average bitrate          =     73.156635 Kbit/s
Average packet rate      =     30.481931 pkt/s
Packets dropped          =          4295 (57.92 %)
Average loss-burst size  =     17.602459 pkt
----------------------------------------------------------
----------------------------------------------------------
Flow number: 1
From 10.0.0.1:44959
To    10.0.0.2:10001
----------------------------------------------------------
Total time               =    101.890862 s
Total packets            =          2909
Minimum delay            =      0.000174 s
Maximum delay            =     86.948997 s
Average delay            =     41.982340 s
Average jitter           =      0.034673 s
Delay standard deviation =     25.923950 s
Bytes received           =        872700
Average bitrate          =     68.520374 Kbit/s
Average packet rate      =     28.550156 pkt/s
Packets dropped          =          4460 (60.52 %)
Average loss-burst size  =     17.840000 pkt
----------------------------------------------------------
----------------------------------------------------------
Flow number: 3
From 10.0.0.1:37128
To    10.0.0.2:10003
----------------------------------------------------------
Total time               =    101.246550 s
Total packets            =          3517
Minimum delay            =      2.902361 s
Maximum delay            =     89.164411 s
Average delay            =     47.355673 s
Average jitter           =      0.025098 s
Delay standard deviation =     24.585216 s
Bytes received           =       1055100
Average bitrate          =     83.368767 Kbit/s
Average packet rate      =     34.736986 pkt/s
Packets dropped          =          3901 (52.59 %)
Average loss-burst size  =     15.120155 pkt
----------------------------------------------------------

__________________________________________________________
****************  TOTAL RESULTS   ******************
__________________________________________________________
Number of flows          =             3
Total time               =    104.353217 s
Total packets            =          9546
Minimum delay            =      0.000174 s
Maximum delay            =     89.164411 s
Average delay            =     44.581150 s
Average jitter           =      0.047993 s
Delay standard deviation =     25.569752 s
Bytes received           =       2863800
Average bitrate          =    219.546658 Kbit/s
Average packet rate      =     91.477774 pkt/s
Packets dropped          =         12656 (57.00 %)
Average loss-burst size  =     16.829787 pkt
Error lines              =             0
----------------------------------------------------------
