ITGDec version 2.8.1 (r1023)
Compile-time options: bursty multiport
----------------------------------------------------------
Flow number: 2
From 10.0.0.1:52162
To    10.0.0.2:10002
----------------------------------------------------------
Total time               =     32.950616 s
Total packets            =          3729
Minimum delay            =      0.000046 s
Maximum delay            =     19.855049 s
Average delay            =      9.730835 s
Average jitter           =      0.012080 s
Delay standard deviation =      6.177274 s
Bytes received           =       1118700
Average bitrate          =    271.606455 Kbit/s
Average packet rate      =    113.169356 pkt/s
Packets dropped          =             0 (0.00 %)
Average loss-burst size  =      0.000000 pkt
----------------------------------------------------------
----------------------------------------------------------
Flow number: 3
From 10.0.0.1:32910
To    10.0.0.2:10003
----------------------------------------------------------
Total time               =     20.743810 s
Total packets            =          3057
Minimum delay            =      0.000063 s
Maximum delay            =     10.614853 s
Average delay            =      5.789943 s
Average jitter           =      0.009706 s
Delay standard deviation =      3.268576 s
Bytes received           =        917100
Average bitrate          =    353.686232 Kbit/s
Average packet rate      =    147.369263 pkt/s
Packets dropped          =             0 (0.00 %)
Average loss-burst size  =      0.000000 pkt
----------------------------------------------------------
----------------------------------------------------------
Flow number: 1
From 10.0.0.1:55110
To    10.0.0.2:10001
----------------------------------------------------------
Total time               =     24.797919 s
Total packets            =          3982
Minimum delay            =      0.058487 s
Maximum delay            =     13.823833 s
Average delay            =      6.818347 s
Average jitter           =      0.008725 s
Delay standard deviation =      4.229370 s
Bytes received           =       1194600
Average bitrate          =    385.387177 Kbit/s
Average packet rate      =    160.577990 pkt/s
Packets dropped          =             0 (0.00 %)
Average loss-burst size  =      0.000000 pkt
----------------------------------------------------------

__________________________________________________________
****************  TOTAL RESULTS   ******************
__________________________________________________________
Number of flows          =             3
Total time               =     32.950616 s
Total packets            =         10768
Minimum delay            =      0.000046 s
Maximum delay            =     19.855049 s
Average delay            =      7.534992 s
Average jitter           =      0.016414 s
Delay standard deviation =      5.058318 s
Bytes received           =       3230400
Average bitrate          =    784.300967 Kbit/s
Average packet rate      =    326.792070 pkt/s
Packets dropped          =             0 (0.00 %)
Average loss-burst size  =             0 pkt
Error lines              =             0
----------------------------------------------------------
