ITGDec version 2.8.1 (r1023)
Compile-time options: bursty multiport
----------------------------------------------------------
Flow number: 2
From 10.0.0.1:51886
To    10.0.0.2:10002
----------------------------------------------------------
Total time               =     44.548742 s
Total packets            =          1495
Minimum delay            =      0.000065 s
Maximum delay            =     32.590600 s
Average delay            =     16.324788 s
Average jitter           =      0.037566 s
Delay standard deviation =      8.911047 s
Bytes received           =        448500
Average bitrate          =     80.540995 Kbit/s
Average packet rate      =     33.558748 pkt/s
Packets dropped          =             0 (0.00 %)
Average loss-burst size  =      0.000000 pkt
----------------------------------------------------------
----------------------------------------------------------
Flow number: 3
From 10.0.0.1:60866
To    10.0.0.2:10003
----------------------------------------------------------
Total time               =     27.999713 s
Total packets            =           925
Minimum delay            =      0.000351 s
Maximum delay            =     22.015991 s
Average delay            =     11.641255 s
Average jitter           =      0.036529 s
Delay standard deviation =      6.242062 s
Bytes received           =        277500
Average bitrate          =     79.286527 Kbit/s
Average packet rate      =     33.036053 pkt/s
Packets dropped          =             0 (0.00 %)
Average loss-burst size  =      0.000000 pkt
----------------------------------------------------------
----------------------------------------------------------
Flow number: 1
From 10.0.0.1:54834
To    10.0.0.2:10001
----------------------------------------------------------
Total time               =     45.526969 s
Total packets            =          1617
Minimum delay            =      0.026619 s
Maximum delay            =     31.556905 s
Average delay            =     17.324916 s
Average jitter           =      0.036585 s
Delay standard deviation =      9.398478 s
Bytes received           =        485100
Average bitrate          =     85.241783 Kbit/s
Average packet rate      =     35.517409 pkt/s
Packets dropped          =             0 (0.00 %)
Average loss-burst size  =      0.000000 pkt
----------------------------------------------------------

__________________________________________________________
****************  TOTAL RESULTS   ******************
__________________________________________________________
Number of flows          =             3
Total time               =     45.566157 s
Total packets            =          4037
Minimum delay            =      0.000065 s
Maximum delay            =     32.590600 s
Average delay            =     15.652243 s
Average jitter           =      0.062128 s
Delay standard deviation =      8.870686 s
Bytes received           =       1211100
Average bitrate          =    212.631493 Kbit/s
Average packet rate      =     88.596455 pkt/s
Packets dropped          =             0 (0.00 %)
Average loss-burst size  =             0 pkt
Error lines              =             0
----------------------------------------------------------
