ITGDec version 2.8.1 (r1023)
Compile-time options: bursty multiport
----------------------------------------------------------
Flow number: 1
From 10.0.0.1:43460
To    10.0.0.2:10001
----------------------------------------------------------
Total time               =     37.177456 s
Total packets            =          2471
Minimum delay            =      0.000060 s
Maximum delay            =     25.020021 s
Average delay            =     12.514874 s
Average jitter           =      0.019089 s
Delay standard deviation =      7.034996 s
Bytes received           =        741300
Average bitrate          =    159.516025 Kbit/s
Average packet rate      =     66.465010 pkt/s
Packets dropped          =             0 (0.00 %)
Average loss-burst size  =      0.000000 pkt
----------------------------------------------------------
----------------------------------------------------------
Flow number: 3
From 10.0.0.1:39714
To    10.0.0.2:10003
----------------------------------------------------------
Total time               =     24.232998 s
Total packets            =          1753
Minimum delay            =      0.000060 s
Maximum delay            =     16.079581 s
Average delay            =      8.689727 s
Average jitter           =      0.018581 s
Delay standard deviation =      4.599208 s
Bytes received           =        525900
Average bitrate          =    173.614507 Kbit/s
Average packet rate      =     72.339378 pkt/s
Packets dropped          =             0 (0.00 %)
Average loss-burst size  =      0.000000 pkt
----------------------------------------------------------
----------------------------------------------------------
Flow number: 2
From 10.0.0.1:52246
To    10.0.0.2:10002
----------------------------------------------------------
Total time               =     38.412880 s
Total packets            =          2456
Minimum delay            =      0.200859 s
Maximum delay            =     26.061618 s
Average delay            =     13.954582 s
Average jitter           =      0.020516 s
Delay standard deviation =      7.467013 s
Bytes received           =        736800
Average bitrate          =    153.448531 Kbit/s
Average packet rate      =     63.936888 pkt/s
Packets dropped          =             0 (0.00 %)
Average loss-burst size  =      0.000000 pkt
----------------------------------------------------------

__________________________________________________________
****************  TOTAL RESULTS   ******************
__________________________________________________________
Number of flows          =             3
Total time               =     38.640895 s
Total packets            =          6680
Minimum delay            =      0.000060 s
Maximum delay            =     26.061618 s
Average delay            =     12.040389 s
Average jitter           =      0.030996 s
Delay standard deviation =      6.981016 s
Bytes received           =       2004000
Average bitrate          =    414.897222 Kbit/s
Average packet rate      =    172.873843 pkt/s
Packets dropped          =             0 (0.00 %)
Average loss-burst size  =             0 pkt
Error lines              =             0
----------------------------------------------------------
