ITGDec version 2.8.1 (r1023)
Compile-time options: bursty multiport
----------------------------------------------------------
Flow number: 2
From 10.0.0.1:52180
To    10.0.0.2:10002
----------------------------------------------------------
Total time               =     25.005049 s
Total packets            =          3419
Minimum delay            =      0.000069 s
Maximum delay            =     14.705862 s
Average delay            =      7.266423 s
Average jitter           =      0.009921 s
Delay standard deviation =      4.336722 s
Bytes received           =       1025700
Average bitrate          =    328.157725 Kbit/s
Average packet rate      =    136.732386 pkt/s
Packets dropped          =             0 (0.00 %)
Average loss-burst size  =      0.000000 pkt
----------------------------------------------------------
----------------------------------------------------------
Flow number: 1
From 10.0.0.1:55126
To    10.0.0.2:10001
----------------------------------------------------------
Total time               =     34.192305 s
Total packets            =          4746
Minimum delay            =      0.000037 s
Maximum delay            =     21.362459 s
Average delay            =     10.303455 s
Average jitter           =      0.009656 s
Delay standard deviation =      6.022888 s
Bytes received           =       1423800
Average bitrate          =    333.127585 Kbit/s
Average packet rate      =    138.803161 pkt/s
Packets dropped          =             0 (0.00 %)
Average loss-burst size  =      0.000000 pkt
----------------------------------------------------------
----------------------------------------------------------
Flow number: 3
From 10.0.0.1:32930
To    10.0.0.2:10003
----------------------------------------------------------
Total time               =     24.198640 s
Total packets            =          3156
Minimum delay            =      0.006708 s
Maximum delay            =     14.952497 s
Average delay            =      7.132960 s
Average jitter           =      0.010338 s
Delay standard deviation =      3.765401 s
Bytes received           =        946800
Average bitrate          =    313.009326 Kbit/s
Average packet rate      =    130.420553 pkt/s
Packets dropped          =             0 (0.00 %)
Average loss-burst size  =      0.000000 pkt
----------------------------------------------------------

__________________________________________________________
****************  TOTAL RESULTS   ******************
__________________________________________________________
Number of flows          =             3
Total time               =     34.199760 s
Total packets            =         11321
Minimum delay            =      0.000037 s
Maximum delay            =     21.362459 s
Average delay            =      8.502405 s
Average jitter           =      0.016209 s
Delay standard deviation =      5.213801 s
Bytes received           =       3396300
Average bitrate          =    794.461716 Kbit/s
Average packet rate      =    331.025715 pkt/s
Packets dropped          =             0 (0.00 %)
Average loss-burst size  =             0 pkt
Error lines              =             0
----------------------------------------------------------
