ITGDec version 2.8.1 (r1023)
Compile-time options: bursty multiport
----------------------------------------------------------
Flow number: 1
From 10.0.0.1:34635
To    10.0.0.2:10001
----------------------------------------------------------
Total time               =     59.603988 s
Total packets            =          7299
Minimum delay            =      0.000041 s
Maximum delay            =     44.610155 s
Average delay            =     22.130970 s
Average jitter           =      0.008036 s
Delay standard deviation =     12.714702 s
Bytes received           =       2189700
Average bitrate          =    293.899797 Kbit/s
Average packet rate      =    122.458249 pkt/s
Packets dropped          =             0 (0.00 %)
Average loss-burst size  =      0.000000 pkt
----------------------------------------------------------
----------------------------------------------------------
Flow number: 2
From 10.0.0.1:43093
To    10.0.0.2:10002
----------------------------------------------------------
Total time               =     59.575247 s
Total packets            =          7305
Minimum delay            =      0.022877 s
Maximum delay            =     44.615044 s
Average delay            =     22.130116 s
Average jitter           =      0.008070 s
Delay standard deviation =     12.709702 s
Bytes received           =       2191500
Average bitrate          =    294.283295 Kbit/s
Average packet rate      =    122.618040 pkt/s
Packets dropped          =             0 (0.00 %)
Average loss-burst size  =      0.000000 pkt
----------------------------------------------------------
----------------------------------------------------------
Flow number: 3
From 10.0.0.1:52092
To    10.0.0.2:10003
----------------------------------------------------------
Total time               =     59.346810 s
Total packets            =          7300
Minimum delay            =      0.438307 s
Maximum delay            =     44.786898 s
Average delay            =     22.826373 s
Average jitter           =      0.007990 s
Delay standard deviation =     12.714146 s
Bytes received           =       2190000
Average bitrate          =    295.213846 Kbit/s
Average packet rate      =    123.005769 pkt/s
Packets dropped          =             0 (0.00 %)
Average loss-burst size  =      0.000000 pkt
----------------------------------------------------------

__________________________________________________________
****************  TOTAL RESULTS   ******************
__________________________________________________________
Number of flows          =             3
Total time               =     59.893991 s
Total packets            =         21904
Minimum delay            =      0.000041 s
Maximum delay            =     44.786898 s
Average delay            =     22.362444 s
Average jitter           =      0.012271 s
Delay standard deviation =     12.717080 s
Bytes received           =       6571200
Average bitrate          =    877.710754 Kbit/s
Average packet rate      =    365.712814 pkt/s
Packets dropped          =             0 (0.00 %)
Average loss-burst size  =             0 pkt
Error lines              =             0
----------------------------------------------------------
