ITGDec version 2.8.1 (r1023)
Compile-time options: bursty multiport
----------------------------------------------------------
Flow number: 2
From 10.0.0.1:51910
To    10.0.0.2:10002
----------------------------------------------------------
Total time               =     28.080153 s
Total packets            =           963
Minimum delay            =      0.000073 s
Maximum delay            =     20.284590 s
Average delay            =     10.201698 s
Average jitter           =      0.037038 s
Delay standard deviation =      5.439178 s
Bytes received           =        288900
Average bitrate          =     82.307244 Kbit/s
Average packet rate      =     34.294685 pkt/s
Packets dropped          =             0 (0.00 %)
Average loss-burst size  =      0.000000 pkt
----------------------------------------------------------
----------------------------------------------------------
Flow number: 1
From 10.0.0.1:43124
To    10.0.0.2:10001
----------------------------------------------------------
Total time               =     42.003285 s
Total packets            =          1423
Minimum delay            =      0.000054 s
Maximum delay            =     29.026604 s
Average delay            =     15.254984 s
Average jitter           =      0.038413 s
Delay standard deviation =      8.407901 s
Bytes received           =        426900
Average bitrate          =     81.307926 Kbit/s
Average packet rate      =     33.878303 pkt/s
Packets dropped          =             0 (0.00 %)
Average loss-burst size  =      0.000000 pkt
----------------------------------------------------------
----------------------------------------------------------
Flow number: 3
From 10.0.0.1:39384
To    10.0.0.2:10003
----------------------------------------------------------
Total time               =     44.038049 s
Total packets            =          1455
Minimum delay            =      0.138216 s
Maximum delay            =     29.918548 s
Average delay            =     15.097591 s
Average jitter           =      0.039842 s
Delay standard deviation =      8.347201 s
Bytes received           =        436500
Average bitrate          =     79.295066 Kbit/s
Average packet rate      =     33.039611 pkt/s
Packets dropped          =             0 (0.00 %)
Average loss-burst size  =      0.000000 pkt
----------------------------------------------------------

__________________________________________________________
****************  TOTAL RESULTS   ******************
__________________________________________________________
Number of flows          =             3
Total time               =     44.190089 s
Total packets            =          3841
Minimum delay            =      0.000054 s
Maximum delay            =     29.918548 s
Average delay            =     13.928423 s
Average jitter           =      0.057735 s
Delay standard deviation =      8.040703 s
Bytes received           =       1152300
Average bitrate          =    208.607862 Kbit/s
Average packet rate      =     86.919943 pkt/s
Packets dropped          =             0 (0.00 %)
Average loss-burst size  =             0 pkt
Error lines              =             0
----------------------------------------------------------
