ITGDec version 2.8.1 (r1023)
Compile-time options: bursty multiport
----------------------------------------------------------
Flow number: 1
From 10.0.0.1:55004
To    10.0.0.2:10001
----------------------------------------------------------
Total time               =     38.383721 s
Total packets            =          2634
Minimum delay            =      0.000075 s
Maximum delay            =     25.325766 s
Average delay            =     11.867336 s
Average jitter           =      0.019285 s
Delay standard deviation =      6.828799 s
Bytes received           =        790200
Average bitrate          =    164.694819 Kbit/s
Average packet rate      =     68.622841 pkt/s
Packets dropped          =             0 (0.00 %)
Average loss-burst size  =      0.000000 pkt
----------------------------------------------------------
----------------------------------------------------------
Flow number: 2
From 10.0.0.1:52058
To    10.0.0.2:10002
----------------------------------------------------------
Total time               =     24.883182 s
Total packets            =          1557
Minimum delay            =      0.000068 s
Maximum delay            =     17.400191 s
Average delay            =      8.191551 s
Average jitter           =      0.019623 s
Delay standard deviation =      4.889347 s
Bytes received           =        467100
Average bitrate          =    150.173720 Kbit/s
Average packet rate      =     62.572383 pkt/s
Packets dropped          =             0 (0.00 %)
Average loss-burst size  =      0.000000 pkt
----------------------------------------------------------
----------------------------------------------------------
Flow number: 3
From 10.0.0.1:32808
To    10.0.0.2:10003
----------------------------------------------------------
Total time               =     36.985575 s
Total packets            =          2519
Minimum delay            =      0.159749 s
Maximum delay            =     24.903767 s
Average delay            =     13.206501 s
Average jitter           =      0.019305 s
Delay standard deviation =      7.036461 s
Bytes received           =        755700
Average bitrate          =    163.458321 Kbit/s
Average packet rate      =     68.107634 pkt/s
Packets dropped          =             0 (0.00 %)
Average loss-burst size  =      0.000000 pkt
----------------------------------------------------------

__________________________________________________________
****************  TOTAL RESULTS   ******************
__________________________________________________________
Number of flows          =             3
Total time               =     38.386345 s
Total packets            =          6710
Minimum delay            =      0.000068 s
Maximum delay            =     25.325766 s
Average delay            =     11.517137 s
Average jitter           =      0.034224 s
Delay standard deviation =      6.791587 s
Bytes received           =       2013000
Average bitrate          =    419.524182 Kbit/s
Average packet rate      =    174.801743 pkt/s
Packets dropped          =             0 (0.00 %)
Average loss-burst size  =             0 pkt
Error lines              =             0
----------------------------------------------------------
