------------------------------------------------------------
Server listening on UDP port 5001 with pid 2961
Receiving 300 byte datagrams
UDP buffer size:  208 KByte (default)
------------------------------------------------------------
[  3] local 10.0.0.2 port 5001 connected with 10.0.0.1 port 41157
[  4] local 10.0.0.2 port 5001 connected with 10.0.0.1 port 49237
[  5] local 10.0.0.2 port 5001 connected with 10.0.0.1 port 46629
[  6] local 10.0.0.2 port 5001 connected with 10.0.0.1 port 53270
[  7] local 10.0.0.2 port 5001 connected with 10.0.0.1 port 43035
[ ID] Interval       Transfer     Bandwidth        Jitter   Lost/Total  Latency avg/min/max/stdev PPS
[  5] 0.00-5.00 sec  5.57 KBytes  9.12 Kbits/sec  190.074 ms    0/   19 (0%) 2550.829/42.571/5026.704/1523.931 ms    4 pps
[  4] 0.00-5.00 sec  5.57 KBytes  9.12 Kbits/sec  190.206 ms    1/   19 (5.3%) 2616.775/36.862/5081.427/1555.496 ms    4 pps
[  4] 0.00-5.00 sec  1 datagrams received out-of-order
[  7] 0.00-5.00 sec  5.57 KBytes  9.12 Kbits/sec  190.232 ms    0/   19 (0%) 2639.613/197.821/5136.152/1512.169 ms    4 pps
[  3] 0.00-5.00 sec  5.86 KBytes  9.60 Kbits/sec  189.960 ms    0/   20 (0%) 2641.243/252.431/5243.322/1600.496 ms    4 pps
[  6] 0.00-5.00 sec  5.86 KBytes  9.60 Kbits/sec  193.951 ms    0/   20 (0%) 2747.915/143.121/5352.603/1614.789 ms    4 pps
[SUM] 0.00-5.00 sec  28.4 KBytes  46.6 Kbits/sec   19 pps
[SUM] 0.00-5.00 sec  1 datagrams received out-of-order
[  6] 5.00-10.00 sec  4.98 KBytes  8.16 Kbits/sec  246.510 ms    0/   17 (0%) 8083.635/5352.603/9964.936/1380.321 ms    4 pps
[  7] 5.00-10.00 sec  5.27 KBytes  8.64 Kbits/sec  249.739 ms    0/   18 (0%) 7919.875/5136.152/10019.646/1431.830 ms    4 pps
[  3] 5.00-10.00 sec  5.27 KBytes  8.64 Kbits/sec  243.243 ms    0/   18 (0%) 8093.820/5243.322/10072.184/1439.831 ms    4 pps
[  4] 5.00-10.00 sec  5.57 KBytes  9.12 Kbits/sec  241.594 ms    0/   19 (0%) 8038.925/5081.427/10126.926/1511.379 ms    4 pps
[  5] 5.00-10.00 sec  5.57 KBytes  9.12 Kbits/sec  251.687 ms    0/   19 (0%) 7981.336/5026.704/10236.337/1562.449 ms    4 pps
[SUM] 5.00-10.00 sec  26.7 KBytes  43.7 Kbits/sec   20 pps
[  7] 10.00-15.00 sec  5.27 KBytes  8.64 Kbits/sec  266.170 ms    0/   18 (0%) 13111.261/10019.646/14903.289/1472.627 ms    4 pps
[  3] 10.00-15.00 sec  5.27 KBytes  8.64 Kbits/sec  261.696 ms    0/   18 (0%) 13230.503/10072.184/14955.877/1441.360 ms    4 pps
[  5] 10.00-15.00 sec  5.27 KBytes  8.64 Kbits/sec  261.669 ms    0/   18 (0%) 13303.442/10236.337/15010.484/1436.448 ms    4 pps
[  4] 10.00-15.00 sec  5.27 KBytes  8.64 Kbits/sec  265.392 ms    0/   18 (0%) 13352.066/10126.926/15119.951/1449.877 ms    4 pps
[  6] 10.00-15.00 sec  5.57 KBytes  9.12 Kbits/sec  269.252 ms    0/   19 (0%) 13168.031/9964.936/15174.645/1529.384 ms    4 pps
[SUM] 10.00-15.00 sec  26.7 KBytes  43.7 Kbits/sec   18 pps
[  6] 15.00-20.00 sec  5.27 KBytes  8.64 Kbits/sec  263.031 ms    0/   18 (0%) 18533.931/15174.645/19905.280/1469.456 ms    4 pps
[  5] 15.00-20.00 sec  5.27 KBytes  8.64 Kbits/sec  270.780 ms    0/   18 (0%) 18464.017/15010.484/19959.990/1451.755 ms    4 pps
[  7] 15.00-20.00 sec  5.57 KBytes  9.12 Kbits/sec  269.317 ms    0/   19 (0%) 18351.471/14903.289/20014.704/1521.233 ms    4 pps
[  4] 15.00-20.00 sec  5.27 KBytes  8.64 Kbits/sec  274.475 ms    0/   18 (0%) 18518.734/15119.951/20069.427/1462.758 ms    4 pps
[  3] 15.00-20.00 sec  5.57 KBytes  9.12 Kbits/sec  268.474 ms    0/   19 (0%) 18473.544/14955.877/20121.901/1522.623 ms    4 pps
[SUM] 15.00-20.00 sec  27.0 KBytes  44.2 Kbits/sec   19 pps
[  6] 20.00-25.00 sec  5.27 KBytes  8.64 Kbits/sec  268.838 ms    0/   18 (0%) 23658.514/19905.280/24843.596/1472.965 ms    4 pps
[  7] 20.00-25.00 sec  5.27 KBytes  8.64 Kbits/sec  270.705 ms    0/   18 (0%) 23704.094/20014.704/24898.313/1449.267 ms    4 pps
[  4] 20.00-25.00 sec  5.27 KBytes  8.64 Kbits/sec  274.451 ms    0/   18 (0%) 23713.222/20069.427/24953.035/1453.102 ms    4 pps
[  3] 20.00-25.00 sec  5.27 KBytes  8.64 Kbits/sec  270.058 ms    0/   18 (0%) 23829.416/20121.901/25005.511/1435.034 ms    4 pps
[  5] 20.00-25.00 sec  5.57 KBytes  9.12 Kbits/sec  269.377 ms    0/   19 (0%) 23689.097/19959.990/25060.205/1511.483 ms    4 pps
[SUM] 20.00-25.00 sec  26.7 KBytes  43.7 Kbits/sec   18 pps
[  7] 25.00-30.00 sec  5.27 KBytes  8.64 Kbits/sec  271.192 ms    0/   18 (0%) 28859.020/24898.313/29781.935/1445.409 ms    4 pps
[  6] 25.00-30.00 sec  5.27 KBytes  8.64 Kbits/sec  276.933 ms    0/   18 (0%) 28819.517/24843.596/29836.575/1449.020 ms    4 pps
[  6] 0.00-30.06 sec  32.2 KBytes  8.78 Kbits/sec  276.933 ms    0/  110 (0%) 14959.518/143.121/29836.575/8657.773 ms    3 pps
[  3] 25.00-30.00 sec  5.27 KBytes  8.64 Kbits/sec  270.663 ms    0/   18 (0%) 28978.254/25005.511/29889.112/1448.031 ms    4 pps
[  3] 0.00-30.12 sec  32.5 KBytes  8.85 Kbits/sec  270.663 ms    0/  111 (0%) 14980.174/252.431/29889.112/8726.508 ms    3 pps
[  5] 25.00-30.00 sec  5.27 KBytes  8.64 Kbits/sec  271.957 ms    0/   18 (0%) 29084.635/25060.205/29998.517/1442.122 ms    4 pps
[  5] 0.00-30.23 sec  32.5 KBytes  8.81 Kbits/sec  271.957 ms    0/  111 (0%) 15047.279/42.571/29998.517/8744.157 ms    3 pps
[  7] 0.00-30.28 sec  32.5 KBytes  8.80 Kbits/sec  271.199 ms    0/  111 (0%) 15122.597/197.821/30053.231/8739.664 ms    3 pps
[  4] 25.00-30.00 sec  5.57 KBytes  9.12 Kbits/sec  275.427 ms    0/   19 (0%) 28907.474/24953.035/30107.944/1540.766 ms    4 pps
[SUM] 25.00-30.00 sec  26.7 KBytes  43.7 Kbits/sec   18 pps
[  4] 0.00-30.34 sec  32.5 KBytes  8.78 Kbits/sec  275.427 ms    1/  111 (0.9%) 15106.864/36.862/30107.944/8744.048 ms    3 pps
[  4] 0.00-30.34 sec  1 datagrams received out-of-order
[SUM] 0.00-30.34 sec   162 KBytes  43.8 Kbits/sec   15 pps
[SUM] 0.00-30.34 sec  1 datagrams received out-of-order
