------------------------------------------------------------
Server listening on UDP port 5001 with pid 2221
Receiving 300 byte datagrams
UDP buffer size:  208 KByte (default)
------------------------------------------------------------
[  3] local 10.0.0.2 port 5001 connected with 10.0.0.1 port 34098
[  4] local 10.0.0.2 port 5001 connected with 10.0.0.1 port 35725
[  5] local 10.0.0.2 port 5001 connected with 10.0.0.1 port 41314
[ ID] Interval       Transfer     Bandwidth        Jitter   Lost/Total  Latency avg/min/max/stdev PPS
[  5] 0.00-5.00 sec  9.38 KBytes  15.4 Kbits/sec  138.805 ms    0/   32 (0%) 2502.151/90.692/4999.138/1504.371 ms    6 pps
[  3] 0.00-5.00 sec  9.38 KBytes  15.4 Kbits/sec  142.236 ms    0/   32 (0%) 2510.412/28.125/5053.850/1515.408 ms    6 pps
[  4] 0.00-5.00 sec  9.67 KBytes  15.8 Kbits/sec  138.615 ms    1/   33 (3%) 2542.950/30.874/5106.316/1573.577 ms    6 pps
[  4] 0.00-5.00 sec  1 datagrams received out-of-order
[SUM] 0.00-5.00 sec  28.4 KBytes  46.6 Kbits/sec   19 pps
[SUM] 0.00-5.00 sec  1 datagrams received out-of-order
[  4] 5.00-10.00 sec  8.50 KBytes  13.9 Kbits/sec  163.792 ms    0/   29 (0%) 7733.099/5106.316/9909.988/1393.616 ms    6 pps
[  5] 5.00-10.00 sec  9.08 KBytes  14.9 Kbits/sec  154.924 ms    0/   31 (0%) 7759.179/4999.138/9962.417/1464.584 ms    6 pps
[  3] 5.00-10.00 sec  9.08 KBytes  14.9 Kbits/sec  157.884 ms    0/   31 (0%) 7773.300/5053.850/10017.125/1460.866 ms    6 pps
[SUM] 5.00-10.00 sec  26.7 KBytes  43.7 Kbits/sec   19 pps
[  4] 10.00-15.00 sec  9.08 KBytes  14.9 Kbits/sec  160.745 ms    0/   31 (0%) 12719.020/9909.988/14818.590/1467.003 ms    6 pps
[  5] 10.00-15.00 sec  8.79 KBytes  14.4 Kbits/sec  160.598 ms    0/   30 (0%) 12874.650/9962.417/14873.286/1422.067 ms    6 pps
[  3] 10.00-15.00 sec  8.79 KBytes  14.4 Kbits/sec  162.953 ms    0/   30 (0%) 12892.889/10017.125/14927.985/1427.843 ms    6 pps
[SUM] 10.00-15.00 sec  26.7 KBytes  43.7 Kbits/sec   18 pps
[  5] 15.00-20.00 sec  8.79 KBytes  14.4 Kbits/sec  164.118 ms    0/   30 (0%) 17892.645/14873.286/19784.117/1437.173 ms    6 pps
[  4] 15.00-20.00 sec  9.08 KBytes  14.9 Kbits/sec  160.451 ms    0/   31 (0%) 17911.249/14818.590/19836.578/1469.007 ms    6 pps
[  3] 15.00-20.00 sec  9.08 KBytes  14.9 Kbits/sec  164.427 ms    0/   31 (0%) 17960.653/14927.985/19946.027/1465.474 ms    6 pps
[SUM] 15.00-20.00 sec  27.0 KBytes  44.2 Kbits/sec   18 pps
[  3] 20.00-25.00 sec  8.79 KBytes  14.4 Kbits/sec  156.176 ms    0/   30 (0%) 23097.982/19946.027/24692.683/1427.501 ms    6 pps
[  4] 20.00-25.00 sec  8.79 KBytes  14.4 Kbits/sec  163.816 ms    0/   30 (0%) 23028.684/19836.578/24747.386/1431.907 ms    6 pps
[  5] 20.00-25.00 sec  9.08 KBytes  14.9 Kbits/sec  165.586 ms    0/   31 (0%) 22957.547/19784.117/24802.055/1464.255 ms    6 pps
[SUM] 20.00-25.00 sec  26.7 KBytes  43.7 Kbits/sec   19 pps
[  4] 25.00-30.00 sec  8.79 KBytes  14.4 Kbits/sec  272.782 ms    0/   30 (0%) 27640.976/24747.386/28848.910/1082.622 ms    6 pps
[  4] 0.00-30.05 sec  53.9 KBytes  14.7 Kbits/sec  272.782 ms    1/  184 (0.54%) 14692.318/30.874/28848.910/8517.594 ms    6 pps
[  4] 0.00-30.05 sec  1 datagrams received out-of-order
[  3] 25.00-30.00 sec  9.08 KBytes  14.9 Kbits/sec  256.584 ms    0/   31 (0%) 27571.183/24692.683/28632.316/1011.629 ms    6 pps
[  3] 0.00-30.11 sec  54.2 KBytes  14.7 Kbits/sec  256.584 ms    0/  185 (0%) 14799.356/28.125/28632.316/8518.001 ms    6 pps
[  5] 25.00-30.00 sec  9.08 KBytes  14.9 Kbits/sec  259.767 ms    0/   31 (0%) 27572.948/24802.055/28687.044/1030.946 ms    6 pps
[SUM] 25.00-30.00 sec  27.0 KBytes  44.2 Kbits/sec   18 pps
[  5] 0.00-30.16 sec  54.2 KBytes  14.7 Kbits/sec  259.767 ms    0/  185 (0%) 14787.279/90.692/28687.044/8517.432 ms    6 pps
[SUM] 0.00-30.16 sec   162 KBytes  44.1 Kbits/sec   18 pps
[SUM] 0.00-30.16 sec  1 datagrams received out-of-order
