------------------------------------------------------------
Server listening on UDP port 5001 with pid 1436
Receiving 300 byte datagrams
UDP buffer size:  208 KByte (default)
------------------------------------------------------------
[  3] local 10.0.0.2 port 5001 connected with 10.0.0.1 port 59111
[ ID] Interval       Transfer     Bandwidth        Jitter   Lost/Total  Latency avg/min/max/stdev PPS
[  3] 0.00-5.00 sec  28.4 KBytes  46.6 Kbits/sec  52.297 ms    3/   97 (3.1%) 2332.670/13.448/4843.958/1466.833 ms   19 pps
[  3] 0.00-5.00 sec  3 datagrams received out-of-order
[  3] 5.00-10.00 sec  26.7 KBytes  43.7 Kbits/sec  52.431 ms    0/   91 (0%) 7309.025/4843.958/9615.194/1384.881 ms   18 pps
[  4] local 10.0.0.2 port 5001 connected with 10.0.0.1 port 57682
[  4] 0.00-5.00 sec  0.29 KBytes  0.48 Kbits/sec   0.000 ms    0/    1 (0%) 10228.144/10228.144/10228.144/ 0.000 ms   19 pps
[  4] 5.00-10.00 sec  0.00 KBytes  0.00 Kbits/sec   0.000 ms    0/    0 (0%) -/-/-/- ms    0 pps
[  4] 10.00-15.00 sec  21.1 KBytes  34.6 Kbits/sec  51.926 ms    0/   72 (0%) 12283.855/10228.144/14003.048/1097.274 ms   18 pps
[  3] 10.00-15.00 sec  4.98 KBytes  8.16 Kbits/sec  52.432 ms    0/   17 (0%) 10652.681/9615.194/10506.540/264.765 ms   18 pps
[SUM] 10.00-15.00 sec  26.1 KBytes  42.7 Kbits/sec   23 pps
[  4] 15.00-20.00 sec  27.0 KBytes  44.2 Kbits/sec  52.428 ms    0/   92 (0%) 16593.340/14003.048/18826.729/1400.024 ms   18 pps
[  3] 15.00-20.00 sec  0.29 KBytes  0.48 Kbits/sec  623.572 ms    0/    1 (0%) 19697.216/19697.216/19697.216/ 0.000 ms    0 pps
[SUM] 15.00-20.00 sec  27.2 KBytes  44.6 Kbits/sec   18 pps
[  5] local 10.0.0.2 port 5001 connected with 10.0.0.1 port 33745
[  5] 0.00-5.00 sec  0.29 KBytes  0.48 Kbits/sec   0.000 ms    0/    1 (0%) 23175.924/23175.924/23175.924/ 0.000 ms   20 pps
[  5] 5.00-10.00 sec  0.00 KBytes  0.00 Kbits/sec   0.000 ms    0/    0 (0%) -/-/-/- ms    0 pps
[  5] 10.00-15.00 sec  0.00 KBytes  0.00 Kbits/sec   0.000 ms    0/    0 (0%) -/-/-/- ms    0 pps
[  5] 15.00-20.00 sec  0.00 KBytes  0.00 Kbits/sec   0.000 ms    0/    0 (0%) -/-/-/- ms    0 pps
[  5] 20.00-25.00 sec  1.17 KBytes  1.92 Kbits/sec  11.931 ms    0/    4 (0%) 29101.055/23175.924/23385.697/67.660 ms   18 pps
[  4] 20.00-25.00 sec  0.29 KBytes  0.48 Kbits/sec  52.431 ms    0/    1 (0%) 37705.929/18826.729/18879.200/ 0.000 ms   18 pps
[  3] 20.00-25.00 sec  24.3 KBytes  39.8 Kbits/sec  57.726 ms    0/   83 (0%) 21085.712/18605.021/23091.779/1318.892 ms   18 pps
[SUM] 20.00-25.00 sec  25.8 KBytes  42.2 Kbits/sec  402 pps
[  5] 25.00-30.00 sec  27.0 KBytes  44.2 Kbits/sec  52.326 ms    0/   92 (0%) 26077.807/23385.697/28209.258/1400.009 ms   18 pps
[  4] 25.00-30.00 sec  0.00 KBytes  0.00 Kbits/sec   0.000 ms    0/    0 (0%) -/-/-/- ms    0 pps
[  3] 25.00-30.00 sec  0.00 KBytes  0.00 Kbits/sec   0.000 ms    0/    0 (0%) -/-/-/- ms    0 pps
[SUM] 25.00-30.00 sec  27.0 KBytes  44.2 Kbits/sec   18 pps
[  3] 0.00-32.55 sec  84.7 KBytes  21.3 Kbits/sec  57.726 ms    3/  289 (1%) 9716.750/13.448/23091.779/7626.184 ms    8 pps
[  3] 0.00-32.55 sec  3 datagrams received out-of-order
[SUM] 0.00-32.55 sec  85.3 KBytes  21.5 Kbits/sec  194 pps
[SUM] 0.00-32.55 sec  3 datagrams received out-of-order
[  4] 30.00-35.00 sec  6.45 KBytes  10.6 Kbits/sec  317.723 ms    0/   22 (0%) 30677.625/30058.670/32666.532/546.018 ms    1 pps
[  5] 30.00-35.00 sec  20.2 KBytes  33.1 Kbits/sec  52.430 ms    0/   69 (0%) 30453.144/28209.258/31826.978/1051.896 ms   18 pps
[  6] local 10.0.0.2 port 5001 connected with 10.0.0.1 port 59111
[  6] 0.00-5.00 sec  0.29 KBytes  0.48 Kbits/sec   0.000 ms  290/  291 (1e+02%) 35277.030/35277.030/35277.030/ 0.000 ms   18 pps
[  6] 5.00-10.00 sec  0.00 KBytes  0.00 Kbits/sec   0.000 ms    0/    0 (0%) -/-/-/- ms    0 pps
[  6] 10.00-15.00 sec  0.00 KBytes  0.00 Kbits/sec   0.000 ms    0/    0 (0%) -/-/-/- ms    0 pps
[  6] 15.00-20.00 sec  0.00 KBytes  0.00 Kbits/sec   0.000 ms    0/    0 (0%) -/-/-/- ms    0 pps
[  6] 20.00-25.00 sec  0.00 KBytes  0.00 Kbits/sec   0.000 ms    0/    0 (0%) -/-/-/- ms    0 pps
[  6] 25.00-30.00 sec  0.00 KBytes  0.00 Kbits/sec   0.000 ms    0/    0 (0%) -/-/-/- ms    0 pps
[  6] 30.00-35.00 sec  0.00 KBytes  0.00 Kbits/sec   0.000 ms    0/    0 (0%) -/-/-/- ms    0 pps
[  6] 35.00-40.00 sec  3.22 KBytes  5.28 Kbits/sec  26.648 ms    0/   11 (0%) 38798.531/35277.030/35853.672/173.884 ms   18 pps
[  5] 35.00-40.00 sec  0.00 KBytes  0.00 Kbits/sec   0.000 ms    0/    0 (0%) -/-/-/- ms    0 pps
[  4] 35.00-40.00 sec  22.9 KBytes  37.4 Kbits/sec  54.160 ms    0/   78 (0%) 33577.069/31107.243/35196.887/1188.124 ms   18 pps
[  4] 0.00-42.02 sec  77.9 KBytes  15.2 Kbits/sec  54.160 ms    0/  266 (0%) 21348.545/10228.144/35196.887/9062.050 ms    6 pps
