------------------------------------------------------------
Server listening on UDP port 5001 with pid 2766
Receiving 600 byte datagrams
UDP buffer size:  208 KByte (default)
------------------------------------------------------------
[  3] local 10.0.0.2 port 5001 connected with 10.0.0.1 port 45981
[  4] local 10.0.0.2 port 5001 connected with 10.0.0.1 port 43023
[  5] local 10.0.0.2 port 5001 connected with 10.0.0.1 port 49449
[  6] local 10.0.0.2 port 5001 connected with 10.0.0.1 port 53822
[  7] local 10.0.0.2 port 5001 connected with 10.0.0.1 port 54405
[  8] local 10.0.0.2 port 5001 connected with 10.0.0.1 port 41974
[ ID] Interval       Transfer     Bandwidth        Jitter   Lost/Total  Latency avg/min/max/stdev PPS
[  6] 0.00-5.00 sec  4.69 KBytes  7.68 Kbits/sec  197.130 ms    0/   16 (0%) 2617.852/306.059/5032.302/1540.140 ms    3 pps
[  7] 0.00-5.00 sec  4.69 KBytes  7.68 Kbits/sec  197.324 ms    0/   16 (0%) 2669.131/360.756/5087.008/1538.487 ms    3 pps
[  4] 0.00-5.00 sec  4.69 KBytes  7.68 Kbits/sec  205.292 ms    0/   16 (0%) 2686.087/141.889/5141.715/1553.917 ms    3 pps
[  5] 0.00-5.00 sec  4.69 KBytes  7.68 Kbits/sec  211.094 ms    0/   16 (0%) 2683.264/39.783/5196.428/1583.099 ms    3 pps
[  8] 0.00-5.00 sec  4.69 KBytes  7.68 Kbits/sec  205.081 ms    0/   16 (0%) 2795.540/251.205/5251.019/1567.911 ms    3 pps
[  3] 0.00-5.00 sec  4.98 KBytes  8.16 Kbits/sec  210.295 ms    0/   17 (0%) 2711.653/35.738/5303.633/1656.283 ms    3 pps
[SUM] 0.00-5.00 sec  28.4 KBytes  46.6 Kbits/sec   19 pps
[  3] 5.00-10.00 sec  19.9 KBytes  32.6 Kbits/sec  61.418 ms  121/  189 (64%) 7714.090/5303.633/9576.934/1132.050 ms   14 pps
[  5] 5.00-10.00 sec  0.59 KBytes  0.96 Kbits/sec  471.070 ms  197/  199 (99%) 10164.960/5196.428/9775.165/3123.175 ms    0 pps
[  4] 5.00-10.00 sec  0.59 KBytes  0.96 Kbits/sec  345.543 ms  102/  104 (98%) 9206.671/5141.715/7803.855/1651.860 ms    1 pps
[  7] 5.00-10.00 sec  1.17 KBytes  1.92 Kbits/sec  438.266 ms  215/  219 (98%) 9724.539/5087.008/10167.165/2050.583 ms    1 pps
[  6] 5.00-10.00 sec  2.05 KBytes  3.36 Kbits/sec  285.049 ms  104/  111 (94%) 7090.875/5032.302/7951.989/930.778 ms    2 pps
[  8] 5.00-10.00 sec  1.76 KBytes  2.88 Kbits/sec  436.806 ms  236/  242 (98%) 8883.595/5251.019/10661.585/1914.334 ms    1 pps
[SUM] 5.00-10.00 sec  26.1 KBytes  42.7 Kbits/sec   19 pps
[  3] 10.00-15.00 sec  22.9 KBytes  37.4 Kbits/sec  57.930 ms  139/  217 (64%) 11940.141/9576.934/14059.793/1311.457 ms   16 pps
[  5] 10.00-15.00 sec  0.29 KBytes  0.48 Kbits/sec  567.829 ms   97/   98 (99%) 21569.549/9775.165/11794.384/ 0.000 ms    0 pps
[  6] 10.00-15.00 sec  1.46 KBytes  2.40 Kbits/sec  565.069 ms  320/  325 (98%) 14211.218/7951.989/14650.043/1384.384 ms    1 pps
[  4] 10.00-15.00 sec  0.00 KBytes  0.00 Kbits/sec   0.000 ms    0/    0 (0%) -/-/-/- ms    0 pps
[  8] 10.00-15.00 sec  0.88 KBytes  1.44 Kbits/sec  607.997 ms  205/  208 (99%) 17367.357/10661.585/14946.179/1132.695 ms    1 pps
[  7] 10.00-15.00 sec  0.88 KBytes  1.44 Kbits/sec  549.199 ms  157/  160 (98%) 16249.302/10167.165/13467.233/643.020 ms    1 pps
[SUM] 10.00-15.00 sec  26.4 KBytes  43.2 Kbits/sec   18 pps
[  3] 15.00-20.00 sec  21.1 KBytes  34.6 Kbits/sec  64.778 ms  148/  220 (67%) 16462.656/14059.793/18590.501/1352.933 ms   14 pps
[  5] 15.00-20.00 sec  0.00 KBytes  0.00 Kbits/sec   0.000 ms    0/    0 (0%) -/-/-/- ms    0 pps
[  8] 15.00-20.00 sec  1.46 KBytes  2.40 Kbits/sec  666.261 ms  191/  196 (97%) 20181.152/14946.179/18984.591/1339.073 ms    1 pps
[  6] 15.00-20.00 sec  2.64 KBytes  4.32 Kbits/sec  594.540 ms  247/  256 (96%) 18521.156/14650.043/19919.145/1558.740 ms    2 pps
[  4] 15.00-20.00 sec  0.88 KBytes  1.44 Kbits/sec  838.288 ms  480/  483 (99%) 19713.455/7803.855/17751.822/827.938 ms    0 pps
[  7] 15.00-20.00 sec  0.88 KBytes  1.44 Kbits/sec  728.744 ms  233/  236 (99%) 22093.489/13467.233/18344.347/739.548 ms    1 pps
[SUM] 15.00-20.00 sec  27.0 KBytes  44.2 Kbits/sec   18 pps
[  3] 20.00-25.00 sec  20.8 KBytes  34.1 Kbits/sec  65.294 ms  147/  218 (67%) 21036.279/18590.501/23071.045/1331.408 ms   14 pps
[  6] 20.00-25.00 sec  2.64 KBytes  4.32 Kbits/sec  489.757 ms  149/  158 (94%) 24036.885/19919.145/23169.029/781.476 ms    2 pps
[  8] 20.00-25.00 sec  1.46 KBytes  2.40 Kbits/sec  724.039 ms  203/  208 (98%) 25046.865/18984.591/23269.156/1637.095 ms    1 pps
[  7] 20.00-25.00 sec  0.88 KBytes  1.44 Kbits/sec  951.998 ms  294/  297 (99%) 29136.438/18344.347/24449.833/1266.223 ms    0 pps
[  5] 20.00-25.00 sec  0.59 KBytes  0.96 Kbits/sec  1146.217 ms  524/  526 (1e+02%) 26950.165/11794.384/22628.914/2228.717 ms    0 pps
[  4] 20.00-25.00 sec  0.59 KBytes  0.96 Kbits/sec  905.191 ms  136/  138 (99%) 29362.507/17751.822/20609.678/174.065 ms    1 pps
[SUM] 20.00-25.00 sec  27.0 KBytes  44.2 Kbits/sec   18 pps
[  3] 25.00-30.00 sec  21.7 KBytes  35.5 Kbits/sec  55.982 ms  146/  220 (66%) 25778.086/23071.045/27601.769/1323.699 ms   15 pps
[  3] 0.00-30.05 sec   111 KBytes  30.3 Kbits/sec  55.982 ms  701/ 1081 (65%) 15836.449/35.738/27601.769/6893.877 ms   12 pps
[  5] 25.00-30.00 sec  0.29 KBytes  0.48 Kbits/sec  1397.770 ms  250/  251 (1e+02%) 27799.992/27799.992/27799.992/ 0.000 ms    0 pps
[  5] 0.00-30.27 sec  6.45 KBytes  1.74 Kbits/sec   0.000 ms 1068/ 1090 (0%) -/-/-/- ms    0 pps
[  4] 25.00-30.00 sec  0.59 KBytes  0.96 Kbits/sec  1227.251 ms  352/  354 (99%) 37611.449/20609.678/27898.044/836.414 ms    0 pps
[  4] 0.00-30.38 sec  7.32 KBytes  1.97 Kbits/sec   0.000 ms 1070/ 1095 (0%) -/-/-/- ms    0 pps
[  7] 25.00-30.00 sec  0.88 KBytes  1.44 Kbits/sec  866.267 ms   61/   64 (95%) 33158.911/24449.833/25780.800/679.663 ms    2 pps
[  7] 0.00-30.54 sec  9.38 KBytes  2.51 Kbits/sec  866.267 ms  960/  992 (97%) 9750.097/360.756/25780.800/8621.308 ms    1 pps
[  8] 25.00-30.00 sec  1.46 KBytes  2.40 Kbits/sec  836.675 ms  258/  263 (98%) 30414.882/23269.156/28686.429/2019.976 ms    1 pps
[  8] 0.00-31.26 sec  11.7 KBytes  3.07 Kbits/sec  836.675 ms 1093/ 1133 (96%) 11380.856/251.205/28686.429/8839.133 ms    1 pps
[  6] 25.00-30.00 sec  2.05 KBytes  3.36 Kbits/sec  529.708 ms  189/  196 (96%) 28449.279/23169.029/27207.464/1229.659 ms    2 pps
[SUM] 25.00-30.00 sec  27.0 KBytes  44.2 Kbits/sec   18 pps
[  6] 0.00-32.33 sec  15.5 KBytes  3.93 Kbits/sec  529.708 ms 1009/ 1062 (95%) 12717.409/306.059/27207.464/8747.702 ms    1 pps
[SUM] 0.00-32.33 sec   162 KBytes  41.0 Kbits/sec   15 pps
