ITGDec version 2.8.1 (r1023)
Compile-time options: bursty multiport
----------------------------------------------------------
Flow number: 1
From 10.0.0.1:54927
To    10.0.0.2:10001
----------------------------------------------------------
Total time               =     14.999337 s
Total packets            =          7389
Minimum delay            =      0.000000 s
Maximum delay            =      0.000000 s
Average delay            =      0.000000 s
Average jitter           =      0.000000 s
Delay standard deviation =      0.000000 s
Bytes received           =       2216700
Average bitrate          =   1182.292257 Kbit/s
Average packet rate      =    492.621774 pkt/s
Packets dropped          =             0 (0.00 %)
Average loss-burst size  =      0.000000 pkt
----------------------------------------------------------
----------------------------------------------------------
Flow number: 2
From 10.0.0.1:43286
To    10.0.0.2:10002
----------------------------------------------------------
Total time               =     14.998944 s
Total packets            =          7391
Minimum delay            =      0.000000 s
Maximum delay            =      0.000000 s
Average delay            =      0.000000 s
Average jitter           =      0.000000 s
Delay standard deviation =      0.000000 s
Bytes received           =       2217300
Average bitrate          =   1182.643258 Kbit/s
Average packet rate      =    492.768024 pkt/s
Packets dropped          =             0 (0.00 %)
Average loss-burst size  =      0.000000 pkt
----------------------------------------------------------
----------------------------------------------------------
Flow number: 3
From 10.0.0.1:42923
To    10.0.0.2:10003
----------------------------------------------------------
Total time               =     14.999779 s
Total packets            =          7393
Minimum delay            =      0.000000 s
Maximum delay            =      0.000000 s
Average delay            =      0.000000 s
Average jitter           =      0.000000 s
Delay standard deviation =      0.000000 s
Bytes received           =       2217900
Average bitrate          =   1182.897428 Kbit/s
Average packet rate      =    492.873928 pkt/s
Packets dropped          =             0 (0.00 %)
Average loss-burst size  =      0.000000 pkt
----------------------------------------------------------

__________________________________________________________
****************  TOTAL RESULTS   ******************
__________________________________________________________
Number of flows          =             3
Total time               =     15.002266 s
Total packets            =         22173
Minimum delay            =      0.000000 s
Maximum delay            =      0.000000 s
Average delay            =      0.000000 s
Average jitter           =      0.000000 s
Delay standard deviation =      0.000000 s
Bytes received           =       6651900
Average bitrate          =   3547.144145 Kbit/s
Average packet rate      =   1477.976727 pkt/s
Packets dropped          =             0 (0.00 %)
Average loss-burst size  =             0 pkt
Error lines              =             0
----------------------------------------------------------
