ITGDec version 2.8.1 (r1023)
Compile-time options: bursty multiport
----------------------------------------------------------
Flow number: 2
From 10.0.0.1:44758
To    10.0.0.2:10002
----------------------------------------------------------
Total time               =    102.814092 s
Total packets            =          1272
Minimum delay            =      0.004717 s
Maximum delay            =     87.822540 s
Average delay            =     43.320167 s
Average jitter           =      0.079823 s
Delay standard deviation =     25.844526 s
Bytes received           =        381600
Average bitrate          =     29.692428 Kbit/s
Average packet rate      =     12.371845 pkt/s
Packets dropped          =          6123 (82.80 %)
Average loss-burst size  =      6.534685 pkt
----------------------------------------------------------
----------------------------------------------------------
Flow number: 3
From 10.0.0.1:58663
To    10.0.0.2:10003
----------------------------------------------------------
Total time               =    102.820885 s
Total packets            =          1229
Minimum delay            =      0.023922 s
Maximum delay            =     87.847063 s
Average delay            =     44.233385 s
Average jitter           =      0.082397 s
Delay standard deviation =     25.126887 s
Bytes received           =        368700
Average bitrate          =     28.686779 Kbit/s
Average packet rate      =     11.952825 pkt/s
Packets dropped          =          6171 (83.39 %)
Average loss-burst size  =      6.744262 pkt
----------------------------------------------------------
----------------------------------------------------------
Flow number: 1
From 10.0.0.1:42409
To    10.0.0.2:10001
----------------------------------------------------------
Total time               =    102.706933 s
Total packets            =          1269
Minimum delay            =      0.026883 s
Maximum delay            =     87.748528 s
Average delay            =     44.163347 s
Average jitter           =      0.079931 s
Delay standard deviation =     24.574254 s
Bytes received           =        380700
Average bitrate          =     29.653305 Kbit/s
Average packet rate      =     12.355544 pkt/s
Packets dropped          =          6120 (82.83 %)
Average loss-burst size  =      6.415094 pkt
----------------------------------------------------------

__________________________________________________________
****************  TOTAL RESULTS   ******************
__________________________________________________________
Number of flows          =             3
Total time               =    102.841462 s
Total packets            =          3770
Minimum delay            =      0.004717 s
Maximum delay            =     87.847063 s
Average delay            =     43.901690 s
Average jitter           =      0.124813 s
Delay standard deviation =     25.191862 s
Bytes received           =       1131000
Average bitrate          =     87.980079 Kbit/s
Average packet rate      =     36.658366 pkt/s
Packets dropped          =         18414 (83.01 %)
Average loss-burst size  =      6.562366 pkt
Error lines              =             0
----------------------------------------------------------
