ITGDec version 2.8.1 (r1023)
Compile-time options: bursty multiport
----------------------------------------------------------
Flow number: 1
From 10.0.0.1:48263
To    10.0.0.2:10001
----------------------------------------------------------
Total time               =     59.728160 s
Total packets            =          7306
Minimum delay            =      0.000109 s
Maximum delay            =     44.732969 s
Average delay            =     22.256959 s
Average jitter           =      0.008048 s
Delay standard deviation =     12.738135 s
Bytes received           =       2191800
Average bitrate          =    293.570068 Kbit/s
Average packet rate      =    122.320862 pkt/s
Packets dropped          =             0 (0.00 %)
Average loss-burst size  =      0.000000 pkt
----------------------------------------------------------
----------------------------------------------------------
Flow number: 2
From 10.0.0.1:50956
To    10.0.0.2:10002
----------------------------------------------------------
Total time               =     59.692347 s
Total packets            =          7308
Minimum delay            =      0.022862 s
Maximum delay            =     44.730265 s
Average delay            =     22.258015 s
Average jitter           =      0.008089 s
Delay standard deviation =     12.735924 s
Bytes received           =       2192400
Average bitrate          =    293.826611 Kbit/s
Average packet rate      =    122.427754 pkt/s
Packets dropped          =             0 (0.00 %)
Average loss-burst size  =      0.000000 pkt
----------------------------------------------------------
----------------------------------------------------------
Flow number: 3
From 10.0.0.1:39700
To    10.0.0.2:10003
----------------------------------------------------------
Total time               =     59.529487 s
Total packets            =          7311
Minimum delay            =      0.337661 s
Maximum delay            =     44.868741 s
Average delay            =     22.806423 s
Average jitter           =      0.008004 s
Delay standard deviation =     12.735020 s
Bytes received           =       2193300
Average bitrate          =    294.751406 Kbit/s
Average packet rate      =    122.813086 pkt/s
Packets dropped          =             0 (0.00 %)
Average loss-burst size  =      0.000000 pkt
----------------------------------------------------------

__________________________________________________________
****************  TOTAL RESULTS   ******************
__________________________________________________________
Number of flows          =             3
Total time               =     59.952405 s
Total packets            =         21925
Minimum delay            =      0.000109 s
Maximum delay            =     44.868741 s
Average delay            =     22.440532 s
Average jitter           =      0.012505 s
Delay standard deviation =     12.738988 s
Bytes received           =       6577500
Average bitrate          =    877.696233 Kbit/s
Average packet rate      =    365.706764 pkt/s
Packets dropped          =             0 (0.00 %)
Average loss-burst size  =             0 pkt
Error lines              =             0
----------------------------------------------------------
