ITGDec version 2.8.1 (r1023)
Compile-time options: bursty multiport
----------------------------------------------------------
Flow number: 2
From 10.0.0.1:52338
To    10.0.0.2:10002
----------------------------------------------------------
Total time               =     23.658527 s
Total packets            =          3245
Minimum delay            =      0.000053 s
Maximum delay            =     12.915729 s
Average delay            =      6.740530 s
Average jitter           =      0.010128 s
Delay standard deviation =      4.127171 s
Bytes received           =        973500
Average bitrate          =    329.183639 Kbit/s
Average packet rate      =    137.159849 pkt/s
Packets dropped          =             0 (0.00 %)
Average loss-burst size  =      0.000000 pkt
----------------------------------------------------------
----------------------------------------------------------
Flow number: 3
From 10.0.0.1:39812
To    10.0.0.2:10003
----------------------------------------------------------
Total time               =     33.790139 s
Total packets            =          4676
Minimum delay            =      0.000066 s
Maximum delay            =     20.473740 s
Average delay            =      9.224609 s
Average jitter           =      0.009918 s
Delay standard deviation =      5.497624 s
Bytes received           =       1402800
Average bitrate          =    332.120563 Kbit/s
Average packet rate      =    138.383568 pkt/s
Packets dropped          =             0 (0.00 %)
Average loss-burst size  =      0.000000 pkt
----------------------------------------------------------
----------------------------------------------------------
Flow number: 1
From 10.0.0.1:43558
To    10.0.0.2:10001
----------------------------------------------------------
Total time               =     34.596564 s
Total packets            =          4704
Minimum delay            =      0.028109 s
Maximum delay            =     20.267035 s
Average delay            =     10.262602 s
Average jitter           =      0.010162 s
Delay standard deviation =      5.943939 s
Bytes received           =       1411200
Average bitrate          =    326.321423 Kbit/s
Average packet rate      =    135.967260 pkt/s
Packets dropped          =             0 (0.00 %)
Average loss-burst size  =      0.000000 pkt
----------------------------------------------------------

__________________________________________________________
****************  TOTAL RESULTS   ******************
__________________________________________________________
Number of flows          =             3
Total time               =     34.641336 s
Total packets            =         12625
Minimum delay            =      0.000053 s
Maximum delay            =     20.473740 s
Average delay            =      8.972877 s
Average jitter           =      0.019929 s
Delay standard deviation =      5.537178 s
Bytes received           =       3787500
Average bitrate          =    874.677582 Kbit/s
Average packet rate      =    364.448992 pkt/s
Packets dropped          =             0 (0.00 %)
Average loss-burst size  =             0 pkt
Error lines              =             0
----------------------------------------------------------
