ITGDec version 2.8.1 (r1023)
Compile-time options: bursty multiport
----------------------------------------------------------
Flow number: 2
From 10.0.0.1:51102
To    10.0.0.2:10002
----------------------------------------------------------
Total time               =     55.228432 s
Total packets            =          1009
Minimum delay            =      0.031641 s
Maximum delay            =     43.362530 s
Average delay            =     23.180970 s
Average jitter           =      0.066351 s
Delay standard deviation =     12.618238 s
Bytes received           =        302700
Average bitrate          =     43.846981 Kbit/s
Average packet rate      =     18.269575 pkt/s
Packets dropped          =             0 (0.00 %)
Average loss-burst size  =      0.000000 pkt
----------------------------------------------------------
----------------------------------------------------------
Flow number: 1
From 10.0.0.1:42320
To    10.0.0.2:10001
----------------------------------------------------------
Total time               =     31.720903 s
Total packets            =           570
Minimum delay            =      0.178720 s
Maximum delay            =     24.083221 s
Average delay            =     12.940034 s
Average jitter           =      0.066670 s
Delay standard deviation =      6.753528 s
Bytes received           =        171000
Average bitrate          =     43.126137 Kbit/s
Average packet rate      =     17.969224 pkt/s
Packets dropped          =             0 (0.00 %)
Average loss-burst size  =      0.000000 pkt
----------------------------------------------------------
----------------------------------------------------------
Flow number: 3
From 10.0.0.1:38578
To    10.0.0.2:10003
----------------------------------------------------------
Total time               =     26.955038 s
Total packets            =           238
Minimum delay            =      5.385034 s
Maximum delay            =     32.084396 s
Average delay            =     20.320614 s
Average jitter           =      0.114544 s
Delay standard deviation =      9.659378 s
Bytes received           =         71400
Average bitrate          =     21.190844 Kbit/s
Average packet rate      =      8.829518 pkt/s
Packets dropped          =             0 (0.00 %)
Average loss-burst size  =      0.000000 pkt
----------------------------------------------------------

__________________________________________________________
****************  TOTAL RESULTS   ******************
__________________________________________________________
Number of flows          =             3
Total time               =     55.228432 s
Total packets            =          1817
Minimum delay            =      0.031641 s
Maximum delay            =     43.362530 s
Average delay            =     19.593684 s
Average jitter           =      0.123910 s
Delay standard deviation =     11.664019 s
Bytes received           =        545100
Average bitrate          =     78.959330 Kbit/s
Average packet rate      =     32.899721 pkt/s
Packets dropped          =             0 (0.00 %)
Average loss-burst size  =             0 pkt
Error lines              =             0
----------------------------------------------------------
