ITGDec version 2.8.1 (r1023)
Compile-time options: bursty multiport
----------------------------------------------------------
Flow number: 2
From 10.0.0.1:45429
To    10.0.0.2:10002
----------------------------------------------------------
Total time               =     90.947849 s
Total packets            =          5523
Minimum delay            =      0.023544 s
Maximum delay            =     75.997085 s
Average delay            =     38.365386 s
Average jitter           =      0.016324 s
Delay standard deviation =     22.325133 s
Bytes received           =       1656900
Average bitrate          =    145.745063 Kbit/s
Average packet rate      =     60.727110 pkt/s
Packets dropped          =          1823 (24.82 %)
Average loss-burst size  =      9.907609 pkt
----------------------------------------------------------
----------------------------------------------------------
Flow number: 3
From 10.0.0.1:46791
To    10.0.0.2:10003
----------------------------------------------------------
Total time               =     91.127703 s
Total packets            =          5617
Minimum delay            =      0.000406 s
Maximum delay            =     76.134848 s
Average delay            =     37.772951 s
Average jitter           =      0.016041 s
Delay standard deviation =     22.077787 s
Bytes received           =       1685100
Average bitrate          =    147.933060 Kbit/s
Average packet rate      =     61.638775 pkt/s
Packets dropped          =          1746 (23.71 %)
Average loss-burst size  =     10.092486 pkt
----------------------------------------------------------
----------------------------------------------------------
Flow number: 1
From 10.0.0.1:52756
To    10.0.0.2:10001
----------------------------------------------------------
Total time               =     90.220159 s
Total packets            =          5697
Minimum delay            =      1.695393 s
Maximum delay            =     76.917294 s
Average delay            =     39.375046 s
Average jitter           =      0.015651 s
Delay standard deviation =     21.614112 s
Bytes received           =       1709100
Average bitrate          =    151.549278 Kbit/s
Average packet rate      =     63.145533 pkt/s
Packets dropped          =          1678 (22.75 %)
Average loss-burst size  =      9.643678 pkt
----------------------------------------------------------

__________________________________________________________
****************  TOTAL RESULTS   ******************
__________________________________________________________
Number of flows          =             3
Total time               =     92.101691 s
Total packets            =         16837
Minimum delay            =      0.000406 s
Maximum delay            =     76.917294 s
Average delay            =     38.509374 s
Average jitter           =      0.024609 s
Delay standard deviation =     22.014037 s
Bytes received           =       5051100
Average bitrate          =    438.741130 Kbit/s
Average packet rate      =    182.808804 pkt/s
Packets dropped          =          5247 (23.76 %)
Average loss-burst size  =      9.881356 pkt
Error lines              =             0
----------------------------------------------------------
