ITGDec version 2.8.1 (r1023)
Compile-time options: bursty multiport
----------------------------------------------------------
Flow number: 1
From 10.0.0.1:52166
To    10.0.0.2:10001
----------------------------------------------------------
Total time               =     25.510963 s
Total packets            =          2254
Minimum delay            =      0.000056 s
Maximum delay            =     15.313999 s
Average delay            =      8.451643 s
Average jitter           =      0.015415 s
Delay standard deviation =      4.131538 s
Bytes received           =        676200
Average bitrate          =    212.050012 Kbit/s
Average packet rate      =     88.354171 pkt/s
Packets dropped          =             0 (0.00 %)
Average loss-burst size  =      0.000000 pkt
----------------------------------------------------------
----------------------------------------------------------
Flow number: 2
From 10.0.0.1:49224
To    10.0.0.2:10002
----------------------------------------------------------
Total time               =     37.264507 s
Total packets            =          3247
Minimum delay            =      0.062757 s
Maximum delay            =     24.885149 s
Average delay            =     12.190801 s
Average jitter           =      0.015066 s
Delay standard deviation =      6.687420 s
Bytes received           =        974100
Average bitrate          =    209.121242 Kbit/s
Average packet rate      =     87.133851 pkt/s
Packets dropped          =             0 (0.00 %)
Average loss-burst size  =      0.000000 pkt
----------------------------------------------------------
----------------------------------------------------------
Flow number: 3
From 10.0.0.1:58198
To    10.0.0.2:10003
----------------------------------------------------------
Total time               =     36.006104 s
Total packets            =           884
Minimum delay            =      0.768298 s
Maximum delay            =     25.640028 s
Average delay            =     12.424510 s
Average jitter           =      0.055393 s
Delay standard deviation =      6.850529 s
Bytes received           =        265200
Average bitrate          =     58.923343 Kbit/s
Average packet rate      =     24.551393 pkt/s
Packets dropped          =             0 (0.00 %)
Average loss-burst size  =      0.000000 pkt
----------------------------------------------------------

__________________________________________________________
****************  TOTAL RESULTS   ******************
__________________________________________________________
Number of flows          =             3
Total time               =     37.338003 s
Total packets            =          6385
Minimum delay            =      0.000056 s
Maximum delay            =     25.640028 s
Average delay            =     10.903180 s
Average jitter           =      0.035626 s
Delay standard deviation =      6.208941 s
Bytes received           =       1915500
Average bitrate          =    410.412951 Kbit/s
Average packet rate      =    171.005396 pkt/s
Packets dropped          =             0 (0.00 %)
Average loss-burst size  =             0 pkt
Error lines              =             0
----------------------------------------------------------
