ITGDec version 2.8.1 (r1023)
Compile-time options: bursty multiport
----------------------------------------------------------
Flow number: 1
From 10.0.0.1:37266
To    10.0.0.2:10001
----------------------------------------------------------
Total time               =     24.173450 s
Total packets            =          1667
Minimum delay            =      0.000065 s
Maximum delay            =     16.536792 s
Average delay            =      7.862471 s
Average jitter           =      0.020229 s
Delay standard deviation =      4.684743 s
Bytes received           =        500100
Average bitrate          =    165.503890 Kbit/s
Average packet rate      =     68.959954 pkt/s
Packets dropped          =             0 (0.00 %)
Average loss-burst size  =      0.000000 pkt
----------------------------------------------------------
----------------------------------------------------------
Flow number: 2
From 10.0.0.1:58202
To    10.0.0.2:10002
----------------------------------------------------------
Total time               =     36.185847 s
Total packets            =          2438
Minimum delay            =      0.000049 s
Maximum delay            =     23.430387 s
Average delay            =     11.350295 s
Average jitter           =      0.019816 s
Delay standard deviation =      6.845879 s
Bytes received           =        731400
Average bitrate          =    161.698578 Kbit/s
Average packet rate      =     67.374407 pkt/s
Packets dropped          =             0 (0.00 %)
Average loss-burst size  =      0.000000 pkt
----------------------------------------------------------
----------------------------------------------------------
Flow number: 3
From 10.0.0.1:48494
To    10.0.0.2:10003
----------------------------------------------------------
Total time               =     34.594265 s
Total packets            =          2242
Minimum delay            =      0.013401 s
Maximum delay            =     22.361579 s
Average delay            =     10.751882 s
Average jitter           =      0.020641 s
Delay standard deviation =      6.374995 s
Bytes received           =        672600
Average bitrate          =    155.540232 Kbit/s
Average packet rate      =     64.808430 pkt/s
Packets dropped          =             0 (0.00 %)
Average loss-burst size  =      0.000000 pkt
----------------------------------------------------------

__________________________________________________________
****************  TOTAL RESULTS   ******************
__________________________________________________________
Number of flows          =             3
Total time               =     36.195373 s
Total packets            =          6347
Minimum delay            =      0.000049 s
Maximum delay            =     23.430387 s
Average delay            =     10.222857 s
Average jitter           =      0.032494 s
Delay standard deviation =      6.338179 s
Bytes received           =       1904100
Average bitrate          =    420.849372 Kbit/s
Average packet rate      =    175.353905 pkt/s
Packets dropped          =             0 (0.00 %)
Average loss-burst size  =             0 pkt
Error lines              =             0
----------------------------------------------------------
