ITGDec version 2.8.1 (r1023)
Compile-time options: bursty multiport
----------------------------------------------------------
Flow number: 2
From 10.0.0.1:51092
To    10.0.0.2:10002
----------------------------------------------------------
Total time               =     51.492632 s
Total packets            =           697
Minimum delay            =      0.000087 s
Maximum delay            =     40.098220 s
Average delay            =     22.312648 s
Average jitter           =      0.092180 s
Delay standard deviation =     11.732363 s
Bytes received           =        209100
Average bitrate          =     32.486201 Kbit/s
Average packet rate      =     13.535917 pkt/s
Packets dropped          =             0 (0.00 %)
Average loss-burst size  =      0.000000 pkt
----------------------------------------------------------
----------------------------------------------------------
Flow number: 3
From 10.0.0.1:38566
To    10.0.0.2:10003
----------------------------------------------------------
Total time               =     32.313071 s
Total packets            =           461
Minimum delay            =      0.000084 s
Maximum delay            =     29.840987 s
Average delay            =     15.270608 s
Average jitter           =      0.075351 s
Delay standard deviation =      8.414629 s
Bytes received           =        138300
Average bitrate          =     34.240014 Kbit/s
Average packet rate      =     14.266672 pkt/s
Packets dropped          =             0 (0.00 %)
Average loss-burst size  =      0.000000 pkt
----------------------------------------------------------
----------------------------------------------------------
Flow number: 1
From 10.0.0.1:42312
To    10.0.0.2:10001
----------------------------------------------------------
Total time               =     55.438699 s
Total packets            =           745
Minimum delay            =      0.530168 s
Maximum delay            =     44.859602 s
Average delay            =     22.892437 s
Average jitter           =      0.087575 s
Delay standard deviation =     12.428701 s
Bytes received           =        223500
Average bitrate          =     32.251839 Kbit/s
Average packet rate      =     13.438266 pkt/s
Packets dropped          =             0 (0.00 %)
Average loss-burst size  =      0.000000 pkt
----------------------------------------------------------

__________________________________________________________
****************  TOTAL RESULTS   ******************
__________________________________________________________
Number of flows          =             3
Total time               =     55.989189 s
Total packets            =          1903
Minimum delay            =      0.000084 s
Maximum delay            =     44.859602 s
Average delay            =     20.833700 s
Average jitter           =      0.155678 s
Delay standard deviation =     11.747333 s
Bytes received           =        570900
Average bitrate          =     81.572891 Kbit/s
Average packet rate      =     33.988704 pkt/s
Packets dropped          =             0 (0.00 %)
Average loss-burst size  =             0 pkt
Error lines              =             0
----------------------------------------------------------
