ITGDec version 2.8.1 (r1023)
Compile-time options: bursty multiport
----------------------------------------------------------
Flow number: 2
From 10.0.0.1:51084
To    10.0.0.2:10002
----------------------------------------------------------
Total time               =     30.539743 s
Total packets            =           541
Minimum delay            =      0.031901 s
Maximum delay            =     27.386423 s
Average delay            =     13.271233 s
Average jitter           =      0.062197 s
Delay standard deviation =      8.059875 s
Bytes received           =        162300
Average bitrate          =     42.515093 Kbit/s
Average packet rate      =     17.714622 pkt/s
Packets dropped          =             0 (0.00 %)
Average loss-burst size  =      0.000000 pkt
----------------------------------------------------------
----------------------------------------------------------
Flow number: 1
From 10.0.0.1:42302
To    10.0.0.2:10001
----------------------------------------------------------
Total time               =     51.042703 s
Total packets            =           903
Minimum delay            =      0.295914 s
Maximum delay            =     39.491265 s
Average delay            =     19.789660 s
Average jitter           =      0.069488 s
Delay standard deviation =     10.718617 s
Bytes received           =        270900
Average bitrate          =     42.458567 Kbit/s
Average packet rate      =     17.691069 pkt/s
Packets dropped          =             0 (0.00 %)
Average loss-burst size  =      0.000000 pkt
----------------------------------------------------------
----------------------------------------------------------
Flow number: 3
From 10.0.0.1:38560
To    10.0.0.2:10003
----------------------------------------------------------
Total time               =     25.980972 s
Total packets            =           238
Minimum delay            =      5.384909 s
Maximum delay            =     31.108521 s
Average delay            =     19.799068 s
Average jitter           =      0.110430 s
Delay standard deviation =      9.255185 s
Bytes received           =         71400
Average bitrate          =     21.985321 Kbit/s
Average packet rate      =      9.160550 pkt/s
Packets dropped          =             0 (0.00 %)
Average loss-burst size  =      0.000000 pkt
----------------------------------------------------------

__________________________________________________________
****************  TOTAL RESULTS   ******************
__________________________________________________________
Number of flows          =             3
Total time               =     51.319518 s
Total packets            =          1682
Minimum delay            =      0.031901 s
Maximum delay            =     39.491265 s
Average delay            =     17.694398 s
Average jitter           =      0.123877 s
Delay standard deviation =     10.196591 s
Bytes received           =        504600
Average bitrate          =     78.660131 Kbit/s
Average packet rate      =     32.775055 pkt/s
Packets dropped          =             0 (0.00 %)
Average loss-burst size  =             0 pkt
Error lines              =             0
----------------------------------------------------------
