ITGDec version 2.8.1 (r1023)
Compile-time options: bursty multiport
----------------------------------------------------------
Flow number: 3
From 10.0.0.1:58128
To    10.0.0.2:10003
----------------------------------------------------------
Total time               =     42.822605 s
Total packets            =          1496
Minimum delay            =      0.000074 s
Maximum delay            =     31.337127 s
Average delay            =     16.719572 s
Average jitter           =      0.036078 s
Delay standard deviation =      8.899478 s
Bytes received           =        448800
Average bitrate          =     83.843568 Kbit/s
Average packet rate      =     34.934820 pkt/s
Packets dropped          =             0 (0.00 %)
Average loss-burst size  =      0.000000 pkt
----------------------------------------------------------
----------------------------------------------------------
Flow number: 2
From 10.0.0.1:49152
To    10.0.0.2:10002
----------------------------------------------------------
Total time               =     27.058777 s
Total packets            =           994
Minimum delay            =      0.000052 s
Maximum delay            =     24.210777 s
Average delay            =     12.217090 s
Average jitter           =      0.029866 s
Delay standard deviation =      7.101699 s
Bytes received           =        298200
Average bitrate          =     88.163630 Kbit/s
Average packet rate      =     36.734846 pkt/s
Packets dropped          =             0 (0.00 %)
Average loss-burst size  =      0.000000 pkt
----------------------------------------------------------
----------------------------------------------------------
Flow number: 1
From 10.0.0.1:52098
To    10.0.0.2:10001
----------------------------------------------------------
Total time               =     43.577333 s
Total packets            =          1367
Minimum delay            =      0.563237 s
Maximum delay            =     32.028328 s
Average delay            =     17.763849 s
Average jitter           =      0.040687 s
Delay standard deviation =      9.847641 s
Bytes received           =        410100
Average bitrate          =     75.286847 Kbit/s
Average packet rate      =     31.369520 pkt/s
Packets dropped          =             0 (0.00 %)
Average loss-burst size  =      0.000000 pkt
----------------------------------------------------------

__________________________________________________________
****************  TOTAL RESULTS   ******************
__________________________________________________________
Number of flows          =             3
Total time               =     44.181588 s
Total packets            =          3857
Minimum delay            =      0.000052 s
Maximum delay            =     32.028328 s
Average delay            =     15.929336 s
Average jitter           =      0.064984 s
Delay standard deviation =      9.114472 s
Bytes received           =       1157100
Average bitrate          =    209.517141 Kbit/s
Average packet rate      =     87.298809 pkt/s
Packets dropped          =             0 (0.00 %)
Average loss-burst size  =             0 pkt
Error lines              =             0
----------------------------------------------------------
