ITGDec version 2.8.1 (r1023)
Compile-time options: bursty multiport
----------------------------------------------------------
Flow number: 2
From 10.0.0.1:49446
To    10.0.0.2:10002
----------------------------------------------------------
Total time               =     39.840574 s
Total packets            =          1468
Minimum delay            =      0.000288 s
Maximum delay            =     27.534280 s
Average delay            =     13.320511 s
Average jitter           =      0.035285 s
Delay standard deviation =      7.713441 s
Bytes received           =        440400
Average bitrate          =     88.432461 Kbit/s
Average packet rate      =     36.846859 pkt/s
Packets dropped          =             0 (0.00 %)
Average loss-burst size  =      0.000000 pkt
----------------------------------------------------------
----------------------------------------------------------
Flow number: 1
From 10.0.0.1:52392
To    10.0.0.2:10001
----------------------------------------------------------
Total time               =     40.791143 s
Total packets            =          1479
Minimum delay            =      0.020490 s
Maximum delay            =     28.351711 s
Average delay            =     13.687447 s
Average jitter           =      0.035771 s
Delay standard deviation =      8.017001 s
Bytes received           =        443700
Average bitrate          =     87.018890 Kbit/s
Average packet rate      =     36.257871 pkt/s
Packets dropped          =             0 (0.00 %)
Average loss-burst size  =      0.000000 pkt
----------------------------------------------------------
----------------------------------------------------------
Flow number: 3
From 10.0.0.1:58428
To    10.0.0.2:10003
----------------------------------------------------------
Total time               =     23.310362 s
Total packets            =           720
Minimum delay            =      0.976948 s
Maximum delay            =     15.004695 s
Average delay            =      8.714556 s
Average jitter           =      0.044629 s
Delay standard deviation =      4.256383 s
Bytes received           =        216000
Average bitrate          =     74.130123 Kbit/s
Average packet rate      =     30.887551 pkt/s
Packets dropped          =             0 (0.00 %)
Average loss-burst size  =      0.000000 pkt
----------------------------------------------------------

__________________________________________________________
****************  TOTAL RESULTS   ******************
__________________________________________________________
Number of flows          =             3
Total time               =     40.813759 s
Total packets            =          3667
Minimum delay            =      0.000288 s
Maximum delay            =     28.351711 s
Average delay            =     12.564147 s
Average jitter           =      0.055737 s
Delay standard deviation =      7.546251 s
Bytes received           =       1100100
Average bitrate          =    215.633164 Kbit/s
Average packet rate      =     89.847152 pkt/s
Packets dropped          =             0 (0.00 %)
Average loss-burst size  =             0 pkt
Error lines              =             0
----------------------------------------------------------
