ITGDec version 2.8.1 (r1023)
Compile-time options: bursty multiport
----------------------------------------------------------
Flow number: 1
From 10.0.0.1:35614
To    10.0.0.2:10001
----------------------------------------------------------
Total time               =     59.788298 s
Total packets            =          7311
Minimum delay            =      0.000135 s
Maximum delay            =     44.793804 s
Average delay            =     22.306426 s
Average jitter           =      0.008049 s
Delay standard deviation =     12.743360 s
Bytes received           =       2193300
Average bitrate          =    293.475489 Kbit/s
Average packet rate      =    122.281454 pkt/s
Packets dropped          =             0 (0.00 %)
Average loss-burst size  =      0.000000 pkt
----------------------------------------------------------
----------------------------------------------------------
Flow number: 3
From 10.0.0.1:53038
To    10.0.0.2:10003
----------------------------------------------------------
Total time               =     59.755826 s
Total packets            =          7308
Minimum delay            =      0.023048 s
Maximum delay            =     44.795552 s
Average delay            =     22.312959 s
Average jitter           =      0.008103 s
Delay standard deviation =     12.741099 s
Bytes received           =       2192400
Average bitrate          =    293.514477 Kbit/s
Average packet rate      =    122.297699 pkt/s
Packets dropped          =             0 (0.00 %)
Average loss-burst size  =      0.000000 pkt
----------------------------------------------------------
----------------------------------------------------------
Flow number: 2
From 10.0.0.1:52901
To    10.0.0.2:10002
----------------------------------------------------------
Total time               =     59.633548 s
Total packets            =          7313
Minimum delay            =      0.269305 s
Maximum delay            =     44.904730 s
Average delay            =     22.756938 s
Average jitter           =      0.008015 s
Delay standard deviation =     12.743339 s
Bytes received           =       2193900
Average bitrate          =    294.317554 Kbit/s
Average packet rate      =    122.632314 pkt/s
Packets dropped          =             0 (0.00 %)
Average loss-burst size  =      0.000000 pkt
----------------------------------------------------------

__________________________________________________________
****************  TOTAL RESULTS   ******************
__________________________________________________________
Number of flows          =             3
Total time               =     59.971608 s
Total packets            =         21932
Minimum delay            =      0.000135 s
Maximum delay            =     44.904730 s
Average delay            =     22.458822 s
Average jitter           =      0.012547 s
Delay standard deviation =     12.744344 s
Bytes received           =       6579600
Average bitrate          =    877.695325 Kbit/s
Average packet rate      =    365.706386 pkt/s
Packets dropped          =             0 (0.00 %)
Average loss-burst size  =             0 pkt
Error lines              =             0
----------------------------------------------------------
