ITGDec version 2.8.1 (r1023)
Compile-time options: bursty multiport
----------------------------------------------------------
Flow number: 3
From 10.0.0.1:58532
To    10.0.0.2:10003
----------------------------------------------------------
Total time               =     35.081100 s
Total packets            =          4499
Minimum delay            =      0.000049 s
Maximum delay            =     21.200266 s
Average delay            =      9.357815 s
Average jitter           =      0.010627 s
Delay standard deviation =      5.354456 s
Bytes received           =       1349700
Average bitrate          =    307.789665 Kbit/s
Average packet rate      =    128.245694 pkt/s
Packets dropped          =             0 (0.00 %)
Average loss-burst size  =      0.000000 pkt
----------------------------------------------------------
----------------------------------------------------------
Flow number: 2
From 10.0.0.1:49556
To    10.0.0.2:10002
----------------------------------------------------------
Total time               =     23.617337 s
Total packets            =          3191
Minimum delay            =      0.000051 s
Maximum delay            =     13.692411 s
Average delay            =      7.040070 s
Average jitter           =      0.009791 s
Delay standard deviation =      4.432298 s
Bytes received           =        957300
Average bitrate          =    324.270260 Kbit/s
Average packet rate      =    135.112608 pkt/s
Packets dropped          =             0 (0.00 %)
Average loss-burst size  =      0.000000 pkt
----------------------------------------------------------
----------------------------------------------------------
Flow number: 1
From 10.0.0.1:52502
To    10.0.0.2:10001
----------------------------------------------------------
Total time               =     24.851837 s
Total packets            =          3289
Minimum delay            =      0.061938 s
Maximum delay            =     14.462412 s
Average delay            =      6.451338 s
Average jitter           =      0.010483 s
Delay standard deviation =      3.651768 s
Bytes received           =        986700
Average bitrate          =    317.626419 Kbit/s
Average packet rate      =    132.344341 pkt/s
Packets dropped          =             0 (0.00 %)
Average loss-burst size  =      0.000000 pkt
----------------------------------------------------------

__________________________________________________________
****************  TOTAL RESULTS   ******************
__________________________________________________________
Number of flows          =             3
Total time               =     35.081100 s
Total packets            =         10979
Minimum delay            =      0.000049 s
Maximum delay            =     21.200266 s
Average delay            =      7.813473 s
Average jitter           =      0.018303 s
Delay standard deviation =      4.812512 s
Bytes received           =       3293700
Average bitrate          =    751.105296 Kbit/s
Average packet rate      =    312.960540 pkt/s
Packets dropped          =             0 (0.00 %)
Average loss-burst size  =             0 pkt
Error lines              =             0
----------------------------------------------------------
