ITGDec version 2.8.1 (r1023)
Compile-time options: bursty multiport
----------------------------------------------------------
Flow number: 2
From 10.0.0.1:54788
To    10.0.0.2:10002
----------------------------------------------------------
Total time               =     53.847587 s
Total packets            =           709
Minimum delay            =      0.000075 s
Maximum delay            =     43.132907 s
Average delay            =     21.623637 s
Average jitter           =      0.090938 s
Delay standard deviation =     11.426949 s
Bytes received           =        212700
Average bitrate          =     31.600302 Kbit/s
Average packet rate      =     13.166792 pkt/s
Packets dropped          =             0 (0.00 %)
Average loss-burst size  =      0.000000 pkt
----------------------------------------------------------
----------------------------------------------------------
Flow number: 3
From 10.0.0.1:50106
To    10.0.0.2:10003
----------------------------------------------------------
Total time               =     32.244567 s
Total packets            =           472
Minimum delay            =      0.000197 s
Maximum delay            =     27.015366 s
Average delay            =     14.844868 s
Average jitter           =      0.088129 s
Delay standard deviation =      7.841016 s
Bytes received           =        141600
Average bitrate          =     35.131500 Kbit/s
Average packet rate      =     14.638125 pkt/s
Packets dropped          =             0 (0.00 %)
Average loss-burst size  =      0.000000 pkt
----------------------------------------------------------
----------------------------------------------------------
Flow number: 1
From 10.0.0.1:48204
To    10.0.0.2:10001
----------------------------------------------------------
Total time               =     52.969186 s
Total packets            =           676
Minimum delay            =      0.374487 s
Maximum delay            =     40.942371 s
Average delay            =     22.253828 s
Average jitter           =      0.096598 s
Delay standard deviation =     11.193499 s
Bytes received           =        202800
Average bitrate          =     30.629128 Kbit/s
Average packet rate      =     12.762137 pkt/s
Packets dropped          =             0 (0.00 %)
Average loss-burst size  =      0.000000 pkt
----------------------------------------------------------

__________________________________________________________
****************  TOTAL RESULTS   ******************
__________________________________________________________
Number of flows          =             3
Total time               =     53.847587 s
Total packets            =          1857
Minimum delay            =      0.000075 s
Maximum delay            =     43.132907 s
Average delay            =     20.130062 s
Average jitter           =      0.134237 s
Delay standard deviation =     10.985653 s
Bytes received           =        557100
Average bitrate          =     82.766940 Kbit/s
Average packet rate      =     34.486225 pkt/s
Packets dropped          =             0 (0.00 %)
Average loss-burst size  =             0 pkt
Error lines              =             0
----------------------------------------------------------
