ITGDec version 2.8.1 (r1023)
Compile-time options: bursty multiport
----------------------------------------------------------
Flow number: 2
From 10.0.0.1:40643
To    10.0.0.2:10002
----------------------------------------------------------
Total time               =    102.445054 s
Total packets            =          1323
Minimum delay            =      0.020559 s
Maximum delay            =     87.489908 s
Average delay            =     46.094102 s
Average jitter           =      0.076396 s
Delay standard deviation =     25.730764 s
Bytes received           =        396900
Average bitrate          =     30.994176 Kbit/s
Average packet rate      =     12.914240 pkt/s
Packets dropped          =          6066 (82.10 %)
Average loss-burst size  =      6.072072 pkt
----------------------------------------------------------
----------------------------------------------------------
Flow number: 1
From 10.0.0.1:39054
To    10.0.0.2:10001
----------------------------------------------------------
Total time               =    102.653716 s
Total packets            =          1298
Minimum delay            =      0.005091 s
Maximum delay            =     87.662227 s
Average delay            =     44.920554 s
Average jitter           =      0.078094 s
Delay standard deviation =     24.309052 s
Bytes received           =        389400
Average bitrate          =     30.346685 Kbit/s
Average packet rate      =     12.644452 pkt/s
Packets dropped          =          6107 (82.47 %)
Average loss-burst size  =      6.237998 pkt
----------------------------------------------------------
----------------------------------------------------------
Flow number: 3
From 10.0.0.1:41981
To    10.0.0.2:10003
----------------------------------------------------------
Total time               =    102.652531 s
Total packets            =          1143
Minimum delay            =      0.030865 s
Maximum delay            =     87.686473 s
Average delay            =     39.951861 s
Average jitter           =      0.088692 s
Delay standard deviation =     24.941938 s
Bytes received           =        342900
Average bitrate          =     26.723160 Kbit/s
Average packet rate      =     11.134650 pkt/s
Packets dropped          =          6264 (84.57 %)
Average loss-burst size  =      7.528846 pkt
----------------------------------------------------------

__________________________________________________________
****************  TOTAL RESULTS   ******************
__________________________________________________________
Number of flows          =             3
Total time               =    102.681017 s
Total packets            =          3764
Minimum delay            =      0.005091 s
Maximum delay            =     87.686473 s
Average delay            =     43.824217 s
Average jitter           =      0.124078 s
Delay standard deviation =     25.143190 s
Bytes received           =       1129200
Average bitrate          =     87.977313 Kbit/s
Average packet rate      =     36.657214 pkt/s
Packets dropped          =         18437 (83.05 %)
Average loss-burst size  =      6.561210 pkt
Error lines              =             0
----------------------------------------------------------
