ITGDec version 2.8.1 (r1023)
Compile-time options: bursty multiport
----------------------------------------------------------
Flow number: 1
From 10.0.0.1:48362
To    10.0.0.2:10001
----------------------------------------------------------
Total time               =     46.856096 s
Total packets            =          1727
Minimum delay            =      0.000076 s
Maximum delay            =     34.023619 s
Average delay            =     18.648854 s
Average jitter           =      0.034333 s
Delay standard deviation =      9.705044 s
Bytes received           =        518100
Average bitrate          =     88.458074 Kbit/s
Average packet rate      =     36.857531 pkt/s
Packets dropped          =             0 (0.00 %)
Average loss-burst size  =      0.000000 pkt
----------------------------------------------------------
----------------------------------------------------------
Flow number: 2
From 10.0.0.1:54948
To    10.0.0.2:10002
----------------------------------------------------------
Total time               =     31.199172 s
Total packets            =          1090
Minimum delay            =      0.000056 s
Maximum delay            =     23.946926 s
Average delay            =     12.231939 s
Average jitter           =      0.035043 s
Delay standard deviation =      6.994567 s
Bytes received           =        327000
Average bitrate          =     83.848379 Kbit/s
Average packet rate      =     34.936825 pkt/s
Packets dropped          =             0 (0.00 %)
Average loss-burst size  =      0.000000 pkt
----------------------------------------------------------
----------------------------------------------------------
Flow number: 3
From 10.0.0.1:50268
To    10.0.0.2:10003
----------------------------------------------------------
Total time               =     46.916537 s
Total packets            =          1405
Minimum delay            =      0.395525 s
Maximum delay            =     34.080854 s
Average delay            =     17.712236 s
Average jitter           =      0.041630 s
Delay standard deviation =      9.938123 s
Bytes received           =        421500
Average bitrate          =     71.872312 Kbit/s
Average packet rate      =     29.946797 pkt/s
Packets dropped          =             0 (0.00 %)
Average loss-burst size  =      0.000000 pkt
----------------------------------------------------------

__________________________________________________________
****************  TOTAL RESULTS   ******************
__________________________________________________________
Number of flows          =             3
Total time               =     47.343744 s
Total packets            =          4222
Minimum delay            =      0.000056 s
Maximum delay            =     34.080854 s
Average delay            =     16.680501 s
Average jitter           =      0.062762 s
Delay standard deviation =      9.543261 s
Bytes received           =       1266600
Average bitrate          =    214.026166 Kbit/s
Average packet rate      =     89.177569 pkt/s
Packets dropped          =             0 (0.00 %)
Average loss-burst size  =             0 pkt
Error lines              =             0
----------------------------------------------------------
