ITGDec version 2.8.1 (r1023)
Compile-time options: bursty multiport
----------------------------------------------------------
Flow number: 1
From 10.0.0.1:60526
To    10.0.0.2:10001
----------------------------------------------------------
Total time               =     88.978970 s
Total packets            =          5291
Minimum delay            =      0.000111 s
Maximum delay            =     73.982058 s
Average delay            =     36.104114 s
Average jitter           =      0.016618 s
Delay standard deviation =     21.527445 s
Bytes received           =       1587300
Average bitrate          =    142.712373 Kbit/s
Average packet rate      =     59.463489 pkt/s
Packets dropped          =          2073 (28.15 %)
Average loss-burst size  =      4.866197 pkt
----------------------------------------------------------
----------------------------------------------------------
Flow number: 2
From 10.0.0.1:53291
To    10.0.0.2:10002
----------------------------------------------------------
Total time               =     88.959018 s
Total packets            =          5504
Minimum delay            =      0.007869 s
Maximum delay            =     73.976865 s
Average delay            =     36.162866 s
Average jitter           =      0.016110 s
Delay standard deviation =     20.565081 s
Bytes received           =       1651200
Average bitrate          =    148.490848 Kbit/s
Average packet rate      =     61.871187 pkt/s
Packets dropped          =          1861 (25.27 %)
Average loss-burst size  =      3.976496 pkt
----------------------------------------------------------
----------------------------------------------------------
Flow number: 3
From 10.0.0.1:40016
To    10.0.0.2:10003
----------------------------------------------------------
Total time               =     88.351112 s
Total packets            =          5596
Minimum delay            =      1.150555 s
Maximum delay            =     74.503382 s
Average delay            =     39.492680 s
Average jitter           =      0.015601 s
Delay standard deviation =     21.644398 s
Bytes received           =       1678800
Average bitrate          =    152.011669 Kbit/s
Average packet rate      =     63.338195 pkt/s
Packets dropped          =          1775 (24.08 %)
Average loss-burst size  =      4.903315 pkt
----------------------------------------------------------

__________________________________________________________
****************  TOTAL RESULTS   ******************
__________________________________________________________
Number of flows          =             3
Total time               =     89.630131 s
Total packets            =         16391
Minimum delay            =      0.000111 s
Maximum delay            =     74.503382 s
Average delay            =     37.280722 s
Average jitter           =      0.024544 s
Delay standard deviation =     21.309368 s
Bytes received           =       4917300
Average bitrate          =    438.897049 Kbit/s
Average packet rate      =    182.873770 pkt/s
Packets dropped          =          5709 (25.83 %)
Average loss-burst size  =      4.545382 pkt
Error lines              =             0
----------------------------------------------------------
