ITGDec version 2.8.1 (r1023)
Compile-time options: bursty multiport
----------------------------------------------------------
Flow number: 2
From 10.0.0.1:44647
To    10.0.0.2:10002
----------------------------------------------------------
Total time               =     59.654143 s
Total packets            =          7271
Minimum delay            =      0.000107 s
Maximum delay            =     44.660144 s
Average delay            =     22.326548 s
Average jitter           =      0.008080 s
Delay standard deviation =     12.638931 s
Bytes received           =       2181300
Average bitrate          =    292.526204 Kbit/s
Average packet rate      =    121.885918 pkt/s
Packets dropped          =             0 (0.00 %)
Average loss-burst size  =      0.000000 pkt
----------------------------------------------------------
----------------------------------------------------------
Flow number: 1
From 10.0.0.1:48998
To    10.0.0.2:10001
----------------------------------------------------------
Total time               =     59.625533 s
Total packets            =          7274
Minimum delay            =      0.020559 s
Maximum delay            =     44.662427 s
Average delay            =     22.325493 s
Average jitter           =      0.008433 s
Delay standard deviation =     12.640183 s
Bytes received           =       2182200
Average bitrate          =    292.787320 Kbit/s
Average packet rate      =    121.994717 pkt/s
Packets dropped          =             0 (0.00 %)
Average loss-burst size  =      0.000000 pkt
----------------------------------------------------------
----------------------------------------------------------
Flow number: 3
From 10.0.0.1:42966
To    10.0.0.2:10003
----------------------------------------------------------
Total time               =     59.582154 s
Total packets            =          7275
Minimum delay            =      0.063042 s
Maximum delay            =     44.666282 s
Average delay            =     22.337988 s
Average jitter           =      0.008446 s
Delay standard deviation =     12.635735 s
Bytes received           =       2182500
Average bitrate          =    293.040765 Kbit/s
Average packet rate      =    122.100319 pkt/s
Packets dropped          =             0 (0.00 %)
Average loss-burst size  =      0.000000 pkt
----------------------------------------------------------

__________________________________________________________
****************  TOTAL RESULTS   ******************
__________________________________________________________
Number of flows          =             3
Total time               =     59.662374 s
Total packets            =         21820
Minimum delay            =      0.000107 s
Maximum delay            =     44.666282 s
Average delay            =     22.330010 s
Average jitter           =      0.012855 s
Delay standard deviation =     12.638284 s
Bytes received           =       6546000
Average bitrate          =    877.739126 Kbit/s
Average packet rate      =    365.724636 pkt/s
Packets dropped          =             0 (0.00 %)
Average loss-burst size  =             0 pkt
Error lines              =             0
----------------------------------------------------------
