ITGDec version 2.8.1 (r1023)
Compile-time options: bursty multiport
----------------------------------------------------------
Flow number: 2
From 10.0.0.1:51756
To    10.0.0.2:10002
----------------------------------------------------------
Total time               =     43.670309 s
Total packets            =          1688
Minimum delay            =      0.000075 s
Maximum delay            =     32.538091 s
Average delay            =     15.593824 s
Average jitter           =      0.031950 s
Delay standard deviation =      9.193365 s
Bytes received           =        506400
Average bitrate          =     92.767835 Kbit/s
Average packet rate      =     38.653264 pkt/s
Packets dropped          =             0 (0.00 %)
Average loss-burst size  =      0.000000 pkt
----------------------------------------------------------
----------------------------------------------------------
Flow number: 1
From 10.0.0.1:42974
To    10.0.0.2:10001
----------------------------------------------------------
Total time               =     28.375620 s
Total packets            =          1114
Minimum delay            =      0.018141 s
Maximum delay            =     22.315190 s
Average delay            =     10.948859 s
Average jitter           =      0.030697 s
Delay standard deviation =      6.497196 s
Bytes received           =        334200
Average bitrate          =     94.221730 Kbit/s
Average packet rate      =     39.259054 pkt/s
Packets dropped          =             0 (0.00 %)
Average loss-burst size  =      0.000000 pkt
----------------------------------------------------------
----------------------------------------------------------
Flow number: 3
From 10.0.0.1:39232
To    10.0.0.2:10003
----------------------------------------------------------
Total time               =     37.340412 s
Total packets            =          1019
Minimum delay            =      2.239734 s
Maximum delay            =     31.021731 s
Average delay            =     17.727404 s
Average jitter           =      0.043004 s
Delay standard deviation =      9.134630 s
Bytes received           =        305700
Average bitrate          =     65.494725 Kbit/s
Average packet rate      =     27.289469 pkt/s
Packets dropped          =             0 (0.00 %)
Average loss-burst size  =      0.000000 pkt
----------------------------------------------------------

__________________________________________________________
****************  TOTAL RESULTS   ******************
__________________________________________________________
Number of flows          =             3
Total time               =     43.670309 s
Total packets            =          3821
Minimum delay            =      0.000075 s
Maximum delay            =     32.538091 s
Average delay            =     14.808592 s
Average jitter           =      0.051711 s
Delay standard deviation =      8.876085 s
Bytes received           =       1146300
Average bitrate          =    209.991644 Kbit/s
Average packet rate      =     87.496519 pkt/s
Packets dropped          =             0 (0.00 %)
Average loss-burst size  =             0 pkt
Error lines              =             0
----------------------------------------------------------
