ITGDec version 2.8.1 (r1023)
Compile-time options: bursty multiport
----------------------------------------------------------
Flow number: 2
From 10.0.0.1:40483
To    10.0.0.2:10002
----------------------------------------------------------
Total time               =    102.615623 s
Total packets            =          3422
Minimum delay            =      0.030105 s
Maximum delay            =     87.658592 s
Average delay            =     45.782238 s
Average jitter           =      0.029673 s
Delay standard deviation =     25.723066 s
Bytes received           =       1026600
Average bitrate          =     80.034597 Kbit/s
Average packet rate      =     33.347749 pkt/s
Packets dropped          =          3964 (53.67 %)
Average loss-burst size  =     14.846442 pkt
----------------------------------------------------------
----------------------------------------------------------
Flow number: 1
From 10.0.0.1:38966
To    10.0.0.2:10001
----------------------------------------------------------
Total time               =    102.751727 s
Total packets            =          2840
Minimum delay            =      0.000293 s
Maximum delay            =     87.757024 s
Average delay            =     42.615318 s
Average jitter           =      0.035798 s
Delay standard deviation =     25.589991 s
Bytes received           =        852000
Average bitrate          =     66.334651 Kbit/s
Average packet rate      =     27.639438 pkt/s
Packets dropped          =          4549 (61.56 %)
Average loss-burst size  =     13.458580 pkt
----------------------------------------------------------
----------------------------------------------------------
Flow number: 3
From 10.0.0.1:52741
To    10.0.0.2:10003
----------------------------------------------------------
Total time               =    100.970351 s
Total packets            =          3317
Minimum delay            =      3.472155 s
Maximum delay            =     89.519202 s
Average delay            =     45.531395 s
Average jitter           =      0.027743 s
Delay standard deviation =     25.586392 s
Bytes received           =        995100
Average bitrate          =     78.842947 Kbit/s
Average packet rate      =     32.851228 pkt/s
Packets dropped          =          4078 (55.15 %)
Average loss-burst size  =     13.638796 pkt
----------------------------------------------------------

__________________________________________________________
****************  TOTAL RESULTS   ******************
__________________________________________________________
Number of flows          =             3
Total time               =    104.710691 s
Total packets            =          9579
Minimum delay            =      0.000293 s
Maximum delay            =     89.519202 s
Average delay            =     44.756442 s
Average jitter           =      0.048022 s
Delay standard deviation =     25.674235 s
Bytes received           =       2873700
Average bitrate          =    219.553512 Kbit/s
Average packet rate      =     91.480630 pkt/s
Packets dropped          =         12591 (56.79 %)
Average loss-burst size  =     13.928097 pkt
Error lines              =             0
----------------------------------------------------------
