ITGDec version 2.8.1 (r1023)
Compile-time options: bursty multiport
----------------------------------------------------------
Flow number: 2
From 10.0.0.1:46831
To    10.0.0.2:10002
----------------------------------------------------------
Total time               =    118.188378 s
Total packets            =          1638
Minimum delay            =      0.037247 s
Maximum delay            =    103.237419 s
Average delay            =     53.870869 s
Average jitter           =      0.071370 s
Delay standard deviation =     31.184036 s
Bytes received           =        491400
Average bitrate          =     33.262154 Kbit/s
Average packet rate      =     13.859231 pkt/s
Packets dropped          =          5750 (77.83 %)
Average loss-burst size  =      5.343866 pkt
----------------------------------------------------------
----------------------------------------------------------
Flow number: 1
From 10.0.0.1:40303
To    10.0.0.2:10001
----------------------------------------------------------
Total time               =    118.106323 s
Total packets            =          1431
Minimum delay            =      0.302699 s
Maximum delay            =    103.410299 s
Average delay            =     49.758567 s
Average jitter           =      0.081635 s
Delay standard deviation =     29.965207 s
Bytes received           =        429300
Average bitrate          =     29.078883 Kbit/s
Average packet rate      =     12.116201 pkt/s
Packets dropped          =          5969 (80.66 %)
Average loss-burst size  =      6.329799 pkt
----------------------------------------------------------
----------------------------------------------------------
Flow number: 3
From 10.0.0.1:41774
To    10.0.0.2:10003
----------------------------------------------------------
Total time               =    115.282394 s
Total packets            =          1335
Minimum delay            =      5.005263 s
Maximum delay            =    105.306534 s
Average delay            =     54.704823 s
Average jitter           =      0.077858 s
Delay standard deviation =     28.934052 s
Bytes received           =        400500
Average bitrate          =     27.792622 Kbit/s
Average packet rate      =     11.580259 pkt/s
Packets dropped          =          6063 (81.95 %)
Average loss-burst size  =      4.544978 pkt
----------------------------------------------------------

__________________________________________________________
****************  TOTAL RESULTS   ******************
__________________________________________________________
Number of flows          =             3
Total time               =    120.486634 s
Total packets            =          4404
Minimum delay            =      0.037247 s
Maximum delay            =    105.306534 s
Average delay            =     52.787450 s
Average jitter           =      0.121057 s
Delay standard deviation =     30.195289 s
Bytes received           =       1321200
Average bitrate          =     87.724253 Kbit/s
Average packet rate      =     36.551772 pkt/s
Packets dropped          =         17782 (80.15 %)
Average loss-burst size  =      5.303310 pkt
Error lines              =             0
----------------------------------------------------------
