ITGDec version 2.8.1 (r1023)
Compile-time options: bursty multiport
----------------------------------------------------------
Flow number: 2
From 10.0.0.1:49212
To    10.0.0.2:10002
----------------------------------------------------------
Total time               =     36.913823 s
Total packets            =          2375
Minimum delay            =      0.000064 s
Maximum delay            =     24.740498 s
Average delay            =     12.693995 s
Average jitter           =      0.019464 s
Delay standard deviation =      7.479692 s
Bytes received           =        712500
Average bitrate          =    154.413700 Kbit/s
Average packet rate      =     64.339042 pkt/s
Packets dropped          =             0 (0.00 %)
Average loss-burst size  =      0.000000 pkt
----------------------------------------------------------
----------------------------------------------------------
Flow number: 1
From 10.0.0.1:52158
To    10.0.0.2:10001
----------------------------------------------------------
Total time               =     25.861628 s
Total packets            =          1867
Minimum delay            =      0.000081 s
Maximum delay            =     18.116821 s
Average delay            =      9.041848 s
Average jitter           =      0.017726 s
Delay standard deviation =      5.176046 s
Bytes received           =        560100
Average bitrate          =    173.260554 Kbit/s
Average packet rate      =     72.191898 pkt/s
Packets dropped          =             0 (0.00 %)
Average loss-burst size  =      0.000000 pkt
----------------------------------------------------------
----------------------------------------------------------
Flow number: 3
From 10.0.0.1:58194
To    10.0.0.2:10003
----------------------------------------------------------
Total time               =     24.019394 s
Total packets            =          1584
Minimum delay            =      0.162734 s
Maximum delay            =     17.030425 s
Average delay            =      8.263720 s
Average jitter           =      0.018615 s
Delay standard deviation =      4.659958 s
Bytes received           =        475200
Average bitrate          =    158.272103 Kbit/s
Average packet rate      =     65.946710 pkt/s
Packets dropped          =             0 (0.00 %)
Average loss-burst size  =      0.000000 pkt
----------------------------------------------------------

__________________________________________________________
****************  TOTAL RESULTS   ******************
__________________________________________________________
Number of flows          =             3
Total time               =     36.913823 s
Total packets            =          5826
Minimum delay            =      0.000064 s
Maximum delay            =     24.740498 s
Average delay            =     10.319104 s
Average jitter           =      0.030130 s
Delay standard deviation =      6.423927 s
Bytes received           =       1747800
Average bitrate          =    378.784934 Kbit/s
Average packet rate      =    157.827056 pkt/s
Packets dropped          =             0 (0.00 %)
Average loss-burst size  =             0 pkt
Error lines              =             0
----------------------------------------------------------
