ITGDec version 2.8.1 (r1023)
Compile-time options: bursty multiport
----------------------------------------------------------
Flow number: 1
From 10.0.0.1:37150
To    10.0.0.2:10001
----------------------------------------------------------
Total time               =     44.601446 s
Total packets            =           566
Minimum delay            =      0.000062 s
Maximum delay            =     40.753101 s
Average delay            =     19.636372 s
Average jitter           =      0.085477 s
Delay standard deviation =     10.966673 s
Bytes received           =        169800
Average bitrate          =     30.456412 Kbit/s
Average packet rate      =     12.690172 pkt/s
Packets dropped          =             0 (0.00 %)
Average loss-burst size  =      0.000000 pkt
----------------------------------------------------------
----------------------------------------------------------
Flow number: 2
From 10.0.0.1:58086
To    10.0.0.2:10002
----------------------------------------------------------
Total time               =     43.192618 s
Total packets            =           573
Minimum delay            =      0.004228 s
Maximum delay            =     35.256764 s
Average delay            =     19.756765 s
Average jitter           =      0.089157 s
Delay standard deviation =     10.215294 s
Bytes received           =        171900
Average bitrate          =     31.838774 Kbit/s
Average packet rate      =     13.266156 pkt/s
Packets dropped          =             0 (0.00 %)
Average loss-burst size  =      0.000000 pkt
----------------------------------------------------------
----------------------------------------------------------
Flow number: 3
From 10.0.0.1:48378
To    10.0.0.2:10003
----------------------------------------------------------
Total time               =     32.174051 s
Total packets            =           440
Minimum delay            =      0.069727 s
Maximum delay            =     29.233655 s
Average delay            =     15.681562 s
Average jitter           =      0.079891 s
Delay standard deviation =      8.423974 s
Bytes received           =        132000
Average bitrate          =     32.821481 Kbit/s
Average packet rate      =     13.675617 pkt/s
Packets dropped          =             0 (0.00 %)
Average loss-burst size  =      0.000000 pkt
----------------------------------------------------------

__________________________________________________________
****************  TOTAL RESULTS   ******************
__________________________________________________________
Number of flows          =             3
Total time               =     44.601446 s
Total packets            =          1579
Minimum delay            =      0.000062 s
Maximum delay            =     40.753101 s
Average delay            =     18.578024 s
Average jitter           =      0.124523 s
Delay standard deviation =     10.197879 s
Bytes received           =        473700
Average bitrate          =     84.965855 Kbit/s
Average packet rate      =     35.402440 pkt/s
Packets dropped          =             0 (0.00 %)
Average loss-burst size  =             0 pkt
Error lines              =             0
----------------------------------------------------------
