ITGDec version 2.8.1 (r1023)
Compile-time options: bursty multiport
----------------------------------------------------------
Flow number: 2
From 10.0.0.1:49160
To    10.0.0.2:10002
----------------------------------------------------------
Total time               =     44.336746 s
Total packets            =          1510
Minimum delay            =      0.000062 s
Maximum delay            =     31.856252 s
Average delay            =     16.651419 s
Average jitter           =      0.037867 s
Delay standard deviation =      9.381035 s
Bytes received           =        453000
Average bitrate          =     81.738069 Kbit/s
Average packet rate      =     34.057529 pkt/s
Packets dropped          =             0 (0.00 %)
Average loss-burst size  =      0.000000 pkt
----------------------------------------------------------
----------------------------------------------------------
Flow number: 3
From 10.0.0.1:58136
To    10.0.0.2:10003
----------------------------------------------------------
Total time               =     43.465436 s
Total packets            =          1392
Minimum delay            =      0.000055 s
Maximum delay            =     32.002133 s
Average delay            =     15.848228 s
Average jitter           =      0.039236 s
Delay standard deviation =      8.757911 s
Bytes received           =        417600
Average bitrate          =     76.861072 Kbit/s
Average packet rate      =     32.025447 pkt/s
Packets dropped          =             0 (0.00 %)
Average loss-burst size  =      0.000000 pkt
----------------------------------------------------------
----------------------------------------------------------
Flow number: 1
From 10.0.0.1:52106
To    10.0.0.2:10001
----------------------------------------------------------
Total time               =     27.370813 s
Total packets            =           933
Minimum delay            =      0.124872 s
Maximum delay            =     22.682633 s
Average delay            =     11.020832 s
Average jitter           =      0.032299 s
Delay standard deviation =      6.570848 s
Bytes received           =        279900
Average bitrate          =     81.809773 Kbit/s
Average packet rate      =     34.087405 pkt/s
Packets dropped          =             0 (0.00 %)
Average loss-burst size  =      0.000000 pkt
----------------------------------------------------------

__________________________________________________________
****************  TOTAL RESULTS   ******************
__________________________________________________________
Number of flows          =             3
Total time               =     44.339933 s
Total packets            =          3835
Minimum delay            =      0.000055 s
Maximum delay            =     32.002133 s
Average delay            =     14.990042 s
Average jitter           =      0.061137 s
Delay standard deviation =      8.842073 s
Bytes received           =       1150500
Average bitrate          =    207.578122 Kbit/s
Average packet rate      =     86.490884 pkt/s
Packets dropped          =             0 (0.00 %)
Average loss-burst size  =             0 pkt
Error lines              =             0
----------------------------------------------------------
