ITGDec version 2.8.1 (r1023)
Compile-time options: bursty multiport
----------------------------------------------------------
Flow number: 2
From 10.0.0.1:54874
To    10.0.0.2:10002
----------------------------------------------------------
Total time               =     84.462711 s
Total packets            =          4748
Minimum delay            =      0.000143 s
Maximum delay            =     69.467799 s
Average delay            =     34.437589 s
Average jitter           =      0.017577 s
Delay standard deviation =     20.498440 s
Bytes received           =       1424400
Average bitrate          =    134.913974 Kbit/s
Average packet rate      =     56.214156 pkt/s
Packets dropped          =          2568 (35.10 %)
Average loss-burst size  =     12.776119 pkt
----------------------------------------------------------
----------------------------------------------------------
Flow number: 1
From 10.0.0.1:57895
To    10.0.0.2:10001
----------------------------------------------------------
Total time               =     84.432072 s
Total packets            =          5530
Minimum delay            =      0.023193 s
Maximum delay            =     69.462593 s
Average delay            =     34.755309 s
Average jitter           =      0.015101 s
Delay standard deviation =     19.915996 s
Bytes received           =       1659000
Average bitrate          =    157.191452 Kbit/s
Average packet rate      =     65.496438 pkt/s
Packets dropped          =          1773 (24.28 %)
Average loss-burst size  =      9.430851 pkt
----------------------------------------------------------
----------------------------------------------------------
Flow number: 3
From 10.0.0.1:34502
To    10.0.0.2:10003
----------------------------------------------------------
Total time               =     84.411004 s
Total packets            =          5171
Minimum delay            =      0.050587 s
Maximum delay            =     69.471910 s
Average delay            =     34.984963 s
Average jitter           =      0.016211 s
Delay standard deviation =     19.076817 s
Bytes received           =       1551300
Average bitrate          =    147.023485 Kbit/s
Average packet rate      =     61.259786 pkt/s
Packets dropped          =          2143 (29.30 %)
Average loss-burst size  =     11.398936 pkt
----------------------------------------------------------

__________________________________________________________
****************  TOTAL RESULTS   ******************
__________________________________________________________
Number of flows          =             3
Total time               =     84.468179 s
Total packets            =         15449
Minimum delay            =      0.000143 s
Maximum delay            =     69.471910 s
Average delay            =     34.734531 s
Average jitter           =      0.025331 s
Delay standard deviation =     19.823648 s
Bytes received           =       4634700
Average bitrate          =    438.953467 Kbit/s
Average packet rate      =    182.897278 pkt/s
Packets dropped          =          6484 (29.56 %)
Average loss-burst size  =     11.237435 pkt
Error lines              =             0
----------------------------------------------------------
