ITGDec version 2.8.1 (r1023)
Compile-time options: bursty multiport
----------------------------------------------------------
Flow number: 1
From 10.0.0.1:42980
To    10.0.0.2:10001
----------------------------------------------------------
Total time               =     45.718104 s
Total packets            =          1750
Minimum delay            =      0.000350 s
Maximum delay            =     35.721652 s
Average delay            =     17.298371 s
Average jitter           =      0.033685 s
Delay standard deviation =     10.051299 s
Bytes received           =        525000
Average bitrate          =     91.867327 Kbit/s
Average packet rate      =     38.278053 pkt/s
Packets dropped          =             0 (0.00 %)
Average loss-burst size  =      0.000000 pkt
----------------------------------------------------------
----------------------------------------------------------
Flow number: 2
From 10.0.0.1:51766
To    10.0.0.2:10002
----------------------------------------------------------
Total time               =     44.724722 s
Total packets            =          1751
Minimum delay            =      0.019881 s
Maximum delay            =     32.811498 s
Average delay            =     16.752831 s
Average jitter           =      0.032131 s
Delay standard deviation =      9.746091 s
Bytes received           =        525300
Average bitrate          =     93.961456 Kbit/s
Average packet rate      =     39.150607 pkt/s
Packets dropped          =             0 (0.00 %)
Average loss-burst size  =      0.000000 pkt
----------------------------------------------------------
----------------------------------------------------------
Flow number: 3
From 10.0.0.1:39240
To    10.0.0.2:10003
----------------------------------------------------------
Total time               =     22.345602 s
Total packets            =           600
Minimum delay            =      2.337041 s
Maximum delay            =     16.552370 s
Average delay            =     10.825426 s
Average jitter           =      0.047527 s
Delay standard deviation =      4.240018 s
Bytes received           =        180000
Average bitrate          =     64.442211 Kbit/s
Average packet rate      =     26.850921 pkt/s
Packets dropped          =             0 (0.00 %)
Average loss-burst size  =      0.000000 pkt
----------------------------------------------------------

__________________________________________________________
****************  TOTAL RESULTS   ******************
__________________________________________________________
Number of flows          =             3
Total time               =     45.718104 s
Total packets            =          4101
Minimum delay            =      0.000350 s
Maximum delay            =     35.721652 s
Average delay            =     16.118413 s
Average jitter           =      0.062166 s
Delay standard deviation =      9.547919 s
Bytes received           =       1230300
Average bitrate          =    215.284518 Kbit/s
Average packet rate      =     89.701883 pkt/s
Packets dropped          =             0 (0.00 %)
Average loss-burst size  =             0 pkt
Error lines              =             0
----------------------------------------------------------
