ITGDec version 2.8.1 (r1023)
Compile-time options: bursty multiport
----------------------------------------------------------
Flow number: 2
From 10.0.0.1:54796
To    10.0.0.2:10002
----------------------------------------------------------
Total time               =     62.190672 s
Total packets            =          1019
Minimum delay            =      0.026494 s
Maximum delay            =     48.679355 s
Average delay            =     25.378564 s
Average jitter           =      0.074135 s
Delay standard deviation =     13.965415 s
Bytes received           =        305700
Average bitrate          =     39.324225 Kbit/s
Average packet rate      =     16.385094 pkt/s
Packets dropped          =             0 (0.00 %)
Average loss-burst size  =      0.000000 pkt
----------------------------------------------------------
----------------------------------------------------------
Flow number: 1
From 10.0.0.1:48210
To    10.0.0.2:10001
----------------------------------------------------------
Total time               =     38.123164 s
Total packets            =           647
Minimum delay            =      0.174683 s
Maximum delay            =     30.718577 s
Average delay            =     16.856279 s
Average jitter           =      0.070482 s
Delay standard deviation =      9.088910 s
Bytes received           =        194100
Average bitrate          =     40.731142 Kbit/s
Average packet rate      =     16.971309 pkt/s
Packets dropped          =             0 (0.00 %)
Average loss-burst size  =      0.000000 pkt
----------------------------------------------------------
----------------------------------------------------------
Flow number: 3
From 10.0.0.1:50116
To    10.0.0.2:10003
----------------------------------------------------------
Total time               =     56.393727 s
Total packets            =           449
Minimum delay            =      3.802638 s
Maximum delay            =     47.996094 s
Average delay            =     20.816650 s
Average jitter           =      0.152839 s
Delay standard deviation =      8.784879 s
Bytes received           =        134700
Average bitrate          =     19.108508 Kbit/s
Average packet rate      =      7.961878 pkt/s
Packets dropped          =             0 (0.00 %)
Average loss-burst size  =      0.000000 pkt
----------------------------------------------------------

__________________________________________________________
****************  TOTAL RESULTS   ******************
__________________________________________________________
Number of flows          =             3
Total time               =     63.165644 s
Total packets            =          2115
Minimum delay            =      0.026494 s
Maximum delay            =     48.679355 s
Average delay            =     21.803047 s
Average jitter           =      0.138301 s
Delay standard deviation =     12.225882 s
Bytes received           =        634500
Average bitrate          =     80.360140 Kbit/s
Average packet rate      =     33.483392 pkt/s
Packets dropped          =             0 (0.00 %)
Average loss-burst size  =             0 pkt
Error lines              =             0
----------------------------------------------------------
