ITGDec version 2.8.1 (r1023)
Compile-time options: bursty multiport
----------------------------------------------------------
Flow number: 2
From 10.0.0.1:54544
To    10.0.0.2:10002
----------------------------------------------------------
Total time               =     37.843433 s
Total packets            =          2570
Minimum delay            =      0.000068 s
Maximum delay            =     26.186590 s
Average delay            =     12.864163 s
Average jitter           =      0.018937 s
Delay standard deviation =      7.144119 s
Bytes received           =        771000
Average bitrate          =    162.987327 Kbit/s
Average packet rate      =     67.911386 pkt/s
Packets dropped          =             0 (0.00 %)
Average loss-burst size  =      0.000000 pkt
----------------------------------------------------------
----------------------------------------------------------
Flow number: 3
From 10.0.0.1:49862
To    10.0.0.2:10003
----------------------------------------------------------
Total time               =     26.041114 s
Total packets            =          1658
Minimum delay            =      0.000385 s
Maximum delay            =     17.863670 s
Average delay            =      8.842383 s
Average jitter           =      0.021201 s
Delay standard deviation =      4.951288 s
Bytes received           =        497400
Average bitrate          =    152.804523 Kbit/s
Average packet rate      =     63.668551 pkt/s
Packets dropped          =             0 (0.00 %)
Average loss-burst size  =      0.000000 pkt
----------------------------------------------------------
----------------------------------------------------------
Flow number: 1
From 10.0.0.1:47960
To    10.0.0.2:10001
----------------------------------------------------------
Total time               =     24.882312 s
Total packets            =          1701
Minimum delay            =      0.015455 s
Maximum delay            =     17.639610 s
Average delay            =      9.294217 s
Average jitter           =      0.020403 s
Delay standard deviation =      4.740515 s
Bytes received           =        510300
Average bitrate          =    164.068355 Kbit/s
Average packet rate      =     68.361815 pkt/s
Packets dropped          =             0 (0.00 %)
Average loss-burst size  =      0.000000 pkt
----------------------------------------------------------

__________________________________________________________
****************  TOTAL RESULTS   ******************
__________________________________________________________
Number of flows          =             3
Total time               =     37.843433 s
Total packets            =          5929
Minimum delay            =      0.000068 s
Maximum delay            =     26.186590 s
Average delay            =     10.715303 s
Average jitter           =      0.034200 s
Delay standard deviation =      6.244027 s
Bytes received           =       1778700
Average bitrate          =    376.012398 Kbit/s
Average packet rate      =    156.671833 pkt/s
Packets dropped          =             0 (0.00 %)
Average loss-burst size  =             0 pkt
Error lines              =             0
----------------------------------------------------------
