ITGDec version 2.8.1 (r1023)
Compile-time options: bursty multiport
----------------------------------------------------------
Flow number: 2
From 10.0.0.1:53276
To    10.0.0.2:10002
----------------------------------------------------------
Total time               =    103.820898 s
Total packets            =          3082
Minimum delay            =      0.014858 s
Maximum delay            =     88.837160 s
Average delay            =     46.322678 s
Average jitter           =      0.033328 s
Delay standard deviation =     26.335597 s
Bytes received           =        924600
Average bitrate          =     71.245772 Kbit/s
Average packet rate      =     29.685738 pkt/s
Packets dropped          =          4316 (58.34 %)
Average loss-burst size  =     17.983333 pkt
----------------------------------------------------------
----------------------------------------------------------
Flow number: 1
From 10.0.0.1:46038
To    10.0.0.2:10001
----------------------------------------------------------
Total time               =    103.798532 s
Total packets            =          2929
Minimum delay            =      0.066342 s
Maximum delay            =     88.866332 s
Average delay            =     41.188586 s
Average jitter           =      0.035055 s
Delay standard deviation =     26.263215 s
Bytes received           =        878700
Average bitrate          =     67.723501 Kbit/s
Average packet rate      =     28.218125 pkt/s
Packets dropped          =          4469 (60.41 %)
Average loss-burst size  =     18.698745 pkt
----------------------------------------------------------
----------------------------------------------------------
Flow number: 3
From 10.0.0.1:58772
To    10.0.0.2:10003
----------------------------------------------------------
Total time               =    102.043459 s
Total packets            =          3671
Minimum delay            =      3.648868 s
Maximum delay            =     90.757555 s
Average delay            =     48.103927 s
Average jitter           =      0.024275 s
Delay standard deviation =     25.054831 s
Bytes received           =       1101300
Average bitrate          =     86.339684 Kbit/s
Average packet rate      =     35.974868 pkt/s
Packets dropped          =          3725 (50.37 %)
Average loss-burst size  =     16.195652 pkt
----------------------------------------------------------

__________________________________________________________
****************  TOTAL RESULTS   ******************
__________________________________________________________
Number of flows          =             3
Total time               =    105.955003 s
Total packets            =          9682
Minimum delay            =      0.014858 s
Maximum delay            =     90.757555 s
Average delay            =     45.444885 s
Average jitter           =      0.048186 s
Delay standard deviation =     25.997360 s
Bytes received           =       2904600
Average bitrate          =    219.308191 Kbit/s
Average packet rate      =     91.378413 pkt/s
Packets dropped          =         12510 (56.37 %)
Average loss-burst size  =     17.644570 pkt
Error lines              =             0
----------------------------------------------------------
