ITGDec version 2.8.1 (r1023)
Compile-time options: bursty multiport
----------------------------------------------------------
Flow number: 2
From 10.0.0.1:49098
To    10.0.0.2:10002
----------------------------------------------------------
Total time               =     46.542243 s
Total packets            =           738
Minimum delay            =      0.031453 s
Maximum delay            =     36.561349 s
Average delay            =     19.234825 s
Average jitter           =      0.082136 s
Delay standard deviation =     10.935746 s
Bytes received           =        221400
Average bitrate          =     38.055751 Kbit/s
Average packet rate      =     15.856563 pkt/s
Packets dropped          =             0 (0.00 %)
Average loss-burst size  =      0.000000 pkt
----------------------------------------------------------
----------------------------------------------------------
Flow number: 3
From 10.0.0.1:58078
To    10.0.0.2:10003
----------------------------------------------------------
Total time               =     28.532642 s
Total packets            =           464
Minimum delay            =      0.176575 s
Maximum delay            =     23.687743 s
Average delay            =     12.600485 s
Average jitter           =      0.072205 s
Delay standard deviation =      6.861596 s
Bytes received           =        139200
Average bitrate          =     39.028983 Kbit/s
Average packet rate      =     16.262076 pkt/s
Packets dropped          =             0 (0.00 %)
Average loss-burst size  =      0.000000 pkt
----------------------------------------------------------
----------------------------------------------------------
Flow number: 1
From 10.0.0.1:52046
To    10.0.0.2:10001
----------------------------------------------------------
Total time               =     30.324551 s
Total packets            =           382
Minimum delay            =      2.960472 s
Maximum delay            =     29.508125 s
Average delay            =     16.567972 s
Average jitter           =      0.105391 s
Delay standard deviation =      6.859555 s
Bytes received           =        114600
Average bitrate          =     30.232929 Kbit/s
Average packet rate      =     12.597054 pkt/s
Packets dropped          =             0 (0.00 %)
Average loss-burst size  =      0.000000 pkt
----------------------------------------------------------

__________________________________________________________
****************  TOTAL RESULTS   ******************
__________________________________________________________
Number of flows          =             3
Total time               =     46.542243 s
Total packets            =          1584
Minimum delay            =      0.031453 s
Maximum delay            =     36.561349 s
Average delay            =     16.648290 s
Average jitter           =      0.128187 s
Delay standard deviation =      9.422075 s
Bytes received           =        475200
Average bitrate          =     81.680636 Kbit/s
Average packet rate      =     34.033598 pkt/s
Packets dropped          =             0 (0.00 %)
Average loss-burst size  =             0 pkt
Error lines              =             0
----------------------------------------------------------
