ITGDec version 2.8.1 (r1023)
Compile-time options: bursty multiport
----------------------------------------------------------
Flow number: 2
From 10.0.0.1:48965
To    10.0.0.2:10002
----------------------------------------------------------
Total time               =     60.516662 s
Total packets            =          7400
Minimum delay            =      0.000043 s
Maximum delay            =     45.522023 s
Average delay            =     22.666035 s
Average jitter           =      0.008048 s
Delay standard deviation =     12.960228 s
Bytes received           =       2220000
Average bitrate          =    293.472895 Kbit/s
Average packet rate      =    122.280373 pkt/s
Packets dropped          =             0 (0.00 %)
Average loss-burst size  =      0.000000 pkt
----------------------------------------------------------
----------------------------------------------------------
Flow number: 3
From 10.0.0.1:44331
To    10.0.0.2:10003
----------------------------------------------------------
Total time               =     60.500103 s
Total packets            =          7401
Minimum delay            =      0.017315 s
Maximum delay            =     45.531899 s
Average delay            =     22.669763 s
Average jitter           =      0.008083 s
Delay standard deviation =     12.961232 s
Bytes received           =       2220300
Average bitrate          =    293.592889 Kbit/s
Average packet rate      =    122.330370 pkt/s
Packets dropped          =             0 (0.00 %)
Average loss-burst size  =      0.000000 pkt
----------------------------------------------------------
----------------------------------------------------------
Flow number: 1
From 10.0.0.1:38806
To    10.0.0.2:10001
----------------------------------------------------------
Total time               =     60.339743 s
Total packets            =          7407
Minimum delay            =      0.312684 s
Maximum delay            =     45.654544 s
Average delay            =     23.178263 s
Average jitter           =      0.008008 s
Delay standard deviation =     12.959517 s
Bytes received           =       2222100
Average bitrate          =    294.611795 Kbit/s
Average packet rate      =    122.754915 pkt/s
Packets dropped          =             0 (0.00 %)
Average loss-burst size  =      0.000000 pkt
----------------------------------------------------------

__________________________________________________________
****************  TOTAL RESULTS   ******************
__________________________________________________________
Number of flows          =             3
Total time               =     60.730049 s
Total packets            =         22208
Minimum delay            =      0.000043 s
Maximum delay            =     45.654544 s
Average delay            =     22.838120 s
Average jitter           =      0.012535 s
Delay standard deviation =     12.962559 s
Bytes received           =       6662400
Average bitrate          =    877.641314 Kbit/s
Average packet rate      =    365.683881 pkt/s
Packets dropped          =             0 (0.00 %)
Average loss-burst size  =             0 pkt
Error lines              =             0
----------------------------------------------------------
