ITGDec version 2.8.1 (r1023)
Compile-time options: bursty multiport
----------------------------------------------------------
Flow number: 2
From 10.0.0.1:50436
To    10.0.0.2:10002
----------------------------------------------------------
Total time               =     23.789183 s
Total packets            =          3508
Minimum delay            =      0.000046 s
Maximum delay            =     13.462693 s
Average delay            =      7.089546 s
Average jitter           =      0.009223 s
Delay standard deviation =      4.128898 s
Bytes received           =       1052400
Average bitrate          =    353.908749 Kbit/s
Average packet rate      =    147.461979 pkt/s
Packets dropped          =             0 (0.00 %)
Average loss-burst size  =      0.000000 pkt
----------------------------------------------------------
----------------------------------------------------------
Flow number: 1
From 10.0.0.1:53382
To    10.0.0.2:10001
----------------------------------------------------------
Total time               =     34.247882 s
Total packets            =          4310
Minimum delay            =      0.000038 s
Maximum delay            =     21.618219 s
Average delay            =      9.416366 s
Average jitter           =      0.010625 s
Delay standard deviation =      5.721864 s
Bytes received           =       1293000
Average bitrate          =    302.033276 Kbit/s
Average packet rate      =    125.847198 pkt/s
Packets dropped          =             0 (0.00 %)
Average loss-burst size  =      0.000000 pkt
----------------------------------------------------------
----------------------------------------------------------
Flow number: 3
From 10.0.0.1:59418
To    10.0.0.2:10003
----------------------------------------------------------
Total time               =     35.407920 s
Total packets            =          4585
Minimum delay            =      0.001193 s
Maximum delay            =     22.204203 s
Average delay            =     10.018559 s
Average jitter           =      0.010532 s
Delay standard deviation =      6.088834 s
Bytes received           =       1375500
Average bitrate          =    310.777928 Kbit/s
Average packet rate      =    129.490803 pkt/s
Packets dropped          =             0 (0.00 %)
Average loss-burst size  =      0.000000 pkt
----------------------------------------------------------

__________________________________________________________
****************  TOTAL RESULTS   ******************
__________________________________________________________
Number of flows          =             3
Total time               =     35.420631 s
Total packets            =         12403
Minimum delay            =      0.000038 s
Maximum delay            =     22.204203 s
Average delay            =      8.980872 s
Average jitter           =      0.016528 s
Delay standard deviation =      5.601732 s
Bytes received           =       3720900
Average bitrate          =    840.391579 Kbit/s
Average packet rate      =    350.163158 pkt/s
Packets dropped          =             0 (0.00 %)
Average loss-burst size  =             0 pkt
Error lines              =             0
----------------------------------------------------------
