ITGDec version 2.8.1 (r1023)
Compile-time options: bursty multiport
----------------------------------------------------------
Flow number: 1
From 10.0.0.1:43022
To    10.0.0.2:10001
----------------------------------------------------------
Total time               =     38.168853 s
Total packets            =          1391
Minimum delay            =      0.000314 s
Maximum delay            =     26.019728 s
Average delay            =     12.701542 s
Average jitter           =      0.035944 s
Delay standard deviation =      7.230925 s
Bytes received           =        417300
Average bitrate          =     87.463985 Kbit/s
Average packet rate      =     36.443327 pkt/s
Packets dropped          =             0 (0.00 %)
Average loss-burst size  =      0.000000 pkt
----------------------------------------------------------
----------------------------------------------------------
Flow number: 2
From 10.0.0.1:51808
To    10.0.0.2:10002
----------------------------------------------------------
Total time               =     39.939145 s
Total packets            =          1507
Minimum delay            =      0.022067 s
Maximum delay            =     28.556327 s
Average delay            =     13.842585 s
Average jitter           =      0.035561 s
Delay standard deviation =      7.972253 s
Bytes received           =        452100
Average bitrate          =     90.557772 Kbit/s
Average packet rate      =     37.732405 pkt/s
Packets dropped          =             0 (0.00 %)
Average loss-burst size  =      0.000000 pkt
----------------------------------------------------------
----------------------------------------------------------
Flow number: 3
From 10.0.0.1:39282
To    10.0.0.2:10003
----------------------------------------------------------
Total time               =     23.164974 s
Total packets            =           720
Minimum delay            =      0.977392 s
Maximum delay            =     15.197647 s
Average delay            =      8.758631 s
Average jitter           =      0.044566 s
Delay standard deviation =      4.280372 s
Bytes received           =        216000
Average bitrate          =     74.595378 Kbit/s
Average packet rate      =     31.081408 pkt/s
Packets dropped          =             0 (0.00 %)
Average loss-burst size  =      0.000000 pkt
----------------------------------------------------------

__________________________________________________________
****************  TOTAL RESULTS   ******************
__________________________________________________________
Number of flows          =             3
Total time               =     39.963909 s
Total packets            =          3618
Minimum delay            =      0.000314 s
Maximum delay            =     28.556327 s
Average delay            =     12.392160 s
Average jitter           =      0.056624 s
Delay standard deviation =      7.332262 s
Bytes received           =       1085400
Average bitrate          =    217.276043 Kbit/s
Average packet rate      =     90.531684 pkt/s
Packets dropped          =             0 (0.00 %)
Average loss-burst size  =             0 pkt
Error lines              =             0
----------------------------------------------------------
