ITGDec version 2.8.1 (r1023)
Compile-time options: bursty multiport
----------------------------------------------------------
Flow number: 2
From 10.0.0.1:52514
To    10.0.0.2:10002
----------------------------------------------------------
Total time               =     91.214980 s
Total packets            =          5447
Minimum delay            =      0.017841 s
Maximum delay            =     76.240784 s
Average delay            =     39.202905 s
Average jitter           =      0.016591 s
Delay standard deviation =     21.897151 s
Bytes received           =       1634100
Average bitrate          =    143.318565 Kbit/s
Average packet rate      =     59.716069 pkt/s
Packets dropped          =          1880 (25.66 %)
Average loss-burst size  =     13.823529 pkt
----------------------------------------------------------
----------------------------------------------------------
Flow number: 1
From 10.0.0.1:51854
To    10.0.0.2:10001
----------------------------------------------------------
Total time               =     90.700884 s
Total packets            =          5805
Minimum delay            =      0.000039 s
Maximum delay            =     75.758107 s
Average delay            =     36.703025 s
Average jitter           =      0.015458 s
Delay standard deviation =     21.837075 s
Bytes received           =       1741500
Average bitrate          =    153.603795 Kbit/s
Average packet rate      =     64.001581 pkt/s
Packets dropped          =          1483 (20.35 %)
Average loss-burst size  =     10.443662 pkt
----------------------------------------------------------
----------------------------------------------------------
Flow number: 3
From 10.0.0.1:38847
To    10.0.0.2:10003
----------------------------------------------------------
Total time               =     90.275903 s
Total packets            =          5610
Minimum delay            =      1.738163 s
Maximum delay            =     77.015760 s
Average delay            =     39.823820 s
Average jitter           =      0.015905 s
Delay standard deviation =     22.292726 s
Bytes received           =       1683000
Average bitrate          =    149.142790 Kbit/s
Average packet rate      =     62.142829 pkt/s
Packets dropped          =          1728 (23.55 %)
Average loss-burst size  =     13.824000 pkt
----------------------------------------------------------

__________________________________________________________
****************  TOTAL RESULTS   ******************
__________________________________________________________
Number of flows          =             3
Total time               =     92.205672 s
Total packets            =         16862
Minimum delay            =      0.000039 s
Maximum delay            =     77.015760 s
Average delay            =     38.548862 s
Average jitter           =      0.024470 s
Delay standard deviation =     22.051041 s
Bytes received           =       5058600
Average bitrate          =    438.897078 Kbit/s
Average packet rate      =    182.873782 pkt/s
Packets dropped          =          5091 (23.19 %)
Average loss-burst size  =     12.632754 pkt
Error lines              =             0
----------------------------------------------------------
