ITGDec version 2.8.1 (r1023)
Compile-time options: bursty multiport
----------------------------------------------------------
Flow number: 1
From 10.0.0.1:54927
To    10.0.0.2:10001
----------------------------------------------------------
Total time               =     60.619430 s
Total packets            =          7389
Minimum delay            =      0.000096 s
Maximum delay            =     45.625170 s
Average delay            =     22.799395 s
Average jitter           =      0.008075 s
Delay standard deviation =     12.935094 s
Bytes received           =       2216700
Average bitrate          =    292.539867 Kbit/s
Average packet rate      =    121.891611 pkt/s
Packets dropped          =             0 (0.00 %)
Average loss-burst size  =      0.000000 pkt
----------------------------------------------------------
----------------------------------------------------------
Flow number: 2
From 10.0.0.1:43286
To    10.0.0.2:10002
----------------------------------------------------------
Total time               =     60.602842 s
Total packets            =          7391
Minimum delay            =      0.013340 s
Maximum delay            =     45.629676 s
Average delay            =     22.810108 s
Average jitter           =      0.008119 s
Delay standard deviation =     12.937068 s
Bytes received           =       2217300
Average bitrate          =    292.699144 Kbit/s
Average packet rate      =    121.957977 pkt/s
Packets dropped          =             0 (0.00 %)
Average loss-burst size  =      0.000000 pkt
----------------------------------------------------------
----------------------------------------------------------
Flow number: 3
From 10.0.0.1:42923
To    10.0.0.2:10003
----------------------------------------------------------
Total time               =     60.528591 s
Total packets            =          7393
Minimum delay            =      0.079467 s
Maximum delay            =     45.633184 s
Average delay            =     22.813818 s
Average jitter           =      0.008508 s
Delay standard deviation =     12.936264 s
Bytes received           =       2217900
Average bitrate          =    293.137503 Kbit/s
Average packet rate      =    122.140626 pkt/s
Packets dropped          =             0 (0.00 %)
Average loss-burst size  =      0.000000 pkt
----------------------------------------------------------

__________________________________________________________
****************  TOTAL RESULTS   ******************
__________________________________________________________
Number of flows          =             3
Total time               =     60.630373 s
Total packets            =         22173
Minimum delay            =      0.000096 s
Maximum delay            =     45.633184 s
Average delay            =     22.807775 s
Average jitter           =      0.012929 s
Delay standard deviation =     12.936143 s
Bytes received           =       6651900
Average bitrate          =    877.698707 Kbit/s
Average packet rate      =    365.707795 pkt/s
Packets dropped          =             0 (0.00 %)
Average loss-burst size  =             0 pkt
Error lines              =             0
----------------------------------------------------------
