ITGDec version 2.8.1 (r1023)
Compile-time options: bursty multiport
----------------------------------------------------------
Flow number: 2
From 10.0.0.1:37243
To    10.0.0.2:10002
----------------------------------------------------------
Total time               =     60.663992 s
Total packets            =          7399
Minimum delay            =      0.000047 s
Maximum delay            =     45.670124 s
Average delay            =     22.817982 s
Average jitter           =      0.008073 s
Delay standard deviation =     12.949227 s
Bytes received           =       2219700
Average bitrate          =    292.720598 Kbit/s
Average packet rate      =    121.966916 pkt/s
Packets dropped          =             0 (0.00 %)
Average loss-burst size  =      0.000000 pkt
----------------------------------------------------------
----------------------------------------------------------
Flow number: 3
From 10.0.0.1:43704
To    10.0.0.2:10003
----------------------------------------------------------
Total time               =     60.640605 s
Total packets            =          7396
Minimum delay            =      0.017510 s
Maximum delay            =     45.674641 s
Average delay            =     22.831624 s
Average jitter           =      0.008175 s
Delay standard deviation =     12.949133 s
Bytes received           =       2218800
Average bitrate          =    292.714758 Kbit/s
Average packet rate      =    121.964482 pkt/s
Packets dropped          =             0 (0.00 %)
Average loss-burst size  =      0.000000 pkt
----------------------------------------------------------
----------------------------------------------------------
Flow number: 1
From 10.0.0.1:35291
To    10.0.0.2:10001
----------------------------------------------------------
Total time               =     60.596046 s
Total packets            =          7395
Minimum delay            =      0.059878 s
Maximum delay            =     45.678818 s
Average delay            =     22.835823 s
Average jitter           =      0.008521 s
Delay standard deviation =     12.946021 s
Bytes received           =       2218500
Average bitrate          =    292.890398 Kbit/s
Average packet rate      =    122.037666 pkt/s
Packets dropped          =             0 (0.00 %)
Average loss-burst size  =      0.000000 pkt
----------------------------------------------------------

__________________________________________________________
****************  TOTAL RESULTS   ******************
__________________________________________________________
Number of flows          =             3
Total time               =     60.674928 s
Total packets            =         22190
Minimum delay            =      0.000047 s
Maximum delay            =     45.678818 s
Average delay            =     22.828474 s
Average jitter           =      0.012800 s
Delay standard deviation =     12.948130 s
Bytes received           =       6657000
Average bitrate          =    877.726629 Kbit/s
Average packet rate      =    365.719429 pkt/s
Packets dropped          =             0 (0.00 %)
Average loss-burst size  =             0 pkt
Error lines              =             0
----------------------------------------------------------
