ITGDec version 2.8.1 (r1023)
Compile-time options: bursty multiport
----------------------------------------------------------
Flow number: 2
From 10.0.0.1:52092
To    10.0.0.2:10002
----------------------------------------------------------
Total time               =     37.787646 s
Total packets            =          2681
Minimum delay            =      0.000050 s
Maximum delay            =     25.561312 s
Average delay            =     13.009725 s
Average jitter           =      0.018408 s
Delay standard deviation =      7.146421 s
Bytes received           =        804300
Average bitrate          =    170.277873 Kbit/s
Average packet rate      =     70.949114 pkt/s
Packets dropped          =             0 (0.00 %)
Average loss-burst size  =      0.000000 pkt
----------------------------------------------------------
----------------------------------------------------------
Flow number: 1
From 10.0.0.1:43310
To    10.0.0.2:10001
----------------------------------------------------------
Total time               =     24.496518 s
Total packets            =          1770
Minimum delay            =      0.000072 s
Maximum delay            =     16.052838 s
Average delay            =      8.735510 s
Average jitter           =      0.018044 s
Delay standard deviation =      4.730342 s
Bytes received           =        531000
Average bitrate          =    173.412401 Kbit/s
Average packet rate      =     72.255167 pkt/s
Packets dropped          =             0 (0.00 %)
Average loss-burst size  =      0.000000 pkt
----------------------------------------------------------
----------------------------------------------------------
Flow number: 3
From 10.0.0.1:39568
To    10.0.0.2:10003
----------------------------------------------------------
Total time               =     38.868661 s
Total packets            =          2390
Minimum delay            =      0.004263 s
Maximum delay            =     25.737472 s
Average delay            =     12.939439 s
Average jitter           =      0.020782 s
Delay standard deviation =      7.447006 s
Bytes received           =        717000
Average bitrate          =    147.573903 Kbit/s
Average packet rate      =     61.489126 pkt/s
Packets dropped          =             0 (0.00 %)
Average loss-burst size  =      0.000000 pkt
----------------------------------------------------------

__________________________________________________________
****************  TOTAL RESULTS   ******************
__________________________________________________________
Number of flows          =             3
Total time               =     38.882340 s
Total packets            =          6841
Minimum delay            =      0.000050 s
Maximum delay            =     25.737472 s
Average delay            =     11.879284 s
Average jitter           =      0.031353 s
Delay standard deviation =      6.973524 s
Bytes received           =       2052300
Average bitrate          =    422.258537 Kbit/s
Average packet rate      =    175.941057 pkt/s
Packets dropped          =             0 (0.00 %)
Average loss-burst size  =             0 pkt
Error lines              =             0
----------------------------------------------------------
