ITGDec version 2.8.1 (r1023)
Compile-time options: bursty multiport
----------------------------------------------------------
Flow number: 1
From 10.0.0.1:48797
To    10.0.0.2:10001
----------------------------------------------------------
Total time               =     60.611153 s
Total packets            =          7389
Minimum delay            =      0.000090 s
Maximum delay            =     45.615893 s
Average delay            =     22.790439 s
Average jitter           =      0.008069 s
Delay standard deviation =     12.936188 s
Bytes received           =       2216700
Average bitrate          =    292.579816 Kbit/s
Average packet rate      =    121.908257 pkt/s
Packets dropped          =             0 (0.00 %)
Average loss-burst size  =      0.000000 pkt
----------------------------------------------------------
----------------------------------------------------------
Flow number: 2
From 10.0.0.1:32876
To    10.0.0.2:10002
----------------------------------------------------------
Total time               =     60.598595 s
Total packets            =          7393
Minimum delay            =      0.008421 s
Maximum delay            =     45.617790 s
Average delay            =     22.804954 s
Average jitter           =      0.008102 s
Delay standard deviation =     12.934672 s
Bytes received           =       2217900
Average bitrate          =    292.798868 Kbit/s
Average packet rate      =    121.999528 pkt/s
Packets dropped          =             0 (0.00 %)
Average loss-burst size  =      0.000000 pkt
----------------------------------------------------------
----------------------------------------------------------
Flow number: 3
From 10.0.0.1:46725
To    10.0.0.2:10003
----------------------------------------------------------
Total time               =     60.565339 s
Total packets            =          7387
Minimum delay            =      0.041591 s
Maximum delay            =     45.621876 s
Average delay            =     22.815289 s
Average jitter           =      0.008205 s
Delay standard deviation =     12.932485 s
Bytes received           =       2216100
Average bitrate          =    292.721882 Kbit/s
Average packet rate      =    121.967451 pkt/s
Packets dropped          =             0 (0.00 %)
Average loss-burst size  =      0.000000 pkt
----------------------------------------------------------

__________________________________________________________
****************  TOTAL RESULTS   ******************
__________________________________________________________
Number of flows          =             3
Total time               =     60.619300 s
Total packets            =         22169
Minimum delay            =      0.000090 s
Maximum delay            =     45.621876 s
Average delay            =     22.803560 s
Average jitter           =      0.012794 s
Delay standard deviation =     12.934453 s
Bytes received           =       6650700
Average bitrate          =    877.700666 Kbit/s
Average packet rate      =    365.708611 pkt/s
Packets dropped          =             0 (0.00 %)
Average loss-burst size  =             0 pkt
Error lines              =             0
----------------------------------------------------------
