ITGDec version 2.8.1 (r1023)
Compile-time options: bursty multiport
----------------------------------------------------------
Flow number: 2
From 10.0.0.1:56531
To    10.0.0.2:10002
----------------------------------------------------------
Total time               =     60.622428 s
Total packets            =          7395
Minimum delay            =      0.000073 s
Maximum delay            =     45.627650 s
Average delay            =     22.798258 s
Average jitter           =      0.008067 s
Delay standard deviation =     12.935063 s
Bytes received           =       2218500
Average bitrate          =    292.762936 Kbit/s
Average packet rate      =    121.984557 pkt/s
Packets dropped          =             0 (0.00 %)
Average loss-burst size  =      0.000000 pkt
----------------------------------------------------------
----------------------------------------------------------
Flow number: 1
From 10.0.0.1:55131
To    10.0.0.2:10001
----------------------------------------------------------
Total time               =     60.614028 s
Total packets            =          7388
Minimum delay            =      0.007988 s
Maximum delay            =     45.634789 s
Average delay            =     22.797021 s
Average jitter           =      0.008141 s
Delay standard deviation =     12.936544 s
Bytes received           =       2216400
Average bitrate          =    292.526344 Kbit/s
Average packet rate      =    121.885977 pkt/s
Packets dropped          =             0 (0.00 %)
Average loss-burst size  =      0.000000 pkt
----------------------------------------------------------
----------------------------------------------------------
Flow number: 3
From 10.0.0.1:42408
To    10.0.0.2:10003
----------------------------------------------------------
Total time               =     60.533744 s
Total packets            =          7392
Minimum delay            =      0.078499 s
Maximum delay            =     45.638350 s
Average delay            =     22.812078 s
Average jitter           =      0.008526 s
Delay standard deviation =     12.937714 s
Bytes received           =       2217600
Average bitrate          =    293.072902 Kbit/s
Average packet rate      =    122.113709 pkt/s
Packets dropped          =             0 (0.00 %)
Average loss-burst size  =      0.000000 pkt
----------------------------------------------------------

__________________________________________________________
****************  TOTAL RESULTS   ******************
__________________________________________________________
Number of flows          =             3
Total time               =     60.636097 s
Total packets            =         22175
Minimum delay            =      0.000073 s
Maximum delay            =     45.638350 s
Average delay            =     22.802453 s
Average jitter           =      0.012910 s
Delay standard deviation =     12.936442 s
Bytes received           =       6652500
Average bitrate          =    877.695014 Kbit/s
Average packet rate      =    365.706256 pkt/s
Packets dropped          =             0 (0.00 %)
Average loss-burst size  =             0 pkt
Error lines              =             0
----------------------------------------------------------
