ITGDec version 2.8.1 (r1023)
Compile-time options: bursty multiport
----------------------------------------------------------
Flow number: 1
From 10.0.0.1:52996
To    10.0.0.2:10001
----------------------------------------------------------
Total time               =     20.676519 s
Total packets            =          3347
Minimum delay            =      0.000042 s
Maximum delay            =     10.504602 s
Average delay            =      5.733303 s
Average jitter           =      0.008707 s
Delay standard deviation =      3.264710 s
Bytes received           =       1004100
Average bitrate          =    388.498664 Kbit/s
Average packet rate      =    161.874443 pkt/s
Packets dropped          =             0 (0.00 %)
Average loss-burst size  =      0.000000 pkt
----------------------------------------------------------
----------------------------------------------------------
Flow number: 2
From 10.0.0.1:50054
To    10.0.0.2:10002
----------------------------------------------------------
Total time               =     24.750366 s
Total packets            =          3614
Minimum delay            =      0.000067 s
Maximum delay            =     13.500437 s
Average delay            =      7.094178 s
Average jitter           =      0.009705 s
Delay standard deviation =      3.905959 s
Bytes received           =       1084200
Average bitrate          =    350.443303 Kbit/s
Average packet rate      =    146.018043 pkt/s
Packets dropped          =             0 (0.00 %)
Average loss-burst size  =      0.000000 pkt
----------------------------------------------------------
----------------------------------------------------------
Flow number: 3
From 10.0.0.1:59034
To    10.0.0.2:10003
----------------------------------------------------------
Total time               =     34.039366 s
Total packets            =          3920
Minimum delay            =      0.005700 s
Maximum delay            =     20.249568 s
Average delay            =     10.169596 s
Average jitter           =      0.011638 s
Delay standard deviation =      6.380893 s
Bytes received           =       1176000
Average bitrate          =    276.385876 Kbit/s
Average packet rate      =    115.160782 pkt/s
Packets dropped          =             0 (0.00 %)
Average loss-burst size  =      0.000000 pkt
----------------------------------------------------------

__________________________________________________________
****************  TOTAL RESULTS   ******************
__________________________________________________________
Number of flows          =             3
Total time               =     34.057893 s
Total packets            =         10881
Minimum delay            =      0.000042 s
Maximum delay            =     20.249568 s
Average delay            =      7.783525 s
Average jitter           =      0.020178 s
Delay standard deviation =      5.149368 s
Bytes received           =       3264300
Average bitrate          =    766.764990 Kbit/s
Average packet rate      =    319.485413 pkt/s
Packets dropped          =             0 (0.00 %)
Average loss-burst size  =             0 pkt
Error lines              =             0
----------------------------------------------------------
