ITGDec version 2.8.1 (r1023)
Compile-time options: bursty multiport
----------------------------------------------------------
Flow number: 2
From 10.0.0.1:50096
To    10.0.0.2:10002
----------------------------------------------------------
Total time               =     50.476101 s
Total packets            =           889
Minimum delay            =      0.032523 s
Maximum delay            =     41.576375 s
Average delay            =     21.793408 s
Average jitter           =      0.066665 s
Delay standard deviation =     12.713342 s
Bytes received           =        266700
Average bitrate          =     42.269509 Kbit/s
Average packet rate      =     17.612295 pkt/s
Packets dropped          =             0 (0.00 %)
Average loss-burst size  =      0.000000 pkt
----------------------------------------------------------
----------------------------------------------------------
Flow number: 1
From 10.0.0.1:53042
To    10.0.0.2:10001
----------------------------------------------------------
Total time               =     28.814010 s
Total packets            =           522
Minimum delay            =      0.180584 s
Maximum delay            =     21.103109 s
Average delay            =     11.820400 s
Average jitter           =      0.066001 s
Delay standard deviation =      5.860503 s
Bytes received           =        156600
Average bitrate          =     43.478849 Kbit/s
Average packet rate      =     18.116187 pkt/s
Packets dropped          =             0 (0.00 %)
Average loss-burst size  =      0.000000 pkt
----------------------------------------------------------
----------------------------------------------------------
Flow number: 3
From 10.0.0.1:59078
To    10.0.0.2:10003
----------------------------------------------------------
Total time               =     26.839603 s
Total packets            =           238
Minimum delay            =      5.625665 s
Maximum delay            =     32.209438 s
Average delay            =     20.517051 s
Average jitter           =      0.114058 s
Delay standard deviation =      9.610072 s
Bytes received           =         71400
Average bitrate          =     21.281984 Kbit/s
Average packet rate      =      8.867493 pkt/s
Packets dropped          =             0 (0.00 %)
Average loss-burst size  =      0.000000 pkt
----------------------------------------------------------

__________________________________________________________
****************  TOTAL RESULTS   ******************
__________________________________________________________
Number of flows          =             3
Total time               =     50.476101 s
Total packets            =          1649
Minimum delay            =      0.032523 s
Maximum delay            =     41.576375 s
Average delay            =     18.452181 s
Average jitter           =      0.128663 s
Delay standard deviation =     11.484530 s
Bytes received           =        494700
Average bitrate          =     78.405422 Kbit/s
Average packet rate      =     32.668926 pkt/s
Packets dropped          =             0 (0.00 %)
Average loss-burst size  =             0 pkt
Error lines              =             0
----------------------------------------------------------
