ITGDec version 2.8.1 (r1023)
Compile-time options: bursty multiport
----------------------------------------------------------
Flow number: 2
From 10.0.0.1:50138
To    10.0.0.2:10002
----------------------------------------------------------
Total time               =     55.228548 s
Total packets            =          1009
Minimum delay            =      0.032207 s
Maximum delay            =     43.362214 s
Average delay            =     23.181226 s
Average jitter           =      0.066352 s
Delay standard deviation =     12.617949 s
Bytes received           =        302700
Average bitrate          =     43.846889 Kbit/s
Average packet rate      =     18.269537 pkt/s
Packets dropped          =             0 (0.00 %)
Average loss-burst size  =      0.000000 pkt
----------------------------------------------------------
----------------------------------------------------------
Flow number: 1
From 10.0.0.1:53084
To    10.0.0.2:10001
----------------------------------------------------------
Total time               =     31.720866 s
Total packets            =           570
Minimum delay            =      0.179559 s
Maximum delay            =     24.083717 s
Average delay            =     12.940759 s
Average jitter           =      0.066671 s
Delay standard deviation =      6.753370 s
Bytes received           =        171000
Average bitrate          =     43.126187 Kbit/s
Average packet rate      =     17.969245 pkt/s
Packets dropped          =             0 (0.00 %)
Average loss-burst size  =      0.000000 pkt
----------------------------------------------------------
----------------------------------------------------------
Flow number: 3
From 10.0.0.1:59120
To    10.0.0.2:10003
----------------------------------------------------------
Total time               =     26.955051 s
Total packets            =           238
Minimum delay            =      5.383984 s
Maximum delay            =     32.082234 s
Average delay            =     20.319188 s
Average jitter           =      0.114546 s
Delay standard deviation =      9.659077 s
Bytes received           =         71400
Average bitrate          =     21.190834 Kbit/s
Average packet rate      =      8.829514 pkt/s
Packets dropped          =             0 (0.00 %)
Average loss-burst size  =      0.000000 pkt
----------------------------------------------------------

__________________________________________________________
****************  TOTAL RESULTS   ******************
__________________________________________________________
Number of flows          =             3
Total time               =     55.228548 s
Total packets            =          1817
Minimum delay            =      0.032207 s
Maximum delay            =     43.362214 s
Average delay            =     19.593867 s
Average jitter           =      0.123911 s
Delay standard deviation =     11.663686 s
Bytes received           =        545100
Average bitrate          =     78.959164 Kbit/s
Average packet rate      =     32.899652 pkt/s
Packets dropped          =             0 (0.00 %)
Average loss-burst size  =             0 pkt
Error lines              =             0
----------------------------------------------------------
