ITGDec version 2.8.1 (r1023)
Compile-time options: bursty multiport
----------------------------------------------------------
Flow number: 2
From 10.0.0.1:51160
To    10.0.0.2:10002
----------------------------------------------------------
Total time               =     27.550294 s
Total packets            =           466
Minimum delay            =      0.028273 s
Maximum delay            =     22.880062 s
Average delay            =     12.895037 s
Average jitter           =      0.069115 s
Delay standard deviation =      7.053178 s
Bytes received           =        139800
Average bitrate          =     40.594848 Kbit/s
Average packet rate      =     16.914520 pkt/s
Packets dropped          =             0 (0.00 %)
Average loss-burst size  =      0.000000 pkt
----------------------------------------------------------
----------------------------------------------------------
Flow number: 1
From 10.0.0.1:42378
To    10.0.0.2:10001
----------------------------------------------------------
Total time               =     44.512333 s
Total packets            =           657
Minimum delay            =      0.057846 s
Maximum delay            =     33.673228 s
Average delay            =     16.966892 s
Average jitter           =      0.084220 s
Delay standard deviation =      9.183503 s
Bytes received           =        197100
Average bitrate          =     35.423890 Kbit/s
Average packet rate      =     14.759954 pkt/s
Packets dropped          =             0 (0.00 %)
Average loss-burst size  =      0.000000 pkt
----------------------------------------------------------
----------------------------------------------------------
Flow number: 3
From 10.0.0.1:38636
To    10.0.0.2:10003
----------------------------------------------------------
Total time               =     30.082322 s
Total packets            =           382
Minimum delay            =      2.842147 s
Maximum delay            =     29.035283 s
Average delay            =     18.117347 s
Average jitter           =      0.091701 s
Delay standard deviation =      8.408799 s
Bytes received           =        114600
Average bitrate          =     30.476371 Kbit/s
Average packet rate      =     12.698488 pkt/s
Packets dropped          =             0 (0.00 %)
Average loss-burst size  =      0.000000 pkt
----------------------------------------------------------

__________________________________________________________
****************  TOTAL RESULTS   ******************
__________________________________________________________
Number of flows          =             3
Total time               =     44.546896 s
Total packets            =          1505
Minimum delay            =      0.028273 s
Maximum delay            =     33.673228 s
Average delay            =     15.998114 s
Average jitter           =      0.120373 s
Delay standard deviation =      8.642831 s
Bytes received           =        451500
Average bitrate          =     81.083091 Kbit/s
Average packet rate      =     33.784621 pkt/s
Packets dropped          =             0 (0.00 %)
Average loss-burst size  =             0 pkt
Error lines              =             0
----------------------------------------------------------
