ITGDec version 2.8.1 (r1023)
Compile-time options: bursty multiport
----------------------------------------------------------
Flow number: 3
From 10.0.0.1:39890
To    10.0.0.2:10003
----------------------------------------------------------
Total time               =     23.839805 s
Total packets            =          3306
Minimum delay            =      0.000051 s
Maximum delay            =     13.977301 s
Average delay            =      7.346469 s
Average jitter           =      0.009526 s
Delay standard deviation =      4.433032 s
Bytes received           =        991800
Average bitrate          =    332.821514 Kbit/s
Average packet rate      =    138.675631 pkt/s
Packets dropped          =             0 (0.00 %)
Average loss-burst size  =      0.000000 pkt
----------------------------------------------------------
----------------------------------------------------------
Flow number: 1
From 10.0.0.1:43636
To    10.0.0.2:10001
----------------------------------------------------------
Total time               =     31.795346 s
Total packets            =          4520
Minimum delay            =      0.000054 s
Maximum delay            =     19.068468 s
Average delay            =      9.683718 s
Average jitter           =      0.009427 s
Delay standard deviation =      5.820328 s
Bytes received           =       1356000
Average bitrate          =    341.182008 Kbit/s
Average packet rate      =    142.159170 pkt/s
Packets dropped          =             0 (0.00 %)
Average loss-burst size  =      0.000000 pkt
----------------------------------------------------------
----------------------------------------------------------
Flow number: 2
From 10.0.0.1:52422
To    10.0.0.2:10002
----------------------------------------------------------
Total time               =     34.625285 s
Total packets            =          4482
Minimum delay            =      0.037150 s
Maximum delay            =     20.951524 s
Average delay            =      9.349083 s
Average jitter           =      0.010551 s
Delay standard deviation =      5.729465 s
Bytes received           =       1344600
Average bitrate          =    310.663147 Kbit/s
Average packet rate      =    129.442978 pkt/s
Packets dropped          =             0 (0.00 %)
Average loss-burst size  =      0.000000 pkt
----------------------------------------------------------

__________________________________________________________
****************  TOTAL RESULTS   ******************
__________________________________________________________
Number of flows          =             3
Total time               =     34.682935 s
Total packets            =         12308
Minimum delay            =      0.000051 s
Maximum delay            =     20.951524 s
Average delay            =      8.934061 s
Average jitter           =      0.018591 s
Delay standard deviation =      5.533480 s
Bytes received           =       3692400
Average bitrate          =    851.692626 Kbit/s
Average packet rate      =    354.871928 pkt/s
Packets dropped          =             0 (0.00 %)
Average loss-burst size  =             0 pkt
Error lines              =             0
----------------------------------------------------------
