ITGDec version 2.8.1 (r1023)
Compile-time options: bursty multiport
----------------------------------------------------------
Flow number: 3
From 10.0.0.1:59388
To    10.0.0.2:10003
----------------------------------------------------------
Total time               =     34.530175 s
Total packets            =          4484
Minimum delay            =      0.000050 s
Maximum delay            =     20.608408 s
Average delay            =     10.435643 s
Average jitter           =      0.010510 s
Delay standard deviation =      5.975596 s
Bytes received           =       1345200
Average bitrate          =    311.657847 Kbit/s
Average packet rate      =    129.857436 pkt/s
Packets dropped          =             0 (0.00 %)
Average loss-burst size  =      0.000000 pkt
----------------------------------------------------------
----------------------------------------------------------
Flow number: 1
From 10.0.0.1:53356
To    10.0.0.2:10001
----------------------------------------------------------
Total time               =     23.957334 s
Total packets            =          3337
Minimum delay            =      0.000078 s
Maximum delay            =     14.105604 s
Average delay            =      6.695416 s
Average jitter           =      0.009873 s
Delay standard deviation =      3.810314 s
Bytes received           =       1001100
Average bitrate          =    334.294292 Kbit/s
Average packet rate      =    139.289288 pkt/s
Packets dropped          =             0 (0.00 %)
Average loss-burst size  =      0.000000 pkt
----------------------------------------------------------
----------------------------------------------------------
Flow number: 2
From 10.0.0.1:50414
To    10.0.0.2:10002
----------------------------------------------------------
Total time               =     35.548129 s
Total packets            =          4707
Minimum delay            =      0.001940 s
Maximum delay            =     21.594344 s
Average delay            =     10.377286 s
Average jitter           =      0.010097 s
Delay standard deviation =      6.110899 s
Bytes received           =       1412100
Average bitrate          =    317.788877 Kbit/s
Average packet rate      =    132.412032 pkt/s
Packets dropped          =             0 (0.00 %)
Average loss-burst size  =      0.000000 pkt
----------------------------------------------------------

__________________________________________________________
****************  TOTAL RESULTS   ******************
__________________________________________________________
Number of flows          =             3
Total time               =     35.560716 s
Total packets            =         12528
Minimum delay            =      0.000050 s
Maximum delay            =     21.594344 s
Average delay            =      9.417458 s
Average jitter           =      0.017440 s
Delay standard deviation =      5.776587 s
Bytes received           =       3758400
Average bitrate          =    845.517284 Kbit/s
Average packet rate      =    352.298868 pkt/s
Packets dropped          =             0 (0.00 %)
Average loss-burst size  =             0 pkt
Error lines              =             0
----------------------------------------------------------
