ITGDec version 2.8.1 (r1023)
Compile-time options: bursty multiport
----------------------------------------------------------
Flow number: 2
From 10.0.0.1:49996
To    10.0.0.2:10002
----------------------------------------------------------
Total time               =     44.526452 s
Total packets            =          1707
Minimum delay            =      0.000396 s
Maximum delay            =     32.679767 s
Average delay            =     17.100260 s
Average jitter           =      0.032798 s
Delay standard deviation =      9.539615 s
Bytes received           =        512100
Average bitrate          =     92.008229 Kbit/s
Average packet rate      =     38.336762 pkt/s
Packets dropped          =             0 (0.00 %)
Average loss-burst size  =      0.000000 pkt
----------------------------------------------------------
----------------------------------------------------------
Flow number: 1
From 10.0.0.1:52942
To    10.0.0.2:10001
----------------------------------------------------------
Total time               =     46.400079 s
Total packets            =          1822
Minimum delay            =      0.020380 s
Maximum delay            =     34.384982 s
Average delay            =     16.654602 s
Average jitter           =      0.031842 s
Delay standard deviation =      9.814956 s
Bytes received           =        546600
Average bitrate          =     94.241219 Kbit/s
Average packet rate      =     39.267175 pkt/s
Packets dropped          =             0 (0.00 %)
Average loss-burst size  =      0.000000 pkt
----------------------------------------------------------
----------------------------------------------------------
Flow number: 3
From 10.0.0.1:58978
To    10.0.0.2:10003
----------------------------------------------------------
Total time               =     22.202524 s
Total packets            =           600
Minimum delay            =      2.240689 s
Maximum delay            =     16.359719 s
Average delay            =     10.726195 s
Average jitter           =      0.047367 s
Delay standard deviation =      4.210951 s
Bytes received           =        180000
Average bitrate          =     64.857491 Kbit/s
Average packet rate      =     27.023955 pkt/s
Packets dropped          =             0 (0.00 %)
Average loss-burst size  =      0.000000 pkt
----------------------------------------------------------

__________________________________________________________
****************  TOTAL RESULTS   ******************
__________________________________________________________
Number of flows          =             3
Total time               =     46.422587 s
Total packets            =          4129
Minimum delay            =      0.000396 s
Maximum delay            =     34.384982 s
Average delay            =     15.977366 s
Average jitter           =      0.059660 s
Delay standard deviation =      9.350885 s
Bytes received           =       1238700
Average bitrate          =    213.465053 Kbit/s
Average packet rate      =     88.943772 pkt/s
Packets dropped          =             0 (0.00 %)
Average loss-burst size  =             0 pkt
Error lines              =             0
----------------------------------------------------------
