ITGDec version 2.8.1 (r1023)
Compile-time options: bursty multiport
----------------------------------------------------------
Flow number: 3
From 10.0.0.1:59174
To    10.0.0.2:10003
----------------------------------------------------------
Total time               =     43.509315 s
Total packets            =          1456
Minimum delay            =      0.000059 s
Maximum delay            =     31.963624 s
Average delay            =     16.091320 s
Average jitter           =      0.037583 s
Delay standard deviation =      8.714390 s
Bytes received           =        436800
Average bitrate          =     80.313836 Kbit/s
Average packet rate      =     33.464098 pkt/s
Packets dropped          =             0 (0.00 %)
Average loss-burst size  =      0.000000 pkt
----------------------------------------------------------
----------------------------------------------------------
Flow number: 2
From 10.0.0.1:50194
To    10.0.0.2:10002
----------------------------------------------------------
Total time               =     45.554711 s
Total packets            =          1556
Minimum delay            =      0.000068 s
Maximum delay            =     32.661917 s
Average delay            =     17.093345 s
Average jitter           =      0.037331 s
Delay standard deviation =      9.431216 s
Bytes received           =        466800
Average bitrate          =     81.976154 Kbit/s
Average packet rate      =     34.156731 pkt/s
Packets dropped          =             0 (0.00 %)
Average loss-burst size  =      0.000000 pkt
----------------------------------------------------------
----------------------------------------------------------
Flow number: 1
From 10.0.0.1:53142
To    10.0.0.2:10001
----------------------------------------------------------
Total time               =     27.802882 s
Total packets            =           918
Minimum delay            =      0.126942 s
Maximum delay            =     22.943287 s
Average delay            =     11.121940 s
Average jitter           =      0.033798 s
Delay standard deviation =      6.642773 s
Bytes received           =        275400
Average bitrate          =     79.243583 Kbit/s
Average packet rate      =     33.018160 pkt/s
Packets dropped          =             0 (0.00 %)
Average loss-burst size  =      0.000000 pkt
----------------------------------------------------------

__________________________________________________________
****************  TOTAL RESULTS   ******************
__________________________________________________________
Number of flows          =             3
Total time               =     45.554711 s
Total packets            =          3930
Minimum delay            =      0.000059 s
Maximum delay            =     32.661917 s
Average delay            =     15.327264 s
Average jitter           =      0.062580 s
Delay standard deviation =      8.901757 s
Bytes received           =       1179000
Average bitrate          =    207.047741 Kbit/s
Average packet rate      =     86.269892 pkt/s
Packets dropped          =             0 (0.00 %)
Average loss-burst size  =             0 pkt
Error lines              =             0
----------------------------------------------------------
