ITGDec version 2.8.1 (r1023)
Compile-time options: bursty multiport
----------------------------------------------------------
Flow number: 2
From 10.0.0.1:38655
To    10.0.0.2:10002
----------------------------------------------------------
Total time               =     89.436897 s
Total packets            =          5374
Minimum delay            =      0.000106 s
Maximum delay            =     74.441186 s
Average delay            =     35.658928 s
Average jitter           =      0.016453 s
Delay standard deviation =     21.033624 s
Bytes received           =       1612200
Average bitrate          =    144.208939 Kbit/s
Average packet rate      =     60.087058 pkt/s
Packets dropped          =          2055 (27.66 %)
Average loss-burst size  =      7.813688 pkt
----------------------------------------------------------
----------------------------------------------------------
Flow number: 3
From 10.0.0.1:44855
To    10.0.0.2:10003
----------------------------------------------------------
Total time               =     89.418249 s
Total packets            =          5643
Minimum delay            =      0.019665 s
Maximum delay            =     74.446544 s
Average delay            =     38.092886 s
Average jitter           =      0.015709 s
Delay standard deviation =     21.787673 s
Bytes received           =       1692900
Average bitrate          =    151.459016 Kbit/s
Average packet rate      =     63.107923 pkt/s
Packets dropped          =          1784 (24.02 %)
Average loss-burst size  =      7.527426 pkt
----------------------------------------------------------
----------------------------------------------------------
Flow number: 1
From 10.0.0.1:59875
To    10.0.0.2:10001
----------------------------------------------------------
Total time               =     88.782247 s
Total packets            =          5471
Minimum delay            =      1.238224 s
Maximum delay            =     75.021913 s
Average delay            =     38.817025 s
Average jitter           =      0.016036 s
Delay standard deviation =     21.415517 s
Bytes received           =       1641300
Average bitrate          =    147.894432 Kbit/s
Average packet rate      =     61.622680 pkt/s
Packets dropped          =          1966 (26.44 %)
Average loss-burst size  =      8.090535 pkt
----------------------------------------------------------

__________________________________________________________
****************  TOTAL RESULTS   ******************
__________________________________________________________
Number of flows          =             3
Total time               =     90.159166 s
Total packets            =         16488
Minimum delay            =      0.000106 s
Maximum delay            =     75.021913 s
Average delay            =     37.539858 s
Average jitter           =      0.024578 s
Delay standard deviation =     21.462583 s
Bytes received           =       4946400
Average bitrate          =    438.903794 Kbit/s
Average packet rate      =    182.876581 pkt/s
Packets dropped          =          5805 (26.04 %)
Average loss-burst size  =      7.812921 pkt
Error lines              =             0
----------------------------------------------------------
