ITGDec version 2.8.1 (r1023)
Compile-time options: bursty multiport
----------------------------------------------------------
Flow number: 3
From 10.0.0.1:39858
To    10.0.0.2:10003
----------------------------------------------------------
Total time               =     24.003250 s
Total packets            =          3309
Minimum delay            =      0.000036 s
Maximum delay            =     13.993109 s
Average delay            =      7.081616 s
Average jitter           =      0.010080 s
Delay standard deviation =      4.202030 s
Bytes received           =        992700
Average bitrate          =    330.855197 Kbit/s
Average packet rate      =    137.856332 pkt/s
Packets dropped          =             0 (0.00 %)
Average loss-burst size  =      0.000000 pkt
----------------------------------------------------------
----------------------------------------------------------
Flow number: 2
From 10.0.0.1:52388
To    10.0.0.2:10002
----------------------------------------------------------
Total time               =     35.766344 s
Total packets            =          5187
Minimum delay            =      0.000053 s
Maximum delay            =     22.511446 s
Average delay            =     10.630372 s
Average jitter           =      0.009355 s
Delay standard deviation =      6.461250 s
Bytes received           =       1556100
Average bitrate          =    348.059058 Kbit/s
Average packet rate      =    145.024607 pkt/s
Packets dropped          =             0 (0.00 %)
Average loss-burst size  =      0.000000 pkt
----------------------------------------------------------
----------------------------------------------------------
Flow number: 1
From 10.0.0.1:43606
To    10.0.0.2:10001
----------------------------------------------------------
Total time               =     31.133447 s
Total packets            =          4159
Minimum delay            =      0.435476 s
Maximum delay            =     17.830621 s
Average delay            =     10.124554 s
Average jitter           =      0.010364 s
Delay standard deviation =      5.697798 s
Bytes received           =       1247700
Average bitrate          =    320.606967 Kbit/s
Average packet rate      =    133.586236 pkt/s
Packets dropped          =             0 (0.00 %)
Average loss-burst size  =      0.000000 pkt
----------------------------------------------------------

__________________________________________________________
****************  TOTAL RESULTS   ******************
__________________________________________________________
Number of flows          =             3
Total time               =     35.768577 s
Total packets            =         12655
Minimum delay            =      0.000036 s
Maximum delay            =     22.511446 s
Average delay            =      9.536217 s
Average jitter           =      0.018893 s
Delay standard deviation =      5.880279 s
Bytes received           =       3796500
Average bitrate          =    849.125197 Kbit/s
Average packet rate      =    353.802166 pkt/s
Packets dropped          =             0 (0.00 %)
Average loss-burst size  =             0 pkt
Error lines              =             0
----------------------------------------------------------
