ITGDec version 2.8.1 (r1023)
Compile-time options: bursty multiport
----------------------------------------------------------
Flow number: 2
From 10.0.0.1:32787
To    10.0.0.2:10002
----------------------------------------------------------
Total time               =     60.285543 s
Total packets            =          7376
Minimum delay            =      0.000044 s
Maximum delay            =     45.292145 s
Average delay            =     22.536549 s
Average jitter           =      0.008041 s
Delay standard deviation =     12.894765 s
Bytes received           =       2212800
Average bitrate          =    293.642540 Kbit/s
Average packet rate      =    122.351059 pkt/s
Packets dropped          =             0 (0.00 %)
Average loss-burst size  =      0.000000 pkt
----------------------------------------------------------
----------------------------------------------------------
Flow number: 1
From 10.0.0.1:46274
To    10.0.0.2:10001
----------------------------------------------------------
Total time               =     60.270843 s
Total packets            =          7376
Minimum delay            =      0.012554 s
Maximum delay            =     45.296633 s
Average delay            =     22.539539 s
Average jitter           =      0.008283 s
Delay standard deviation =     12.895667 s
Bytes received           =       2212800
Average bitrate          =    293.714160 Kbit/s
Average packet rate      =    122.380900 pkt/s
Packets dropped          =             0 (0.00 %)
Average loss-burst size  =      0.000000 pkt
----------------------------------------------------------
----------------------------------------------------------
Flow number: 3
From 10.0.0.1:35088
To    10.0.0.2:10003
----------------------------------------------------------
Total time               =     60.094156 s
Total packets            =          7376
Minimum delay            =      0.330818 s
Maximum delay            =     45.427245 s
Average delay            =     23.082572 s
Average jitter           =      0.008010 s
Delay standard deviation =     12.891411 s
Bytes received           =       2212800
Average bitrate          =    294.577729 Kbit/s
Average packet rate      =    122.740720 pkt/s
Packets dropped          =             0 (0.00 %)
Average loss-burst size  =      0.000000 pkt
----------------------------------------------------------

__________________________________________________________
****************  TOTAL RESULTS   ******************
__________________________________________________________
Number of flows          =             3
Total time               =     60.507147 s
Total packets            =         22128
Minimum delay            =      0.000044 s
Maximum delay            =     45.427245 s
Average delay            =     22.719553 s
Average jitter           =      0.012593 s
Delay standard deviation =     12.896503 s
Bytes received           =       6638400
Average bitrate          =    877.701274 Kbit/s
Average packet rate      =    365.708864 pkt/s
Packets dropped          =             0 (0.00 %)
Average loss-burst size  =             0 pkt
Error lines              =             0
----------------------------------------------------------
