ITGDec version 2.8.1 (r1023)
Compile-time options: bursty multiport
----------------------------------------------------------
Flow number: 1
From 10.0.0.1:42388
To    10.0.0.2:10001
----------------------------------------------------------
Total time               =     27.863543 s
Total packets            =           435
Minimum delay            =      0.032274 s
Maximum delay            =     23.469951 s
Average delay            =     11.642850 s
Average jitter           =      0.074144 s
Delay standard deviation =      6.725534 s
Bytes received           =        130500
Average bitrate          =     37.468315 Kbit/s
Average packet rate      =     15.611798 pkt/s
Packets dropped          =             0 (0.00 %)
Average loss-burst size  =      0.000000 pkt
----------------------------------------------------------
----------------------------------------------------------
Flow number: 2
From 10.0.0.1:51174
To    10.0.0.2:10002
----------------------------------------------------------
Total time               =     44.219954 s
Total packets            =           710
Minimum delay            =      0.177229 s
Maximum delay            =     34.215244 s
Average delay            =     18.196838 s
Average jitter           =      0.076485 s
Delay standard deviation =      9.773254 s
Bytes received           =        213000
Average bitrate          =     38.534640 Kbit/s
Average packet rate      =     16.056100 pkt/s
Packets dropped          =             0 (0.00 %)
Average loss-burst size  =      0.000000 pkt
----------------------------------------------------------
----------------------------------------------------------
Flow number: 3
From 10.0.0.1:38648
To    10.0.0.2:10003
----------------------------------------------------------
Total time               =     30.566892 s
Total packets            =           382
Minimum delay            =      3.084136 s
Maximum delay            =     29.882594 s
Average delay            =     18.579618 s
Average jitter           =      0.093613 s
Delay standard deviation =      8.512414 s
Bytes received           =        114600
Average bitrate          =     29.993236 Kbit/s
Average packet rate      =     12.497182 pkt/s
Packets dropped          =             0 (0.00 %)
Average loss-burst size  =      0.000000 pkt
----------------------------------------------------------

__________________________________________________________
****************  TOTAL RESULTS   ******************
__________________________________________________________
Number of flows          =             3
Total time               =     44.375649 s
Total packets            =          1527
Minimum delay            =      0.032274 s
Maximum delay            =     34.215244 s
Average delay            =     16.425546 s
Average jitter           =      0.116929 s
Delay standard deviation =      9.195665 s
Bytes received           =        458100
Average bitrate          =     82.585834 Kbit/s
Average packet rate      =     34.410764 pkt/s
Packets dropped          =             0 (0.00 %)
Average loss-burst size  =             0 pkt
Error lines              =             0
----------------------------------------------------------
