ITGDec version 2.8.1 (r1023)
Compile-time options: bursty multiport
----------------------------------------------------------
Flow number: 2
From 10.0.0.1:45505
To    10.0.0.2:10002
----------------------------------------------------------
Total time               =    102.645962 s
Total packets            =          1238
Minimum delay            =      0.005248 s
Maximum delay            =     87.655680 s
Average delay            =     45.628900 s
Average jitter           =      0.082942 s
Delay standard deviation =     23.900382 s
Bytes received           =        371400
Average bitrate          =     28.946097 Kbit/s
Average packet rate      =     12.060874 pkt/s
Packets dropped          =          6142 (83.22 %)
Average loss-burst size  =      6.676087 pkt
----------------------------------------------------------
----------------------------------------------------------
Flow number: 1
From 10.0.0.1:50983
To    10.0.0.2:10001
----------------------------------------------------------
Total time               =    102.600012 s
Total packets            =          1252
Minimum delay            =      0.020423 s
Maximum delay            =     87.631492 s
Average delay            =     42.885746 s
Average jitter           =      0.081755 s
Delay standard deviation =     26.406216 s
Bytes received           =        375600
Average bitrate          =     29.286546 Kbit/s
Average packet rate      =     12.202728 pkt/s
Packets dropped          =          6128 (83.04 %)
Average loss-burst size  =      6.596340 pkt
----------------------------------------------------------
----------------------------------------------------------
Flow number: 3
From 10.0.0.1:36042
To    10.0.0.2:10003
----------------------------------------------------------
Total time               =    102.638029 s
Total packets            =          1274
Minimum delay            =      0.039262 s
Maximum delay            =     87.680573 s
Average delay            =     42.971885 s
Average jitter           =      0.079555 s
Delay standard deviation =     24.954689 s
Bytes received           =        382200
Average bitrate          =     29.790128 Kbit/s
Average packet rate      =     12.412553 pkt/s
Packets dropped          =          6106 (82.74 %)
Average loss-burst size  =      6.393717 pkt
----------------------------------------------------------

__________________________________________________________
****************  TOTAL RESULTS   ******************
__________________________________________________________
Number of flows          =             3
Total time               =    102.673306 s
Total packets            =          3764
Minimum delay            =      0.005248 s
Maximum delay            =     87.680573 s
Average delay            =     43.817140 s
Average jitter           =      0.126042 s
Delay standard deviation =     25.143646 s
Bytes received           =       1129200
Average bitrate          =     87.983921 Kbit/s
Average packet rate      =     36.659967 pkt/s
Packets dropped          =         18376 (83.00 %)
Average loss-burst size  =      6.553495 pkt
Error lines              =             0
----------------------------------------------------------
