ITGDec version 2.8.1 (r1023)
Compile-time options: bursty multiport
----------------------------------------------------------
Flow number: 1
From 10.0.0.1:42368
To    10.0.0.2:10001
----------------------------------------------------------
Total time               =     26.920767 s
Total packets            =           445
Minimum delay            =      0.027611 s
Maximum delay            =     22.241607 s
Average delay            =     11.860003 s
Average jitter           =      0.070978 s
Delay standard deviation =      6.763595 s
Bytes received           =        133500
Average bitrate          =     39.671975 Kbit/s
Average packet rate      =     16.529990 pkt/s
Packets dropped          =             0 (0.00 %)
Average loss-burst size  =      0.000000 pkt
----------------------------------------------------------
----------------------------------------------------------
Flow number: 2
From 10.0.0.1:51154
To    10.0.0.2:10002
----------------------------------------------------------
Total time               =     44.246025 s
Total packets            =           681
Minimum delay            =      0.177595 s
Maximum delay            =     34.124823 s
Average delay            =     17.552246 s
Average jitter           =      0.079967 s
Delay standard deviation =      9.467638 s
Bytes received           =        204300
Average bitrate          =     36.938911 Kbit/s
Average packet rate      =     15.391213 pkt/s
Packets dropped          =             0 (0.00 %)
Average loss-burst size  =      0.000000 pkt
----------------------------------------------------------
----------------------------------------------------------
Flow number: 3
From 10.0.0.1:38628
To    10.0.0.2:10003
----------------------------------------------------------
Total time               =     30.324631 s
Total packets            =           382
Minimum delay            =      2.961010 s
Maximum delay            =     29.515906 s
Average delay            =     18.424047 s
Average jitter           =      0.092654 s
Delay standard deviation =      8.432060 s
Bytes received           =        114600
Average bitrate          =     30.232849 Kbit/s
Average packet rate      =     12.597021 pkt/s
Packets dropped          =             0 (0.00 %)
Average loss-burst size  =      0.000000 pkt
----------------------------------------------------------

__________________________________________________________
****************  TOTAL RESULTS   ******************
__________________________________________________________
Number of flows          =             3
Total time               =     44.401737 s
Total packets            =          1508
Minimum delay            =      0.027611 s
Maximum delay            =     34.124823 s
Average delay            =     16.093347 s
Average jitter           =      0.117518 s
Delay standard deviation =      8.922701 s
Bytes received           =        452400
Average bitrate          =     81.510325 Kbit/s
Average packet rate      =     33.962635 pkt/s
Packets dropped          =             0 (0.00 %)
Average loss-burst size  =             0 pkt
Error lines              =             0
----------------------------------------------------------
