ITGDec version 2.8.1 (r1023)
Compile-time options: bursty multiport
----------------------------------------------------------
Flow number: 2
From 10.0.0.1:55130
To    10.0.0.2:10002
----------------------------------------------------------
Total time               =     23.124129 s
Total packets            =          4211
Minimum delay            =      0.000066 s
Maximum delay            =     11.924866 s
Average delay            =      5.946006 s
Average jitter           =      0.007880 s
Delay standard deviation =      3.531744 s
Bytes received           =       1263300
Average bitrate          =    437.049975 Kbit/s
Average packet rate      =    182.104156 pkt/s
Packets dropped          =             0 (0.00 %)
Average loss-burst size  =      0.000000 pkt
----------------------------------------------------------
----------------------------------------------------------
Flow number: 3
From 10.0.0.1:50448
To    10.0.0.2:10003
----------------------------------------------------------
Total time               =     24.510463 s
Total packets            =          4100
Minimum delay            =      0.028772 s
Maximum delay            =     13.485684 s
Average delay            =      6.277350 s
Average jitter           =      0.008402 s
Delay standard deviation =      3.780947 s
Bytes received           =       1230000
Average bitrate          =    401.461205 Kbit/s
Average packet rate      =    167.275502 pkt/s
Packets dropped          =             0 (0.00 %)
Average loss-burst size  =      0.000000 pkt
----------------------------------------------------------
----------------------------------------------------------
Flow number: 1
From 10.0.0.1:48540
To    10.0.0.2:10001
----------------------------------------------------------
Total time               =     32.663974 s
Total packets            =          1961
Minimum delay            =      0.113445 s
Maximum delay            =     20.953533 s
Average delay            =     10.386980 s
Average jitter           =      0.022465 s
Delay standard deviation =      6.612820 s
Bytes received           =        588300
Average bitrate          =    144.085346 Kbit/s
Average packet rate      =     60.035561 pkt/s
Packets dropped          =             0 (0.00 %)
Average loss-burst size  =      0.000000 pkt
----------------------------------------------------------

__________________________________________________________
****************  TOTAL RESULTS   ******************
__________________________________________________________
Number of flows          =             3
Total time               =     32.803777 s
Total packets            =         10272
Minimum delay            =      0.000066 s
Maximum delay            =     20.953533 s
Average delay            =      6.926074 s
Average jitter           =      0.017426 s
Delay standard deviation =      4.692125 s
Bytes received           =       3081600
Average bitrate          =    751.523216 Kbit/s
Average packet rate      =    313.134673 pkt/s
Packets dropped          =             0 (0.00 %)
Average loss-burst size  =             0 pkt
Error lines              =             0
----------------------------------------------------------
