ITGDec version 2.8.1 (r1023)
Compile-time options: bursty multiport
----------------------------------------------------------
Flow number: 2
From 10.0.0.1:35179
To    10.0.0.2:10002
----------------------------------------------------------
Total time               =    102.652495 s
Total packets            =          1311
Minimum delay            =      0.006983 s
Maximum delay            =     87.662049 s
Average delay            =     42.580737 s
Average jitter           =      0.077497 s
Delay standard deviation =     25.213634 s
Bytes received           =        393300
Average bitrate          =     30.650984 Kbit/s
Average packet rate      =     12.771243 pkt/s
Packets dropped          =          5991 (82.05 %)
Average loss-burst size  =      6.076065 pkt
----------------------------------------------------------
----------------------------------------------------------
Flow number: 1
From 10.0.0.1:49479
To    10.0.0.2:10001
----------------------------------------------------------
Total time               =    102.576651 s
Total packets            =          1209
Minimum delay            =      0.023645 s
Maximum delay            =     87.612796 s
Average delay            =     41.742941 s
Average jitter           =      0.083746 s
Delay standard deviation =     23.931676 s
Bytes received           =        362700
Average bitrate          =     28.287139 Kbit/s
Average packet rate      =     11.786308 pkt/s
Packets dropped          =          6086 (83.43 %)
Average loss-burst size  =      6.869074 pkt
----------------------------------------------------------
----------------------------------------------------------
Flow number: 3
From 10.0.0.1:54278
To    10.0.0.2:10003
----------------------------------------------------------
Total time               =    102.627759 s
Total packets            =          1244
Minimum delay            =      0.056674 s
Maximum delay            =     87.686103 s
Average delay            =     47.152233 s
Average jitter           =      0.081422 s
Delay standard deviation =     25.875742 s
Bytes received           =        373200
Average bitrate          =     29.091544 Kbit/s
Average packet rate      =     12.121477 pkt/s
Packets dropped          =          6058 (82.96 %)
Average loss-burst size  =      6.479144 pkt
----------------------------------------------------------

__________________________________________________________
****************  TOTAL RESULTS   ******************
__________________________________________________________
Number of flows          =             3
Total time               =    102.679843 s
Total packets            =          3764
Minimum delay            =      0.006983 s
Maximum delay            =     87.686103 s
Average delay            =     43.822513 s
Average jitter           =      0.124027 s
Delay standard deviation =     25.144802 s
Bytes received           =       1129200
Average bitrate          =     87.978319 Kbit/s
Average packet rate      =     36.657633 pkt/s
Packets dropped          =         18135 (82.81 %)
Average loss-burst size  =      6.460634 pkt
Error lines              =             0
----------------------------------------------------------
