ITGDec version 2.8.1 (r1023)
Compile-time options: bursty multiport
----------------------------------------------------------
Flow number: 2
From 10.0.0.1:42512
To    10.0.0.2:10002
----------------------------------------------------------
Total time               =     89.084638 s
Total packets            =          2364
Minimum delay            =      0.018613 s
Maximum delay            =     74.108303 s
Average delay            =     33.932636 s
Average jitter           =      0.037204 s
Delay standard deviation =     22.487284 s
Bytes received           =        709200
Average bitrate          =     63.687748 Kbit/s
Average packet rate      =     26.536562 pkt/s
Packets dropped          =          5034 (68.05 %)
Average loss-burst size  =     18.996226 pkt
----------------------------------------------------------
----------------------------------------------------------
Flow number: 1
From 10.0.0.1:48527
To    10.0.0.2:10001
----------------------------------------------------------
Total time               =     88.961458 s
Total packets            =          2966
Minimum delay            =      0.000624 s
Maximum delay            =     73.981055 s
Average delay            =     36.149417 s
Average jitter           =      0.029617 s
Delay standard deviation =     20.063717 s
Bytes received           =        889800
Average bitrate          =     80.016674 Kbit/s
Average packet rate      =     33.340281 pkt/s
Packets dropped          =          4419 (59.84 %)
Average loss-burst size  =     16.427509 pkt
----------------------------------------------------------
----------------------------------------------------------
Flow number: 3
From 10.0.0.1:37909
To    10.0.0.2:10003
----------------------------------------------------------
Total time               =     89.073128 s
Total packets            =          2826
Minimum delay            =      0.048541 s
Maximum delay            =     74.127966 s
Average delay            =     40.634396 s
Average jitter           =      0.031118 s
Delay standard deviation =     20.689081 s
Bytes received           =        847800
Average bitrate          =     76.144177 Kbit/s
Average packet rate      =     31.726740 pkt/s
Packets dropped          =          4575 (61.82 %)
Average loss-burst size  =     18.447581 pkt
----------------------------------------------------------

__________________________________________________________
****************  TOTAL RESULTS   ******************
__________________________________________________________
Number of flows          =             3
Total time               =     89.125591 s
Total packets            =          8156
Minimum delay            =      0.000624 s
Maximum delay            =     74.127966 s
Average delay            =     37.060903 s
Average jitter           =      0.048833 s
Delay standard deviation =     21.185777 s
Bytes received           =       2446800
Average bitrate          =    219.627155 Kbit/s
Average packet rate      =     91.511315 pkt/s
Packets dropped          =         14028 (63.23 %)
Average loss-burst size  =     17.938619 pkt
Error lines              =             0
----------------------------------------------------------
