ITGDec version 2.8.1 (r1023)
Compile-time options: bursty multiport
----------------------------------------------------------
Flow number: 3
From 10.0.0.1:35040
To    10.0.0.2:10003
----------------------------------------------------------
Total time               =    102.653457 s
Total packets            =          1220
Minimum delay            =      0.026184 s
Maximum delay            =     87.683342 s
Average delay            =     43.726041 s
Average jitter           =      0.083093 s
Delay standard deviation =     26.183514 s
Bytes received           =        366000
Average bitrate          =     28.523150 Kbit/s
Average packet rate      =     11.884646 pkt/s
Packets dropped          =          6179 (83.51 %)
Average loss-burst size  =      6.790110 pkt
----------------------------------------------------------
----------------------------------------------------------
Flow number: 2
From 10.0.0.1:58517
To    10.0.0.2:10002
----------------------------------------------------------
Total time               =    102.458960 s
Total packets            =          1152
Minimum delay            =      0.004358 s
Maximum delay            =     87.486124 s
Average delay            =     43.094773 s
Average jitter           =      0.087849 s
Delay standard deviation =     24.744778 s
Bytes received           =        345600
Average bitrate          =     26.984463 Kbit/s
Average packet rate      =     11.243526 pkt/s
Packets dropped          =          6230 (84.39 %)
Average loss-burst size  =      7.533253 pkt
----------------------------------------------------------
----------------------------------------------------------
Flow number: 1
From 10.0.0.1:41447
To    10.0.0.2:10001
----------------------------------------------------------
Total time               =    102.604496 s
Total packets            =          1392
Minimum delay            =      0.023623 s
Maximum delay            =     87.633986 s
Average delay            =     44.505022 s
Average jitter           =      0.072784 s
Delay standard deviation =     24.513296 s
Bytes received           =        417600
Average bitrate          =     32.559977 Kbit/s
Average packet rate      =     13.566657 pkt/s
Packets dropped          =          6002 (81.17 %)
Average loss-burst size  =      5.588454 pkt
----------------------------------------------------------

__________________________________________________________
****************  TOTAL RESULTS   ******************
__________________________________________________________
Number of flows          =             3
Total time               =    102.677842 s
Total packets            =          3764
Minimum delay            =      0.004358 s
Maximum delay            =     87.683342 s
Average delay            =     43.820919 s
Average jitter           =      0.124583 s
Delay standard deviation =     25.143068 s
Bytes received           =       1129200
Average bitrate          =     87.980034 Kbit/s
Average packet rate      =     36.658347 pkt/s
Packets dropped          =         18411 (83.03 %)
Average loss-burst size  =      6.549626 pkt
Error lines              =             0
----------------------------------------------------------
