ITGDec version 2.8.1 (r1023)
Compile-time options: bursty multiport
----------------------------------------------------------
Flow number: 2
From 10.0.0.1:54980
To    10.0.0.2:10002
----------------------------------------------------------
Total time               =     38.244351 s
Total packets            =          3419
Minimum delay            =      0.000086 s
Maximum delay            =     25.230169 s
Average delay            =     12.501712 s
Average jitter           =      0.014567 s
Delay standard deviation =      7.195281 s
Bytes received           =       1025700
Average bitrate          =    214.557177 Kbit/s
Average packet rate      =     89.398824 pkt/s
Packets dropped          =             0 (0.00 %)
Average loss-burst size  =      0.000000 pkt
----------------------------------------------------------
----------------------------------------------------------
Flow number: 1
From 10.0.0.1:48396
To    10.0.0.2:10001
----------------------------------------------------------
Total time               =     26.246507 s
Total packets            =          2302
Minimum delay            =      0.011298 s
Maximum delay            =     17.441849 s
Average delay            =      8.616165 s
Average jitter           =      0.014855 s
Delay standard deviation =      4.517028 s
Bytes received           =        690600
Average bitrate          =    210.496582 Kbit/s
Average packet rate      =     87.706909 pkt/s
Packets dropped          =             0 (0.00 %)
Average loss-burst size  =      0.000000 pkt
----------------------------------------------------------
----------------------------------------------------------
Flow number: 3
From 10.0.0.1:50298
To    10.0.0.2:10003
----------------------------------------------------------
Total time               =     38.370772 s
Total packets            =           972
Minimum delay            =      0.920012 s
Maximum delay            =     26.046987 s
Average delay            =     13.396448 s
Average jitter           =      0.052963 s
Delay standard deviation =      7.332482 s
Bytes received           =        291600
Average bitrate          =     60.796275 Kbit/s
Average packet rate      =     25.331781 pkt/s
Packets dropped          =             0 (0.00 %)
Average loss-burst size  =      0.000000 pkt
----------------------------------------------------------

__________________________________________________________
****************  TOTAL RESULTS   ******************
__________________________________________________________
Number of flows          =             3
Total time               =     39.359757 s
Total packets            =          6693
Minimum delay            =      0.000086 s
Maximum delay            =     26.046987 s
Average delay            =     11.295251 s
Average jitter           =      0.032467 s
Delay standard deviation =      6.717586 s
Bytes received           =       2007900
Average bitrate          =    408.112276 Kbit/s
Average packet rate      =    170.046782 pkt/s
Packets dropped          =             0 (0.00 %)
Average loss-burst size  =             0 pkt
Error lines              =             0
----------------------------------------------------------
