ITGDec version 2.8.1 (r1023)
Compile-time options: bursty multiport
----------------------------------------------------------
Flow number: 2
From 10.0.0.1:33623
To    10.0.0.2:10002
----------------------------------------------------------
Total time               =  86399.991776 s
Total packets            =          7393
Minimum delay            = -86372.078353 s
Maximum delay            =     28.200715 s
Average delay            = -33179.385061 s
Average jitter           =     11.696352 s
Delay standard deviation =  42016.252513 s
Bytes received           =       2217900
Average bitrate          =      0.205361 Kbit/s
Average packet rate      =      0.085567 pkt/s
Packets dropped          =             0 (0.00 %)
Average loss-burst size  =      0.000000 pkt
----------------------------------------------------------
----------------------------------------------------------
Flow number: 3
From 10.0.0.1:47339
To    10.0.0.2:10003
----------------------------------------------------------
Total time               =  86399.991815 s
Total packets            =          7394
Minimum delay            = -86372.071262 s
Maximum delay            =     28.203395 s
Average delay            = -33151.529422 s
Average jitter           =     11.694798 s
Delay standard deviation =  42009.615117 s
Bytes received           =       2218200
Average bitrate          =      0.205389 Kbit/s
Average packet rate      =      0.085579 pkt/s
Packets dropped          =             0 (0.00 %)
Average loss-burst size  =      0.000000 pkt
----------------------------------------------------------
----------------------------------------------------------
Flow number: 1
From 10.0.0.1:53687
To    10.0.0.2:10001
----------------------------------------------------------
Total time               =  86399.991825 s
Total packets            =          7396
Minimum delay            = -86371.786764 s
Maximum delay            =     28.206137 s
Average delay            = -34076.590844 s
Average jitter           =     11.691578 s
Delay standard deviation =  42219.679238 s
Bytes received           =       2218800
Average bitrate          =      0.205444 Kbit/s
Average packet rate      =      0.085602 pkt/s
Packets dropped          =             0 (0.00 %)
Average loss-burst size  =      0.000000 pkt
----------------------------------------------------------

__________________________________________________________
****************  TOTAL RESULTS   ******************
__________________________________________________________
Number of flows          =             3
Total time               =  86399.997291 s
Total packets            =         22183
Minimum delay            = -86372.078353 s
Maximum delay            =     28.206137 s
Average delay            = -33469.236271 s
Average jitter           =     19.487725 s
Delay standard deviation =  42084.170953 s
Bytes received           =       6654900
Average bitrate          =      0.616194 Kbit/s
Average packet rate      =      0.256748 pkt/s
Packets dropped          =             0 (0.00 %)
Average loss-burst size  =             0 pkt
Error lines              =             0
----------------------------------------------------------
