ITGDec version 2.8.1 (r1023)
Compile-time options: bursty multiport
----------------------------------------------------------
Flow number: 2
From 10.0.0.1:54458
To    10.0.0.2:10002
----------------------------------------------------------
Total time               =     41.956016 s
Total packets            =          1432
Minimum delay            =      0.000062 s
Maximum delay            =     29.488980 s
Average delay            =     15.701657 s
Average jitter           =      0.037778 s
Delay standard deviation =      8.715813 s
Bytes received           =        429600
Average bitrate          =     81.914355 Kbit/s
Average packet rate      =     34.130981 pkt/s
Packets dropped          =             0 (0.00 %)
Average loss-burst size  =      0.000000 pkt
----------------------------------------------------------
----------------------------------------------------------
Flow number: 1
From 10.0.0.1:47872
To    10.0.0.2:10001
----------------------------------------------------------
Total time               =     24.537104 s
Total packets            =           844
Minimum delay            =      0.000075 s
Maximum delay            =     17.334230 s
Average delay            =      9.564279 s
Average jitter           =      0.037382 s
Delay standard deviation =      5.116623 s
Bytes received           =        253200
Average bitrate          =     82.552529 Kbit/s
Average packet rate      =     34.396887 pkt/s
Packets dropped          =             0 (0.00 %)
Average loss-burst size  =      0.000000 pkt
----------------------------------------------------------
----------------------------------------------------------
Flow number: 3
From 10.0.0.1:49778
To    10.0.0.2:10003
----------------------------------------------------------
Total time               =     40.846201 s
Total packets            =          1396
Minimum delay            =      0.212120 s
Maximum delay            =     30.299093 s
Average delay            =     16.453375 s
Average jitter           =      0.035763 s
Delay standard deviation =      9.376637 s
Bytes received           =        418800
Average bitrate          =     82.024764 Kbit/s
Average packet rate      =     34.176985 pkt/s
Packets dropped          =             0 (0.00 %)
Average loss-burst size  =      0.000000 pkt
----------------------------------------------------------

__________________________________________________________
****************  TOTAL RESULTS   ******************
__________________________________________________________
Number of flows          =             3
Total time               =     41.956016 s
Total packets            =          3672
Minimum delay            =      0.000062 s
Maximum delay            =     30.299093 s
Average delay            =     14.576780 s
Average jitter           =      0.058916 s
Delay standard deviation =      8.756420 s
Bytes received           =       1101600
Average bitrate          =    210.048542 Kbit/s
Average packet rate      =     87.520226 pkt/s
Packets dropped          =             0 (0.00 %)
Average loss-burst size  =             0 pkt
Error lines              =             0
----------------------------------------------------------
