ITGDec version 2.8.1 (r1023)
Compile-time options: bursty multiport
----------------------------------------------------------
Flow number: 2
From 10.0.0.1:54408
To    10.0.0.2:10002
----------------------------------------------------------
Total time               =     27.857277 s
Total packets            =           435
Minimum delay            =      0.024630 s
Maximum delay            =     23.461899 s
Average delay            =     11.631879 s
Average jitter           =      0.074114 s
Delay standard deviation =      6.726414 s
Bytes received           =        130500
Average bitrate          =     37.476743 Kbit/s
Average packet rate      =     15.615309 pkt/s
Packets dropped          =             0 (0.00 %)
Average loss-burst size  =      0.000000 pkt
----------------------------------------------------------
----------------------------------------------------------
Flow number: 3
From 10.0.0.1:49726
To    10.0.0.2:10003
----------------------------------------------------------
Total time               =     44.213739 s
Total packets            =           710
Minimum delay            =      0.172720 s
Maximum delay            =     34.210940 s
Average delay            =     18.191096 s
Average jitter           =      0.076464 s
Delay standard deviation =      9.775875 s
Bytes received           =        213000
Average bitrate          =     38.540057 Kbit/s
Average packet rate      =     16.058357 pkt/s
Packets dropped          =             0 (0.00 %)
Average loss-burst size  =      0.000000 pkt
----------------------------------------------------------
----------------------------------------------------------
Flow number: 1
From 10.0.0.1:47824
To    10.0.0.2:10001
----------------------------------------------------------
Total time               =     30.566889 s
Total packets            =           382
Minimum delay            =      3.076128 s
Maximum delay            =     29.871277 s
Average delay            =     18.572964 s
Average jitter           =      0.093592 s
Delay standard deviation =      8.514895 s
Bytes received           =        114600
Average bitrate          =     29.993239 Kbit/s
Average packet rate      =     12.497183 pkt/s
Packets dropped          =             0 (0.00 %)
Average loss-burst size  =      0.000000 pkt
----------------------------------------------------------

__________________________________________________________
****************  TOTAL RESULTS   ******************
__________________________________________________________
Number of flows          =             3
Total time               =     44.369431 s
Total packets            =          1527
Minimum delay            =      0.024630 s
Maximum delay            =     34.210940 s
Average delay            =     16.418086 s
Average jitter           =      0.116883 s
Delay standard deviation =      9.198440 s
Bytes received           =        458100
Average bitrate          =     82.597408 Kbit/s
Average packet rate      =     34.415587 pkt/s
Packets dropped          =             0 (0.00 %)
Average loss-burst size  =             0 pkt
Error lines              =             0
----------------------------------------------------------
