ITGDec version 2.8.1 (r1023)
Compile-time options: bursty multiport
----------------------------------------------------------
Flow number: 3
From 10.0.0.1:48468
To    10.0.0.2:10003
----------------------------------------------------------
Total time               =     25.326787 s
Total packets            =          1641
Minimum delay            =      0.000046 s
Maximum delay            =     16.891736 s
Average delay            =      8.465969 s
Average jitter           =      0.019513 s
Delay standard deviation =      4.980515 s
Bytes received           =        492300
Average bitrate          =    155.503341 Kbit/s
Average packet rate      =     64.793059 pkt/s
Packets dropped          =             0 (0.00 %)
Average loss-burst size  =      0.000000 pkt
----------------------------------------------------------
----------------------------------------------------------
Flow number: 2
From 10.0.0.1:58180
To    10.0.0.2:10002
----------------------------------------------------------
Total time               =     37.461957 s
Total packets            =          2542
Minimum delay            =      0.000066 s
Maximum delay            =     26.094533 s
Average delay            =     12.961255 s
Average jitter           =      0.019987 s
Delay standard deviation =      7.267106 s
Bytes received           =        762600
Average bitrate          =    162.853211 Kbit/s
Average packet rate      =     67.855505 pkt/s
Packets dropped          =             0 (0.00 %)
Average loss-burst size  =      0.000000 pkt
----------------------------------------------------------
----------------------------------------------------------
Flow number: 1
From 10.0.0.1:37248
To    10.0.0.2:10001
----------------------------------------------------------
Total time               =     25.689174 s
Total packets            =          1739
Minimum delay            =      0.015257 s
Maximum delay            =     18.037417 s
Average delay            =      9.288469 s
Average jitter           =      0.020464 s
Delay standard deviation =      4.825368 s
Bytes received           =        521700
Average bitrate          =    162.465325 Kbit/s
Average packet rate      =     67.693885 pkt/s
Packets dropped          =             0 (0.00 %)
Average loss-burst size  =      0.000000 pkt
----------------------------------------------------------

__________________________________________________________
****************  TOTAL RESULTS   ******************
__________________________________________________________
Number of flows          =             3
Total time               =     37.470904 s
Total packets            =          5922
Minimum delay            =      0.000046 s
Maximum delay            =     26.094533 s
Average delay            =     10.637084 s
Average jitter           =      0.034609 s
Delay standard deviation =      6.367019 s
Bytes received           =       1776600
Average bitrate          =    379.302298 Kbit/s
Average packet rate      =    158.042624 pkt/s
Packets dropped          =             0 (0.00 %)
Average loss-burst size  =             0 pkt
Error lines              =             0
----------------------------------------------------------
