ITGDec version 2.8.1 (r1023)
Compile-time options: bursty multiport
----------------------------------------------------------
Flow number: 2
From 10.0.0.1:49443
To    10.0.0.2:10002
----------------------------------------------------------
Total time               =    117.832908 s
Total packets            =          1696
Minimum delay            =      0.037054 s
Maximum delay            =    102.883426 s
Average delay            =     52.161939 s
Average jitter           =      0.068719 s
Delay standard deviation =     30.854086 s
Bytes received           =        508800
Average bitrate          =     34.543830 Kbit/s
Average packet rate      =     14.393263 pkt/s
Packets dropped          =          5703 (77.08 %)
Average loss-burst size  =      5.015831 pkt
----------------------------------------------------------
----------------------------------------------------------
Flow number: 1
From 10.0.0.1:37690
To    10.0.0.2:10001
----------------------------------------------------------
Total time               =    117.750949 s
Total packets            =          1362
Minimum delay            =      0.302244 s
Maximum delay            =    103.055668 s
Average delay            =     49.233895 s
Average jitter           =      0.085514 s
Delay standard deviation =     29.823446 s
Bytes received           =        408600
Average bitrate          =     27.760286 Kbit/s
Average packet rate      =     11.566786 pkt/s
Packets dropped          =          6043 (81.61 %)
Average loss-burst size  =      6.953970 pkt
----------------------------------------------------------
----------------------------------------------------------
Flow number: 3
From 10.0.0.1:35462
To    10.0.0.2:10003
----------------------------------------------------------
Total time               =    114.954605 s
Total packets            =          1333
Minimum delay            =      4.985679 s
Maximum delay            =    104.951250 s
Average delay            =     56.656259 s
Average jitter           =      0.075049 s
Delay standard deviation =     28.884942 s
Bytes received           =        399900
Average bitrate          =     27.830116 Kbit/s
Average packet rate      =     11.595882 pkt/s
Packets dropped          =          6076 (82.01 %)
Average loss-burst size  =      4.561562 pkt
----------------------------------------------------------

__________________________________________________________
****************  TOTAL RESULTS   ******************
__________________________________________________________
Number of flows          =             3
Total time               =    120.131149 s
Total packets            =          4391
Minimum delay            =      0.037054 s
Maximum delay            =    104.951250 s
Average delay            =     52.618084 s
Average jitter           =      0.119518 s
Delay standard deviation =     30.090681 s
Bytes received           =       1317300
Average bitrate          =     87.724126 Kbit/s
Average packet rate      =     36.551719 pkt/s
Packets dropped          =         17822 (80.23 %)
Average loss-burst size  =      5.339125 pkt
Error lines              =             0
----------------------------------------------------------
