ITGDec version 2.8.1 (r1023)
Compile-time options: bursty multiport
----------------------------------------------------------
Flow number: 2
From 10.0.0.1:49190
To    10.0.0.2:10002
----------------------------------------------------------
Total time               =     37.799233 s
Total packets            =          2284
Minimum delay            =      0.000061 s
Maximum delay            =     25.267704 s
Average delay            =     12.749625 s
Average jitter           =      0.021790 s
Delay standard deviation =      6.779517 s
Bytes received           =        685200
Average bitrate          =    145.018816 Kbit/s
Average packet rate      =     60.424506 pkt/s
Packets dropped          =             0 (0.00 %)
Average loss-burst size  =      0.000000 pkt
----------------------------------------------------------
----------------------------------------------------------
Flow number: 3
From 10.0.0.1:58170
To    10.0.0.2:10003
----------------------------------------------------------
Total time               =     25.046498 s
Total packets            =          1765
Minimum delay            =      0.000059 s
Maximum delay            =     16.427466 s
Average delay            =      8.402375 s
Average jitter           =      0.018828 s
Delay standard deviation =      4.414288 s
Bytes received           =        529500
Average bitrate          =    169.125440 Kbit/s
Average packet rate      =     70.468933 pkt/s
Packets dropped          =             0 (0.00 %)
Average loss-burst size  =      0.000000 pkt
----------------------------------------------------------
----------------------------------------------------------
Flow number: 1
From 10.0.0.1:52138
To    10.0.0.2:10001
----------------------------------------------------------
Total time               =     24.880989 s
Total packets            =          1715
Minimum delay            =      0.015056 s
Maximum delay            =     17.924543 s
Average delay            =      9.015328 s
Average jitter           =      0.020047 s
Delay standard deviation =      4.667496 s
Bytes received           =        514500
Average bitrate          =    165.427508 Kbit/s
Average packet rate      =     68.928128 pkt/s
Packets dropped          =             0 (0.00 %)
Average loss-burst size  =      0.000000 pkt
----------------------------------------------------------

__________________________________________________________
****************  TOTAL RESULTS   ******************
__________________________________________________________
Number of flows          =             3
Total time               =     37.799233 s
Total packets            =          5764
Minimum delay            =      0.000059 s
Maximum delay            =     25.267704 s
Average delay            =     10.307360 s
Average jitter           =      0.037280 s
Delay standard deviation =      5.884958 s
Bytes received           =       1729200
Average bitrate          =    365.975680 Kbit/s
Average packet rate      =    152.489867 pkt/s
Packets dropped          =             0 (0.00 %)
Average loss-burst size  =             0 pkt
Error lines              =             0
----------------------------------------------------------
