ITGDec version 2.8.1 (r1023)
Compile-time options: bursty multiport
----------------------------------------------------------
Flow number: 2
From 10.0.0.1:51976
To    10.0.0.2:10002
----------------------------------------------------------
Total time               =     36.879544 s
Total packets            =          2273
Minimum delay            =      0.000061 s
Maximum delay            =     24.770117 s
Average delay            =     12.237847 s
Average jitter           =      0.021297 s
Delay standard deviation =      6.414881 s
Bytes received           =        681900
Average bitrate          =    147.919399 Kbit/s
Average packet rate      =     61.633083 pkt/s
Packets dropped          =             0 (0.00 %)
Average loss-burst size  =      0.000000 pkt
----------------------------------------------------------
----------------------------------------------------------
Flow number: 1
From 10.0.0.1:43194
To    10.0.0.2:10001
----------------------------------------------------------
Total time               =     37.499497 s
Total packets            =          2612
Minimum delay            =      0.000175 s
Maximum delay            =     25.084141 s
Average delay            =     12.756548 s
Average jitter           =      0.018869 s
Delay standard deviation =      7.088379 s
Bytes received           =        783600
Average bitrate          =    167.170242 Kbit/s
Average packet rate      =     69.654268 pkt/s
Packets dropped          =             0 (0.00 %)
Average loss-burst size  =      0.000000 pkt
----------------------------------------------------------
----------------------------------------------------------
Flow number: 3
From 10.0.0.1:39452
To    10.0.0.2:10003
----------------------------------------------------------
Total time               =     24.175901 s
Total packets            =          1687
Minimum delay            =      0.013123 s
Maximum delay            =     17.142542 s
Average delay            =      8.963335 s
Average jitter           =      0.019874 s
Delay standard deviation =      4.607579 s
Bytes received           =        506100
Average bitrate          =    167.472559 Kbit/s
Average packet rate      =     69.780233 pkt/s
Packets dropped          =             0 (0.00 %)
Average loss-burst size  =      0.000000 pkt
----------------------------------------------------------

__________________________________________________________
****************  TOTAL RESULTS   ******************
__________________________________________________________
Number of flows          =             3
Total time               =     37.509362 s
Total packets            =          6572
Minimum delay            =      0.000061 s
Maximum delay            =     25.084141 s
Average delay            =     11.603451 s
Average jitter           =      0.037021 s
Delay standard deviation =      6.489105 s
Bytes received           =       1971600
Average bitrate          =    420.503020 Kbit/s
Average packet rate      =    175.209592 pkt/s
Packets dropped          =             0 (0.00 %)
Average loss-burst size  =             0 pkt
Error lines              =             0
----------------------------------------------------------
