ITGDec version 2.8.1 (r1023)
Compile-time options: bursty multiport
----------------------------------------------------------
Flow number: 2
From 10.0.0.1:52012
To    10.0.0.2:10002
----------------------------------------------------------
Total time               =     38.652405 s
Total packets            =          2567
Minimum delay            =      0.000066 s
Maximum delay            =     26.422898 s
Average delay            =     13.537625 s
Average jitter           =      0.019470 s
Delay standard deviation =      7.557767 s
Bytes received           =        770100
Average bitrate          =    159.389823 Kbit/s
Average packet rate      =     66.412426 pkt/s
Packets dropped          =             0 (0.00 %)
Average loss-burst size  =      0.000000 pkt
----------------------------------------------------------
----------------------------------------------------------
Flow number: 1
From 10.0.0.1:43226
To    10.0.0.2:10001
----------------------------------------------------------
Total time               =     23.901132 s
Total packets            =          1710
Minimum delay            =      0.000046 s
Maximum delay            =     16.370808 s
Average delay            =      8.401969 s
Average jitter           =      0.017109 s
Delay standard deviation =      4.882300 s
Bytes received           =        513000
Average bitrate          =    171.707348 Kbit/s
Average packet rate      =     71.544729 pkt/s
Packets dropped          =             0 (0.00 %)
Average loss-burst size  =      0.000000 pkt
----------------------------------------------------------
----------------------------------------------------------
Flow number: 3
From 10.0.0.1:39486
To    10.0.0.2:10003
----------------------------------------------------------
Total time               =     37.059535 s
Total packets            =          2512
Minimum delay            =      0.148524 s
Maximum delay            =     25.855709 s
Average delay            =     13.282977 s
Average jitter           =      0.019030 s
Delay standard deviation =      7.111334 s
Bytes received           =        753600
Average bitrate          =    162.678782 Kbit/s
Average packet rate      =     67.782826 pkt/s
Packets dropped          =             0 (0.00 %)
Average loss-burst size  =      0.000000 pkt
----------------------------------------------------------

__________________________________________________________
****************  TOTAL RESULTS   ******************
__________________________________________________________
Number of flows          =             3
Total time               =     38.654787 s
Total packets            =          6789
Minimum delay            =      0.000046 s
Maximum delay            =     26.422898 s
Average delay            =     12.149844 s
Average jitter           =      0.033459 s
Delay standard deviation =      7.145265 s
Bytes received           =       2036700
Average bitrate          =    421.515710 Kbit/s
Average packet rate      =    175.631546 pkt/s
Packets dropped          =             0 (0.00 %)
Average loss-burst size  =             0 pkt
Error lines              =             0
----------------------------------------------------------
