ITGDec version 2.8.1 (r1023)
Compile-time options: bursty multiport
----------------------------------------------------------
Flow number: 1
From 10.0.0.1:42230
To    10.0.0.2:10001
----------------------------------------------------------
Total time               =     50.640382 s
Total packets            =           684
Minimum delay            =      0.000066 s
Maximum delay            =     42.583301 s
Average delay            =     22.567040 s
Average jitter           =      0.085682 s
Delay standard deviation =     12.483310 s
Bytes received           =        205200
Average bitrate          =     32.416817 Kbit/s
Average packet rate      =     13.507007 pkt/s
Packets dropped          =             0 (0.00 %)
Average loss-burst size  =      0.000000 pkt
----------------------------------------------------------
----------------------------------------------------------
Flow number: 2
From 10.0.0.1:51016
To    10.0.0.2:10002
----------------------------------------------------------
Total time               =     54.158276 s
Total packets            =           772
Minimum delay            =      0.000253 s
Maximum delay            =     43.345158 s
Average delay            =     24.178232 s
Average jitter           =      0.084703 s
Delay standard deviation =     13.223760 s
Bytes received           =        231600
Average bitrate          =     34.210838 Kbit/s
Average packet rate      =     14.254516 pkt/s
Packets dropped          =             0 (0.00 %)
Average loss-burst size  =      0.000000 pkt
----------------------------------------------------------
----------------------------------------------------------
Flow number: 3
From 10.0.0.1:38490
To    10.0.0.2:10003
----------------------------------------------------------
Total time               =     30.695116 s
Total packets            =           401
Minimum delay            =      0.377326 s
Maximum delay            =     28.107398 s
Average delay            =     15.341708 s
Average jitter           =      0.083889 s
Delay standard deviation =      8.044665 s
Bytes received           =        120300
Average bitrate          =     31.353522 Kbit/s
Average packet rate      =     13.063968 pkt/s
Packets dropped          =             0 (0.00 %)
Average loss-burst size  =      0.000000 pkt
----------------------------------------------------------

__________________________________________________________
****************  TOTAL RESULTS   ******************
__________________________________________________________
Number of flows          =             3
Total time               =     54.164645 s
Total packets            =          1857
Minimum delay            =      0.000066 s
Maximum delay            =     43.345158 s
Average delay            =     21.676616 s
Average jitter           =      0.124821 s
Delay standard deviation =     12.475182 s
Bytes received           =        557100
Average bitrate          =     82.282456 Kbit/s
Average packet rate      =     34.284357 pkt/s
Packets dropped          =             0 (0.00 %)
Average loss-burst size  =             0 pkt
Error lines              =             0
----------------------------------------------------------
