ITGDec version 2.8.1 (r1023)
Compile-time options: bursty multiport
----------------------------------------------------------
Flow number: 2
From 10.0.0.1:52004
To    10.0.0.2:10002
----------------------------------------------------------
Total time               =     26.356772 s
Total packets            =          1814
Minimum delay            =      0.000062 s
Maximum delay            =     17.210943 s
Average delay            =      8.014825 s
Average jitter           =      0.019324 s
Delay standard deviation =      4.538423 s
Bytes received           =        544200
Average bitrate          =    165.179560 Kbit/s
Average packet rate      =     68.824817 pkt/s
Packets dropped          =             0 (0.00 %)
Average loss-burst size  =      0.000000 pkt
----------------------------------------------------------
----------------------------------------------------------
Flow number: 1
From 10.0.0.1:43218
To    10.0.0.2:10001
----------------------------------------------------------
Total time               =     37.933013 s
Total packets            =          2361
Minimum delay            =      0.000068 s
Maximum delay            =     24.756159 s
Average delay            =     13.150370 s
Average jitter           =      0.021479 s
Delay standard deviation =      7.129344 s
Bytes received           =        708300
Average bitrate          =    149.379117 Kbit/s
Average packet rate      =     62.241299 pkt/s
Packets dropped          =             0 (0.00 %)
Average loss-burst size  =      0.000000 pkt
----------------------------------------------------------
----------------------------------------------------------
Flow number: 3
From 10.0.0.1:39478
To    10.0.0.2:10003
----------------------------------------------------------
Total time               =     24.621372 s
Total packets            =          1716
Minimum delay            =      0.184361 s
Maximum delay            =     17.049811 s
Average delay            =      9.169835 s
Average jitter           =      0.020123 s
Delay standard deviation =      4.546959 s
Bytes received           =        514800
Average bitrate          =    167.269314 Kbit/s
Average packet rate      =     69.695547 pkt/s
Packets dropped          =             0 (0.00 %)
Average loss-burst size  =      0.000000 pkt
----------------------------------------------------------

__________________________________________________________
****************  TOTAL RESULTS   ******************
__________________________________________________________
Number of flows          =             3
Total time               =     37.933013 s
Total packets            =          5891
Minimum delay            =      0.000062 s
Maximum delay            =     24.756159 s
Average delay            =     10.409498 s
Average jitter           =      0.039950 s
Delay standard deviation =      6.161156 s
Bytes received           =       1767300
Average bitrate          =    372.720195 Kbit/s
Average packet rate      =    155.300081 pkt/s
Packets dropped          =             0 (0.00 %)
Average loss-burst size  =             0 pkt
Error lines              =             0
----------------------------------------------------------
