ITGDec version 2.8.1 (r1023)
Compile-time options: bursty multiport
----------------------------------------------------------
Flow number: 2
From 10.0.0.1:50507
To    10.0.0.2:10002
----------------------------------------------------------
Total time               =    102.646832 s
Total packets            =          1070
Minimum delay            =      0.005966 s
Maximum delay            =     87.656748 s
Average delay            =     44.578435 s
Average jitter           =      0.094747 s
Delay standard deviation =     25.814873 s
Bytes received           =        321000
Average bitrate          =     25.017820 Kbit/s
Average packet rate      =     10.424092 pkt/s
Packets dropped          =          6332 (85.54 %)
Average loss-burst size  =      8.465241 pkt
----------------------------------------------------------
----------------------------------------------------------
Flow number: 1
From 10.0.0.1:40174
To    10.0.0.2:10001
----------------------------------------------------------
Total time               =    102.604592 s
Total packets            =          1281
Minimum delay            =      0.022985 s
Maximum delay            =     87.631548 s
Average delay            =     44.281359 s
Average jitter           =      0.079094 s
Delay standard deviation =     25.843161 s
Bytes received           =        384300
Average bitrate          =     29.963571 Kbit/s
Average packet rate      =     12.484821 pkt/s
Packets dropped          =          6120 (82.69 %)
Average loss-burst size  =      6.375000 pkt
----------------------------------------------------------
----------------------------------------------------------
Flow number: 3
From 10.0.0.1:38665
To    10.0.0.2:10003
----------------------------------------------------------
Total time               =    102.422287 s
Total packets            =          1412
Minimum delay            =      0.039597 s
Maximum delay            =     87.484364 s
Average delay            =     42.793876 s
Average jitter           =      0.071635 s
Delay standard deviation =     23.900430 s
Bytes received           =        423600
Average bitrate          =     33.086549 Kbit/s
Average packet rate      =     13.786062 pkt/s
Packets dropped          =          5979 (80.90 %)
Average loss-burst size  =      5.425590 pkt
----------------------------------------------------------

__________________________________________________________
****************  TOTAL RESULTS   ******************
__________________________________________________________
Number of flows          =             3
Total time               =    102.646832 s
Total packets            =          3763
Minimum delay            =      0.005966 s
Maximum delay            =     87.656748 s
Average delay            =     43.807680 s
Average jitter           =      0.124605 s
Delay standard deviation =     25.136080 s
Bytes received           =       1128900
Average bitrate          =     87.983232 Kbit/s
Average packet rate      =     36.659680 pkt/s
Packets dropped          =         18431 (83.04 %)
Average loss-burst size  =      6.559075 pkt
Error lines              =             0
----------------------------------------------------------
