ITGDec version 2.8.1 (r1023)
Compile-time options: bursty multiport
----------------------------------------------------------
Flow number: 2
From 10.0.0.1:58116
To    10.0.0.2:10002
----------------------------------------------------------
Total time               =     28.375448 s
Total packets            =           973
Minimum delay            =      0.000056 s
Maximum delay            =     22.291578 s
Average delay            =     11.147423 s
Average jitter           =      0.035190 s
Delay standard deviation =      6.120365 s
Bytes received           =        291900
Average bitrate          =     82.296498 Kbit/s
Average packet rate      =     34.290208 pkt/s
Packets dropped          =             0 (0.00 %)
Average loss-burst size  =      0.000000 pkt
----------------------------------------------------------
----------------------------------------------------------
Flow number: 1
From 10.0.0.1:37184
To    10.0.0.2:10001
----------------------------------------------------------
Total time               =     45.352727 s
Total packets            =          1580
Minimum delay            =      0.000049 s
Maximum delay            =     32.103929 s
Average delay            =     17.041746 s
Average jitter           =      0.037410 s
Delay standard deviation =      9.470351 s
Bytes received           =        474000
Average bitrate          =     83.611290 Kbit/s
Average packet rate      =     34.838037 pkt/s
Packets dropped          =             0 (0.00 %)
Average loss-burst size  =      0.000000 pkt
----------------------------------------------------------
----------------------------------------------------------
Flow number: 3
From 10.0.0.1:48410
To    10.0.0.2:10003
----------------------------------------------------------
Total time               =     43.562702 s
Total packets            =          1425
Minimum delay            =      0.173322 s
Maximum delay            =     32.542919 s
Average delay            =     17.047440 s
Average jitter           =      0.037115 s
Delay standard deviation =      9.615359 s
Bytes received           =        427500
Average bitrate          =     78.507527 Kbit/s
Average packet rate      =     32.711470 pkt/s
Packets dropped          =             0 (0.00 %)
Average loss-burst size  =      0.000000 pkt
----------------------------------------------------------

__________________________________________________________
****************  TOTAL RESULTS   ******************
__________________________________________________________
Number of flows          =             3
Total time               =     45.355020 s
Total packets            =          3978
Minimum delay            =      0.000049 s
Maximum delay            =     32.542919 s
Average delay            =     15.602062 s
Average jitter           =      0.063987 s
Delay standard deviation =      9.183103 s
Bytes received           =       1193400
Average bitrate          =    210.499301 Kbit/s
Average packet rate      =     87.708042 pkt/s
Packets dropped          =             0 (0.00 %)
Average loss-burst size  =             0 pkt
Error lines              =             0
----------------------------------------------------------
