ITGDec version 2.8.1 (r1023)
Compile-time options: bursty multiport
----------------------------------------------------------
Flow number: 2
From 10.0.0.1:51040
To    10.0.0.2:10002
----------------------------------------------------------
Total time               =     54.144044 s
Total packets            =           966
Minimum delay            =      0.031388 s
Maximum delay            =     44.540199 s
Average delay            =     23.418087 s
Average jitter           =      0.065852 s
Delay standard deviation =     13.204706 s
Bytes received           =        289800
Average bitrate          =     42.819114 Kbit/s
Average packet rate      =     17.841298 pkt/s
Packets dropped          =             0 (0.00 %)
Average loss-burst size  =      0.000000 pkt
----------------------------------------------------------
----------------------------------------------------------
Flow number: 1
From 10.0.0.1:42258
To    10.0.0.2:10001
----------------------------------------------------------
Total time               =     31.241993 s
Total packets            =           570
Minimum delay            =      0.179387 s
Maximum delay            =     23.604791 s
Average delay            =     12.764709 s
Average jitter           =      0.065829 s
Delay standard deviation =      6.598539 s
Bytes received           =        171000
Average bitrate          =     43.787219 Kbit/s
Average packet rate      =     18.244675 pkt/s
Packets dropped          =             0 (0.00 %)
Average loss-burst size  =      0.000000 pkt
----------------------------------------------------------
----------------------------------------------------------
Flow number: 3
From 10.0.0.1:38516
To    10.0.0.2:10003
----------------------------------------------------------
Total time               =     26.233911 s
Total packets            =           238
Minimum delay            =      5.384985 s
Maximum delay            =     31.362313 s
Average delay            =     19.939833 s
Average jitter           =      0.111503 s
Delay standard deviation =      9.368987 s
Bytes received           =         71400
Average bitrate          =     21.773345 Kbit/s
Average packet rate      =      9.072227 pkt/s
Packets dropped          =             0 (0.00 %)
Average loss-burst size  =      0.000000 pkt
----------------------------------------------------------

__________________________________________________________
****************  TOTAL RESULTS   ******************
__________________________________________________________
Number of flows          =             3
Total time               =     54.144044 s
Total packets            =          1774
Minimum delay            =      0.031388 s
Maximum delay            =     44.540199 s
Average delay            =     19.528431 s
Average jitter           =      0.124300 s
Delay standard deviation =     11.986390 s
Bytes received           =        532200
Average bitrate          =     78.634688 Kbit/s
Average packet rate      =     32.764453 pkt/s
Packets dropped          =             0 (0.00 %)
Average loss-burst size  =             0 pkt
Error lines              =             0
----------------------------------------------------------
