ITGDec version 2.8.1 (r1023)
Compile-time options: bursty multiport
----------------------------------------------------------
Flow number: 3
From 10.0.0.1:58330
To    10.0.0.2:10003
----------------------------------------------------------
Total time               =     43.710373 s
Total packets            =          1422
Minimum delay            =      0.000060 s
Maximum delay            =     32.220024 s
Average delay            =     16.155062 s
Average jitter           =      0.038596 s
Delay standard deviation =      8.895993 s
Bytes received           =        426600
Average bitrate          =     78.077577 Kbit/s
Average packet rate      =     32.532324 pkt/s
Packets dropped          =             0 (0.00 %)
Average loss-burst size  =      0.000000 pkt
----------------------------------------------------------
----------------------------------------------------------
Flow number: 2
From 10.0.0.1:49354
To    10.0.0.2:10002
----------------------------------------------------------
Total time               =     44.631050 s
Total packets            =          1527
Minimum delay            =      0.000050 s
Maximum delay            =     32.901569 s
Average delay            =     16.872446 s
Average jitter           =      0.036683 s
Delay standard deviation =      9.117316 s
Bytes received           =        458100
Average bitrate          =     82.113237 Kbit/s
Average packet rate      =     34.213849 pkt/s
Packets dropped          =             0 (0.00 %)
Average loss-burst size  =      0.000000 pkt
----------------------------------------------------------
----------------------------------------------------------
Flow number: 1
From 10.0.0.1:52300
To    10.0.0.2:10001
----------------------------------------------------------
Total time               =     27.464986 s
Total packets            =           933
Minimum delay            =      0.125833 s
Maximum delay            =     22.595249 s
Average delay            =     11.155679 s
Average jitter           =      0.033106 s
Delay standard deviation =      6.630785 s
Bytes received           =        279900
Average bitrate          =     81.529261 Kbit/s
Average packet rate      =     33.970525 pkt/s
Packets dropped          =             0 (0.00 %)
Average loss-burst size  =      0.000000 pkt
----------------------------------------------------------

__________________________________________________________
****************  TOTAL RESULTS   ******************
__________________________________________________________
Number of flows          =             3
Total time               =     44.633330 s
Total packets            =          3882
Minimum delay            =      0.000050 s
Maximum delay            =     32.901569 s
Average delay            =     15.235696 s
Average jitter           =      0.058475 s
Delay standard deviation =      8.810109 s
Bytes received           =       1164600
Average bitrate          =    208.740867 Kbit/s
Average packet rate      =     86.975361 pkt/s
Packets dropped          =             0 (0.00 %)
Average loss-burst size  =             0 pkt
Error lines              =             0
----------------------------------------------------------
