ITGDec version 2.8.1 (r1023)
Compile-time options: bursty multiport
----------------------------------------------------------
Flow number: 2
From 10.0.0.1:58058
To    10.0.0.2:10002
----------------------------------------------------------
Total time               =     35.148867 s
Total packets            =           484
Minimum delay            =      0.000073 s
Maximum delay            =     31.684383 s
Average delay            =     17.178950 s
Average jitter           =      0.079661 s
Delay standard deviation =      9.546713 s
Bytes received           =        145200
Average bitrate          =     33.048007 Kbit/s
Average packet rate      =     13.770003 pkt/s
Packets dropped          =             0 (0.00 %)
Average loss-burst size  =      0.000000 pkt
----------------------------------------------------------
----------------------------------------------------------
Flow number: 1
From 10.0.0.1:37128
To    10.0.0.2:10001
----------------------------------------------------------
Total time               =     36.046931 s
Total packets            =           488
Minimum delay            =      0.070916 s
Maximum delay            =     26.123959 s
Average delay            =     14.164721 s
Average jitter           =      0.103009 s
Delay standard deviation =      6.452730 s
Bytes received           =        146400
Average bitrate          =     32.490977 Kbit/s
Average packet rate      =     13.537907 pkt/s
Packets dropped          =             0 (0.00 %)
Average loss-burst size  =      0.000000 pkt
----------------------------------------------------------
----------------------------------------------------------
Flow number: 3
From 10.0.0.1:48350
To    10.0.0.2:10003
----------------------------------------------------------
Total time               =     60.384055 s
Total packets            =           846
Minimum delay            =      0.005663 s
Maximum delay            =     51.952565 s
Average delay            =     27.628142 s
Average jitter           =      0.088092 s
Delay standard deviation =     14.561821 s
Bytes received           =        253800
Average bitrate          =     33.624771 Kbit/s
Average packet rate      =     14.010321 pkt/s
Packets dropped          =             0 (0.00 %)
Average loss-burst size  =      0.000000 pkt
----------------------------------------------------------

__________________________________________________________
****************  TOTAL RESULTS   ******************
__________________________________________________________
Number of flows          =             3
Total time               =     60.398440 s
Total packets            =          1818
Minimum delay            =      0.000073 s
Maximum delay            =     51.952565 s
Average delay            =     21.232346 s
Average jitter           =      0.136119 s
Delay standard deviation =     13.074158 s
Bytes received           =        545400
Average bitrate          =     72.240276 Kbit/s
Average packet rate      =     30.100115 pkt/s
Packets dropped          =             0 (0.00 %)
Average loss-burst size  =             0 pkt
Error lines              =             0
----------------------------------------------------------
