ITGDec version 2.8.1 (r1023)
Compile-time options: bursty multiport
----------------------------------------------------------
Flow number: 2
From 10.0.0.1:52274
To    10.0.0.2:10002
----------------------------------------------------------
Total time               =     22.704051 s
Total packets            =          3327
Minimum delay            =      0.000060 s
Maximum delay            =     13.311049 s
Average delay            =      6.552768 s
Average jitter           =      0.009025 s
Delay standard deviation =      3.905200 s
Bytes received           =        998100
Average bitrate          =    351.690542 Kbit/s
Average packet rate      =    146.537726 pkt/s
Packets dropped          =             0 (0.00 %)
Average loss-burst size  =      0.000000 pkt
----------------------------------------------------------
----------------------------------------------------------
Flow number: 1
From 10.0.0.1:43488
To    10.0.0.2:10001
----------------------------------------------------------
Total time               =     35.381684 s
Total packets            =          4531
Minimum delay            =      0.000070 s
Maximum delay            =     22.330970 s
Average delay            =      9.697893 s
Average jitter           =      0.010634 s
Delay standard deviation =      5.902463 s
Bytes received           =       1359300
Average bitrate          =    307.345462 Kbit/s
Average packet rate      =    128.060609 pkt/s
Packets dropped          =             0 (0.00 %)
Average loss-burst size  =      0.000000 pkt
----------------------------------------------------------
----------------------------------------------------------
Flow number: 3
From 10.0.0.1:39748
To    10.0.0.2:10003
----------------------------------------------------------
Total time               =     34.535153 s
Total packets            =          4500
Minimum delay            =      0.006268 s
Maximum delay            =     21.348147 s
Average delay            =     10.668081 s
Average jitter           =      0.010208 s
Delay standard deviation =      6.574138 s
Bytes received           =       1350000
Average bitrate          =    312.724834 Kbit/s
Average packet rate      =    130.302014 pkt/s
Packets dropped          =             0 (0.00 %)
Average loss-burst size  =      0.000000 pkt
----------------------------------------------------------

__________________________________________________________
****************  TOTAL RESULTS   ******************
__________________________________________________________
Number of flows          =             3
Total time               =     35.390368 s
Total packets            =         12358
Minimum delay            =      0.000060 s
Maximum delay            =     22.330970 s
Average delay            =      9.204449 s
Average jitter           =      0.015514 s
Delay standard deviation =      5.948055 s
Bytes received           =       3707400
Average bitrate          =    838.058536 Kbit/s
Average packet rate      =    349.191057 pkt/s
Packets dropped          =             0 (0.00 %)
Average loss-burst size  =             0 pkt
Error lines              =             0
----------------------------------------------------------
