ITGDec version 2.8.1 (r1023)
Compile-time options: bursty multiport
----------------------------------------------------------
Flow number: 1
From 10.0.0.1:52142
To    10.0.0.2:10001
----------------------------------------------------------
Total time               =     35.789403 s
Total packets            =          2281
Minimum delay            =      0.000055 s
Maximum delay            =     24.783656 s
Average delay            =     12.183515 s
Average jitter           =      0.019601 s
Delay standard deviation =      7.167023 s
Bytes received           =        684300
Average bitrate          =    152.961479 Kbit/s
Average packet rate      =     63.733949 pkt/s
Packets dropped          =             0 (0.00 %)
Average loss-burst size  =      0.000000 pkt
----------------------------------------------------------
----------------------------------------------------------
Flow number: 3
From 10.0.0.1:58180
To    10.0.0.2:10003
----------------------------------------------------------
Total time               =     24.055970 s
Total packets            =          1650
Minimum delay            =      0.014326 s
Maximum delay            =     17.147820 s
Average delay            =      8.815027 s
Average jitter           =      0.018531 s
Delay standard deviation =      4.568346 s
Bytes received           =        495000
Average bitrate          =    164.616102 Kbit/s
Average packet rate      =     68.590042 pkt/s
Packets dropped          =             0 (0.00 %)
Average loss-burst size  =      0.000000 pkt
----------------------------------------------------------
----------------------------------------------------------
Flow number: 2
From 10.0.0.1:49200
To    10.0.0.2:10002
----------------------------------------------------------
Total time               =     37.916929 s
Total packets            =          2677
Minimum delay            =      0.000076 s
Maximum delay            =     25.560713 s
Average delay            =     13.131865 s
Average jitter           =      0.019048 s
Delay standard deviation =      7.240541 s
Bytes received           =        803100
Average bitrate          =    169.444102 Kbit/s
Average packet rate      =     70.601709 pkt/s
Packets dropped          =             0 (0.00 %)
Average loss-burst size  =      0.000000 pkt
----------------------------------------------------------

__________________________________________________________
****************  TOTAL RESULTS   ******************
__________________________________________________________
Number of flows          =             3
Total time               =     37.925560 s
Total packets            =          6608
Minimum delay            =      0.000055 s
Maximum delay            =     25.560713 s
Average delay            =     11.726603 s
Average jitter           =      0.033355 s
Delay standard deviation =      6.867989 s
Bytes received           =       1982400
Average bitrate          =    418.166535 Kbit/s
Average packet rate      =    174.236056 pkt/s
Packets dropped          =             0 (0.00 %)
Average loss-burst size  =             0 pkt
Error lines              =             0
----------------------------------------------------------
