ITGDec version 2.8.1 (r1023)
Compile-time options: bursty multiport
----------------------------------------------------------
Flow number: 2
From 10.0.0.1:51688
To    10.0.0.2:10002
----------------------------------------------------------
Total time               =     45.878028 s
Total packets            =          1836
Minimum delay            =      0.000847 s
Maximum delay            =     34.794525 s
Average delay            =     17.852028 s
Average jitter           =      0.032229 s
Delay standard deviation =     10.076282 s
Bytes received           =        550800
Average bitrate          =     96.045977 Kbit/s
Average packet rate      =     40.019157 pkt/s
Packets dropped          =             0 (0.00 %)
Average loss-burst size  =      0.000000 pkt
----------------------------------------------------------
----------------------------------------------------------
Flow number: 3
From 10.0.0.1:39162
To    10.0.0.2:10003
----------------------------------------------------------
Total time               =     44.881133 s
Total packets            =          1668
Minimum delay            =      0.023918 s
Maximum delay            =     36.159038 s
Average delay            =     16.846513 s
Average jitter           =      0.034568 s
Delay standard deviation =      9.826962 s
Bytes received           =        500400
Average bitrate          =     89.195609 Kbit/s
Average packet rate      =     37.164837 pkt/s
Packets dropped          =             0 (0.00 %)
Average loss-burst size  =      0.000000 pkt
----------------------------------------------------------
----------------------------------------------------------
Flow number: 1
From 10.0.0.1:42908
To    10.0.0.2:10001
----------------------------------------------------------
Total time               =     21.958014 s
Total packets            =           600
Minimum delay            =      2.337408 s
Maximum delay            =     16.260964 s
Average delay            =     10.606906 s
Average jitter           =      0.046884 s
Delay standard deviation =      4.138394 s
Bytes received           =        180000
Average bitrate          =     65.579701 Kbit/s
Average packet rate      =     27.324876 pkt/s
Packets dropped          =             0 (0.00 %)
Average loss-burst size  =      0.000000 pkt
----------------------------------------------------------

__________________________________________________________
****************  TOTAL RESULTS   ******************
__________________________________________________________
Number of flows          =             3
Total time               =     45.878028 s
Total packets            =          4104
Minimum delay            =      0.000847 s
Maximum delay            =     36.159038 s
Average delay            =     16.384126 s
Average jitter           =      0.060461 s
Delay standard deviation =      9.649099 s
Bytes received           =       1231200
Average bitrate          =    214.691006 Kbit/s
Average packet rate      =     89.454586 pkt/s
Packets dropped          =             0 (0.00 %)
Average loss-burst size  =             0 pkt
Error lines              =             0
----------------------------------------------------------
