ITGDec version 2.8.1 (r1023)
Compile-time options: bursty multiport
----------------------------------------------------------
Flow number: 2
From 10.0.0.1:44073
To    10.0.0.2:10002
----------------------------------------------------------
Total time               =     60.679055 s
Total packets            =          7402
Minimum delay            =      0.000070 s
Maximum delay            =     45.686488 s
Average delay            =     22.829210 s
Average jitter           =      0.008072 s
Delay standard deviation =     12.962823 s
Bytes received           =       2220600
Average bitrate          =    292.766590 Kbit/s
Average packet rate      =    121.986079 pkt/s
Packets dropped          =             0 (0.00 %)
Average loss-burst size  =      0.000000 pkt
----------------------------------------------------------
----------------------------------------------------------
Flow number: 1
From 10.0.0.1:56890
To    10.0.0.2:10001
----------------------------------------------------------
Total time               =     60.673023 s
Total packets            =          7399
Minimum delay            =      0.024519 s
Maximum delay            =     45.706534 s
Average delay            =     22.855908 s
Average jitter           =      0.008095 s
Delay standard deviation =     12.956839 s
Bytes received           =       2219700
Average bitrate          =    292.677027 Kbit/s
Average packet rate      =    121.948761 pkt/s
Packets dropped          =             0 (0.00 %)
Average loss-burst size  =      0.000000 pkt
----------------------------------------------------------
----------------------------------------------------------
Flow number: 3
From 10.0.0.1:33830
To    10.0.0.2:10003
----------------------------------------------------------
Total time               =     60.643649 s
Total packets            =          7402
Minimum delay            =      0.053307 s
Maximum delay            =     45.710901 s
Average delay            =     22.856189 s
Average jitter           =      0.008170 s
Delay standard deviation =     12.955946 s
Bytes received           =       2220600
Average bitrate          =    292.937518 Kbit/s
Average packet rate      =    122.057299 pkt/s
Packets dropped          =             0 (0.00 %)
Average loss-burst size  =      0.000000 pkt
----------------------------------------------------------

__________________________________________________________
****************  TOTAL RESULTS   ******************
__________________________________________________________
Number of flows          =             3
Total time               =     60.709161 s
Total packets            =         22203
Minimum delay            =      0.000070 s
Maximum delay            =     45.710901 s
Average delay            =     22.847101 s
Average jitter           =      0.012779 s
Delay standard deviation =     12.958543 s
Bytes received           =       6660900
Average bitrate          =    877.745617 Kbit/s
Average packet rate      =    365.727341 pkt/s
Packets dropped          =             0 (0.00 %)
Average loss-burst size  =             0 pkt
Error lines              =             0
----------------------------------------------------------
