ITGDec version 2.8.1 (r1023)
Compile-time options: bursty multiport
----------------------------------------------------------
Flow number: 1
From 10.0.0.1:52010
To    10.0.0.2:10001
----------------------------------------------------------
Total time               =     41.400617 s
Total packets            =           566
Minimum delay            =      0.000322 s
Maximum delay            =     37.376225 s
Average delay            =     17.880409 s
Average jitter           =      0.080142 s
Delay standard deviation =     10.016717 s
Bytes received           =        169800
Average bitrate          =     32.811105 Kbit/s
Average packet rate      =     13.671294 pkt/s
Packets dropped          =             0 (0.00 %)
Average loss-burst size  =      0.000000 pkt
----------------------------------------------------------
----------------------------------------------------------
Flow number: 2
From 10.0.0.1:49064
To    10.0.0.2:10002
----------------------------------------------------------
Total time               =     50.421944 s
Total packets            =           678
Minimum delay            =      0.000059 s
Maximum delay            =     36.389321 s
Average delay            =     18.816601 s
Average jitter           =      0.094961 s
Delay standard deviation =      9.622363 s
Bytes received           =        203400
Average bitrate          =     32.271663 Kbit/s
Average packet rate      =     13.446526 pkt/s
Packets dropped          =             0 (0.00 %)
Average loss-burst size  =      0.000000 pkt
----------------------------------------------------------
----------------------------------------------------------
Flow number: 3
From 10.0.0.1:58046
To    10.0.0.2:10003
----------------------------------------------------------
Total time               =     50.806503 s
Total packets            =           667
Minimum delay            =      0.396655 s
Maximum delay            =     37.699634 s
Average delay            =     22.359356 s
Average jitter           =      0.096327 s
Delay standard deviation =     10.419457 s
Bytes received           =        200100
Average bitrate          =     31.507778 Kbit/s
Average packet rate      =     13.128241 pkt/s
Packets dropped          =             0 (0.00 %)
Average loss-burst size  =      0.000000 pkt
----------------------------------------------------------

__________________________________________________________
****************  TOTAL RESULTS   ******************
__________________________________________________________
Number of flows          =             3
Total time               =     51.219881 s
Total packets            =          1911
Minimum delay            =      0.000059 s
Maximum delay            =     37.699634 s
Average delay            =     19.775854 s
Average jitter           =      0.154154 s
Delay standard deviation =     10.206848 s
Bytes received           =        573300
Average bitrate          =     89.543355 Kbit/s
Average packet rate      =     37.309731 pkt/s
Packets dropped          =             0 (0.00 %)
Average loss-burst size  =             0 pkt
Error lines              =             0
----------------------------------------------------------
