ITGDec version 2.8.1 (r1023)
Compile-time options: bursty multiport
----------------------------------------------------------
Flow number: 2
From 10.0.0.1:52298
To    10.0.0.2:10002
----------------------------------------------------------
Total time               =     25.526284 s
Total packets            =          3395
Minimum delay            =      0.000052 s
Maximum delay            =     15.015085 s
Average delay            =      6.848065 s
Average jitter           =      0.010353 s
Delay standard deviation =      3.789521 s
Bytes received           =       1018500
Average bitrate          =    319.200398 Kbit/s
Average packet rate      =    133.000166 pkt/s
Packets dropped          =             0 (0.00 %)
Average loss-burst size  =      0.000000 pkt
----------------------------------------------------------
----------------------------------------------------------
Flow number: 1
From 10.0.0.1:43516
To    10.0.0.2:10001
----------------------------------------------------------
Total time               =     25.014991 s
Total packets            =          3349
Minimum delay            =      0.000054 s
Maximum delay            =     14.580114 s
Average delay            =      7.770246 s
Average jitter           =      0.009901 s
Delay standard deviation =      4.575362 s
Bytes received           =       1004700
Average bitrate          =    321.311329 Kbit/s
Average packet rate      =    133.879720 pkt/s
Packets dropped          =             0 (0.00 %)
Average loss-burst size  =      0.000000 pkt
----------------------------------------------------------
----------------------------------------------------------
Flow number: 3
From 10.0.0.1:39774
To    10.0.0.2:10003
----------------------------------------------------------
Total time               =     34.841163 s
Total packets            =          4827
Minimum delay            =      0.070651 s
Maximum delay            =     20.538431 s
Average delay            =      9.984142 s
Average jitter           =      0.009949 s
Delay standard deviation =      5.908543 s
Bytes received           =       1448100
Average bitrate          =    332.503252 Kbit/s
Average packet rate      =    138.543022 pkt/s
Packets dropped          =             0 (0.00 %)
Average loss-burst size  =      0.000000 pkt
----------------------------------------------------------

__________________________________________________________
****************  TOTAL RESULTS   ******************
__________________________________________________________
Number of flows          =             3
Total time               =     34.939583 s
Total packets            =         11571
Minimum delay            =      0.000052 s
Maximum delay            =     20.538431 s
Average delay            =      8.423230 s
Average jitter           =      0.019066 s
Delay standard deviation =      5.167562 s
Bytes received           =       3471300
Average bitrate          =    794.812004 Kbit/s
Average packet rate      =    331.171669 pkt/s
Packets dropped          =             0 (0.00 %)
Average loss-burst size  =             0 pkt
Error lines              =             0
----------------------------------------------------------
