ITGDec version 2.8.1 (r1023)
Compile-time options: bursty multiport
----------------------------------------------------------
Flow number: 3
From 10.0.0.1:54161
To    10.0.0.2:10003
----------------------------------------------------------
Total time               =     60.648808 s
Total packets            =          7398
Minimum delay            =      0.004738 s
Maximum delay            =     45.665802 s
Average delay            =     22.809723 s
Average jitter           =      0.008100 s
Delay standard deviation =     12.956925 s
Bytes received           =       2219400
Average bitrate          =    292.754311 Kbit/s
Average packet rate      =    121.980963 pkt/s
Packets dropped          =             0 (0.00 %)
Average loss-burst size  =      0.000000 pkt
----------------------------------------------------------
----------------------------------------------------------
Flow number: 1
From 10.0.0.1:47315
To    10.0.0.2:10001
----------------------------------------------------------
Total time               =     60.658960 s
Total packets            =          7394
Minimum delay            =      0.000091 s
Maximum delay            =     45.663188 s
Average delay            =     22.820052 s
Average jitter           =      0.008069 s
Delay standard deviation =     12.949181 s
Bytes received           =       2218200
Average bitrate          =    292.547053 Kbit/s
Average packet rate      =    121.894606 pkt/s
Packets dropped          =             0 (0.00 %)
Average loss-burst size  =      0.000000 pkt
----------------------------------------------------------
----------------------------------------------------------
Flow number: 2
From 10.0.0.1:50790
To    10.0.0.2:10002
----------------------------------------------------------
Total time               =     60.484113 s
Total packets            =          7399
Minimum delay            =      0.155792 s
Maximum delay            =     45.678482 s
Average delay            =     22.865999 s
Average jitter           =      0.008741 s
Delay standard deviation =     12.944884 s
Bytes received           =       2219700
Average bitrate          =    293.591145 Kbit/s
Average packet rate      =    122.329644 pkt/s
Packets dropped          =             0 (0.00 %)
Average loss-burst size  =      0.000000 pkt
----------------------------------------------------------

__________________________________________________________
****************  TOTAL RESULTS   ******************
__________________________________________________________
Number of flows          =             3
Total time               =     60.680880 s
Total packets            =         22191
Minimum delay            =      0.000091 s
Maximum delay            =     45.678482 s
Average delay            =     22.831928 s
Average jitter           =      0.012918 s
Delay standard deviation =     12.950354 s
Bytes received           =       6657300
Average bitrate          =    877.680086 Kbit/s
Average packet rate      =    365.700036 pkt/s
Packets dropped          =             0 (0.00 %)
Average loss-burst size  =             0 pkt
Error lines              =             0
----------------------------------------------------------
