ITGDec version 2.8.1 (r1023)
Compile-time options: bursty multiport
----------------------------------------------------------
Flow number: 2
From 10.0.0.1:48712
To    10.0.0.2:10002
----------------------------------------------------------
Total time               =     90.989228 s
Total packets            =          5675
Minimum delay            =      0.003314 s
Maximum delay            =     76.013877 s
Average delay            =     36.914506 s
Average jitter           =      0.015855 s
Delay standard deviation =     21.971974 s
Bytes received           =       1702500
Average bitrate          =    149.688049 Kbit/s
Average packet rate      =     62.370020 pkt/s
Packets dropped          =          1713 (23.19 %)
Average loss-burst size  =      8.196172 pkt
----------------------------------------------------------
----------------------------------------------------------
Flow number: 3
From 10.0.0.1:49842
To    10.0.0.2:10003
----------------------------------------------------------
Total time               =     91.158832 s
Total packets            =          5674
Minimum delay            =      0.021471 s
Maximum delay            =     76.186024 s
Average delay            =     38.050822 s
Average jitter           =      0.015896 s
Delay standard deviation =     22.045306 s
Bytes received           =       1702200
Average bitrate          =    149.383222 Kbit/s
Average packet rate      =     62.243009 pkt/s
Packets dropped          =          1722 (23.28 %)
Average loss-burst size  =      7.175000 pkt
----------------------------------------------------------
----------------------------------------------------------
Flow number: 1
From 10.0.0.1:56211
To    10.0.0.2:10001
----------------------------------------------------------
Total time               =     90.215996 s
Total packets            =          5495
Minimum delay            =      1.746576 s
Maximum delay            =     76.964201 s
Average delay            =     40.728259 s
Average jitter           =      0.016227 s
Delay standard deviation =     21.875024 s
Bytes received           =       1648500
Average bitrate          =    146.182502 Kbit/s
Average packet rate      =     60.909376 pkt/s
Packets dropped          =          1913 (25.82 %)
Average loss-burst size  =      7.472656 pkt
----------------------------------------------------------

__________________________________________________________
****************  TOTAL RESULTS   ******************
__________________________________________________________
Number of flows          =             3
Total time               =     92.149286 s
Total packets            =         16844
Minimum delay            =      0.003314 s
Maximum delay            =     76.964201 s
Average delay            =     38.541437 s
Average jitter           =      0.024535 s
Delay standard deviation =     22.022741 s
Bytes received           =       5053200
Average bitrate          =    438.696834 Kbit/s
Average packet rate      =    182.790347 pkt/s
Packets dropped          =          5348 (24.10 %)
Average loss-burst size  =      7.585816 pkt
Error lines              =             0
----------------------------------------------------------
