ITGDec version 2.8.1 (r1023)
Compile-time options: bursty multiport
----------------------------------------------------------
Flow number: 2
From 10.0.0.1:45623
To    10.0.0.2:10002
----------------------------------------------------------
Total time               =     60.380669 s
Total packets            =          7395
Minimum delay            =      0.000033 s
Maximum delay            =     45.385858 s
Average delay            =     22.583280 s
Average jitter           =      0.008036 s
Delay standard deviation =     12.944844 s
Bytes received           =       2218500
Average bitrate          =    293.935133 Kbit/s
Average packet rate      =    122.472972 pkt/s
Packets dropped          =             0 (0.00 %)
Average loss-burst size  =      0.000000 pkt
----------------------------------------------------------
----------------------------------------------------------
Flow number: 3
From 10.0.0.1:59828
To    10.0.0.2:10003
----------------------------------------------------------
Total time               =     60.363913 s
Total packets            =          7392
Minimum delay            =      0.017824 s
Maximum delay            =     45.395554 s
Average delay            =     22.587403 s
Average jitter           =      0.008065 s
Delay standard deviation =     12.946469 s
Bytes received           =       2217600
Average bitrate          =    293.897448 Kbit/s
Average packet rate      =    122.457270 pkt/s
Packets dropped          =             0 (0.00 %)
Average loss-burst size  =      0.000000 pkt
----------------------------------------------------------
----------------------------------------------------------
Flow number: 1
From 10.0.0.1:42239
To    10.0.0.2:10001
----------------------------------------------------------
Total time               =     60.145533 s
Total packets            =          7392
Minimum delay            =      0.402676 s
Maximum delay            =     45.549958 s
Average delay            =     23.226271 s
Average jitter           =      0.007999 s
Delay standard deviation =     12.939080 s
Bytes received           =       2217600
Average bitrate          =    294.964549 Kbit/s
Average packet rate      =    122.901895 pkt/s
Packets dropped          =             0 (0.00 %)
Average loss-burst size  =      0.000000 pkt
----------------------------------------------------------

__________________________________________________________
****************  TOTAL RESULTS   ******************
__________________________________________________________
Number of flows          =             3
Total time               =     60.648751 s
Total packets            =         22179
Minimum delay            =      0.000033 s
Maximum delay            =     45.549958 s
Average delay            =     22.798956 s
Average jitter           =      0.012477 s
Delay standard deviation =     12.946991 s
Bytes received           =       6653700
Average bitrate          =    877.670177 Kbit/s
Average packet rate      =    365.695907 pkt/s
Packets dropped          =             0 (0.00 %)
Average loss-burst size  =             0 pkt
Error lines              =             0
----------------------------------------------------------
