ITGDec version 2.8.1 (r1023)
Compile-time options: bursty multiport
----------------------------------------------------------
Flow number: 3
From 10.0.0.1:59802
To    10.0.0.2:10003
----------------------------------------------------------
Total time               =     31.045516 s
Total packets            =          1039
Minimum delay            =      0.000052 s
Maximum delay            =     25.833832 s
Average delay            =     12.151739 s
Average jitter           =      0.032688 s
Delay standard deviation =      7.548868 s
Bytes received           =        311700
Average bitrate          =     80.320778 Kbit/s
Average packet rate      =     33.466991 pkt/s
Packets dropped          =             0 (0.00 %)
Average loss-burst size  =      0.000000 pkt
----------------------------------------------------------
----------------------------------------------------------
Flow number: 1
From 10.0.0.1:53770
To    10.0.0.2:10001
----------------------------------------------------------
Total time               =     47.228511 s
Total packets            =          1579
Minimum delay            =      0.000119 s
Maximum delay            =     34.331029 s
Average delay            =     18.065702 s
Average jitter           =      0.037858 s
Delay standard deviation =     10.026174 s
Bytes received           =        473700
Average bitrate          =     80.239667 Kbit/s
Average packet rate      =     33.433195 pkt/s
Packets dropped          =             0 (0.00 %)
Average loss-burst size  =      0.000000 pkt
----------------------------------------------------------
----------------------------------------------------------
Flow number: 2
From 10.0.0.1:50828
To    10.0.0.2:10002
----------------------------------------------------------
Total time               =     49.243335 s
Total packets            =          1649
Minimum delay            =      0.027663 s
Maximum delay            =     35.422994 s
Average delay            =     18.523060 s
Average jitter           =      0.038038 s
Delay standard deviation =     10.267650 s
Bytes received           =        494700
Average bitrate          =     80.368237 Kbit/s
Average packet rate      =     33.486765 pkt/s
Packets dropped          =             0 (0.00 %)
Average loss-burst size  =      0.000000 pkt
----------------------------------------------------------

__________________________________________________________
****************  TOTAL RESULTS   ******************
__________________________________________________________
Number of flows          =             3
Total time               =     49.282718 s
Total packets            =          4267
Minimum delay            =      0.000052 s
Maximum delay            =     35.422994 s
Average delay            =     16.802420 s
Average jitter           =      0.056894 s
Delay standard deviation =      9.940707 s
Bytes received           =       1280100
Average bitrate          =    207.796981 Kbit/s
Average packet rate      =     86.582075 pkt/s
Packets dropped          =             0 (0.00 %)
Average loss-burst size  =             0 pkt
Error lines              =             0
----------------------------------------------------------
