ITGDec version 2.8.1 (r1023)
Compile-time options: bursty multiport
----------------------------------------------------------
Flow number: 2
From 10.0.0.1:52176
To    10.0.0.2:10002
----------------------------------------------------------
Total time               =     24.162375 s
Total packets            =          1773
Minimum delay            =      0.000061 s
Maximum delay            =     16.513059 s
Average delay            =      8.896838 s
Average jitter           =      0.018608 s
Delay standard deviation =      4.688837 s
Bytes received           =        531900
Average bitrate          =    176.108516 Kbit/s
Average packet rate      =     73.378548 pkt/s
Packets dropped          =             0 (0.00 %)
Average loss-burst size  =      0.000000 pkt
----------------------------------------------------------
----------------------------------------------------------
Flow number: 1
From 10.0.0.1:43394
To    10.0.0.2:10001
----------------------------------------------------------
Total time               =     38.315209 s
Total packets            =          2456
Minimum delay            =      0.000080 s
Maximum delay            =     26.333924 s
Average delay            =     12.651175 s
Average jitter           =      0.020233 s
Delay standard deviation =      6.910862 s
Bytes received           =        736800
Average bitrate          =    153.839693 Kbit/s
Average packet rate      =     64.099872 pkt/s
Packets dropped          =             0 (0.00 %)
Average loss-burst size  =      0.000000 pkt
----------------------------------------------------------
----------------------------------------------------------
Flow number: 3
From 10.0.0.1:39652
To    10.0.0.2:10003
----------------------------------------------------------
Total time               =     38.520863 s
Total packets            =          2565
Minimum delay            =      0.204449 s
Maximum delay            =     26.076862 s
Average delay            =     14.026281 s
Average jitter           =      0.019709 s
Delay standard deviation =      7.430019 s
Bytes received           =        769500
Average bitrate          =    159.809504 Kbit/s
Average packet rate      =     66.587293 pkt/s
Packets dropped          =             0 (0.00 %)
Average loss-burst size  =      0.000000 pkt
----------------------------------------------------------

__________________________________________________________
****************  TOTAL RESULTS   ******************
__________________________________________________________
Number of flows          =             3
Total time               =     38.754357 s
Total packets            =          6794
Minimum delay            =      0.000061 s
Maximum delay            =     26.333924 s
Average delay            =     12.190578 s
Average jitter           =      0.036235 s
Delay standard deviation =      6.929977 s
Bytes received           =       2038200
Average bitrate          =    420.742370 Kbit/s
Average packet rate      =    175.309321 pkt/s
Packets dropped          =             0 (0.00 %)
Average loss-burst size  =             0 pkt
Error lines              =             0
----------------------------------------------------------
