ITGDec version 2.8.1 (r1023)
Compile-time options: bursty multiport
----------------------------------------------------------
Flow number: 1
From 10.0.0.1:54088
To    10.0.0.2:10001
----------------------------------------------------------
Total time               =     36.388134 s
Total packets            =          2289
Minimum delay            =      0.000060 s
Maximum delay            =     24.344340 s
Average delay            =     12.206486 s
Average jitter           =      0.020912 s
Delay standard deviation =      6.679282 s
Bytes received           =        686700
Average bitrate          =    150.972292 Kbit/s
Average packet rate      =     62.905122 pkt/s
Packets dropped          =             0 (0.00 %)
Average loss-burst size  =      0.000000 pkt
----------------------------------------------------------
----------------------------------------------------------
Flow number: 2
From 10.0.0.1:51142
To    10.0.0.2:10002
----------------------------------------------------------
Total time               =     38.373515 s
Total packets            =          2586
Minimum delay            =      0.000062 s
Maximum delay            =     25.959526 s
Average delay            =     13.091515 s
Average jitter           =      0.019395 s
Delay standard deviation =      7.030671 s
Bytes received           =        775800
Average bitrate          =    161.736552 Kbit/s
Average packet rate      =     67.390230 pkt/s
Packets dropped          =             0 (0.00 %)
Average loss-burst size  =      0.000000 pkt
----------------------------------------------------------
----------------------------------------------------------
Flow number: 3
From 10.0.0.1:60124
To    10.0.0.2:10003
----------------------------------------------------------
Total time               =     24.437603 s
Total packets            =          1708
Minimum delay            =      0.012836 s
Maximum delay            =     17.186459 s
Average delay            =      8.901667 s
Average jitter           =      0.019873 s
Delay standard deviation =      4.462245 s
Bytes received           =        512400
Average bitrate          =    167.741492 Kbit/s
Average packet rate      =     69.892289 pkt/s
Packets dropped          =             0 (0.00 %)
Average loss-burst size  =      0.000000 pkt
----------------------------------------------------------

__________________________________________________________
****************  TOTAL RESULTS   ******************
__________________________________________________________
Number of flows          =             3
Total time               =     38.380346 s
Total packets            =          6583
Minimum delay            =      0.000060 s
Maximum delay            =     25.959526 s
Average delay            =     11.696696 s
Average jitter           =      0.035845 s
Delay standard deviation =      6.555757 s
Bytes received           =       1974900
Average bitrate          =    411.648191 Kbit/s
Average packet rate      =    171.520080 pkt/s
Packets dropped          =             0 (0.00 %)
Average loss-burst size  =             0 pkt
Error lines              =             0
----------------------------------------------------------
