ITGDec version 2.8.1 (r1023)
Compile-time options: bursty multiport
----------------------------------------------------------
Flow number: 1
From 10.0.0.1:43802
To    10.0.0.2:10001
----------------------------------------------------------
Total time               =     32.754756 s
Total packets            =          4568
Minimum delay            =      0.000036 s
Maximum delay            =     19.301245 s
Average delay            =      9.623369 s
Average jitter           =      0.009905 s
Delay standard deviation =      5.562472 s
Bytes received           =       1370400
Average bitrate          =    334.705592 Kbit/s
Average packet rate      =    139.460663 pkt/s
Packets dropped          =             0 (0.00 %)
Average loss-burst size  =      0.000000 pkt
----------------------------------------------------------
----------------------------------------------------------
Flow number: 2
From 10.0.0.1:52584
To    10.0.0.2:10002
----------------------------------------------------------
Total time               =     35.873870 s
Total packets            =          4714
Minimum delay            =      0.000062 s
Maximum delay            =     21.829819 s
Average delay            =     10.988013 s
Average jitter           =      0.010140 s
Delay standard deviation =      6.748227 s
Bytes received           =       1414200
Average bitrate          =    315.371606 Kbit/s
Average packet rate      =    131.404836 pkt/s
Packets dropped          =             0 (0.00 %)
Average loss-burst size  =      0.000000 pkt
----------------------------------------------------------
----------------------------------------------------------
Flow number: 3
From 10.0.0.1:40060
To    10.0.0.2:10003
----------------------------------------------------------
Total time               =     23.061748 s
Total packets            =          3273
Minimum delay            =      0.073246 s
Maximum delay            =     12.640158 s
Average delay            =      6.550574 s
Average jitter           =      0.009999 s
Delay standard deviation =      3.681020 s
Bytes received           =        981900
Average bitrate          =    340.615985 Kbit/s
Average packet rate      =    141.923327 pkt/s
Packets dropped          =             0 (0.00 %)
Average loss-burst size  =      0.000000 pkt
----------------------------------------------------------

__________________________________________________________
****************  TOTAL RESULTS   ******************
__________________________________________________________
Number of flows          =             3
Total time               =     35.873870 s
Total packets            =         12555
Minimum delay            =      0.000036 s
Maximum delay            =     21.829819 s
Average delay            =      9.334693 s
Average jitter           =      0.017696 s
Delay standard deviation =      5.913170 s
Bytes received           =       3766500
Average bitrate          =    839.942833 Kbit/s
Average packet rate      =    349.976180 pkt/s
Packets dropped          =             0 (0.00 %)
Average loss-burst size  =             0 pkt
Error lines              =             0
----------------------------------------------------------
