ITGDec version 2.8.1 (r1023)
Compile-time options: bursty multiport
----------------------------------------------------------
Flow number: 2
From 10.0.0.1:41250
To    10.0.0.2:10002
----------------------------------------------------------
Total time               =     60.366600 s
Total packets            =          7404
Minimum delay            =      0.014567 s
Maximum delay            =     45.395774 s
Average delay            =     22.540623 s
Average jitter           =      0.008051 s
Delay standard deviation =     12.967819 s
Bytes received           =       2221200
Average bitrate          =    294.361452 Kbit/s
Average packet rate      =    122.650605 pkt/s
Packets dropped          =             0 (0.00 %)
Average loss-burst size  =      0.000000 pkt
----------------------------------------------------------
----------------------------------------------------------
Flow number: 3
From 10.0.0.1:35180
To    10.0.0.2:10003
----------------------------------------------------------
Total time               =     60.396208 s
Total packets            =          7409
Minimum delay            =      0.000086 s
Maximum delay            =     45.401105 s
Average delay            =     22.538410 s
Average jitter           =      0.008023 s
Delay standard deviation =     12.967006 s
Bytes received           =       2222700
Average bitrate          =    294.415835 Kbit/s
Average packet rate      =    122.673265 pkt/s
Packets dropped          =             0 (0.00 %)
Average loss-burst size  =      0.000000 pkt
----------------------------------------------------------
----------------------------------------------------------
Flow number: 1
From 10.0.0.1:39563
To    10.0.0.2:10001
----------------------------------------------------------
Total time               =     60.053071 s
Total packets            =          7406
Minimum delay            =      0.564529 s
Maximum delay            =     45.619743 s
Average delay            =     23.398808 s
Average jitter           =      0.007971 s
Delay standard deviation =     12.960226 s
Bytes received           =       2221800
Average bitrate          =    295.978202 Kbit/s
Average packet rate      =    123.324251 pkt/s
Packets dropped          =             0 (0.00 %)
Average loss-burst size  =      0.000000 pkt
----------------------------------------------------------

__________________________________________________________
****************  TOTAL RESULTS   ******************
__________________________________________________________
Number of flows          =             3
Total time               =     60.757336 s
Total packets            =         22219
Minimum delay            =      0.000086 s
Maximum delay            =     45.619743 s
Average delay            =     22.825934 s
Average jitter           =      0.012225 s
Delay standard deviation =     12.971344 s
Bytes received           =       6665700
Average bitrate          =    877.681668 Kbit/s
Average packet rate      =    365.700695 pkt/s
Packets dropped          =             0 (0.00 %)
Average loss-burst size  =             0 pkt
Error lines              =             0
----------------------------------------------------------
