ITGDec version 2.8.1 (r1023)
Compile-time options: bursty multiport
----------------------------------------------------------
Flow number: 1
From 10.0.0.1:43082
To    10.0.0.2:10001
----------------------------------------------------------
Total time               =     40.050861 s
Total packets            =          1465
Minimum delay            =      0.000131 s
Maximum delay            =     27.548567 s
Average delay            =     13.325361 s
Average jitter           =      0.035637 s
Delay standard deviation =      7.760947 s
Bytes received           =        439500
Average bitrate          =     87.788375 Kbit/s
Average packet rate      =     36.578490 pkt/s
Packets dropped          =             0 (0.00 %)
Average loss-burst size  =      0.000000 pkt
----------------------------------------------------------
----------------------------------------------------------
Flow number: 3
From 10.0.0.1:39340
To    10.0.0.2:10003
----------------------------------------------------------
Total time               =     40.999150 s
Total packets            =          1489
Minimum delay            =      0.021219 s
Maximum delay            =     28.409297 s
Average delay            =     13.067036 s
Average jitter           =      0.035764 s
Delay standard deviation =      7.643083 s
Bytes received           =        446700
Average bitrate          =     87.162783 Kbit/s
Average packet rate      =     36.317826 pkt/s
Packets dropped          =             0 (0.00 %)
Average loss-burst size  =      0.000000 pkt
----------------------------------------------------------
----------------------------------------------------------
Flow number: 2
From 10.0.0.1:51870
To    10.0.0.2:10002
----------------------------------------------------------
Total time               =     23.213377 s
Total packets            =           720
Minimum delay            =      0.978458 s
Maximum delay            =     15.343620 s
Average delay            =      8.795686 s
Average jitter           =      0.044900 s
Delay standard deviation =      4.299240 s
Bytes received           =        216000
Average bitrate          =     74.439837 Kbit/s
Average packet rate      =     31.016599 pkt/s
Packets dropped          =             0 (0.00 %)
Average loss-burst size  =      0.000000 pkt
----------------------------------------------------------

__________________________________________________________
****************  TOTAL RESULTS   ******************
__________________________________________________________
Number of flows          =             3
Total time               =     41.024033 s
Total packets            =          3674
Minimum delay            =      0.000131 s
Maximum delay            =     28.409297 s
Average delay            =     12.332979 s
Average jitter           =      0.056326 s
Delay standard deviation =      7.374148 s
Bytes received           =       1102200
Average bitrate          =    214.937425 Kbit/s
Average packet rate      =     89.557260 pkt/s
Packets dropped          =             0 (0.00 %)
Average loss-burst size  =             0 pkt
Error lines              =             0
----------------------------------------------------------
