ITGDec version 2.8.1 (r1023)
Compile-time options: bursty multiport
----------------------------------------------------------
Flow number: 2
From 10.0.0.1:51194
To    10.0.0.2:10002
----------------------------------------------------------
Total time               =     36.695157 s
Total packets            =          2503
Minimum delay            =      0.000065 s
Maximum delay            =     24.252013 s
Average delay            =     11.633579 s
Average jitter           =      0.019379 s
Delay standard deviation =      6.961919 s
Bytes received           =        750900
Average bitrate          =    163.705527 Kbit/s
Average packet rate      =     68.210636 pkt/s
Packets dropped          =             0 (0.00 %)
Average loss-burst size  =      0.000000 pkt
----------------------------------------------------------
----------------------------------------------------------
Flow number: 1
From 10.0.0.1:54140
To    10.0.0.2:10001
----------------------------------------------------------
Total time               =     37.465693 s
Total packets            =          2446
Minimum delay            =      0.000059 s
Maximum delay            =     24.986982 s
Average delay            =     11.649852 s
Average jitter           =      0.020169 s
Delay standard deviation =      6.911906 s
Bytes received           =        733800
Average bitrate          =    156.687346 Kbit/s
Average packet rate      =     65.286394 pkt/s
Packets dropped          =             0 (0.00 %)
Average loss-burst size  =      0.000000 pkt
----------------------------------------------------------
----------------------------------------------------------
Flow number: 3
From 10.0.0.1:60176
To    10.0.0.2:10003
----------------------------------------------------------
Total time               =     23.367409 s
Total packets            =          1587
Minimum delay            =      0.009386 s
Maximum delay            =     14.674803 s
Average delay            =      7.171785 s
Average jitter           =      0.019945 s
Delay standard deviation =      4.131977 s
Bytes received           =        476100
Average bitrate          =    162.996248 Kbit/s
Average packet rate      =     67.915103 pkt/s
Packets dropped          =             0 (0.00 %)
Average loss-burst size  =      0.000000 pkt
----------------------------------------------------------

__________________________________________________________
****************  TOTAL RESULTS   ******************
__________________________________________________________
Number of flows          =             3
Total time               =     37.473699 s
Total packets            =          6536
Minimum delay            =      0.000059 s
Maximum delay            =     24.986982 s
Average delay            =     10.556305 s
Average jitter           =      0.029088 s
Delay standard deviation =      6.652741 s
Bytes received           =       1960800
Average bitrate          =    418.597588 Kbit/s
Average packet rate      =    174.415662 pkt/s
Packets dropped          =             0 (0.00 %)
Average loss-burst size  =             0 pkt
Error lines              =             0
----------------------------------------------------------
