ITGDec version 2.8.1 (r1023)
Compile-time options: bursty multiport
----------------------------------------------------------
Flow number: 2
From 10.0.0.1:37115
To    10.0.0.2:10002
----------------------------------------------------------
Total time               =     84.474872 s
Total packets            =          5066
Minimum delay            =      0.000136 s
Maximum delay            =     69.479346 s
Average delay            =     33.558269 s
Average jitter           =      0.016462 s
Delay standard deviation =     19.609098 s
Bytes received           =       1519800
Average bitrate          =    143.929191 Kbit/s
Average packet rate      =     59.970496 pkt/s
Packets dropped          =          2352 (31.71 %)
Average loss-burst size  =      7.762376 pkt
----------------------------------------------------------
----------------------------------------------------------
Flow number: 3
From 10.0.0.1:43642
To    10.0.0.2:10003
----------------------------------------------------------
Total time               =     84.361167 s
Total packets            =          5040
Minimum delay            =      0.012143 s
Maximum delay            =     69.390696 s
Average delay            =     34.885706 s
Average jitter           =      0.016557 s
Delay standard deviation =     19.310388 s
Bytes received           =       1512000
Average bitrate          =    143.383507 Kbit/s
Average packet rate      =     59.743128 pkt/s
Packets dropped          =          2361 (31.90 %)
Average loss-burst size  =      7.176292 pkt
----------------------------------------------------------
----------------------------------------------------------
Flow number: 1
From 10.0.0.1:58450
To    10.0.0.2:10001
----------------------------------------------------------
Total time               =     84.380314 s
Total packets            =          5348
Minimum delay            =      0.101413 s
Maximum delay            =     69.497453 s
Average delay            =     35.753244 s
Average jitter           =      0.015688 s
Delay standard deviation =     20.454401 s
Bytes received           =       1604400
Average bitrate          =    152.111309 Kbit/s
Average packet rate      =     63.379712 pkt/s
Packets dropped          =          2070 (27.91 %)
Average loss-burst size  =      7.840909 pkt
----------------------------------------------------------

__________________________________________________________
****************  TOTAL RESULTS   ******************
__________________________________________________________
Number of flows          =             3
Total time               =     84.496746 s
Total packets            =         15454
Minimum delay            =      0.000136 s
Maximum delay            =     69.497453 s
Average delay            =     34.750776 s
Average jitter           =      0.025390 s
Delay standard deviation =     19.830903 s
Bytes received           =       4636200
Average bitrate          =    438.947081 Kbit/s
Average packet rate      =    182.894617 pkt/s
Packets dropped          =          6783 (30.50 %)
Average loss-burst size  =      7.570312 pkt
Error lines              =             0
----------------------------------------------------------
