ITGDec version 2.8.1 (r1023)
Compile-time options: bursty multiport
----------------------------------------------------------
Flow number: 2
From 10.0.0.1:51264
To    10.0.0.2:10002
----------------------------------------------------------
Total time               =     33.936227 s
Total packets            =          4735
Minimum delay            =      0.000058 s
Maximum delay            =     20.528002 s
Average delay            =      9.624507 s
Average jitter           =      0.009897 s
Delay standard deviation =      5.760987 s
Bytes received           =       1420500
Average bitrate          =    334.863389 Kbit/s
Average packet rate      =    139.526412 pkt/s
Packets dropped          =             0 (0.00 %)
Average loss-burst size  =      0.000000 pkt
----------------------------------------------------------
----------------------------------------------------------
Flow number: 3
From 10.0.0.1:60244
To    10.0.0.2:10003
----------------------------------------------------------
Total time               =     34.854229 s
Total packets            =          4540
Minimum delay            =      0.000048 s
Maximum delay            =     20.322617 s
Average delay            =      9.903474 s
Average jitter           =      0.010627 s
Delay standard deviation =      5.835027 s
Bytes received           =       1362000
Average bitrate          =    312.616297 Kbit/s
Average packet rate      =    130.256790 pkt/s
Packets dropped          =             0 (0.00 %)
Average loss-burst size  =      0.000000 pkt
----------------------------------------------------------
----------------------------------------------------------
Flow number: 1
From 10.0.0.1:54212
To    10.0.0.2:10001
----------------------------------------------------------
Total time               =     24.241744 s
Total packets            =          3324
Minimum delay            =      0.204176 s
Maximum delay            =     14.418760 s
Average delay            =      7.301242 s
Average jitter           =      0.009618 s
Delay standard deviation =      4.262119 s
Bytes received           =        997200
Average bitrate          =    329.085234 Kbit/s
Average packet rate      =    137.118848 pkt/s
Packets dropped          =             0 (0.00 %)
Average loss-burst size  =      0.000000 pkt
----------------------------------------------------------

__________________________________________________________
****************  TOTAL RESULTS   ******************
__________________________________________________________
Number of flows          =             3
Total time               =     34.857904 s
Total packets            =         12599
Minimum delay            =      0.000048 s
Maximum delay            =     20.528002 s
Average delay            =      9.112083 s
Average jitter           =      0.019233 s
Delay standard deviation =      5.542946 s
Bytes received           =       3779700
Average bitrate          =    867.453189 Kbit/s
Average packet rate      =    361.438829 pkt/s
Packets dropped          =             0 (0.00 %)
Average loss-burst size  =             0 pkt
Error lines              =             0
----------------------------------------------------------
