ITGDec version 2.8.1 (r1023)
Compile-time options: bursty multiport
----------------------------------------------------------
Flow number: 1
From 10.0.0.1:44570
To    10.0.0.2:10001
----------------------------------------------------------
Total time               =     88.812993 s
Total packets            =          3049
Minimum delay            =      0.027467 s
Maximum delay            =     73.863720 s
Average delay            =     36.772471 s
Average jitter           =      0.028775 s
Delay standard deviation =     21.466202 s
Bytes received           =        914700
Average bitrate          =     82.393350 Kbit/s
Average packet rate      =     34.330562 pkt/s
Packets dropped          =          4341 (58.74 %)
Average loss-burst size  =     18.472340 pkt
----------------------------------------------------------
----------------------------------------------------------
Flow number: 2
From 10.0.0.1:49217
To    10.0.0.2:10002
----------------------------------------------------------
Total time               =     88.859658 s
Total packets            =          2109
Minimum delay            =      0.002846 s
Maximum delay            =     73.883170 s
Average delay            =     35.846786 s
Average jitter           =      0.041627 s
Delay standard deviation =     20.758759 s
Bytes received           =        632700
Average bitrate          =     56.961732 Kbit/s
Average packet rate      =     23.734055 pkt/s
Packets dropped          =          5279 (71.45 %)
Average loss-burst size  =     21.116000 pkt
----------------------------------------------------------
----------------------------------------------------------
Flow number: 3
From 10.0.0.1:51973
To    10.0.0.2:10003
----------------------------------------------------------
Total time               =     88.976019 s
Total packets            =          2990
Minimum delay            =      0.056955 s
Maximum delay            =     74.041006 s
Average delay            =     38.087077 s
Average jitter           =      0.029393 s
Delay standard deviation =     21.070605 s
Bytes received           =        897000
Average bitrate          =     80.650945 Kbit/s
Average packet rate      =     33.604560 pkt/s
Packets dropped          =          4417 (59.63 %)
Average loss-burst size  =     17.120155 pkt
----------------------------------------------------------

__________________________________________________________
****************  TOTAL RESULTS   ******************
__________________________________________________________
Number of flows          =             3
Total time               =     89.034767 s
Total packets            =          8148
Minimum delay            =      0.002846 s
Maximum delay            =     74.041006 s
Average delay            =     37.015279 s
Average jitter           =      0.049568 s
Delay standard deviation =     21.158637 s
Bytes received           =       2444400
Average bitrate          =    219.635550 Kbit/s
Average packet rate      =     91.514812 pkt/s
Packets dropped          =         14037 (63.27 %)
Average loss-burst size  =     18.892328 pkt
Error lines              =             0
----------------------------------------------------------
