ITGDec version 2.8.1 (r1023)
Compile-time options: bursty multiport
----------------------------------------------------------
Flow number: 2
From 10.0.0.1:51874
To    10.0.0.2:10002
----------------------------------------------------------
Total time               =     39.793235 s
Total packets            =          1464
Minimum delay            =      0.000247 s
Maximum delay            =     27.448970 s
Average delay            =     13.148530 s
Average jitter           =      0.035375 s
Delay standard deviation =      7.665239 s
Bytes received           =        439200
Average bitrate          =     88.296415 Kbit/s
Average packet rate      =     36.790173 pkt/s
Packets dropped          =             0 (0.00 %)
Average loss-burst size  =      0.000000 pkt
----------------------------------------------------------
----------------------------------------------------------
Flow number: 1
From 10.0.0.1:43092
To    10.0.0.2:10001
----------------------------------------------------------
Total time               =     40.742666 s
Total packets            =          1450
Minimum delay            =      0.021301 s
Maximum delay            =     28.325259 s
Average delay            =     13.399370 s
Average jitter           =      0.036443 s
Delay standard deviation =      7.821080 s
Bytes received           =        435000
Average bitrate          =     85.414145 Kbit/s
Average packet rate      =     35.589227 pkt/s
Packets dropped          =             0 (0.00 %)
Average loss-burst size  =      0.000000 pkt
----------------------------------------------------------
----------------------------------------------------------
Flow number: 3
From 10.0.0.1:39350
To    10.0.0.2:10003
----------------------------------------------------------
Total time               =     23.164893 s
Total packets            =           720
Minimum delay            =      0.978352 s
Maximum delay            =     14.858169 s
Average delay            =      8.690883 s
Average jitter           =      0.044630 s
Delay standard deviation =      4.240768 s
Bytes received           =        216000
Average bitrate          =     74.595639 Kbit/s
Average packet rate      =     31.081516 pkt/s
Packets dropped          =             0 (0.00 %)
Average loss-burst size  =      0.000000 pkt
----------------------------------------------------------

__________________________________________________________
****************  TOTAL RESULTS   ******************
__________________________________________________________
Number of flows          =             3
Total time               =     40.766414 s
Total packets            =          3634
Minimum delay            =      0.000247 s
Maximum delay            =     28.325259 s
Average delay            =     12.365429 s
Average jitter           =      0.056136 s
Delay standard deviation =      7.415497 s
Bytes received           =       1090200
Average bitrate          =    213.940819 Kbit/s
Average packet rate      =     89.142008 pkt/s
Packets dropped          =             0 (0.00 %)
Average loss-burst size  =             0 pkt
Error lines              =             0
----------------------------------------------------------
