ITGDec version 2.8.1 (r1023)
Compile-time options: bursty multiport
----------------------------------------------------------
Flow number: 2
From 10.0.0.1:50814
To    10.0.0.2:10002
----------------------------------------------------------
Total time               =     43.913945 s
Total packets            =          1475
Minimum delay            =      0.000046 s
Maximum delay            =     32.497613 s
Average delay            =     16.124662 s
Average jitter           =      0.037288 s
Delay standard deviation =      8.859400 s
Bytes received           =        442500
Average bitrate          =     80.612206 Kbit/s
Average packet rate      =     33.588419 pkt/s
Packets dropped          =             0 (0.00 %)
Average loss-burst size  =      0.000000 pkt
----------------------------------------------------------
----------------------------------------------------------
Flow number: 1
From 10.0.0.1:53760
To    10.0.0.2:10001
----------------------------------------------------------
Total time               =     42.839531 s
Total packets            =          1388
Minimum delay            =      0.000072 s
Maximum delay            =     31.898523 s
Average delay            =     17.065750 s
Average jitter           =      0.038529 s
Delay standard deviation =      9.093787 s
Bytes received           =        416400
Average bitrate          =     77.759955 Kbit/s
Average packet rate      =     32.399981 pkt/s
Packets dropped          =             0 (0.00 %)
Average loss-burst size  =      0.000000 pkt
----------------------------------------------------------
----------------------------------------------------------
Flow number: 3
From 10.0.0.1:59796
To    10.0.0.2:10003
----------------------------------------------------------
Total time               =     27.287299 s
Total packets            =           924
Minimum delay            =      0.026818 s
Maximum delay            =     23.286427 s
Average delay            =     11.187604 s
Average jitter           =      0.037421 s
Delay standard deviation =      6.616421 s
Bytes received           =        277200
Average bitrate          =     81.268578 Kbit/s
Average packet rate      =     33.861908 pkt/s
Packets dropped          =             0 (0.00 %)
Average loss-burst size  =      0.000000 pkt
----------------------------------------------------------

__________________________________________________________
****************  TOTAL RESULTS   ******************
__________________________________________________________
Number of flows          =             3
Total time               =     43.913945 s
Total packets            =          3787
Minimum delay            =      0.000046 s
Maximum delay            =     32.497613 s
Average delay            =     15.264981 s
Average jitter           =      0.060510 s
Delay standard deviation =      8.780352 s
Bytes received           =       1136100
Average bitrate          =    206.968424 Kbit/s
Average packet rate      =     86.236843 pkt/s
Packets dropped          =             0 (0.00 %)
Average loss-burst size  =             0 pkt
Error lines              =             0
----------------------------------------------------------
