ITGDec version 2.8.1 (r1023)
Compile-time options: bursty multiport
----------------------------------------------------------
Flow number: 3
From 10.0.0.1:39324
To    10.0.0.2:10003
----------------------------------------------------------
Total time               =     25.923894 s
Total packets            =           906
Minimum delay            =      0.000044 s
Maximum delay            =     18.411717 s
Average delay            =      9.779508 s
Average jitter           =      0.036678 s
Delay standard deviation =      5.189824 s
Bytes received           =        271800
Average bitrate          =     83.876288 Kbit/s
Average packet rate      =     34.948453 pkt/s
Packets dropped          =             0 (0.00 %)
Average loss-burst size  =      0.000000 pkt
----------------------------------------------------------
----------------------------------------------------------
Flow number: 2
From 10.0.0.1:51850
To    10.0.0.2:10002
----------------------------------------------------------
Total time               =     40.383275 s
Total packets            =          1385
Minimum delay            =      0.000057 s
Maximum delay            =     27.772019 s
Average delay            =     14.371500 s
Average jitter           =      0.038029 s
Delay standard deviation =      8.207321 s
Bytes received           =        415500
Average bitrate          =     82.311303 Kbit/s
Average packet rate      =     34.296376 pkt/s
Packets dropped          =             0 (0.00 %)
Average loss-burst size  =      0.000000 pkt
----------------------------------------------------------
----------------------------------------------------------
Flow number: 1
From 10.0.0.1:43070
To    10.0.0.2:10001
----------------------------------------------------------
Total time               =     38.970464 s
Total packets            =          1238
Minimum delay            =      0.935163 s
Maximum delay            =     30.183874 s
Average delay            =     13.112128 s
Average jitter           =      0.041714 s
Delay standard deviation =      7.092431 s
Bytes received           =        371400
Average bitrate          =     76.242356 Kbit/s
Average packet rate      =     31.767648 pkt/s
Packets dropped          =             0 (0.00 %)
Average loss-burst size  =      0.000000 pkt
----------------------------------------------------------

__________________________________________________________
****************  TOTAL RESULTS   ******************
__________________________________________________________
Number of flows          =             3
Total time               =     40.383275 s
Total packets            =          3529
Minimum delay            =      0.000044 s
Maximum delay            =     30.183874 s
Average delay            =     12.750801 s
Average jitter           =      0.055527 s
Delay standard deviation =      7.371629 s
Bytes received           =       1058700
Average bitrate          =    209.730390 Kbit/s
Average packet rate      =     87.387662 pkt/s
Packets dropped          =             0 (0.00 %)
Average loss-burst size  =             0 pkt
Error lines              =             0
----------------------------------------------------------
