ITGDec version 2.8.1 (r1023)
Compile-time options: bursty multiport
----------------------------------------------------------
Flow number: 3
From 10.0.0.1:43177
To    10.0.0.2:10003
----------------------------------------------------------
Total time               =    102.150428 s
Total packets            =          2783
Minimum delay            =      0.000179 s
Maximum delay            =     87.154963 s
Average delay            =     42.567128 s
Average jitter           =      0.036300 s
Delay standard deviation =     26.124350 s
Bytes received           =        834900
Average bitrate          =     65.385923 Kbit/s
Average packet rate      =     27.244135 pkt/s
Packets dropped          =          4595 (62.28 %)
Average loss-burst size  =     20.242291 pkt
----------------------------------------------------------
----------------------------------------------------------
Flow number: 2
From 10.0.0.1:54241
To    10.0.0.2:10002
----------------------------------------------------------
Total time               =    101.893624 s
Total packets            =          3148
Minimum delay            =      0.011798 s
Maximum delay            =     86.938119 s
Average delay            =     44.137901 s
Average jitter           =      0.032023 s
Delay standard deviation =     26.608414 s
Bytes received           =        944400
Average bitrate          =     74.147917 Kbit/s
Average packet rate      =     30.894966 pkt/s
Packets dropped          =          4207 (57.20 %)
Average loss-burst size  =     18.451754 pkt
----------------------------------------------------------
----------------------------------------------------------
Flow number: 1
From 10.0.0.1:45942
To    10.0.0.2:10001
----------------------------------------------------------
Total time               =    100.888124 s
Total packets            =          3585
Minimum delay            =      2.930049 s
Maximum delay            =     88.837555 s
Average delay            =     46.095269 s
Average jitter           =      0.024523 s
Delay standard deviation =     23.786903 s
Bytes received           =       1075500
Average bitrate          =     85.282585 Kbit/s
Average packet rate      =     35.534410 pkt/s
Packets dropped          =          3790 (51.39 %)
Average loss-burst size  =     17.627907 pkt
----------------------------------------------------------

__________________________________________________________
****************  TOTAL RESULTS   ******************
__________________________________________________________
Number of flows          =             3
Total time               =    104.021868 s
Total packets            =          9516
Minimum delay            =      0.000179 s
Maximum delay            =     88.837555 s
Average delay            =     44.415928 s
Average jitter           =      0.048265 s
Delay standard deviation =     25.476695 s
Bytes received           =       2854800
Average bitrate          =    219.553835 Kbit/s
Average packet rate      =     91.480764 pkt/s
Packets dropped          =         12592 (56.96 %)
Average loss-burst size  =     18.794030 pkt
Error lines              =             0
----------------------------------------------------------
