ITGDec version 2.8.1 (r1023)
Compile-time options: bursty multiport
----------------------------------------------------------
Flow number: 2
From 10.0.0.1:50730
To    10.0.0.2:10002
----------------------------------------------------------
Total time               =     54.729998 s
Total packets            =           989
Minimum delay            =      0.030893 s
Maximum delay            =     43.056623 s
Average delay            =     22.901753 s
Average jitter           =      0.066998 s
Delay standard deviation =     12.578507 s
Bytes received           =        296700
Average bitrate          =     43.369269 Kbit/s
Average packet rate      =     18.070529 pkt/s
Packets dropped          =             0 (0.00 %)
Average loss-burst size  =      0.000000 pkt
----------------------------------------------------------
----------------------------------------------------------
Flow number: 1
From 10.0.0.1:53676
To    10.0.0.2:10001
----------------------------------------------------------
Total time               =     32.066777 s
Total packets            =           570
Minimum delay            =      0.176083 s
Maximum delay            =     24.451974 s
Average delay            =     12.968336 s
Average jitter           =      0.067234 s
Delay standard deviation =      6.794546 s
Bytes received           =        171000
Average bitrate          =     42.660976 Kbit/s
Average packet rate      =     17.775407 pkt/s
Packets dropped          =             0 (0.00 %)
Average loss-burst size  =      0.000000 pkt
----------------------------------------------------------
----------------------------------------------------------
Flow number: 3
From 10.0.0.1:59712
To    10.0.0.2:10003
----------------------------------------------------------
Total time               =     26.839514 s
Total packets            =           238
Minimum delay            =      5.386046 s
Maximum delay            =     31.969819 s
Average delay            =     20.275583 s
Average jitter           =      0.114056 s
Delay standard deviation =      9.608163 s
Bytes received           =         71400
Average bitrate          =     21.282055 Kbit/s
Average packet rate      =      8.867523 pkt/s
Packets dropped          =             0 (0.00 %)
Average loss-burst size  =      0.000000 pkt
----------------------------------------------------------

__________________________________________________________
****************  TOTAL RESULTS   ******************
__________________________________________________________
Number of flows          =             3
Total time               =     54.729998 s
Total packets            =          1797
Minimum delay            =      0.030893 s
Maximum delay            =     43.056623 s
Average delay            =     19.403102 s
Average jitter           =      0.124082 s
Delay standard deviation =     11.572351 s
Bytes received           =        539100
Average bitrate          =     78.801392 Kbit/s
Average packet rate      =     32.833913 pkt/s
Packets dropped          =             0 (0.00 %)
Average loss-burst size  =             0 pkt
Error lines              =             0
----------------------------------------------------------
