ITGDec version 2.8.1 (r1023)
Compile-time options: bursty multiport
----------------------------------------------------------
Flow number: 2
From 10.0.0.1:48000
To    10.0.0.2:10002
----------------------------------------------------------
Total time               =    101.830832 s
Total packets            =          2874
Minimum delay            =      0.000106 s
Maximum delay            =     86.893720 s
Average delay            =     42.933237 s
Average jitter           =      0.035059 s
Delay standard deviation =     25.177251 s
Bytes received           =        862200
Average bitrate          =     67.735870 Kbit/s
Average packet rate      =     28.223279 pkt/s
Packets dropped          =          4496 (61.00 %)
Average loss-burst size  =     16.713755 pkt
----------------------------------------------------------
----------------------------------------------------------
Flow number: 1
From 10.0.0.1:60395
To    10.0.0.2:10001
----------------------------------------------------------
Total time               =    102.406747 s
Total packets            =          3493
Minimum delay            =      0.011519 s
Maximum delay            =     87.425372 s
Average delay            =     42.724833 s
Average jitter           =      0.028987 s
Delay standard deviation =     24.906113 s
Bytes received           =       1047900
Average bitrate          =     81.861794 Kbit/s
Average packet rate      =     34.109081 pkt/s
Packets dropped          =          3932 (52.96 %)
Average loss-burst size  =     18.723810 pkt
----------------------------------------------------------
----------------------------------------------------------
Flow number: 3
From 10.0.0.1:49290
To    10.0.0.2:10003
----------------------------------------------------------
Total time               =    101.224697 s
Total packets            =          3179
Minimum delay            =      2.915296 s
Maximum delay            =     89.158864 s
Average delay            =     48.087739 s
Average jitter           =      0.028385 s
Delay standard deviation =     26.268934 s
Bytes received           =        953700
Average bitrate          =     75.372910 Kbit/s
Average packet rate      =     31.405379 pkt/s
Packets dropped          =          4250 (57.21 %)
Average loss-burst size  =     15.287770 pkt
----------------------------------------------------------

__________________________________________________________
****************  TOTAL RESULTS   ******************
__________________________________________________________
Number of flows          =             3
Total time               =    104.347920 s
Total packets            =          9546
Minimum delay            =      0.000106 s
Maximum delay            =     89.158864 s
Average delay            =     44.573527 s
Average jitter           =      0.048286 s
Delay standard deviation =     25.569546 s
Bytes received           =       2863800
Average bitrate          =    219.557802 Kbit/s
Average packet rate      =     91.482418 pkt/s
Packets dropped          =         12678 (57.05 %)
Average loss-burst size  =     16.747688 pkt
Error lines              =             0
----------------------------------------------------------
