ITGDec version 2.8.1 (r1023)
Compile-time options: bursty multiport
----------------------------------------------------------
Flow number: 2
From 10.0.0.1:51326
To    10.0.0.2:10002
----------------------------------------------------------
Total time               =     35.501450 s
Total packets            =          4565
Minimum delay            =      0.000054 s
Maximum delay            =     21.815857 s
Average delay            =     10.943045 s
Average jitter           =      0.010292 s
Delay standard deviation =      6.610599 s
Bytes received           =       1369500
Average bitrate          =    308.607113 Kbit/s
Average packet rate      =    128.586297 pkt/s
Packets dropped          =             0 (0.00 %)
Average loss-burst size  =      0.000000 pkt
----------------------------------------------------------
----------------------------------------------------------
Flow number: 3
From 10.0.0.1:60306
To    10.0.0.2:10003
----------------------------------------------------------
Total time               =     33.499784 s
Total packets            =          4719
Minimum delay            =      0.000050 s
Maximum delay            =     20.778222 s
Average delay            =     10.234746 s
Average jitter           =      0.009547 s
Delay standard deviation =      6.093364 s
Bytes received           =       1415700
Average bitrate          =    338.079792 Kbit/s
Average packet rate      =    140.866580 pkt/s
Packets dropped          =             0 (0.00 %)
Average loss-burst size  =      0.000000 pkt
----------------------------------------------------------
----------------------------------------------------------
Flow number: 1
From 10.0.0.1:54274
To    10.0.0.2:10001
----------------------------------------------------------
Total time               =     23.066831 s
Total packets            =          3379
Minimum delay            =      0.000212 s
Maximum delay            =     12.943130 s
Average delay            =      6.738897 s
Average jitter           =      0.009568 s
Delay standard deviation =      3.768309 s
Bytes received           =       1013700
Average bitrate          =    351.569750 Kbit/s
Average packet rate      =    146.487396 pkt/s
Packets dropped          =             0 (0.00 %)
Average loss-burst size  =      0.000000 pkt
----------------------------------------------------------

__________________________________________________________
****************  TOTAL RESULTS   ******************
__________________________________________________________
Number of flows          =             3
Total time               =     35.501450 s
Total packets            =         12663
Minimum delay            =      0.000050 s
Maximum delay            =     21.815857 s
Average delay            =      9.557253 s
Average jitter           =      0.017929 s
Delay standard deviation =      6.030128 s
Bytes received           =       3798900
Average bitrate          =    856.055175 Kbit/s
Average packet rate      =    356.689656 pkt/s
Packets dropped          =             0 (0.00 %)
Average loss-burst size  =             0 pkt
Error lines              =             0
----------------------------------------------------------
