ITGDec version 2.8.1 (r1023)
Compile-time options: bursty multiport
----------------------------------------------------------
Flow number: 2
From 10.0.0.1:53966
To    10.0.0.2:10002
----------------------------------------------------------
Total time               =    102.623869 s
Total packets            =          1301
Minimum delay            =      0.004622 s
Maximum delay            =     87.634078 s
Average delay            =     44.487176 s
Average jitter           =      0.077893 s
Delay standard deviation =     24.307793 s
Bytes received           =        390300
Average bitrate          =     30.425670 Kbit/s
Average packet rate      =     12.677363 pkt/s
Packets dropped          =          6100 (82.42 %)
Average loss-burst size  =      6.237219 pkt
----------------------------------------------------------
----------------------------------------------------------
Flow number: 3
From 10.0.0.1:35408
To    10.0.0.2:10003
----------------------------------------------------------
Total time               =    102.249798 s
Total packets            =          1224
Minimum delay            =      0.023554 s
Maximum delay            =     87.313865 s
Average delay            =     39.663583 s
Average jitter           =      0.082431 s
Delay standard deviation =     24.306819 s
Bytes received           =        367200
Average bitrate          =     28.729641 Kbit/s
Average packet rate      =     11.970684 pkt/s
Packets dropped          =          6140 (83.38 %)
Average loss-burst size  =      6.814650 pkt
----------------------------------------------------------
----------------------------------------------------------
Flow number: 1
From 10.0.0.1:34275
To    10.0.0.2:10001
----------------------------------------------------------
Total time               =    102.637676 s
Total packets            =          1239
Minimum delay            =      0.043399 s
Maximum delay            =     87.682359 s
Average delay            =     47.228418 s
Average jitter           =      0.081802 s
Delay standard deviation =     26.214999 s
Bytes received           =        371700
Average bitrate          =     28.971817 Kbit/s
Average packet rate      =     12.071591 pkt/s
Packets dropped          =          6161 (83.26 %)
Average loss-burst size  =      6.631862 pkt
----------------------------------------------------------

__________________________________________________________
****************  TOTAL RESULTS   ******************
__________________________________________________________
Number of flows          =             3
Total time               =    102.678530 s
Total packets            =          3764
Minimum delay            =      0.004622 s
Maximum delay            =     87.682359 s
Average delay            =     43.820949 s
Average jitter           =      0.124446 s
Delay standard deviation =     25.142937 s
Bytes received           =       1129200
Average bitrate          =     87.979444 Kbit/s
Average packet rate      =     36.658102 pkt/s
Packets dropped          =         18401 (83.02 %)
Average loss-burst size  =      6.553063 pkt
Error lines              =             0
----------------------------------------------------------
