ITGDec version 2.8.1 (r1023)
Compile-time options: bursty multiport
----------------------------------------------------------
Flow number: 1
From 10.0.0.1:43732
To    10.0.0.2:10001
----------------------------------------------------------
Total time               =     30.328943 s
Total packets            =          4509
Minimum delay            =      0.000057 s
Maximum delay            =     16.394444 s
Average delay            =      8.766145 s
Average jitter           =      0.009572 s
Delay standard deviation =      5.237844 s
Bytes received           =       1352700
Average bitrate          =    356.807687 Kbit/s
Average packet rate      =    148.669870 pkt/s
Packets dropped          =             0 (0.00 %)
Average loss-burst size  =      0.000000 pkt
----------------------------------------------------------
----------------------------------------------------------
Flow number: 3
From 10.0.0.1:39990
To    10.0.0.2:10003
----------------------------------------------------------
Total time               =     23.879061 s
Total packets            =          3550
Minimum delay            =      0.000035 s
Maximum delay            =     13.582063 s
Average delay            =      7.012272 s
Average jitter           =      0.009250 s
Delay standard deviation =      4.120107 s
Bytes received           =       1065000
Average bitrate          =    356.797949 Kbit/s
Average packet rate      =    148.665812 pkt/s
Packets dropped          =             0 (0.00 %)
Average loss-burst size  =      0.000000 pkt
----------------------------------------------------------
----------------------------------------------------------
Flow number: 2
From 10.0.0.1:52520
To    10.0.0.2:10002
----------------------------------------------------------
Total time               =     34.078551 s
Total packets            =          4142
Minimum delay            =      0.299914 s
Maximum delay            =     21.129886 s
Average delay            =     10.583737 s
Average jitter           =      0.010836 s
Delay standard deviation =      6.496025 s
Bytes received           =       1242600
Average bitrate          =    291.702543 Kbit/s
Average packet rate      =    121.542726 pkt/s
Packets dropped          =             0 (0.00 %)
Average loss-burst size  =      0.000000 pkt
----------------------------------------------------------

__________________________________________________________
****************  TOTAL RESULTS   ******************
__________________________________________________________
Number of flows          =             3
Total time               =     34.483917 s
Total packets            =         12201
Minimum delay            =      0.000035 s
Maximum delay            =     21.129886 s
Average delay            =      8.872875 s
Average jitter           =      0.017865 s
Delay standard deviation =      5.604342 s
Bytes received           =       3660300
Average bitrate          =    849.161074 Kbit/s
Average packet rate      =    353.817114 pkt/s
Packets dropped          =             0 (0.00 %)
Average loss-burst size  =             0 pkt
Error lines              =             0
----------------------------------------------------------
