ITGDec version 2.8.1 (r1023)
Compile-time options: bursty multiport
----------------------------------------------------------
Flow number: 3
From 10.0.0.1:59638
To    10.0.0.2:10003
----------------------------------------------------------
Total time               =     55.834199 s
Total packets            =          1063
Minimum delay            =      0.000054 s
Maximum delay            =     43.849151 s
Average delay            =     25.087970 s
Average jitter           =      0.063618 s
Delay standard deviation =     13.658193 s
Bytes received           =        318900
Average bitrate          =     45.692426 Kbit/s
Average packet rate      =     19.038511 pkt/s
Packets dropped          =             0 (0.00 %)
Average loss-burst size  =      0.000000 pkt
----------------------------------------------------------
----------------------------------------------------------
Flow number: 2
From 10.0.0.1:50662
To    10.0.0.2:10002
----------------------------------------------------------
Total time               =     58.719201 s
Total packets            =           985
Minimum delay            =      0.000063 s
Maximum delay            =     51.550397 s
Average delay            =     26.354131 s
Average jitter           =      0.073692 s
Delay standard deviation =     15.336482 s
Bytes received           =        295500
Average bitrate          =     40.259403 Kbit/s
Average packet rate      =     16.774751 pkt/s
Packets dropped          =             0 (0.00 %)
Average loss-burst size  =      0.000000 pkt
----------------------------------------------------------
----------------------------------------------------------
Flow number: 1
From 10.0.0.1:53608
To    10.0.0.2:10001
----------------------------------------------------------
Total time               =     29.227656 s
Total packets            =           286
Minimum delay            =      5.627712 s
Maximum delay            =     34.545311 s
Average delay            =     23.366924 s
Average jitter           =      0.103384 s
Delay standard deviation =     10.362029 s
Bytes received           =         85800
Average bitrate          =     23.484606 Kbit/s
Average packet rate      =      9.785253 pkt/s
Packets dropped          =             0 (0.00 %)
Average loss-burst size  =      0.000000 pkt
----------------------------------------------------------

__________________________________________________________
****************  TOTAL RESULTS   ******************
__________________________________________________________
Number of flows          =             3
Total time               =     58.719201 s
Total packets            =          2334
Minimum delay            =      0.000054 s
Maximum delay            =     51.550397 s
Average delay            =     25.411427 s
Average jitter           =      0.112173 s
Delay standard deviation =     14.082457 s
Bytes received           =        700200
Average bitrate          =     95.396393 Kbit/s
Average packet rate      =     39.748497 pkt/s
Packets dropped          =             0 (0.00 %)
Average loss-burst size  =             0 pkt
Error lines              =             0
----------------------------------------------------------
