ITGDec version 2.8.1 (r1023)
Compile-time options: bursty multiport
----------------------------------------------------------
Flow number: 2
From 10.0.0.1:58170
To    10.0.0.2:10002
----------------------------------------------------------
Total time               =     60.722368 s
Total packets            =          7402
Minimum delay            =      0.000119 s
Maximum delay            =     45.727414 s
Average delay            =     22.853163 s
Average jitter           =      0.008074 s
Delay standard deviation =     12.967367 s
Bytes received           =       2220600
Average bitrate          =    292.557761 Kbit/s
Average packet rate      =    121.899067 pkt/s
Packets dropped          =             0 (0.00 %)
Average loss-burst size  =      0.000000 pkt
----------------------------------------------------------
----------------------------------------------------------
Flow number: 3
From 10.0.0.1:42569
To    10.0.0.2:10003
----------------------------------------------------------
Total time               =     60.700853 s
Total packets            =          7403
Minimum delay            =      0.014380 s
Maximum delay            =     45.729726 s
Average delay            =     22.858991 s
Average jitter           =      0.008127 s
Delay standard deviation =     12.964616 s
Bytes received           =       2220900
Average bitrate          =    292.700994 Kbit/s
Average packet rate      =    121.958747 pkt/s
Packets dropped          =             0 (0.00 %)
Average loss-burst size  =      0.000000 pkt
----------------------------------------------------------
----------------------------------------------------------
Flow number: 1
From 10.0.0.1:45395
To    10.0.0.2:10001
----------------------------------------------------------
Total time               =     60.667807 s
Total packets            =          7406
Minimum delay            =      0.049088 s
Maximum delay            =     45.735663 s
Average delay            =     22.876723 s
Average jitter           =      0.008323 s
Delay standard deviation =     12.962602 s
Bytes received           =       2221800
Average bitrate          =    292.979108 Kbit/s
Average packet rate      =    122.074628 pkt/s
Packets dropped          =             0 (0.00 %)
Average loss-burst size  =      0.000000 pkt
----------------------------------------------------------

__________________________________________________________
****************  TOTAL RESULTS   ******************
__________________________________________________________
Number of flows          =             3
Total time               =     60.733317 s
Total packets            =         22211
Minimum delay            =      0.000119 s
Maximum delay            =     45.735663 s
Average delay            =     22.862961 s
Average jitter           =      0.012837 s
Delay standard deviation =     12.964865 s
Bytes received           =       6663300
Average bitrate          =    877.712640 Kbit/s
Average packet rate      =    365.713600 pkt/s
Packets dropped          =             0 (0.00 %)
Average loss-burst size  =             0 pkt
Error lines              =             0
----------------------------------------------------------
