ITGDec version 2.8.1 (r1023)
Compile-time options: bursty multiport
----------------------------------------------------------
Flow number: 2
From 10.0.0.1:50696
To    10.0.0.2:10002
----------------------------------------------------------
Total time               =     51.908461 s
Total packets            =           959
Minimum delay            =      0.028288 s
Maximum delay            =     39.705169 s
Average delay            =     21.884968 s
Average jitter           =      0.066420 s
Delay standard deviation =     12.351661 s
Bytes received           =        287700
Average bitrate          =     44.339592 Kbit/s
Average packet rate      =     18.474830 pkt/s
Packets dropped          =             0 (0.00 %)
Average loss-burst size  =      0.000000 pkt
----------------------------------------------------------
----------------------------------------------------------
Flow number: 1
From 10.0.0.1:53642
To    10.0.0.2:10001
----------------------------------------------------------
Total time               =     30.098784 s
Total packets            =           512
Minimum delay            =      0.057653 s
Maximum delay            =     24.001203 s
Average delay            =     12.888290 s
Average jitter           =      0.074323 s
Delay standard deviation =      7.063725 s
Bytes received           =        153600
Average bitrate          =     40.825570 Kbit/s
Average packet rate      =     17.010654 pkt/s
Packets dropped          =             0 (0.00 %)
Average loss-burst size  =      0.000000 pkt
----------------------------------------------------------
----------------------------------------------------------
Flow number: 3
From 10.0.0.1:59678
To    10.0.0.2:10003
----------------------------------------------------------
Total time               =     25.646280 s
Total packets            =           238
Minimum delay            =      5.385191 s
Maximum delay            =     30.774960 s
Average delay            =     19.564840 s
Average jitter           =      0.109015 s
Delay standard deviation =      9.134978 s
Bytes received           =         71400
Average bitrate          =     22.272236 Kbit/s
Average packet rate      =      9.280098 pkt/s
Packets dropped          =             0 (0.00 %)
Average loss-burst size  =      0.000000 pkt
----------------------------------------------------------

__________________________________________________________
****************  TOTAL RESULTS   ******************
__________________________________________________________
Number of flows          =             3
Total time               =     51.908461 s
Total packets            =          1709
Minimum delay            =      0.028288 s
Maximum delay            =     39.705169 s
Average delay            =     18.866542 s
Average jitter           =      0.108322 s
Delay standard deviation =     11.316705 s
Bytes received           =        512700
Average bitrate          =     79.016020 Kbit/s
Average packet rate      =     32.923342 pkt/s
Packets dropped          =             0 (0.00 %)
Average loss-burst size  =             0 pkt
Error lines              =             0
----------------------------------------------------------
