ITGDec version 2.8.1 (r1023)
Compile-time options: bursty multiport
----------------------------------------------------------
Flow number: 3
From 10.0.0.1:38694
To    10.0.0.2:10003
----------------------------------------------------------
Total time               =     27.405120 s
Total packets            =           431
Minimum delay            =      0.027526 s
Maximum delay            =     22.737158 s
Average delay            =     11.607954 s
Average jitter           =      0.074385 s
Delay standard deviation =      6.576017 s
Bytes received           =        129300
Average bitrate          =     37.744772 Kbit/s
Average packet rate      =     15.726988 pkt/s
Packets dropped          =             0 (0.00 %)
Average loss-burst size  =      0.000000 pkt
----------------------------------------------------------
----------------------------------------------------------
Flow number: 2
From 10.0.0.1:51224
To    10.0.0.2:10002
----------------------------------------------------------
Total time               =     43.640456 s
Total packets            =           686
Minimum delay            =      0.176200 s
Maximum delay            =     33.756816 s
Average delay            =     17.826675 s
Average jitter           =      0.078147 s
Delay standard deviation =      9.633298 s
Bytes received           =        205800
Average bitrate          =     37.726462 Kbit/s
Average packet rate      =     15.719359 pkt/s
Packets dropped          =             0 (0.00 %)
Average loss-burst size  =      0.000000 pkt
----------------------------------------------------------
----------------------------------------------------------
Flow number: 1
From 10.0.0.1:42442
To    10.0.0.2:10001
----------------------------------------------------------
Total time               =     29.840164 s
Total packets            =           382
Minimum delay            =      2.962774 s
Maximum delay            =     29.032481 s
Average delay            =     16.325656 s
Average jitter           =      0.103814 s
Delay standard deviation =      6.730608 s
Bytes received           =        114600
Average bitrate          =     30.723692 Kbit/s
Average packet rate      =     12.801538 pkt/s
Packets dropped          =             0 (0.00 %)
Average loss-burst size  =      0.000000 pkt
----------------------------------------------------------

__________________________________________________________
****************  TOTAL RESULTS   ******************
__________________________________________________________
Number of flows          =             3
Total time               =     43.796126 s
Total packets            =          1499
Minimum delay            =      0.027526 s
Maximum delay            =     33.756816 s
Average delay            =     15.656123 s
Average jitter           =      0.125016 s
Delay standard deviation =      8.569091 s
Bytes received           =        449700
Average bitrate          =     82.144252 Kbit/s
Average packet rate      =     34.226772 pkt/s
Packets dropped          =             0 (0.00 %)
Average loss-burst size  =             0 pkt
Error lines              =             0
----------------------------------------------------------
