ITGDec version 2.8.1 (r1023)
Compile-time options: bursty multiport
----------------------------------------------------------
Flow number: 1
From 10.0.0.1:54156
To    10.0.0.2:10001
----------------------------------------------------------
Total time               =     25.625684 s
Total packets            =          1857
Minimum delay            =      0.000065 s
Maximum delay            =     16.954309 s
Average delay            =      8.071480 s
Average jitter           =      0.019610 s
Delay standard deviation =      4.858465 s
Bytes received           =        557100
Average bitrate          =    173.919260 Kbit/s
Average packet rate      =     72.466358 pkt/s
Packets dropped          =             0 (0.00 %)
Average loss-burst size  =      0.000000 pkt
----------------------------------------------------------
----------------------------------------------------------
Flow number: 2
From 10.0.0.1:51210
To    10.0.0.2:10002
----------------------------------------------------------
Total time               =     23.709616 s
Total packets            =          1666
Minimum delay            =      0.000057 s
Maximum delay            =     15.090153 s
Average delay            =      7.281877 s
Average jitter           =      0.019104 s
Delay standard deviation =      4.402108 s
Bytes received           =        499800
Average bitrate          =    168.640437 Kbit/s
Average packet rate      =     70.266849 pkt/s
Packets dropped          =             0 (0.00 %)
Average loss-burst size  =      0.000000 pkt
----------------------------------------------------------
----------------------------------------------------------
Flow number: 3
From 10.0.0.1:60192
To    10.0.0.2:10003
----------------------------------------------------------
Total time               =     25.591766 s
Total packets            =          1577
Minimum delay            =      0.481716 s
Maximum delay            =     16.586442 s
Average delay            =      7.667527 s
Average jitter           =      0.021986 s
Delay standard deviation =      4.685701 s
Bytes received           =        473100
Average bitrate          =    147.891318 Kbit/s
Average packet rate      =     61.621382 pkt/s
Packets dropped          =             0 (0.00 %)
Average loss-burst size  =      0.000000 pkt
----------------------------------------------------------

__________________________________________________________
****************  TOTAL RESULTS   ******************
__________________________________________________________
Number of flows          =             3
Total time               =     26.257799 s
Total packets            =          5100
Minimum delay            =      0.000057 s
Maximum delay            =     16.954309 s
Average delay            =      7.688635 s
Average jitter           =      0.031875 s
Delay standard deviation =      4.671386 s
Bytes received           =       1530000
Average bitrate          =    466.147220 Kbit/s
Average packet rate      =    194.228008 pkt/s
Packets dropped          =             0 (0.00 %)
Average loss-burst size  =             0 pkt
Error lines              =             0
----------------------------------------------------------
