ITGDec version 2.8.1 (r1023)
Compile-time options: bursty multiport
----------------------------------------------------------
Flow number: 2
From 10.0.0.1:51858
To    10.0.0.2:10002
----------------------------------------------------------
Total time               =     40.802262 s
Total packets            =          1438
Minimum delay            =      0.000345 s
Maximum delay            =     28.382557 s
Average delay            =     13.325105 s
Average jitter           =      0.036772 s
Delay standard deviation =      7.599244 s
Bytes received           =        431400
Average bitrate          =     84.583546 Kbit/s
Average packet rate      =     35.243144 pkt/s
Packets dropped          =             0 (0.00 %)
Average loss-burst size  =      0.000000 pkt
----------------------------------------------------------
----------------------------------------------------------
Flow number: 1
From 10.0.0.1:43076
To    10.0.0.2:10001
----------------------------------------------------------
Total time               =     39.808071 s
Total packets            =          1466
Minimum delay            =      0.018253 s
Maximum delay            =     27.463504 s
Average delay            =     13.536544 s
Average jitter           =      0.035349 s
Delay standard deviation =      7.911698 s
Bytes received           =        439800
Average bitrate          =     88.384087 Kbit/s
Average packet rate      =     36.826703 pkt/s
Packets dropped          =             0 (0.00 %)
Average loss-burst size  =      0.000000 pkt
----------------------------------------------------------
----------------------------------------------------------
Flow number: 3
From 10.0.0.1:39334
To    10.0.0.2:10003
----------------------------------------------------------
Total time               =     23.116541 s
Total packets            =           720
Minimum delay            =      0.978185 s
Maximum delay            =     14.818699 s
Average delay            =      8.584184 s
Average jitter           =      0.043953 s
Delay standard deviation =      4.206843 s
Bytes received           =        216000
Average bitrate          =     74.751668 Kbit/s
Average packet rate      =     31.146528 pkt/s
Packets dropped          =             0 (0.00 %)
Average loss-burst size  =      0.000000 pkt
----------------------------------------------------------

__________________________________________________________
****************  TOTAL RESULTS   ******************
__________________________________________________________
Number of flows          =             3
Total time               =     40.802262 s
Total packets            =          3624
Minimum delay            =      0.000345 s
Maximum delay            =     28.382557 s
Average delay            =     12.468733 s
Average jitter           =      0.059590 s
Delay standard deviation =      7.449972 s
Bytes received           =       1087200
Average bitrate          =    213.164652 Kbit/s
Average packet rate      =     88.818605 pkt/s
Packets dropped          =             0 (0.00 %)
Average loss-burst size  =             0 pkt
Error lines              =             0
----------------------------------------------------------
