ITGDec version 2.8.1 (r1023)
Compile-time options: bursty multiport
----------------------------------------------------------
Flow number: 3
From 10.0.0.1:32950
To    10.0.0.2:10003
----------------------------------------------------------
Total time               =     34.702722 s
Total packets            =          4635
Minimum delay            =      0.000060 s
Maximum delay            =     20.384811 s
Average delay            =      9.885632 s
Average jitter           =      0.010317 s
Delay standard deviation =      5.909661 s
Bytes received           =       1390500
Average bitrate          =    320.551224 Kbit/s
Average packet rate      =    133.563010 pkt/s
Packets dropped          =             0 (0.00 %)
Average loss-burst size  =      0.000000 pkt
----------------------------------------------------------
----------------------------------------------------------
Flow number: 1
From 10.0.0.1:55150
To    10.0.0.2:10001
----------------------------------------------------------
Total time               =     29.066707 s
Total packets            =          4375
Minimum delay            =      0.000048 s
Maximum delay            =     16.303354 s
Average delay            =      8.791490 s
Average jitter           =      0.009095 s
Delay standard deviation =      5.081157 s
Bytes received           =       1312500
Average bitrate          =    361.238031 Kbit/s
Average packet rate      =    150.515846 pkt/s
Packets dropped          =             0 (0.00 %)
Average loss-burst size  =      0.000000 pkt
----------------------------------------------------------
----------------------------------------------------------
Flow number: 2
From 10.0.0.1:52208
To    10.0.0.2:10002
----------------------------------------------------------
Total time               =     23.682041 s
Total packets            =          3393
Minimum delay            =      0.237713 s
Maximum delay            =     13.959349 s
Average delay            =      7.360273 s
Average jitter           =      0.009623 s
Delay standard deviation =      4.326068 s
Bytes received           =       1017900
Average bitrate          =    343.855498 Kbit/s
Average packet rate      =    143.273124 pkt/s
Packets dropped          =             0 (0.00 %)
Average loss-burst size  =      0.000000 pkt
----------------------------------------------------------

__________________________________________________________
****************  TOTAL RESULTS   ******************
__________________________________________________________
Number of flows          =             3
Total time               =     34.702722 s
Total packets            =         12403
Minimum delay            =      0.000048 s
Maximum delay            =     20.384811 s
Average delay            =      8.808843 s
Average jitter           =      0.017183 s
Delay standard deviation =      5.318391 s
Bytes received           =       3720900
Average bitrate          =    857.777093 Kbit/s
Average packet rate      =    357.407122 pkt/s
Packets dropped          =             0 (0.00 %)
Average loss-burst size  =             0 pkt
Error lines              =             0
----------------------------------------------------------
