ITGDec version 2.8.1 (r1023)
Compile-time options: bursty multiport
----------------------------------------------------------
Flow number: 2
From 10.0.0.1:50434
To    10.0.0.2:10002
----------------------------------------------------------
Total time               =     60.682277 s
Total packets            =          7399
Minimum delay            =      0.000112 s
Maximum delay            =     45.687035 s
Average delay            =     22.829641 s
Average jitter           =      0.008068 s
Delay standard deviation =     12.959101 s
Bytes received           =       2219700
Average bitrate          =    292.632394 Kbit/s
Average packet rate      =    121.930164 pkt/s
Packets dropped          =             0 (0.00 %)
Average loss-burst size  =      0.000000 pkt
----------------------------------------------------------
----------------------------------------------------------
Flow number: 1
From 10.0.0.1:51525
To    10.0.0.2:10001
----------------------------------------------------------
Total time               =     60.656110 s
Total packets            =          7403
Minimum delay            =      0.013102 s
Maximum delay            =     45.682468 s
Average delay            =     22.829489 s
Average jitter           =      0.008111 s
Delay standard deviation =     12.952135 s
Bytes received           =       2220900
Average bitrate          =    292.916905 Kbit/s
Average packet rate      =    122.048710 pkt/s
Packets dropped          =             0 (0.00 %)
Average loss-burst size  =      0.000000 pkt
----------------------------------------------------------
----------------------------------------------------------
Flow number: 3
From 10.0.0.1:60136
To    10.0.0.2:10003
----------------------------------------------------------
Total time               =     60.565830 s
Total packets            =          7393
Minimum delay            =      0.097963 s
Maximum delay            =     45.692209 s
Average delay            =     22.849380 s
Average jitter           =      0.008524 s
Delay standard deviation =     12.952859 s
Bytes received           =       2217900
Average bitrate          =    292.957266 Kbit/s
Average packet rate      =    122.065528 pkt/s
Packets dropped          =             0 (0.00 %)
Average loss-burst size  =      0.000000 pkt
----------------------------------------------------------

__________________________________________________________
****************  TOTAL RESULTS   ******************
__________________________________________________________
Number of flows          =             3
Total time               =     60.690473 s
Total packets            =         22195
Minimum delay            =      0.000112 s
Maximum delay            =     45.692209 s
Average delay            =     22.836165 s
Average jitter           =      0.012795 s
Delay standard deviation =     12.954702 s
Bytes received           =       6658500
Average bitrate          =    877.699536 Kbit/s
Average packet rate      =    365.708140 pkt/s
Packets dropped          =             0 (0.00 %)
Average loss-burst size  =             0 pkt
Error lines              =             0
----------------------------------------------------------
