ITGDec version 2.8.1 (r1023)
Compile-time options: bursty multiport
----------------------------------------------------------
Flow number: 2
From 10.0.0.1:44337
To    10.0.0.2:10002
----------------------------------------------------------
Total time               =     60.490802 s
Total packets            =          7389
Minimum delay            =      0.000040 s
Maximum delay            =     45.496156 s
Average delay            =     22.677974 s
Average jitter           =      0.008057 s
Delay standard deviation =     12.932570 s
Bytes received           =       2216700
Average bitrate          =    293.161926 Kbit/s
Average packet rate      =    122.150802 pkt/s
Packets dropped          =             0 (0.00 %)
Average loss-burst size  =      0.000000 pkt
----------------------------------------------------------
----------------------------------------------------------
Flow number: 3
From 10.0.0.1:40896
To    10.0.0.2:10003
----------------------------------------------------------
Total time               =     60.463813 s
Total packets            =          7391
Minimum delay            =      0.018541 s
Maximum delay            =     45.497952 s
Average delay            =     22.677947 s
Average jitter           =      0.008101 s
Delay standard deviation =     12.929798 s
Bytes received           =       2217300
Average bitrate          =    293.372170 Kbit/s
Average packet rate      =    122.238404 pkt/s
Packets dropped          =             0 (0.00 %)
Average loss-burst size  =      0.000000 pkt
----------------------------------------------------------
----------------------------------------------------------
Flow number: 1
From 10.0.0.1:39772
To    10.0.0.2:10001
----------------------------------------------------------
Total time               =     60.363452 s
Total packets            =          7387
Minimum delay            =      0.199834 s
Maximum delay            =     45.571833 s
Average delay            =     22.984462 s
Average jitter           =      0.008067 s
Delay standard deviation =     12.929444 s
Bytes received           =       2216100
Average bitrate          =    293.700897 Kbit/s
Average packet rate      =    122.375374 pkt/s
Packets dropped          =             0 (0.00 %)
Average loss-burst size  =      0.000000 pkt
----------------------------------------------------------

__________________________________________________________
****************  TOTAL RESULTS   ******************
__________________________________________________________
Number of flows          =             3
Total time               =     60.613921 s
Total packets            =         22167
Minimum delay            =      0.000040 s
Maximum delay            =     45.571833 s
Average delay            =     22.780100 s
Average jitter           =      0.012791 s
Delay standard deviation =     12.931411 s
Bytes received           =       6650100
Average bitrate          =    877.699365 Kbit/s
Average packet rate      =    365.708069 pkt/s
Packets dropped          =             0 (0.00 %)
Average loss-burst size  =             0 pkt
Error lines              =             0
----------------------------------------------------------
