ITGDec version 2.8.1 (r1023)
Compile-time options: bursty multiport
----------------------------------------------------------
Flow number: 1
From 10.0.0.1:54754
To    10.0.0.2:10001
----------------------------------------------------------
Total time               =     54.256526 s
Total packets            =           972
Minimum delay            =      0.027494 s
Maximum delay            =     45.698961 s
Average delay            =     23.260339 s
Average jitter           =      0.064475 s
Delay standard deviation =     13.141559 s
Bytes received           =        291600
Average bitrate          =     42.995749 Kbit/s
Average packet rate      =     17.914896 pkt/s
Packets dropped          =             0 (0.00 %)
Average loss-burst size  =      0.000000 pkt
----------------------------------------------------------
----------------------------------------------------------
Flow number: 2
From 10.0.0.1:51812
To    10.0.0.2:10002
----------------------------------------------------------
Total time               =     31.867999 s
Total packets            =           570
Minimum delay            =      0.175687 s
Maximum delay            =     24.081199 s
Average delay            =     12.877284 s
Average jitter           =      0.067610 s
Delay standard deviation =      6.752393 s
Bytes received           =        171000
Average bitrate          =     42.927076 Kbit/s
Average packet rate      =     17.886281 pkt/s
Packets dropped          =             0 (0.00 %)
Average loss-burst size  =      0.000000 pkt
----------------------------------------------------------
----------------------------------------------------------
Flow number: 3
From 10.0.0.1:60792
To    10.0.0.2:10003
----------------------------------------------------------
Total time               =     26.955070 s
Total packets            =           238
Minimum delay            =      5.382938 s
Maximum delay            =     32.080287 s
Average delay            =     20.316808 s
Average jitter           =      0.114551 s
Delay standard deviation =      9.657875 s
Bytes received           =         71400
Average bitrate          =     21.190819 Kbit/s
Average packet rate      =      8.829508 pkt/s
Packets dropped          =             0 (0.00 %)
Average loss-burst size  =      0.000000 pkt
----------------------------------------------------------

__________________________________________________________
****************  TOTAL RESULTS   ******************
__________________________________________________________
Number of flows          =             3
Total time               =     54.256526 s
Total packets            =          1780
Minimum delay            =      0.027494 s
Maximum delay            =     45.698961 s
Average delay            =     19.541855 s
Average jitter           =      0.128397 s
Delay standard deviation =     11.967973 s
Bytes received           =        534000
Average bitrate          =     78.737072 Kbit/s
Average packet rate      =     32.807113 pkt/s
Packets dropped          =             0 (0.00 %)
Average loss-burst size  =             0 pkt
Error lines              =             0
----------------------------------------------------------
