ITGDec version 2.8.1 (r1023)
Compile-time options: bursty multiport
----------------------------------------------------------
Flow number: 3
From 10.0.0.1:34072
To    10.0.0.2:10003
----------------------------------------------------------
Total time               =     84.521881 s
Total packets            =          5486
Minimum delay            =      0.000157 s
Maximum delay            =     69.527686 s
Average delay            =     35.411986 s
Average jitter           =      0.015226 s
Delay standard deviation =     19.933975 s
Bytes received           =       1645800
Average bitrate          =    155.775047 Kbit/s
Average packet rate      =     64.906270 pkt/s
Packets dropped          =          1883 (25.55 %)
Average loss-burst size  =      6.515571 pkt
----------------------------------------------------------
----------------------------------------------------------
Flow number: 1
From 10.0.0.1:49675
To    10.0.0.2:10001
----------------------------------------------------------
Total time               =     84.493673 s
Total packets            =          4942
Minimum delay            =      0.031186 s
Maximum delay            =     69.532670 s
Average delay            =     34.188268 s
Average jitter           =      0.016929 s
Delay standard deviation =     19.819689 s
Bytes received           =       1482600
Average bitrate          =    140.375008 Kbit/s
Average packet rate      =     58.489587 pkt/s
Packets dropped          =          2420 (32.87 %)
Average loss-burst size  =      7.076023 pkt
----------------------------------------------------------
----------------------------------------------------------
Flow number: 2
From 10.0.0.1:43137
To    10.0.0.2:10002
----------------------------------------------------------
Total time               =     84.439813 s
Total packets            =          5033
Minimum delay            =      0.080933 s
Maximum delay            =     69.536755 s
Average delay            =     34.638464 s
Average jitter           =      0.016761 s
Delay standard deviation =     19.744025 s
Bytes received           =       1509900
Average bitrate          =    143.051004 Kbit/s
Average packet rate      =     59.604585 pkt/s
Packets dropped          =          2333 (31.67 %)
Average loss-burst size  =      7.881757 pkt
----------------------------------------------------------

__________________________________________________________
****************  TOTAL RESULTS   ******************
__________________________________________________________
Number of flows          =             3
Total time               =     84.532785 s
Total packets            =         15461
Minimum delay            =      0.000157 s
Maximum delay            =     69.536755 s
Average delay            =     34.769030 s
Average jitter           =      0.025329 s
Delay standard deviation =     19.842321 s
Bytes received           =       4638300
Average bitrate          =    438.958683 Kbit/s
Average packet rate      =    182.899451 pkt/s
Packets dropped          =          6636 (30.03 %)
Average loss-burst size  =      7.158576 pkt
Error lines              =             0
----------------------------------------------------------
