ITGDec version 2.8.1 (r1023)
Compile-time options: bursty multiport
----------------------------------------------------------
Flow number: 1
From 10.0.0.1:49595
To    10.0.0.2:10001
----------------------------------------------------------
Total time               =     60.201415 s
Total packets            =          7365
Minimum delay            =      0.000109 s
Maximum delay            =     45.206129 s
Average delay            =     22.500964 s
Average jitter           =      0.008044 s
Delay standard deviation =     12.866872 s
Bytes received           =       2209500
Average bitrate          =    293.614361 Kbit/s
Average packet rate      =    122.339317 pkt/s
Packets dropped          =             0 (0.00 %)
Average loss-burst size  =      0.000000 pkt
----------------------------------------------------------
----------------------------------------------------------
Flow number: 3
From 10.0.0.1:58368
To    10.0.0.2:10003
----------------------------------------------------------
Total time               =     60.174436 s
Total packets            =          7361
Minimum delay            =      0.014196 s
Maximum delay            =     45.203825 s
Average delay            =     22.499395 s
Average jitter           =      0.008085 s
Delay standard deviation =     12.867253 s
Bytes received           =       2208300
Average bitrate          =    293.586466 Kbit/s
Average packet rate      =    122.327694 pkt/s
Packets dropped          =             0 (0.00 %)
Average loss-burst size  =      0.000000 pkt
----------------------------------------------------------
----------------------------------------------------------
Flow number: 2
From 10.0.0.1:52298
To    10.0.0.2:10002
----------------------------------------------------------
Total time               =     60.033326 s
Total packets            =          7362
Minimum delay            =      0.291183 s
Maximum delay            =     45.326294 s
Average delay            =     22.989542 s
Average jitter           =      0.008017 s
Delay standard deviation =     12.864287 s
Bytes received           =       2208600
Average bitrate          =    294.316527 Kbit/s
Average packet rate      =    122.631886 pkt/s
Packets dropped          =             0 (0.00 %)
Average loss-burst size  =      0.000000 pkt
----------------------------------------------------------

__________________________________________________________
****************  TOTAL RESULTS   ******************
__________________________________________________________
Number of flows          =             3
Total time               =     60.398431 s
Total packets            =         22088
Minimum delay            =      0.000109 s
Maximum delay            =     45.326294 s
Average delay            =     22.663286 s
Average jitter           =      0.012573 s
Delay standard deviation =     12.868205 s
Bytes received           =       6626400
Average bitrate          =    877.691674 Kbit/s
Average packet rate      =    365.704864 pkt/s
Packets dropped          =             0 (0.00 %)
Average loss-burst size  =             0 pkt
Error lines              =             0
----------------------------------------------------------
