ITGDec version 2.8.1 (r1023)
Compile-time options: bursty multiport
----------------------------------------------------------
Flow number: 1
From 10.0.0.1:43356
To    10.0.0.2:10001
----------------------------------------------------------
Total time               =     91.382694 s
Total packets            =          5788
Minimum delay            =      0.006611 s
Maximum delay            =     76.389762 s
Average delay            =     37.202338 s
Average jitter           =      0.015608 s
Delay standard deviation =     21.741657 s
Bytes received           =       1736400
Average bitrate          =    152.011277 Kbit/s
Average packet rate      =     63.338032 pkt/s
Packets dropped          =          1635 (22.03 %)
Average loss-burst size  =      6.592742 pkt
----------------------------------------------------------
----------------------------------------------------------
Flow number: 2
From 10.0.0.1:59634
To    10.0.0.2:10002
----------------------------------------------------------
Total time               =     91.363678 s
Total packets            =          5673
Minimum delay            =      0.022903 s
Maximum delay            =     76.394650 s
Average delay            =     38.006950 s
Average jitter           =      0.015962 s
Delay standard deviation =     22.161299 s
Bytes received           =       1701900
Average bitrate          =    149.022022 Kbit/s
Average packet rate      =     62.092509 pkt/s
Packets dropped          =          1751 (23.59 %)
Average loss-burst size  =      7.515021 pkt
----------------------------------------------------------
----------------------------------------------------------
Flow number: 3
From 10.0.0.1:33816
To    10.0.0.2:10003
----------------------------------------------------------
Total time               =     90.408554 s
Total packets            =          5424
Minimum delay            =      1.775215 s
Maximum delay            =     77.185458 s
Average delay            =     40.873834 s
Average jitter           =      0.016475 s
Delay standard deviation =     22.205827 s
Bytes received           =       1627200
Average bitrate          =    143.986375 Kbit/s
Average packet rate      =     59.994323 pkt/s
Packets dropped          =          2004 (26.98 %)
Average loss-burst size  =      7.367647 pkt
----------------------------------------------------------

__________________________________________________________
****************  TOTAL RESULTS   ******************
__________________________________________________________
Number of flows          =             3
Total time               =     92.373108 s
Total packets            =         16885
Minimum delay            =      0.006611 s
Maximum delay            =     77.185458 s
Average delay            =     38.652072 s
Average jitter           =      0.024586 s
Delay standard deviation =     22.088195 s
Bytes received           =       5065500
Average bitrate          =    438.699107 Kbit/s
Average packet rate      =    182.791295 pkt/s
Packets dropped          =          5390 (24.20 %)
Average loss-burst size  =      7.158035 pkt
Error lines              =             0
----------------------------------------------------------
