ITGDec version 2.8.1 (r1023)
Compile-time options: bursty multiport
----------------------------------------------------------
Flow number: 3
From 10.0.0.1:38886
To    10.0.0.2:10003
----------------------------------------------------------
Total time               =    102.480845 s
Total packets            =          1319
Minimum delay            =      0.028206 s
Maximum delay            =     87.525695 s
Average delay            =     43.195168 s
Average jitter           =      0.076688 s
Delay standard deviation =     25.108020 s
Bytes received           =        395700
Average bitrate          =     30.889675 Kbit/s
Average packet rate      =     12.870698 pkt/s
Packets dropped          =          6028 (82.05 %)
Average loss-burst size  =      6.009970 pkt
----------------------------------------------------------
----------------------------------------------------------
Flow number: 1
From 10.0.0.1:51038
To    10.0.0.2:10001
----------------------------------------------------------
Total time               =    102.602838 s
Total packets            =          1150
Minimum delay            =      0.016835 s
Maximum delay            =     87.623802 s
Average delay            =     44.560263 s
Average jitter           =      0.091233 s
Delay standard deviation =     24.287828 s
Bytes received           =        345000
Average bitrate          =     26.899841 Kbit/s
Average packet rate      =     11.208267 pkt/s
Packets dropped          =          6203 (84.36 %)
Average loss-burst size  =      7.482509 pkt
----------------------------------------------------------
----------------------------------------------------------
Flow number: 2
From 10.0.0.1:57162
To    10.0.0.2:10002
----------------------------------------------------------
Total time               =    102.642246 s
Total packets            =          1294
Minimum delay            =      0.004221 s
Maximum delay            =     87.648672 s
Average delay            =     43.738693 s
Average jitter           =      0.078243 s
Delay standard deviation =     25.877127 s
Bytes received           =        388200
Average bitrate          =     30.256548 Kbit/s
Average packet rate      =     12.606895 pkt/s
Packets dropped          =          6057 (82.40 %)
Average loss-burst size  =      6.199591 pkt
----------------------------------------------------------

__________________________________________________________
****************  TOTAL RESULTS   ******************
__________________________________________________________
Number of flows          =             3
Total time               =    102.642246 s
Total packets            =          3763
Minimum delay            =      0.004221 s
Maximum delay            =     87.648672 s
Average delay            =     43.799256 s
Average jitter           =      0.125447 s
Delay standard deviation =     25.136066 s
Bytes received           =       1128900
Average bitrate          =     87.987163 Kbit/s
Average packet rate      =     36.661318 pkt/s
Packets dropped          =         18288 (82.94 %)
Average loss-burst size  =      6.510502 pkt
Error lines              =             0
----------------------------------------------------------
