ITGDec version 2.8.1 (r1023)
Compile-time options: bursty multiport
----------------------------------------------------------
Flow number: 1
From 10.0.0.1:55090
To    10.0.0.2:10001
----------------------------------------------------------
Total time               =     35.735059 s
Total packets            =          4871
Minimum delay            =      0.000066 s
Maximum delay            =     20.980587 s
Average delay            =     10.313028 s
Average jitter           =      0.010113 s
Delay standard deviation =      5.951891 s
Bytes received           =       1461300
Average bitrate          =    327.140918 Kbit/s
Average packet rate      =    136.308716 pkt/s
Packets dropped          =             0 (0.00 %)
Average loss-burst size  =      0.000000 pkt
----------------------------------------------------------
----------------------------------------------------------
Flow number: 3
From 10.0.0.1:32894
To    10.0.0.2:10003
----------------------------------------------------------
Total time               =     24.051529 s
Total packets            =          3213
Minimum delay            =      0.000047 s
Maximum delay            =     14.172097 s
Average delay            =      6.409403 s
Average jitter           =      0.009868 s
Delay standard deviation =      3.988177 s
Bytes received           =        963900
Average bitrate          =    320.611633 Kbit/s
Average packet rate      =    133.588181 pkt/s
Packets dropped          =             0 (0.00 %)
Average loss-burst size  =      0.000000 pkt
----------------------------------------------------------
----------------------------------------------------------
Flow number: 2
From 10.0.0.1:52150
To    10.0.0.2:10002
----------------------------------------------------------
Total time               =     32.732350 s
Total packets            =          4600
Minimum delay            =      0.006300 s
Maximum delay            =     19.604348 s
Average delay            =     10.373446 s
Average jitter           =      0.009876 s
Delay standard deviation =      6.259072 s
Bytes received           =       1380000
Average bitrate          =    337.281008 Kbit/s
Average packet rate      =    140.533753 pkt/s
Packets dropped          =             0 (0.00 %)
Average loss-burst size  =      0.000000 pkt
----------------------------------------------------------

__________________________________________________________
****************  TOTAL RESULTS   ******************
__________________________________________________________
Number of flows          =             3
Total time               =     35.735059 s
Total packets            =         12684
Minimum delay            =      0.000047 s
Maximum delay            =     20.980587 s
Average delay            =      9.346107 s
Average jitter           =      0.017708 s
Delay standard deviation =      5.896377 s
Bytes received           =       3805200
Average bitrate          =    851.869309 Kbit/s
Average packet rate      =    354.945545 pkt/s
Packets dropped          =             0 (0.00 %)
Average loss-burst size  =             0 pkt
Error lines              =             0
----------------------------------------------------------
