ITGDec version 2.8.1 (r1023)
Compile-time options: bursty multiport
----------------------------------------------------------
Flow number: 2
From 10.0.0.1:50227
To    10.0.0.2:10002
----------------------------------------------------------
Total time               =     60.048362 s
Total packets            =          7341
Minimum delay            =      0.000133 s
Maximum delay            =     45.053363 s
Average delay            =     22.435715 s
Average jitter           =      0.008048 s
Delay standard deviation =     12.816633 s
Bytes received           =       2202300
Average bitrate          =    293.403507 Kbit/s
Average packet rate      =    122.251461 pkt/s
Packets dropped          =             0 (0.00 %)
Average loss-burst size  =      0.000000 pkt
----------------------------------------------------------
----------------------------------------------------------
Flow number: 1
From 10.0.0.1:33117
To    10.0.0.2:10001
----------------------------------------------------------
Total time               =     60.024044 s
Total packets            =          7340
Minimum delay            =      0.012385 s
Maximum delay            =     45.050707 s
Average delay            =     22.440098 s
Average jitter           =      0.008079 s
Delay standard deviation =     12.816652 s
Bytes received           =       2202000
Average bitrate          =    293.482392 Kbit/s
Average packet rate      =    122.284330 pkt/s
Packets dropped          =             0 (0.00 %)
Average loss-burst size  =      0.000000 pkt
----------------------------------------------------------
----------------------------------------------------------
Flow number: 3
From 10.0.0.1:33693
To    10.0.0.2:10003
----------------------------------------------------------
Total time               =     59.899068 s
Total packets            =          7340
Minimum delay            =      0.252540 s
Maximum delay            =     45.153759 s
Average delay            =     22.852425 s
Average jitter           =      0.008022 s
Delay standard deviation =     12.814686 s
Bytes received           =       2202000
Average bitrate          =    294.094726 Kbit/s
Average packet rate      =    122.539469 pkt/s
Packets dropped          =             0 (0.00 %)
Average loss-burst size  =      0.000000 pkt
----------------------------------------------------------

__________________________________________________________
****************  TOTAL RESULTS   ******************
__________________________________________________________
Number of flows          =             3
Total time               =     60.215235 s
Total packets            =         22021
Minimum delay            =      0.000133 s
Maximum delay            =     45.153759 s
Average delay            =     22.576073 s
Average jitter           =      0.012548 s
Delay standard deviation =     12.817480 s
Bytes received           =       6606300
Average bitrate          =    877.691501 Kbit/s
Average packet rate      =    365.704792 pkt/s
Packets dropped          =             0 (0.00 %)
Average loss-burst size  =             0 pkt
Error lines              =             0
----------------------------------------------------------
