ITGDec version 2.8.1 (r1023)
Compile-time options: bursty multiport
----------------------------------------------------------
Flow number: 2
From 10.0.0.1:51916
To    10.0.0.2:10002
----------------------------------------------------------
Total time               =     40.923795 s
Total packets            =          1451
Minimum delay            =      0.000461 s
Maximum delay            =     28.644908 s
Average delay            =     13.388482 s
Average jitter           =      0.036426 s
Delay standard deviation =      7.757903 s
Bytes received           =        435300
Average bitrate          =     85.094747 Kbit/s
Average packet rate      =     35.456145 pkt/s
Packets dropped          =             0 (0.00 %)
Average loss-burst size  =      0.000000 pkt
----------------------------------------------------------
----------------------------------------------------------
Flow number: 3
From 10.0.0.1:39390
To    10.0.0.2:10003
----------------------------------------------------------
Total time               =     39.925837 s
Total packets            =          1465
Minimum delay            =      0.022626 s
Maximum delay            =     27.507523 s
Average delay            =     13.429226 s
Average jitter           =      0.035503 s
Delay standard deviation =      7.854721 s
Bytes received           =        439500
Average bitrate          =     88.063276 Kbit/s
Average packet rate      =     36.693032 pkt/s
Packets dropped          =             0 (0.00 %)
Average loss-burst size  =      0.000000 pkt
----------------------------------------------------------
----------------------------------------------------------
Flow number: 1
From 10.0.0.1:43136
To    10.0.0.2:10001
----------------------------------------------------------
Total time               =     23.358635 s
Total packets            =           720
Minimum delay            =      0.978666 s
Maximum delay            =     14.906015 s
Average delay            =      8.685734 s
Average jitter           =      0.044501 s
Delay standard deviation =      4.245376 s
Bytes received           =        216000
Average bitrate          =     73.976925 Kbit/s
Average packet rate      =     30.823719 pkt/s
Packets dropped          =             0 (0.00 %)
Average loss-burst size  =      0.000000 pkt
----------------------------------------------------------

__________________________________________________________
****************  TOTAL RESULTS   ******************
__________________________________________________________
Number of flows          =             3
Total time               =     40.923795 s
Total packets            =          3636
Minimum delay            =      0.000461 s
Maximum delay            =     28.644908 s
Average delay            =     12.473661 s
Average jitter           =      0.057564 s
Delay standard deviation =      7.482537 s
Bytes received           =       1090800
Average bitrate          =    213.235356 Kbit/s
Average packet rate      =     88.848065 pkt/s
Packets dropped          =             0 (0.00 %)
Average loss-burst size  =             0 pkt
Error lines              =             0
----------------------------------------------------------
