ITGDec version 2.8.1 (r1023)
Compile-time options: bursty multiport
----------------------------------------------------------
Flow number: 2
From 10.0.0.1:51818
To    10.0.0.2:10002
----------------------------------------------------------
Total time               =     53.893235 s
Total packets            =           957
Minimum delay            =      0.027079 s
Maximum delay            =     44.380439 s
Average delay            =     22.702369 s
Average jitter           =      0.066105 s
Delay standard deviation =     12.685655 s
Bytes received           =        287100
Average bitrate          =     42.617594 Kbit/s
Average packet rate      =     17.757331 pkt/s
Packets dropped          =             0 (0.00 %)
Average loss-burst size  =      0.000000 pkt
----------------------------------------------------------
----------------------------------------------------------
Flow number: 1
From 10.0.0.1:54764
To    10.0.0.2:10001
----------------------------------------------------------
Total time               =     32.110299 s
Total packets            =           570
Minimum delay            =      0.176053 s
Maximum delay            =     24.565718 s
Average delay            =     12.936482 s
Average jitter           =      0.067184 s
Delay standard deviation =      6.825479 s
Bytes received           =        171000
Average bitrate          =     42.603154 Kbit/s
Average packet rate      =     17.751314 pkt/s
Packets dropped          =             0 (0.00 %)
Average loss-burst size  =      0.000000 pkt
----------------------------------------------------------
----------------------------------------------------------
Flow number: 3
From 10.0.0.1:60800
To    10.0.0.2:10003
----------------------------------------------------------
Total time               =     26.833969 s
Total packets            =           238
Minimum delay            =      5.385040 s
Maximum delay            =     31.960648 s
Average delay            =     20.196237 s
Average jitter           =      0.114041 s
Delay standard deviation =      9.578318 s
Bytes received           =         71400
Average bitrate          =     21.286452 Kbit/s
Average packet rate      =      8.869355 pkt/s
Packets dropped          =             0 (0.00 %)
Average loss-burst size  =      0.000000 pkt
----------------------------------------------------------

__________________________________________________________
****************  TOTAL RESULTS   ******************
__________________________________________________________
Number of flows          =             3
Total time               =     53.893235 s
Total packets            =          1765
Minimum delay            =      0.027079 s
Maximum delay            =     44.380439 s
Average delay            =     19.210576 s
Average jitter           =      0.120960 s
Delay standard deviation =     11.581293 s
Bytes received           =        529500
Average bitrate          =     78.599847 Kbit/s
Average packet rate      =     32.749936 pkt/s
Packets dropped          =             0 (0.00 %)
Average loss-burst size  =             0 pkt
Error lines              =             0
----------------------------------------------------------
