ITGDec version 2.8.1 (r1023)
Compile-time options: bursty multiport
----------------------------------------------------------
Flow number: 2
From 10.0.0.1:52214
To    10.0.0.2:10002
----------------------------------------------------------
Total time               =     23.703321 s
Total packets            =          3317
Minimum delay            =      0.000052 s
Maximum delay            =     14.130167 s
Average delay            =      6.926519 s
Average jitter           =      0.009773 s
Delay standard deviation =      3.887882 s
Bytes received           =        995100
Average bitrate          =    335.851672 Kbit/s
Average packet rate      =    139.938197 pkt/s
Packets dropped          =             0 (0.00 %)
Average loss-burst size  =      0.000000 pkt
----------------------------------------------------------
----------------------------------------------------------
Flow number: 1
From 10.0.0.1:55162
To    10.0.0.2:10001
----------------------------------------------------------
Total time               =     35.786767 s
Total packets            =          4515
Minimum delay            =      0.000189 s
Maximum delay            =     21.746285 s
Average delay            =     10.431903 s
Average jitter           =      0.010784 s
Delay standard deviation =      6.111261 s
Bytes received           =       1354500
Average bitrate          =    302.793488 Kbit/s
Average packet rate      =    126.163953 pkt/s
Packets dropped          =             0 (0.00 %)
Average loss-burst size  =      0.000000 pkt
----------------------------------------------------------
----------------------------------------------------------
Flow number: 3
From 10.0.0.1:32962
To    10.0.0.2:10003
----------------------------------------------------------
Total time               =     34.127877 s
Total packets            =          4655
Minimum delay            =      0.000063 s
Maximum delay            =     21.297929 s
Average delay            =     10.209310 s
Average jitter           =      0.010026 s
Delay standard deviation =      5.878195 s
Bytes received           =       1396500
Average bitrate          =    327.357017 Kbit/s
Average packet rate      =    136.398757 pkt/s
Packets dropped          =             0 (0.00 %)
Average loss-burst size  =      0.000000 pkt
----------------------------------------------------------

__________________________________________________________
****************  TOTAL RESULTS   ******************
__________________________________________________________
Number of flows          =             3
Total time               =     35.796757 s
Total packets            =         12487
Minimum delay            =      0.000052 s
Maximum delay            =     21.746285 s
Average delay            =      9.417766 s
Average jitter           =      0.016941 s
Delay standard deviation =      5.714393 s
Bytes received           =       3746100
Average bitrate          =    837.193157 Kbit/s
Average packet rate      =    348.830482 pkt/s
Packets dropped          =             0 (0.00 %)
Average loss-burst size  =             0 pkt
Error lines              =             0
----------------------------------------------------------
