ITGDec version 2.8.1 (r1023)
Compile-time options: bursty multiport
----------------------------------------------------------
Flow number: 1
From 10.0.0.1:49457
To    10.0.0.2:10001
----------------------------------------------------------
Total time               =    103.350049 s
Total packets            =          3200
Minimum delay            =      0.014855 s
Maximum delay            =     88.422153 s
Average delay            =     39.812409 s
Average jitter           =      0.031969 s
Delay standard deviation =     24.364350 s
Bytes received           =        960000
Average bitrate          =     74.310560 Kbit/s
Average packet rate      =     30.962733 pkt/s
Packets dropped          =          4143 (56.42 %)
Average loss-burst size  =     12.293769 pkt
----------------------------------------------------------
----------------------------------------------------------
Flow number: 3
From 10.0.0.1:36585
To    10.0.0.2:10003
----------------------------------------------------------
Total time               =    103.897025 s
Total packets            =          3088
Minimum delay            =      0.065491 s
Maximum delay            =     88.964645 s
Average delay            =     48.113500 s
Average jitter           =      0.033288 s
Delay standard deviation =     26.274201 s
Bytes received           =        926400
Average bitrate          =     71.332168 Kbit/s
Average packet rate      =     29.721736 pkt/s
Packets dropped          =          4305 (58.23 %)
Average loss-burst size  =     11.991643 pkt
----------------------------------------------------------
----------------------------------------------------------
Flow number: 2
From 10.0.0.1:56820
To    10.0.0.2:10002
----------------------------------------------------------
Total time               =    102.744136 s
Total packets            =          3400
Minimum delay            =      3.076144 s
Maximum delay            =     90.825667 s
Average delay            =     48.407419 s
Average jitter           =      0.026919 s
Delay standard deviation =     26.418912 s
Bytes received           =       1020000
Average bitrate          =     79.420591 Kbit/s
Average packet rate      =     33.091913 pkt/s
Packets dropped          =          3999 (54.05 %)
Average loss-burst size  =     13.789655 pkt
----------------------------------------------------------

__________________________________________________________
****************  TOTAL RESULTS   ******************
__________________________________________________________
Number of flows          =             3
Total time               =    106.020397 s
Total packets            =          9688
Minimum delay            =      0.014855 s
Maximum delay            =     90.825667 s
Average delay            =     45.474754 s
Average jitter           =      0.047231 s
Delay standard deviation =     26.017172 s
Bytes received           =       2906400
Average bitrate          =    219.308743 Kbit/s
Average packet rate      =     91.378643 pkt/s
Packets dropped          =         12447 (56.23 %)
Average loss-burst size  =     12.623732 pkt
Error lines              =             0
----------------------------------------------------------
