ITGDec version 2.8.1 (r1023)
Compile-time options: bursty multiport
----------------------------------------------------------
Flow number: 1
From 10.0.0.1:55759
To    10.0.0.2:10001
----------------------------------------------------------
Total time               =     59.379951 s
Total packets            =          7241
Minimum delay            =      0.000106 s
Maximum delay            =     44.385618 s
Average delay            =     22.120175 s
Average jitter           =      0.008070 s
Delay standard deviation =     12.577881 s
Bytes received           =       2172300
Average bitrate          =    292.664438 Kbit/s
Average packet rate      =    121.943516 pkt/s
Packets dropped          =             0 (0.00 %)
Average loss-burst size  =      0.000000 pkt
----------------------------------------------------------
----------------------------------------------------------
Flow number: 2
From 10.0.0.1:38257
To    10.0.0.2:10002
----------------------------------------------------------
Total time               =     59.346835 s
Total packets            =          7241
Minimum delay            =      0.023312 s
Maximum delay            =     44.388320 s
Average delay            =     22.116813 s
Average jitter           =      0.008131 s
Delay standard deviation =     12.583507 s
Bytes received           =       2172300
Average bitrate          =    292.827747 Kbit/s
Average packet rate      =    122.011561 pkt/s
Packets dropped          =             0 (0.00 %)
Average loss-burst size  =      0.000000 pkt
----------------------------------------------------------
----------------------------------------------------------
Flow number: 3
From 10.0.0.1:35955
To    10.0.0.2:10003
----------------------------------------------------------
Total time               =     59.126042 s
Total packets            =          7244
Minimum delay            =      0.221985 s
Maximum delay            =     44.404205 s
Average delay            =     22.170455 s
Average jitter           =      0.009773 s
Delay standard deviation =     12.575166 s
Bytes received           =       2173200
Average bitrate          =    294.043021 Kbit/s
Average packet rate      =    122.517925 pkt/s
Packets dropped          =             0 (0.00 %)
Average loss-burst size  =      0.000000 pkt
----------------------------------------------------------

__________________________________________________________
****************  TOTAL RESULTS   ******************
__________________________________________________________
Number of flows          =             3
Total time               =     59.407314 s
Total packets            =         21726
Minimum delay            =      0.000106 s
Maximum delay            =     44.404205 s
Average delay            =     22.135819 s
Average jitter           =      0.013308 s
Delay standard deviation =     12.578875 s
Bytes received           =       6517800
Average bitrate          =    877.710108 Kbit/s
Average packet rate      =    365.712545 pkt/s
Packets dropped          =             0 (0.00 %)
Average loss-burst size  =             0 pkt
Error lines              =             0
----------------------------------------------------------
