ITGDec version 2.8.1 (r1023)
Compile-time options: bursty multiport
----------------------------------------------------------
Flow number: 1
From 10.0.0.1:44263
To    10.0.0.2:10001
----------------------------------------------------------
Total time               =     59.239433 s
Total packets            =          7269
Minimum delay            =      0.010202 s
Maximum delay            =     44.263643 s
Average delay            =     22.006521 s
Average jitter           =      0.008051 s
Delay standard deviation =     12.657025 s
Bytes received           =       2180700
Average bitrate          =    294.493028 Kbit/s
Average packet rate      =    122.705428 pkt/s
Packets dropped          =             0 (0.00 %)
Average loss-burst size  =      0.000000 pkt
----------------------------------------------------------
----------------------------------------------------------
Flow number: 2
From 10.0.0.1:45658
To    10.0.0.2:10002
----------------------------------------------------------
Total time               =     59.264294 s
Total packets            =          7269
Minimum delay            =      0.000113 s
Maximum delay            =     44.268603 s
Average delay            =     22.021884 s
Average jitter           =      0.008016 s
Delay standard deviation =     12.657080 s
Bytes received           =       2180700
Average bitrate          =    294.369490 Kbit/s
Average packet rate      =    122.653954 pkt/s
Packets dropped          =             0 (0.00 %)
Average loss-burst size  =      0.000000 pkt
----------------------------------------------------------
----------------------------------------------------------
Flow number: 3
From 10.0.0.1:51210
To    10.0.0.2:10003
----------------------------------------------------------
Total time               =     58.884332 s
Total packets            =          7272
Minimum delay            =      0.603215 s
Maximum delay            =     44.488717 s
Average delay            =     22.923829 s
Average jitter           =      0.007957 s
Delay standard deviation =     12.636106 s
Bytes received           =       2181600
Average bitrate          =    296.391237 Kbit/s
Average packet rate      =    123.496349 pkt/s
Packets dropped          =             0 (0.00 %)
Average loss-burst size  =      0.000000 pkt
----------------------------------------------------------

__________________________________________________________
****************  TOTAL RESULTS   ******************
__________________________________________________________
Number of flows          =             3
Total time               =     59.639121 s
Total packets            =         21810
Minimum delay            =      0.000113 s
Maximum delay            =     44.488717 s
Average delay            =     22.317495 s
Average jitter           =      0.012146 s
Delay standard deviation =     12.657340 s
Bytes received           =       6543000
Average bitrate          =    877.678932 Kbit/s
Average packet rate      =    365.699555 pkt/s
Packets dropped          =             0 (0.00 %)
Average loss-burst size  =             0 pkt
Error lines              =             0
----------------------------------------------------------
