ITGDec version 2.8.1 (r1023)
Compile-time options: bursty multiport
----------------------------------------------------------
Flow number: 2
From 10.0.0.1:49964
To    10.0.0.2:10002
----------------------------------------------------------
Total time               =     60.163354 s
Total packets            =          7364
Minimum delay            =      0.012914 s
Maximum delay            =     45.189523 s
Average delay            =     22.497432 s
Average jitter           =      0.008068 s
Delay standard deviation =     12.860799 s
Bytes received           =       2209200
Average bitrate          =    293.760218 Kbit/s
Average packet rate      =    122.400091 pkt/s
Packets dropped          =             0 (0.00 %)
Average loss-burst size  =      0.000000 pkt
----------------------------------------------------------
----------------------------------------------------------
Flow number: 3
From 10.0.0.1:57535
To    10.0.0.2:10003
----------------------------------------------------------
Total time               =     60.182115 s
Total packets            =          7365
Minimum delay            =      0.000117 s
Maximum delay            =     45.186917 s
Average delay            =     22.478780 s
Average jitter           =      0.008040 s
Delay standard deviation =     12.860075 s
Bytes received           =       2209500
Average bitrate          =    293.708521 Kbit/s
Average packet rate      =    122.378551 pkt/s
Packets dropped          =             0 (0.00 %)
Average loss-burst size  =      0.000000 pkt
----------------------------------------------------------
----------------------------------------------------------
Flow number: 1
From 10.0.0.1:53011
To    10.0.0.2:10001
----------------------------------------------------------
Total time               =     59.995066 s
Total packets            =          7357
Minimum delay            =      0.317951 s
Maximum delay            =     45.315047 s
Average delay            =     23.002094 s
Average jitter           =      0.008017 s
Delay standard deviation =     12.861561 s
Bytes received           =       2207100
Average bitrate          =    294.304202 Kbit/s
Average packet rate      =    122.626751 pkt/s
Packets dropped          =             0 (0.00 %)
Average loss-burst size  =      0.000000 pkt
----------------------------------------------------------

__________________________________________________________
****************  TOTAL RESULTS   ******************
__________________________________________________________
Number of flows          =             3
Total time               =     60.392758 s
Total packets            =         22086
Minimum delay            =      0.000117 s
Maximum delay            =     45.315047 s
Average delay            =     22.659319 s
Average jitter           =      0.012569 s
Delay standard deviation =     12.863095 s
Bytes received           =       6625800
Average bitrate          =    877.694640 Kbit/s
Average packet rate      =    365.706100 pkt/s
Packets dropped          =             0 (0.00 %)
Average loss-burst size  =             0 pkt
Error lines              =             0
----------------------------------------------------------
