ITGDec version 2.8.1 (r1023)
Compile-time options: bursty multiport
----------------------------------------------------------
Flow number: 1
From 10.0.0.1:55010
To    10.0.0.2:10001
----------------------------------------------------------
Total time               =     37.362604 s
Total packets            =          2370
Minimum delay            =      0.000079 s
Maximum delay            =     25.205275 s
Average delay            =     12.419381 s
Average jitter           =      0.020648 s
Delay standard deviation =      6.815061 s
Bytes received           =        711000
Average bitrate          =    152.237783 Kbit/s
Average packet rate      =     63.432410 pkt/s
Packets dropped          =             0 (0.00 %)
Average loss-burst size  =      0.000000 pkt
----------------------------------------------------------
----------------------------------------------------------
Flow number: 2
From 10.0.0.1:52068
To    10.0.0.2:10002
----------------------------------------------------------
Total time               =     38.498795 s
Total packets            =          2710
Minimum delay            =      0.000146 s
Maximum delay            =     26.617296 s
Average delay            =     13.192461 s
Average jitter           =      0.018353 s
Delay standard deviation =      7.317471 s
Bytes received           =        813000
Average bitrate          =    168.940353 Kbit/s
Average packet rate      =     70.391814 pkt/s
Packets dropped          =             0 (0.00 %)
Average loss-burst size  =      0.000000 pkt
----------------------------------------------------------
----------------------------------------------------------
Flow number: 3
From 10.0.0.1:32816
To    10.0.0.2:10003
----------------------------------------------------------
Total time               =     25.084783 s
Total packets            =          1674
Minimum delay            =      0.159854 s
Maximum delay            =     17.604252 s
Average delay            =      9.349670 s
Average jitter           =      0.019308 s
Delay standard deviation =      4.686802 s
Bytes received           =        502200
Average bitrate          =    160.160843 Kbit/s
Average packet rate      =     66.733685 pkt/s
Packets dropped          =             0 (0.00 %)
Average loss-burst size  =      0.000000 pkt
----------------------------------------------------------

__________________________________________________________
****************  TOTAL RESULTS   ******************
__________________________________________________________
Number of flows          =             3
Total time               =     38.503245 s
Total packets            =          6754
Minimum delay            =      0.000079 s
Maximum delay            =     26.617296 s
Average delay            =     11.968737 s
Average jitter           =      0.034983 s
Delay standard deviation =      6.752711 s
Bytes received           =       2026200
Average bitrate          =    420.993088 Kbit/s
Average packet rate      =    175.413787 pkt/s
Packets dropped          =             0 (0.00 %)
Average loss-burst size  =             0 pkt
Error lines              =             0
----------------------------------------------------------
