ITGDec version 2.8.1 (r1023)
Compile-time options: bursty multiport
----------------------------------------------------------
Flow number: 2
From 10.0.0.1:51966
To    10.0.0.2:10002
----------------------------------------------------------
Total time               =     43.580094 s
Total packets            =          1680
Minimum delay            =      0.000235 s
Maximum delay            =     31.574509 s
Average delay            =     16.788919 s
Average jitter           =      0.032860 s
Delay standard deviation =      9.314002 s
Bytes received           =        504000
Average bitrate          =     92.519305 Kbit/s
Average packet rate      =     38.549710 pkt/s
Packets dropped          =             0 (0.00 %)
Average loss-burst size  =      0.000000 pkt
----------------------------------------------------------
----------------------------------------------------------
Flow number: 3
From 10.0.0.1:60946
To    10.0.0.2:10003
----------------------------------------------------------
Total time               =     28.090040 s
Total packets            =          1103
Minimum delay            =      0.021411 s
Maximum delay            =     22.077188 s
Average delay            =     10.546770 s
Average jitter           =      0.030708 s
Delay standard deviation =      6.247202 s
Bytes received           =        330900
Average bitrate          =     94.239809 Kbit/s
Average packet rate      =     39.266587 pkt/s
Packets dropped          =             0 (0.00 %)
Average loss-burst size  =      0.000000 pkt
----------------------------------------------------------
----------------------------------------------------------
Flow number: 1
From 10.0.0.1:54914
To    10.0.0.2:10001
----------------------------------------------------------
Total time               =     36.653700 s
Total packets            =          1019
Minimum delay            =      2.140832 s
Maximum delay            =     30.446252 s
Average delay            =     17.317406 s
Average jitter           =      0.042230 s
Delay standard deviation =      8.934456 s
Bytes received           =        305700
Average bitrate          =     66.721777 Kbit/s
Average packet rate      =     27.800740 pkt/s
Packets dropped          =             0 (0.00 %)
Average loss-burst size  =      0.000000 pkt
----------------------------------------------------------

__________________________________________________________
****************  TOTAL RESULTS   ******************
__________________________________________________________
Number of flows          =             3
Total time               =     43.580094 s
Total packets            =          3802
Minimum delay            =      0.000235 s
Maximum delay            =     31.574509 s
Average delay            =     15.119650 s
Average jitter           =      0.052748 s
Delay standard deviation =      8.924221 s
Bytes received           =       1140600
Average bitrate          =    209.379998 Kbit/s
Average packet rate      =     87.241666 pkt/s
Packets dropped          =             0 (0.00 %)
Average loss-burst size  =             0 pkt
Error lines              =             0
----------------------------------------------------------
