ITGDec version 2.8.1 (r1023)
Compile-time options: bursty multiport
----------------------------------------------------------
Flow number: 2
From 10.0.0.1:51782
To    10.0.0.2:10002
----------------------------------------------------------
Total time               =     55.228429 s
Total packets            =          1009
Minimum delay            =      0.025823 s
Maximum delay            =     43.359755 s
Average delay            =     23.175183 s
Average jitter           =      0.066343 s
Delay standard deviation =     12.618860 s
Bytes received           =        302700
Average bitrate          =     43.846983 Kbit/s
Average packet rate      =     18.269576 pkt/s
Packets dropped          =             0 (0.00 %)
Average loss-burst size  =      0.000000 pkt
----------------------------------------------------------
----------------------------------------------------------
Flow number: 3
From 10.0.0.1:60762
To    10.0.0.2:10003
----------------------------------------------------------
Total time               =     31.720781 s
Total packets            =           570
Minimum delay            =      0.174231 s
Maximum delay            =     24.081037 s
Average delay            =     12.936037 s
Average jitter           =      0.066663 s
Delay standard deviation =      6.754905 s
Bytes received           =        171000
Average bitrate          =     43.126303 Kbit/s
Average packet rate      =     17.969293 pkt/s
Packets dropped          =             0 (0.00 %)
Average loss-burst size  =      0.000000 pkt
----------------------------------------------------------
----------------------------------------------------------
Flow number: 1
From 10.0.0.1:54730
To    10.0.0.2:10001
----------------------------------------------------------
Total time               =     26.954993 s
Total packets            =           238
Minimum delay            =      5.383572 s
Maximum delay            =     32.071854 s
Average delay            =     20.313768 s
Average jitter           =      0.114579 s
Delay standard deviation =      9.656359 s
Bytes received           =         71400
Average bitrate          =     21.190879 Kbit/s
Average packet rate      =      8.829533 pkt/s
Packets dropped          =             0 (0.00 %)
Average loss-burst size  =      0.000000 pkt
----------------------------------------------------------

__________________________________________________________
****************  TOTAL RESULTS   ******************
__________________________________________________________
Number of flows          =             3
Total time               =     55.228429 s
Total packets            =          1817
Minimum delay            =      0.025823 s
Maximum delay            =     43.359755 s
Average delay            =     19.588320 s
Average jitter           =      0.123881 s
Delay standard deviation =     11.663986 s
Bytes received           =        545100
Average bitrate          =     78.959335 Kbit/s
Average packet rate      =     32.899723 pkt/s
Packets dropped          =             0 (0.00 %)
Average loss-burst size  =             0 pkt
Error lines              =             0
----------------------------------------------------------
