ITGDec version 2.8.1 (r1023)
Compile-time options: bursty multiport
----------------------------------------------------------
Flow number: 3
From 10.0.0.1:51249
To    10.0.0.2:10003
----------------------------------------------------------
Total time               =     90.532153 s
Total packets            =          5636
Minimum delay            =      0.000126 s
Maximum delay            =     75.536963 s
Average delay            =     37.406296 s
Average jitter           =      0.015881 s
Delay standard deviation =     21.583062 s
Bytes received           =       1690800
Average bitrate          =    149.409901 Kbit/s
Average packet rate      =     62.254125 pkt/s
Packets dropped          =          1774 (23.94 %)
Average loss-burst size  =      8.251163 pkt
----------------------------------------------------------
----------------------------------------------------------
Flow number: 2
From 10.0.0.1:51107
To    10.0.0.2:10002
----------------------------------------------------------
Total time               =     90.529720 s
Total packets            =          5549
Minimum delay            =      0.012694 s
Maximum delay            =     75.551935 s
Average delay            =     36.874052 s
Average jitter           =      0.016151 s
Delay standard deviation =     21.464916 s
Bytes received           =       1664700
Average bitrate          =    147.107491 Kbit/s
Average packet rate      =     61.294788 pkt/s
Packets dropped          =          1858 (25.08 %)
Average loss-burst size  =      8.641860 pkt
----------------------------------------------------------
----------------------------------------------------------
Flow number: 1
From 10.0.0.1:59912
To    10.0.0.2:10001
----------------------------------------------------------
Total time               =     89.702595 s
Total packets            =          5533
Minimum delay            =      1.543939 s
Maximum delay            =     76.248955 s
Average delay            =     40.217882 s
Average jitter           =      0.016023 s
Delay standard deviation =     22.277385 s
Bytes received           =       1659900
Average bitrate          =    148.035851 Kbit/s
Average packet rate      =     61.681605 pkt/s
Packets dropped          =          1877 (25.33 %)
Average loss-burst size  =      8.454955 pkt
----------------------------------------------------------

__________________________________________________________
****************  TOTAL RESULTS   ******************
__________________________________________________________
Number of flows          =             3
Total time               =     91.418612 s
Total packets            =         16718
Minimum delay            =      0.000126 s
Maximum delay            =     76.248955 s
Average delay            =     38.160159 s
Average jitter           =      0.024426 s
Delay standard deviation =     21.825702 s
Bytes received           =       5015400
Average bitrate          =    438.895309 Kbit/s
Average packet rate      =    182.873046 pkt/s
Packets dropped          =          5509 (24.79 %)
Average loss-burst size  =      8.449387 pkt
Error lines              =             0
----------------------------------------------------------
