ITGDec version 2.8.1 (r1023)
Compile-time options: bursty multiport
----------------------------------------------------------
Flow number: 1
From 10.0.0.1:49693
To    10.0.0.2:10001
----------------------------------------------------------
Total time               =     88.850846 s
Total packets            =          2647
Minimum delay            =      0.002756 s
Maximum delay            =     73.871591 s
Average delay            =     37.626121 s
Average jitter           =      0.033159 s
Delay standard deviation =     21.372484 s
Bytes received           =        794100
Average bitrate          =     71.499601 Kbit/s
Average packet rate      =     29.791500 pkt/s
Packets dropped          =          4747 (64.20 %)
Average loss-burst size  =     16.656140 pkt
----------------------------------------------------------
----------------------------------------------------------
Flow number: 3
From 10.0.0.1:44697
To    10.0.0.2:10003
----------------------------------------------------------
Total time               =     88.967674 s
Total packets            =          2878
Minimum delay            =      0.027080 s
Maximum delay            =     73.999423 s
Average delay            =     37.427248 s
Average jitter           =      0.030532 s
Delay standard deviation =     21.202027 s
Bytes received           =        863400
Average bitrate          =     77.637188 Kbit/s
Average packet rate      =     32.348828 pkt/s
Packets dropped          =          4527 (61.13 %)
Average loss-burst size  =     16.402174 pkt
----------------------------------------------------------
----------------------------------------------------------
Flow number: 2
From 10.0.0.1:37100
To    10.0.0.2:10002
----------------------------------------------------------
Total time               =     88.903277 s
Total packets            =          2619
Minimum delay            =      0.054108 s
Maximum delay            =     73.970120 s
Average delay            =     35.886064 s
Average jitter           =      0.033531 s
Delay standard deviation =     20.808928 s
Bytes received           =        785700
Average bitrate          =     70.701556 Kbit/s
Average packet rate      =     29.458982 pkt/s
Packets dropped          =          4782 (64.61 %)
Average loss-burst size  =     14.943750 pkt
----------------------------------------------------------

__________________________________________________________
****************  TOTAL RESULTS   ******************
__________________________________________________________
Number of flows          =             3
Total time               =     88.993167 s
Total packets            =          8144
Minimum delay            =      0.002756 s
Maximum delay            =     73.999423 s
Average delay            =     36.996263 s
Average jitter           =      0.049568 s
Delay standard deviation =     21.146272 s
Bytes received           =       2443200
Average bitrate          =    219.630345 Kbit/s
Average packet rate      =     91.512644 pkt/s
Packets dropped          =         14056 (63.32 %)
Average loss-burst size  =     15.954597 pkt
Error lines              =             0
----------------------------------------------------------
