ITGDec version 2.8.1 (r1023)
Compile-time options: bursty multiport
----------------------------------------------------------
Flow number: 1
From 10.0.0.1:37549
To    10.0.0.2:10001
----------------------------------------------------------
Total time               =     60.442918 s
Total packets            =          7414
Minimum delay            =      0.011096 s
Maximum delay            =     45.467786 s
Average delay            =     22.580013 s
Average jitter           =      0.008047 s
Delay standard deviation =     12.992143 s
Bytes received           =       2224200
Average bitrate          =    294.386846 Kbit/s
Average packet rate      =    122.661186 pkt/s
Packets dropped          =             0 (0.00 %)
Average loss-burst size  =      0.000000 pkt
----------------------------------------------------------
----------------------------------------------------------
Flow number: 2
From 10.0.0.1:44308
To    10.0.0.2:10002
----------------------------------------------------------
Total time               =     60.465806 s
Total packets            =          7414
Minimum delay            =      0.000117 s
Maximum delay            =     45.470471 s
Average delay            =     22.583190 s
Average jitter           =      0.008198 s
Delay standard deviation =     12.987992 s
Bytes received           =       2224200
Average bitrate          =    294.275412 Kbit/s
Average packet rate      =    122.614755 pkt/s
Packets dropped          =             0 (0.00 %)
Average loss-burst size  =      0.000000 pkt
----------------------------------------------------------
----------------------------------------------------------
Flow number: 3
From 10.0.0.1:54193
To    10.0.0.2:10003
----------------------------------------------------------
Total time               =     60.137871 s
Total packets            =          7413
Minimum delay            =      0.545322 s
Maximum delay            =     45.684464 s
Average delay            =     23.422252 s
Average jitter           =      0.007976 s
Delay standard deviation =     12.978682 s
Bytes received           =       2223900
Average bitrate          =    295.840204 Kbit/s
Average packet rate      =    123.266751 pkt/s
Packets dropped          =             0 (0.00 %)
Average loss-burst size  =      0.000000 pkt
----------------------------------------------------------

__________________________________________________________
****************  TOTAL RESULTS   ******************
__________________________________________________________
Number of flows          =             3
Total time               =     60.818798 s
Total packets            =         22241
Minimum delay            =      0.000117 s
Maximum delay            =     45.684464 s
Average delay            =     22.861793 s
Average jitter           =      0.012290 s
Delay standard deviation =     12.992319 s
Bytes received           =       6672300
Average bitrate          =    877.662857 Kbit/s
Average packet rate      =    365.692857 pkt/s
Packets dropped          =             0 (0.00 %)
Average loss-burst size  =             0 pkt
Error lines              =             0
----------------------------------------------------------
