ITGDec version 2.8.1 (r1023)
Compile-time options: bursty multiport
----------------------------------------------------------
Flow number: 2
From 10.0.0.1:51272
To    10.0.0.2:10002
----------------------------------------------------------
Total time               =     26.914461 s
Total packets            =           445
Minimum delay            =      0.027139 s
Maximum delay            =     22.241534 s
Average delay            =     11.857418 s
Average jitter           =      0.070949 s
Delay standard deviation =      6.764482 s
Bytes received           =        133500
Average bitrate          =     39.681270 Kbit/s
Average packet rate      =     16.533863 pkt/s
Packets dropped          =             0 (0.00 %)
Average loss-burst size  =      0.000000 pkt
----------------------------------------------------------
----------------------------------------------------------
Flow number: 1
From 10.0.0.1:42490
To    10.0.0.2:10001
----------------------------------------------------------
Total time               =     44.482059 s
Total packets            =           691
Minimum delay            =      0.175365 s
Maximum delay            =     34.356949 s
Average delay            =     17.790154 s
Average jitter           =      0.079147 s
Delay standard deviation =      9.612140 s
Bytes received           =        207300
Average bitrate          =     37.282447 Kbit/s
Average packet rate      =     15.534353 pkt/s
Packets dropped          =             0 (0.00 %)
Average loss-burst size  =      0.000000 pkt
----------------------------------------------------------
----------------------------------------------------------
Flow number: 3
From 10.0.0.1:38748
To    10.0.0.2:10003
----------------------------------------------------------
Total time               =     30.324670 s
Total packets            =           382
Minimum delay            =      2.955641 s
Maximum delay            =     29.511394 s
Average delay            =     18.421258 s
Average jitter           =      0.092639 s
Delay standard deviation =      8.434028 s
Bytes received           =        114600
Average bitrate          =     30.232810 Kbit/s
Average packet rate      =     12.597004 pkt/s
Packets dropped          =             0 (0.00 %)
Average loss-burst size  =      0.000000 pkt
----------------------------------------------------------

__________________________________________________________
****************  TOTAL RESULTS   ******************
__________________________________________________________
Number of flows          =             3
Total time               =     44.637726 s
Total packets            =          1518
Minimum delay            =      0.027139 s
Maximum delay            =     34.356949 s
Average delay            =     16.209795 s
Average jitter           =      0.117044 s
Delay standard deviation =      9.016256 s
Bytes received           =        455400
Average bitrate          =     81.617061 Kbit/s
Average packet rate      =     34.007109 pkt/s
Packets dropped          =             0 (0.00 %)
Average loss-burst size  =             0 pkt
Error lines              =             0
----------------------------------------------------------
