ITGDec version 2.8.1 (r1023)
Compile-time options: bursty multiport
----------------------------------------------------------
Flow number: 1
From 10.0.0.1:42496
To    10.0.0.2:10001
----------------------------------------------------------
Total time               =     44.600044 s
Total packets            =           619
Minimum delay            =      0.000070 s
Maximum delay            =     36.276332 s
Average delay            =     17.577693 s
Average jitter           =      0.085360 s
Delay standard deviation =      9.410960 s
Bytes received           =        185700
Average bitrate          =     33.309384 Kbit/s
Average packet rate      =     13.878910 pkt/s
Packets dropped          =             0 (0.00 %)
Average loss-burst size  =      0.000000 pkt
----------------------------------------------------------
----------------------------------------------------------
Flow number: 3
From 10.0.0.1:38756
To    10.0.0.2:10003
----------------------------------------------------------
Total time               =     27.023403 s
Total packets            =           348
Minimum delay            =      0.078692 s
Maximum delay            =     23.411896 s
Average delay            =     12.667190 s
Average jitter           =      0.097369 s
Delay standard deviation =      6.427951 s
Bytes received           =        104400
Average bitrate          =     30.906544 Kbit/s
Average packet rate      =     12.877727 pkt/s
Packets dropped          =             0 (0.00 %)
Average loss-burst size  =      0.000000 pkt
----------------------------------------------------------
----------------------------------------------------------
Flow number: 2
From 10.0.0.1:51282
To    10.0.0.2:10002
----------------------------------------------------------
Total time               =     43.368627 s
Total packets            =           570
Minimum delay            =      0.005699 s
Maximum delay            =     35.553892 s
Average delay            =     17.707249 s
Average jitter           =      0.089693 s
Delay standard deviation =      9.323286 s
Bytes received           =        171000
Average bitrate          =     31.543540 Kbit/s
Average packet rate      =     13.143141 pkt/s
Packets dropped          =             0 (0.00 %)
Average loss-burst size  =      0.000000 pkt
----------------------------------------------------------

__________________________________________________________
****************  TOTAL RESULTS   ******************
__________________________________________________________
Number of flows          =             3
Total time               =     44.600044 s
Total packets            =          1537
Minimum delay            =      0.000070 s
Maximum delay            =     36.276332 s
Average delay            =     16.513927 s
Average jitter           =      0.135902 s
Delay standard deviation =      9.032920 s
Bytes received           =        461100
Average bitrate          =     82.708439 Kbit/s
Average packet rate      =     34.461849 pkt/s
Packets dropped          =             0 (0.00 %)
Average loss-burst size  =             0 pkt
Error lines              =             0
----------------------------------------------------------
