ITGDec version 2.8.1 (r1023)
Compile-time options: bursty multiport
----------------------------------------------------------
Flow number: 3
From 10.0.0.1:39688
To    10.0.0.2:10003
----------------------------------------------------------
Total time               =     38.371467 s
Total packets            =          2391
Minimum delay            =      0.000050 s
Maximum delay            =     26.110127 s
Average delay            =     13.038277 s
Average jitter           =      0.020930 s
Delay standard deviation =      7.182700 s
Bytes received           =        717300
Average bitrate          =    149.548622 Kbit/s
Average packet rate      =     62.311926 pkt/s
Packets dropped          =             0 (0.00 %)
Average loss-burst size  =      0.000000 pkt
----------------------------------------------------------
----------------------------------------------------------
Flow number: 2
From 10.0.0.1:52218
To    10.0.0.2:10002
----------------------------------------------------------
Total time               =     37.241158 s
Total packets            =          2572
Minimum delay            =      0.000067 s
Maximum delay            =     26.147150 s
Average delay            =     12.961629 s
Average jitter           =      0.019710 s
Delay standard deviation =      7.200247 s
Bytes received           =        771600
Average bitrate          =    165.752096 Kbit/s
Average packet rate      =     69.063373 pkt/s
Packets dropped          =             0 (0.00 %)
Average loss-burst size  =      0.000000 pkt
----------------------------------------------------------
----------------------------------------------------------
Flow number: 1
From 10.0.0.1:43436
To    10.0.0.2:10001
----------------------------------------------------------
Total time               =     23.841322 s
Total packets            =          1688
Minimum delay            =      0.014774 s
Maximum delay            =     16.946058 s
Average delay            =      8.957349 s
Average jitter           =      0.019673 s
Delay standard deviation =      4.612439 s
Bytes received           =        506400
Average bitrate          =    169.923463 Kbit/s
Average packet rate      =     70.801443 pkt/s
Packets dropped          =             0 (0.00 %)
Average loss-burst size  =      0.000000 pkt
----------------------------------------------------------

__________________________________________________________
****************  TOTAL RESULTS   ******************
__________________________________________________________
Number of flows          =             3
Total time               =     38.371467 s
Total packets            =          6651
Minimum delay            =      0.000050 s
Maximum delay            =     26.147150 s
Average delay            =     11.972912 s
Average jitter           =      0.038223 s
Delay standard deviation =      6.862107 s
Bytes received           =       1995300
Average bitrate          =    415.996605 Kbit/s
Average packet rate      =    173.331919 pkt/s
Packets dropped          =             0 (0.00 %)
Average loss-burst size  =             0 pkt
Error lines              =             0
----------------------------------------------------------
