ITGDec version 2.8.1 (r1023)
Compile-time options: bursty multiport
----------------------------------------------------------
Flow number: 2
From 10.0.0.1:47204
To    10.0.0.2:10002
----------------------------------------------------------
Total time               =     60.829403 s
Total packets            =          7421
Minimum delay            =      0.000084 s
Maximum delay            =     45.836640 s
Average delay            =     22.901197 s
Average jitter           =      0.008072 s
Delay standard deviation =     13.001318 s
Bytes received           =       2226300
Average bitrate          =    292.792615 Kbit/s
Average packet rate      =    121.996923 pkt/s
Packets dropped          =             0 (0.00 %)
Average loss-burst size  =      0.000000 pkt
----------------------------------------------------------
----------------------------------------------------------
Flow number: 1
From 10.0.0.1:34083
To    10.0.0.2:10001
----------------------------------------------------------
Total time               =     60.799968 s
Total packets            =          7413
Minimum delay            =      0.022901 s
Maximum delay            =     45.839110 s
Average delay            =     22.909143 s
Average jitter           =      0.008141 s
Delay standard deviation =     12.999655 s
Bytes received           =       2223900
Average bitrate          =    292.618575 Kbit/s
Average packet rate      =    121.924406 pkt/s
Packets dropped          =             0 (0.00 %)
Average loss-burst size  =      0.000000 pkt
----------------------------------------------------------
----------------------------------------------------------
Flow number: 3
From 10.0.0.1:35608
To    10.0.0.2:10003
----------------------------------------------------------
Total time               =     60.750873 s
Total packets            =          7416
Minimum delay            =      0.072502 s
Maximum delay            =     45.842826 s
Average delay            =     22.916791 s
Average jitter           =      0.008424 s
Delay standard deviation =     13.000596 s
Bytes received           =       2224800
Average bitrate          =    292.973568 Kbit/s
Average packet rate      =    122.072320 pkt/s
Packets dropped          =             0 (0.00 %)
Average loss-burst size  =      0.000000 pkt
----------------------------------------------------------

__________________________________________________________
****************  TOTAL RESULTS   ******************
__________________________________________________________
Number of flows          =             3
Total time               =     60.837612 s
Total packets            =         22250
Minimum delay            =      0.000084 s
Maximum delay            =     45.842826 s
Average delay            =     22.909042 s
Average jitter           =      0.012851 s
Delay standard deviation =     13.000525 s
Bytes received           =       6675000
Average bitrate          =    877.746484 Kbit/s
Average packet rate      =    365.727701 pkt/s
Packets dropped          =             0 (0.00 %)
Average loss-burst size  =             0 pkt
Error lines              =             0
----------------------------------------------------------
