ITGDec version 2.8.1 (r1023)
Compile-time options: bursty multiport
----------------------------------------------------------
Flow number: 3
From 10.0.0.1:36157
To    10.0.0.2:10003
----------------------------------------------------------
Total time               =     89.031970 s
Total packets            =          2818
Minimum delay            =      0.019084 s
Maximum delay            =     74.055475 s
Average delay            =     38.089854 s
Average jitter           =      0.031197 s
Delay standard deviation =     20.995050 s
Bytes received           =        845400
Average bitrate          =     75.963724 Kbit/s
Average packet rate      =     31.651552 pkt/s
Packets dropped          =          4544 (61.72 %)
Average loss-burst size  =     14.849673 pkt
----------------------------------------------------------
----------------------------------------------------------
Flow number: 2
From 10.0.0.1:60002
To    10.0.0.2:10002
----------------------------------------------------------
Total time               =     88.328950 s
Total packets            =          2646
Minimum delay            =      0.000599 s
Maximum delay            =     73.405712 s
Average delay            =     37.306117 s
Average jitter           =      0.032991 s
Delay standard deviation =     21.542222 s
Bytes received           =        793800
Average bitrate          =     71.894888 Kbit/s
Average packet rate      =     29.956203 pkt/s
Packets dropped          =          4650 (63.73 %)
Average loss-burst size  =     18.023256 pkt
----------------------------------------------------------
----------------------------------------------------------
Flow number: 1
From 10.0.0.1:44805
To    10.0.0.2:10001
----------------------------------------------------------
Total time               =     89.006933 s
Total packets            =          2686
Minimum delay            =      0.057794 s
Maximum delay            =     74.065213 s
Average delay            =     35.646803 s
Average jitter           =      0.032714 s
Delay standard deviation =     20.894577 s
Bytes received           =        805800
Average bitrate          =     72.425819 Kbit/s
Average packet rate      =     30.177424 pkt/s
Packets dropped          =          4671 (63.49 %)
Average loss-burst size  =     15.415842 pkt
----------------------------------------------------------

__________________________________________________________
****************  TOTAL RESULTS   ******************
__________________________________________________________
Number of flows          =             3
Total time               =     89.062206 s
Total packets            =          8150
Minimum delay            =      0.000599 s
Maximum delay            =     74.065213 s
Average delay            =     37.030246 s
Average jitter           =      0.050058 s
Delay standard deviation =     21.166136 s
Bytes received           =       2445000
Average bitrate          =    219.621778 Kbit/s
Average packet rate      =     91.509074 pkt/s
Packets dropped          =         13865 (62.98 %)
Average loss-burst size  =     15.991926 pkt
Error lines              =             0
----------------------------------------------------------
