ITGDec version 2.8.1 (r1023)
Compile-time options: bursty multiport
----------------------------------------------------------
Flow number: 2
From 10.0.0.1:57696
To    10.0.0.2:10002
----------------------------------------------------------
Total time               =     91.253189 s
Total packets            =          5727
Minimum delay            =      0.000104 s
Maximum delay            =     76.259738 s
Average delay            =     38.290558 s
Average jitter           =      0.015754 s
Delay standard deviation =     21.695094 s
Bytes received           =       1718100
Average bitrate          =    150.622681 Kbit/s
Average packet rate      =     62.759451 pkt/s
Packets dropped          =          1633 (22.19 %)
Average loss-burst size  =      6.256705 pkt
----------------------------------------------------------
----------------------------------------------------------
Flow number: 3
From 10.0.0.1:34935
To    10.0.0.2:10003
----------------------------------------------------------
Total time               =     91.243761 s
Total packets            =          5470
Minimum delay            =      0.028754 s
Maximum delay            =     76.279423 s
Average delay            =     36.526920 s
Average jitter           =      0.016534 s
Delay standard deviation =     21.800624 s
Bytes received           =       1641000
Average bitrate          =    143.878330 Kbit/s
Average packet rate      =     59.949304 pkt/s
Packets dropped          =          1894 (25.72 %)
Average loss-burst size  =      6.576389 pkt
----------------------------------------------------------
----------------------------------------------------------
Flow number: 1
From 10.0.0.1:38001
To    10.0.0.2:10001
----------------------------------------------------------
Total time               =     90.345876 s
Total packets            =          5677
Minimum delay            =      1.730835 s
Maximum delay            =     77.078380 s
Average delay            =     40.839176 s
Average jitter           =      0.015728 s
Delay standard deviation =     22.489969 s
Bytes received           =       1703100
Average bitrate          =    150.807105 Kbit/s
Average packet rate      =     62.836294 pkt/s
Packets dropped          =          1689 (22.93 %)
Average loss-burst size  =      6.141818 pkt
----------------------------------------------------------

__________________________________________________________
****************  TOTAL RESULTS   ******************
__________________________________________________________
Number of flows          =             3
Total time               =     92.270997 s
Total packets            =         16874
Minimum delay            =      0.000104 s
Maximum delay            =     77.078380 s
Average delay            =     38.576288 s
Average jitter           =      0.024615 s
Delay standard deviation =     22.070187 s
Bytes received           =       5062200
Average bitrate          =    438.898476 Kbit/s
Average packet rate      =    182.874365 pkt/s
Packets dropped          =          5216 (23.61 %)
Average loss-burst size  =      6.330097 pkt
Error lines              =             0
----------------------------------------------------------
