ITGDec version 2.8.1 (r1023)
Compile-time options: bursty multiport
----------------------------------------------------------
Flow number: 2
From 10.0.0.1:52234
To    10.0.0.2:10002
----------------------------------------------------------
Total time               =     24.220291 s
Total packets            =          1670
Minimum delay            =      0.000055 s
Maximum delay            =     17.266396 s
Average delay            =      8.668090 s
Average jitter           =      0.019962 s
Delay standard deviation =      4.936131 s
Bytes received           =        501000
Average bitrate          =    165.481084 Kbit/s
Average packet rate      =     68.950452 pkt/s
Packets dropped          =             0 (0.00 %)
Average loss-burst size  =      0.000000 pkt
----------------------------------------------------------
----------------------------------------------------------
Flow number: 1
From 10.0.0.1:43452
To    10.0.0.2:10001
----------------------------------------------------------
Total time               =     25.063552 s
Total packets            =          1788
Minimum delay            =      0.000070 s
Maximum delay            =     17.754419 s
Average delay            =      9.201989 s
Average jitter           =      0.019217 s
Delay standard deviation =      4.948884 s
Bytes received           =        536400
Average bitrate          =    171.212763 Kbit/s
Average packet rate      =     71.338651 pkt/s
Packets dropped          =             0 (0.00 %)
Average loss-burst size  =      0.000000 pkt
----------------------------------------------------------
----------------------------------------------------------
Flow number: 3
From 10.0.0.1:39710
To    10.0.0.2:10003
----------------------------------------------------------
Total time               =     26.895436 s
Total packets            =          1768
Minimum delay            =      0.009400 s
Maximum delay            =     18.480989 s
Average delay            =      9.397693 s
Average jitter           =      0.019711 s
Delay standard deviation =      5.190097 s
Bytes received           =        530400
Average bitrate          =    157.766544 Kbit/s
Average packet rate      =     65.736060 pkt/s
Packets dropped          =             0 (0.00 %)
Average loss-burst size  =      0.000000 pkt
----------------------------------------------------------

__________________________________________________________
****************  TOTAL RESULTS   ******************
__________________________________________________________
Number of flows          =             3
Total time               =     26.914858 s
Total packets            =          5226
Minimum delay            =      0.000055 s
Maximum delay            =     18.480989 s
Average delay            =      9.097587 s
Average jitter           =      0.031353 s
Delay standard deviation =      5.037033 s
Bytes received           =       1567800
Average bitrate          =    466.002830 Kbit/s
Average packet rate      =    194.167846 pkt/s
Packets dropped          =             0 (0.00 %)
Average loss-burst size  =             0 pkt
Error lines              =             0
----------------------------------------------------------
