ITGDec version 2.8.1 (r1023)
Compile-time options: bursty multiport
----------------------------------------------------------
Flow number: 1
From 10.0.0.1:54702
To    10.0.0.2:10001
----------------------------------------------------------
Total time               =     53.593851 s
Total packets            =           913
Minimum delay            =      0.000068 s
Maximum delay            =     42.651941 s
Average delay            =     21.011889 s
Average jitter           =      0.070513 s
Delay standard deviation =     11.686650 s
Bytes received           =        273900
Average bitrate          =     40.885287 Kbit/s
Average packet rate      =     17.035536 pkt/s
Packets dropped          =             0 (0.00 %)
Average loss-burst size  =      0.000000 pkt
----------------------------------------------------------
----------------------------------------------------------
Flow number: 2
From 10.0.0.1:51760
To    10.0.0.2:10002
----------------------------------------------------------
Total time               =     52.609709 s
Total packets            =           973
Minimum delay            =      0.000164 s
Maximum delay            =     44.730037 s
Average delay            =     23.933539 s
Average jitter           =      0.068765 s
Delay standard deviation =     13.073844 s
Bytes received           =        291900
Average bitrate          =     44.387244 Kbit/s
Average packet rate      =     18.494685 pkt/s
Packets dropped          =             0 (0.00 %)
Average loss-burst size  =      0.000000 pkt
----------------------------------------------------------
----------------------------------------------------------
Flow number: 3
From 10.0.0.1:60740
To    10.0.0.2:10003
----------------------------------------------------------
Total time               =     26.327192 s
Total packets            =           238
Minimum delay            =      5.135819 s
Maximum delay            =     31.205032 s
Average delay            =     19.761983 s
Average jitter           =      0.111901 s
Delay standard deviation =      9.399812 s
Bytes received           =         71400
Average bitrate          =     21.696199 Kbit/s
Average packet rate      =      9.040083 pkt/s
Packets dropped          =             0 (0.00 %)
Average loss-burst size  =      0.000000 pkt
----------------------------------------------------------

__________________________________________________________
****************  TOTAL RESULTS   ******************
__________________________________________________________
Number of flows          =             3
Total time               =     53.593851 s
Total packets            =          2124
Minimum delay            =      0.000068 s
Maximum delay            =     44.730037 s
Average delay            =     22.210235 s
Average jitter           =      0.117657 s
Delay standard deviation =     12.229407 s
Bytes received           =        637200
Average bitrate          =     95.115389 Kbit/s
Average packet rate      =     39.631412 pkt/s
Packets dropped          =             0 (0.00 %)
Average loss-burst size  =             0 pkt
Error lines              =             0
----------------------------------------------------------
