ITGDec version 2.8.1 (r1023)
Compile-time options: bursty multiport
----------------------------------------------------------
Flow number: 1
From 10.0.0.1:54810
To    10.0.0.2:10001
----------------------------------------------------------
Total time               =     19.450593 s
Total packets            =          2266
Minimum delay            =      0.003726 s
Maximum delay            =      4.465636 s
Average delay            =      2.154390 s
Average jitter           =      0.008165 s
Delay standard deviation =      1.083286 s
Bytes received           =        679800
Average bitrate          =    279.600730 Kbit/s
Average packet rate      =    116.500304 pkt/s
Packets dropped          =          5130 (69.36 %)
Average loss-burst size  =      4.990272 pkt
----------------------------------------------------------
----------------------------------------------------------
Flow number: 3
From 10.0.0.1:50401
To    10.0.0.2:10003
----------------------------------------------------------
Total time               =     19.432468 s
Total packets            =          2264
Minimum delay            =      0.013920 s
Maximum delay            =      4.461553 s
Average delay            =      2.276133 s
Average jitter           =      0.008164 s
Delay standard deviation =      1.121232 s
Bytes received           =        679200
Average bitrate          =    279.614509 Kbit/s
Average packet rate      =    116.506045 pkt/s
Packets dropped          =          5117 (69.33 %)
Average loss-burst size  =      5.194924 pkt
----------------------------------------------------------
----------------------------------------------------------
Flow number: 2
From 10.0.0.1:55316
To    10.0.0.2:10002
----------------------------------------------------------
Total time               =     19.218173 s
Total packets            =          2660
Minimum delay            =      0.336790 s
Maximum delay            =      4.556500 s
Average delay            =      2.522439 s
Average jitter           =      0.006839 s
Delay standard deviation =      1.115303 s
Bytes received           =        798000
Average bitrate          =    332.185583 Kbit/s
Average packet rate      =    138.410660 pkt/s
Packets dropped          =          4737 (64.04 %)
Average loss-burst size  =      3.820161 pkt
----------------------------------------------------------

__________________________________________________________
****************  TOTAL RESULTS   ******************
__________________________________________________________
Number of flows          =             3
Total time               =     19.633917 s
Total packets            =          7190
Minimum delay            =      0.003726 s
Maximum delay            =      4.556500 s
Average delay            =      2.328887 s
Average jitter           =      0.010898 s
Delay standard deviation =      1.118134 s
Bytes received           =       2157000
Average bitrate          =    878.887285 Kbit/s
Average packet rate      =    366.203035 pkt/s
Packets dropped          =         14984 (67.57 %)
Average loss-burst size  =      4.606210 pkt
Error lines              =             0
----------------------------------------------------------
