ITGDec version 2.8.1 (r1023)
Compile-time options: bursty multiport
----------------------------------------------------------
Flow number: 1
From 10.0.0.1:37050
To    10.0.0.2:10001
----------------------------------------------------------
Total time               =     33.192162 s
Total packets            =          4554
Minimum delay            =      0.000057 s
Maximum delay            =     19.435643 s
Average delay            =      9.413067 s
Average jitter           =      0.010143 s
Delay standard deviation =      6.017137 s
Bytes received           =       1366200
Average bitrate          =    329.282558 Kbit/s
Average packet rate      =    137.201066 pkt/s
Packets dropped          =             0 (0.00 %)
Average loss-burst size  =      0.000000 pkt
----------------------------------------------------------
----------------------------------------------------------
Flow number: 3
From 10.0.0.1:48278
To    10.0.0.2:10003
----------------------------------------------------------
Total time               =     24.766555 s
Total packets            =          3344
Minimum delay            =      0.003543 s
Maximum delay            =     14.093015 s
Average delay            =      6.633896 s
Average jitter           =      0.010388 s
Delay standard deviation =      4.242617 s
Bytes received           =       1003200
Average bitrate          =    324.049913 Kbit/s
Average packet rate      =    135.020797 pkt/s
Packets dropped          =             0 (0.00 %)
Average loss-burst size  =      0.000000 pkt
----------------------------------------------------------
----------------------------------------------------------
Flow number: 2
From 10.0.0.1:57986
To    10.0.0.2:10002
----------------------------------------------------------
Total time               =     23.233398 s
Total packets            =          3050
Minimum delay            =      0.000082 s
Maximum delay            =     13.550018 s
Average delay            =      6.112387 s
Average jitter           =      0.010828 s
Delay standard deviation =      3.933194 s
Bytes received           =        915000
Average bitrate          =    315.063685 Kbit/s
Average packet rate      =    131.276536 pkt/s
Packets dropped          =             0 (0.00 %)
Average loss-burst size  =      0.000000 pkt
----------------------------------------------------------

__________________________________________________________
****************  TOTAL RESULTS   ******************
__________________________________________________________
Number of flows          =             3
Total time               =     33.192162 s
Total packets            =         10948
Minimum delay            =      0.000057 s
Maximum delay            =     19.435643 s
Average delay            =      7.644650 s
Average jitter           =      0.015705 s
Delay standard deviation =      5.209141 s
Bytes received           =       3284400
Average bitrate          =    791.608573 Kbit/s
Average packet rate      =    329.836905 pkt/s
Packets dropped          =             0 (0.00 %)
Average loss-burst size  =             0 pkt
Error lines              =             0
----------------------------------------------------------
