ITGDec version 2.8.1 (r1023)
Compile-time options: bursty multiport
----------------------------------------------------------
Flow number: 1
From 10.0.0.1:47317
To    10.0.0.2:10001
----------------------------------------------------------
Total time               =     14.999428 s
Total packets            =          7333
Minimum delay            =      0.000000 s
Maximum delay            =      0.000000 s
Average delay            =      0.000000 s
Average jitter           =      0.000000 s
Delay standard deviation =      0.000000 s
Bytes received           =       2199900
Average bitrate          =   1173.324743 Kbit/s
Average packet rate      =    488.885309 pkt/s
Packets dropped          =             0 (0.00 %)
Average loss-burst size  =      0.000000 pkt
----------------------------------------------------------
----------------------------------------------------------
Flow number: 3
From 10.0.0.1:60318
To    10.0.0.2:10003
----------------------------------------------------------
Total time               =     14.999646 s
Total packets            =          7336
Minimum delay            =      0.000000 s
Maximum delay            =      0.000000 s
Average delay            =      0.000000 s
Average jitter           =      0.000000 s
Delay standard deviation =      0.000000 s
Bytes received           =       2200800
Average bitrate          =   1173.787701 Kbit/s
Average packet rate      =    489.078209 pkt/s
Packets dropped          =             0 (0.00 %)
Average loss-burst size  =      0.000000 pkt
----------------------------------------------------------
----------------------------------------------------------
Flow number: 2
From 10.0.0.1:46136
To    10.0.0.2:10002
----------------------------------------------------------
Total time               =     14.999024 s
Total packets            =          7339
Minimum delay            =      0.000000 s
Maximum delay            =      0.000000 s
Average delay            =      0.000000 s
Average jitter           =      0.000000 s
Delay standard deviation =      0.000000 s
Bytes received           =       2201700
Average bitrate          =   1174.316409 Kbit/s
Average packet rate      =    489.298504 pkt/s
Packets dropped          =             0 (0.00 %)
Average loss-burst size  =      0.000000 pkt
----------------------------------------------------------

__________________________________________________________
****************  TOTAL RESULTS   ******************
__________________________________________________________
Number of flows          =             3
Total time               =     15.002000 s
Total packets            =         22008
Minimum delay            =      0.000000 s
Maximum delay            =      0.000000 s
Average delay            =      0.000000 s
Average jitter           =      0.000000 s
Delay standard deviation =      0.000000 s
Bytes received           =       6602400
Average bitrate          =   3520.810559 Kbit/s
Average packet rate      =   1467.004399 pkt/s
Packets dropped          =             0 (0.00 %)
Average loss-burst size  =             0 pkt
Error lines              =             0
----------------------------------------------------------
