ITGDec version 2.8.1 (r1023)
Compile-time options: bursty multiport
----------------------------------------------------------
Flow number: 3
From 10.0.0.1:48252
To    10.0.0.2:10003
----------------------------------------------------------
Total time               =     35.938485 s
Total packets            =          4716
Minimum delay            =      0.000059 s
Maximum delay            =     21.755888 s
Average delay            =     11.189168 s
Average jitter           =      0.010371 s
Delay standard deviation =      6.014248 s
Bytes received           =       1414800
Average bitrate          =    314.938151 Kbit/s
Average packet rate      =    131.224229 pkt/s
Packets dropped          =             0 (0.00 %)
Average loss-burst size  =      0.000000 pkt
----------------------------------------------------------
----------------------------------------------------------
Flow number: 1
From 10.0.0.1:37032
To    10.0.0.2:10001
----------------------------------------------------------
Total time               =     24.212316 s
Total packets            =          3177
Minimum delay            =      0.007734 s
Maximum delay            =     14.172316 s
Average delay            =      7.304200 s
Average jitter           =      0.010533 s
Delay standard deviation =      3.741371 s
Bytes received           =        953100
Average bitrate          =    314.914112 Kbit/s
Average packet rate      =    131.214213 pkt/s
Packets dropped          =             0 (0.00 %)
Average loss-burst size  =      0.000000 pkt
----------------------------------------------------------
----------------------------------------------------------
Flow number: 2
From 10.0.0.1:57964
To    10.0.0.2:10002
----------------------------------------------------------
Total time               =     35.166451 s
Total packets            =          4835
Minimum delay            =      0.000086 s
Maximum delay            =     22.147317 s
Average delay            =     10.802814 s
Average jitter           =      0.009719 s
Delay standard deviation =      6.002832 s
Bytes received           =       1450500
Average bitrate          =    329.973588 Kbit/s
Average packet rate      =    137.488995 pkt/s
Packets dropped          =             0 (0.00 %)
Average loss-burst size  =      0.000000 pkt
----------------------------------------------------------

__________________________________________________________
****************  TOTAL RESULTS   ******************
__________________________________________________________
Number of flows          =             3
Total time               =     35.938485 s
Total packets            =         12728
Minimum delay            =      0.000059 s
Maximum delay            =     22.147317 s
Average delay            =     10.072687 s
Average jitter           =      0.019299 s
Delay standard deviation =      5.758640 s
Bytes received           =       3818400
Average bitrate          =    849.985746 Kbit/s
Average packet rate      =    354.160728 pkt/s
Packets dropped          =             0 (0.00 %)
Average loss-burst size  =             0 pkt
Error lines              =             0
----------------------------------------------------------
