ITGDec version 2.8.1 (r1023)
Compile-time options: bursty multiport
----------------------------------------------------------
Flow number: 2
From 10.0.0.1:57954
To    10.0.0.2:10002
----------------------------------------------------------
Total time               =     36.122864 s
Total packets            =          5046
Minimum delay            =      0.000057 s
Maximum delay            =     22.223130 s
Average delay            =     10.867818 s
Average jitter           =      0.009613 s
Delay standard deviation =      6.158033 s
Bytes received           =       1513800
Average bitrate          =    335.255809 Kbit/s
Average packet rate      =    139.689920 pkt/s
Packets dropped          =             0 (0.00 %)
Average loss-burst size  =      0.000000 pkt
----------------------------------------------------------
----------------------------------------------------------
Flow number: 3
From 10.0.0.1:48242
To    10.0.0.2:10003
----------------------------------------------------------
Total time               =     35.307189 s
Total packets            =          4906
Minimum delay            =      0.000058 s
Maximum delay            =     22.291195 s
Average delay            =     10.686141 s
Average jitter           =      0.009595 s
Delay standard deviation =      6.048345 s
Bytes received           =       1471800
Average bitrate          =    333.484492 Kbit/s
Average packet rate      =    138.951872 pkt/s
Packets dropped          =             0 (0.00 %)
Average loss-burst size  =      0.000000 pkt
----------------------------------------------------------
----------------------------------------------------------
Flow number: 1
From 10.0.0.1:37022
To    10.0.0.2:10001
----------------------------------------------------------
Total time               =     24.094774 s
Total packets            =          2895
Minimum delay            =      0.198964 s
Maximum delay            =     14.459994 s
Average delay            =      7.484679 s
Average jitter           =      0.011606 s
Delay standard deviation =      3.877179 s
Bytes received           =        868500
Average bitrate          =    288.361285 Kbit/s
Average packet rate      =    120.150536 pkt/s
Packets dropped          =             0 (0.00 %)
Average loss-burst size  =      0.000000 pkt
----------------------------------------------------------

__________________________________________________________
****************  TOTAL RESULTS   ******************
__________________________________________________________
Number of flows          =             3
Total time               =     36.122864 s
Total packets            =         12847
Minimum delay            =      0.000057 s
Maximum delay            =     22.291195 s
Average delay            =     10.036068 s
Average jitter           =      0.019410 s
Delay standard deviation =      5.843988 s
Bytes received           =       3854100
Average bitrate          =    853.553583 Kbit/s
Average packet rate      =    355.647326 pkt/s
Packets dropped          =             0 (0.00 %)
Average loss-burst size  =             0 pkt
Error lines              =             0
----------------------------------------------------------
