ITGDec version 2.8.1 (r1023)
Compile-time options: bursty multiport
----------------------------------------------------------
Flow number: 1
From 10.0.0.1:36160
To    10.0.0.2:10001
----------------------------------------------------------
Total time               =     52.645340 s
Total packets            =           941
Minimum delay            =      0.031040 s
Maximum delay            =     42.233415 s
Average delay            =     22.354642 s
Average jitter           =      0.066871 s
Delay standard deviation =     12.505140 s
Bytes received           =        282300
Average bitrate          =     42.898384 Kbit/s
Average packet rate      =     17.874327 pkt/s
Packets dropped          =             0 (0.00 %)
Average loss-burst size  =      0.000000 pkt
----------------------------------------------------------
----------------------------------------------------------
Flow number: 2
From 10.0.0.1:57096
To    10.0.0.2:10002
----------------------------------------------------------
Total time               =     31.098556 s
Total packets            =           546
Minimum delay            =      0.297151 s
Maximum delay            =     24.785005 s
Average delay            =     12.575593 s
Average jitter           =      0.065810 s
Delay standard deviation =      6.940729 s
Bytes received           =        163800
Average bitrate          =     42.137005 Kbit/s
Average packet rate      =     17.557085 pkt/s
Packets dropped          =             0 (0.00 %)
Average loss-burst size  =      0.000000 pkt
----------------------------------------------------------
----------------------------------------------------------
Flow number: 3
From 10.0.0.1:47388
To    10.0.0.2:10003
----------------------------------------------------------
Total time               =     26.476927 s
Total packets            =           238
Minimum delay            =      5.141573 s
Maximum delay            =     31.362312 s
Average delay            =     19.836169 s
Average jitter           =      0.112529 s
Delay standard deviation =      9.464457 s
Bytes received           =         71400
Average bitrate          =     21.573501 Kbit/s
Average packet rate      =      8.988959 pkt/s
Packets dropped          =             0 (0.00 %)
Average loss-burst size  =      0.000000 pkt
----------------------------------------------------------

__________________________________________________________
****************  TOTAL RESULTS   ******************
__________________________________________________________
Number of flows          =             3
Total time               =     52.645340 s
Total packets            =          1725
Minimum delay            =      0.031040 s
Maximum delay            =     42.233415 s
Average delay            =     18.911884 s
Average jitter           =      0.118909 s
Delay standard deviation =     11.497998 s
Bytes received           =        517500
Average bitrate          =     78.639439 Kbit/s
Average packet rate      =     32.766433 pkt/s
Packets dropped          =             0 (0.00 %)
Average loss-burst size  =             0 pkt
Error lines              =             0
----------------------------------------------------------
