ITGDec version 2.8.1 (r1023)
Compile-time options: bursty multiport
----------------------------------------------------------
Flow number: 3
From 10.0.0.1:47376
To    10.0.0.2:10003
----------------------------------------------------------
Total time               =     30.019236 s
Total packets            =           641
Minimum delay            =      0.000092 s
Maximum delay            =     22.955061 s
Average delay            =     13.527550 s
Average jitter           =      0.058035 s
Delay standard deviation =      6.987494 s
Bytes received           =        192300
Average bitrate          =     51.247140 Kbit/s
Average packet rate      =     21.352975 pkt/s
Packets dropped          =             0 (0.00 %)
Average loss-burst size  =      0.000000 pkt
----------------------------------------------------------
----------------------------------------------------------
Flow number: 2
From 10.0.0.1:57084
To    10.0.0.2:10002
----------------------------------------------------------
Total time               =     48.071778 s
Total packets            =           348
Minimum delay            =      2.400884 s
Maximum delay            =     45.014163 s
Average delay            =     22.238499 s
Average jitter           =      0.165716 s
Delay standard deviation =     14.501259 s
Bytes received           =        104400
Average bitrate          =     17.374019 Kbit/s
Average packet rate      =      7.239175 pkt/s
Packets dropped          =             0 (0.00 %)
Average loss-burst size  =      0.000000 pkt
----------------------------------------------------------
----------------------------------------------------------
Flow number: 1
From 10.0.0.1:36154
To    10.0.0.2:10001
----------------------------------------------------------
Total time               =     48.273154 s
Total packets            =           667
Minimum delay            =      2.603343 s
Maximum delay            =     40.268369 s
Average delay            =     18.057648 s
Average jitter           =      0.087792 s
Delay standard deviation =      9.105838 s
Bytes received           =        200100
Average bitrate          =     33.161289 Kbit/s
Average packet rate      =     13.817204 pkt/s
Packets dropped          =             0 (0.00 %)
Average loss-burst size  =      0.000000 pkt
----------------------------------------------------------

__________________________________________________________
****************  TOTAL RESULTS   ******************
__________________________________________________________
Number of flows          =             3
Total time               =     51.497215 s
Total packets            =          1656
Minimum delay            =      0.000092 s
Maximum delay            =     45.014163 s
Average delay            =     17.182734 s
Average jitter           =      0.123343 s
Delay standard deviation =     10.360397 s
Bytes received           =        496800
Average bitrate          =     77.176989 Kbit/s
Average packet rate      =     32.157079 pkt/s
Packets dropped          =             0 (0.00 %)
Average loss-burst size  =             0 pkt
Error lines              =             0
----------------------------------------------------------
