ITGDec version 2.8.1 (r1023)
Compile-time options: bursty multiport
----------------------------------------------------------
Flow number: 1
From 10.0.0.1:36576
To    10.0.0.2:10001
----------------------------------------------------------
Total time               =     10.039230 s
Total packets            =          1099
Minimum delay            =      0.000000 s
Maximum delay            =      0.000000 s
Average delay            =      0.000000 s
Average jitter           =      0.000000 s
Delay standard deviation =      0.000000 s
Bytes received           =        329700
Average bitrate          =    262.729313 Kbit/s
Average packet rate      =    109.470547 pkt/s
Packets dropped          =             0 (0.00 %)
Average loss-burst size  =      0.000000 pkt
----------------------------------------------------------
----------------------------------------------------------
Flow number: 3
From 10.0.0.1:47802
To    10.0.0.2:10003
----------------------------------------------------------
Total time               =     12.135252 s
Total packets            =          1229
Minimum delay            =      0.000000 s
Maximum delay            =      0.000000 s
Average delay            =      0.000000 s
Average jitter           =      0.000000 s
Delay standard deviation =      0.000000 s
Bytes received           =        368700
Average bitrate          =    243.060465 Kbit/s
Average packet rate      =    101.275194 pkt/s
Packets dropped          =             0 (0.00 %)
Average loss-burst size  =      0.000000 pkt
----------------------------------------------------------
----------------------------------------------------------
Flow number: 2
From 10.0.0.1:57514
To    10.0.0.2:10002
----------------------------------------------------------
Total time               =     12.929932 s
Total packets            =          1112
Minimum delay            =      0.000000 s
Maximum delay            =      0.000000 s
Average delay            =      0.000000 s
Average jitter           =      0.000000 s
Delay standard deviation =      0.000000 s
Bytes received           =        333600
Average bitrate          =    206.404798 Kbit/s
Average packet rate      =     86.001999 pkt/s
Packets dropped          =             0 (0.00 %)
Average loss-burst size  =      0.000000 pkt
----------------------------------------------------------

__________________________________________________________
****************  TOTAL RESULTS   ******************
__________________________________________________________
Number of flows          =             3
Total time               =     12.973670 s
Total packets            =          3440
Minimum delay            =      0.000000 s
Maximum delay            =      0.000000 s
Average delay            =      0.000000 s
Average jitter           =      0.000000 s
Delay standard deviation =      0.000000 s
Bytes received           =       1032000
Average bitrate          =    636.365809 Kbit/s
Average packet rate      =    265.152420 pkt/s
Packets dropped          =             0 (0.00 %)
Average loss-burst size  =             0 pkt
Error lines              =             0
----------------------------------------------------------
