ITGDec version 2.8.1 (r1023)
Compile-time options: bursty multiport
----------------------------------------------------------
Flow number: 3
From 10.0.0.1:47802
To    10.0.0.2:10003
----------------------------------------------------------
Total time               =     56.891155 s
Total packets            =           841
Minimum delay            =      0.000052 s
Maximum delay            =     46.430012 s
Average delay            =     24.954576 s
Average jitter           =      0.081406 s
Delay standard deviation =     14.012590 s
Bytes received           =        252300
Average bitrate          =     35.478274 Kbit/s
Average packet rate      =     14.782614 pkt/s
Packets dropped          =             0 (0.00 %)
Average loss-burst size  =      0.000000 pkt
----------------------------------------------------------
----------------------------------------------------------
Flow number: 1
From 10.0.0.1:36576
To    10.0.0.2:10001
----------------------------------------------------------
Total time               =     35.327792 s
Total packets            =           538
Minimum delay            =      0.000053 s
Maximum delay            =     25.906582 s
Average delay            =     13.939845 s
Average jitter           =      0.076755 s
Delay standard deviation =      7.053452 s
Bytes received           =        161400
Average bitrate          =     36.549128 Kbit/s
Average packet rate      =     15.228803 pkt/s
Packets dropped          =             0 (0.00 %)
Average loss-burst size  =      0.000000 pkt
----------------------------------------------------------
----------------------------------------------------------
Flow number: 2
From 10.0.0.1:57514
To    10.0.0.2:10002
----------------------------------------------------------
Total time               =     54.407804 s
Total packets            =           575
Minimum delay            =      1.460937 s
Maximum delay            =     43.526123 s
Average delay            =     19.826702 s
Average jitter           =      0.114768 s
Delay standard deviation =      8.826338 s
Bytes received           =        172500
Average bitrate          =     25.364008 Kbit/s
Average packet rate      =     10.568337 pkt/s
Packets dropped          =             0 (0.00 %)
Average loss-burst size  =      0.000000 pkt
----------------------------------------------------------

__________________________________________________________
****************  TOTAL RESULTS   ******************
__________________________________________________________
Number of flows          =             3
Total time               =     56.893789 s
Total packets            =          1954
Minimum delay            =      0.000052 s
Maximum delay            =     46.430012 s
Average delay            =     20.412891 s
Average jitter           =      0.134352 s
Delay standard deviation =     11.901611 s
Bytes received           =        586200
Average bitrate          =     82.427275 Kbit/s
Average packet rate      =     34.344698 pkt/s
Packets dropped          =             0 (0.00 %)
Average loss-burst size  =             0 pkt
Error lines              =             0
----------------------------------------------------------
